hlcsg v3.4 Final (Feb 25 2006)
Zoner's Half-Life Compilation Tools -- Custom Build
Based on code modifications by Sean 'Zoner' Cavanaugh
Based on Valve's version, modified with permission.
Submit detailed bug reports to (amckern@yahoo.com)
-----  BEGIN  hlcsg -----
Command line: Z:\home\moto\Downloads\zhlt34x86final\hlcsg.exe -wadinclude nzphlwad.wad -wadinclude verruckt.wad -wadinclude zhlt.wad -wadinclude Example_01.wad -wadinclude Ju[s]tice_null2.wad -wadinclude U-Bahn.wad Z:\home\moto\requiem\pc\req\maps\alcatraz 
Entering Z:\home\moto\requiem\pc\req\maps\alcatraz.map

Current hlcsg Settings
Name                 |  Setting  |  Default
---------------------|-----------|-------------------------
threads               [       2 ] [  Varies ]
verbose               [     off ] [     off ]
log                   [      on ] [      on ]
developer             [       0 ] [       0 ]
chart                 [     off ] [     off ]
estimate              [     off ] [     off ]
max texture memory    [ 4194304 ] [ 4194304 ]
max lighting memory   [ 6291456 ] [ 6291456 ]
priority              [  Normal ] [  Normal ]

noclip                [     off ] [     off ]
null texture stripping[      on ] [      on ]
clipnode economy mode [      on ] [      on ]
clip hull type        [  legacy ] [  legacy ]
onlyents              [     off ] [     off ]
wadtextures           [      on ] [      on ]
skyclip               [      on ] [      on ]
hullfile              [    None ] [    None ]
nullfile              [    None ] [    None ]
min surface area      [   0.500 ] [   0.500 ]
brush union threshold [   0.000 ] [   0.000 ]

Using mapfile wad configuration
Wadinclude list :
[zhlt.wad]
[nzphlwad.wad]
[verruckt.wad]
[zhlt.wad]
[Example_01.wad]
[Ju[s]tice_null2.wad]
[U-Bahn.wad]

0 brushes (totalling 0 sides) discarded from clipping hulls
CreateBrush:
 (0.05 seconds)
SetModelCenters:
 (0.00 seconds)
CSGBrush:
 (0.16 seconds)

Including Wadfile: /home/moto/NZP_maps/Example_01.wad
 - Contains 2 used textures, 20.00 percent of map (15 textures in wad)
Including Wadfile: /home/moto/NZP_maps/Ju[s]tice_null2.wad
 - Contains 7 used textures, 70.00 percent of map (938 textures in wad)
Including Wadfile: /home/moto/NZP_maps/U-Bahn.wad
 - Contains 0 used textures, 0.00 percent of map (8 textures in wad)
Including Wadfile: /home/moto/NZP_maps/nzphlwad.wad
 - Contains 1 used texture, 10.00 percent of map (103 textures in wad)
Including Wadfile: /home/moto/NZP_maps/verruckt.wad
 - Warning: Larger than expected texture (348972 bytes): 'WARNING_METAL'
 - Warning: Larger than expected texture (348972 bytes): 'WHITE_ASPHALT'
 - Warning: Larger than expected texture (348972 bytes): 'AABERLIN'
 - Warning: Larger than expected texture (348972 bytes): 'AALIBERTY'
 - Warning: Larger than expected texture (348972 bytes): 'AAPARIS'
 - Warning: Larger than expected texture (348972 bytes): 'ASPHALT'
 - Warning: Larger than expected texture (348972 bytes): 'FANCY_DOOR_INDE'
 - Warning: Larger than expected texture (348972 bytes): 'INTRO_IMAGES_IN'
 - Warning: Larger than expected texture (348972 bytes): 'SIDEWALK'
 - Contains 0 used textures, 0.00 percent of map (107 textures in wad)
Including Wadfile: /home/moto/NZP_maps/zhlt.wad
 - Contains 0 used textures, 0.00 percent of map (18 textures in wad)

Texture usage is at 0.11 mb (of 4.00 mb MAX)
0.27 seconds elapsed

-----   END   hlcsg -----



hlbsp v3.4 Final (Feb 25 2006)
Zoner's Half-Life Compilation Tools -- Custom Build
Based on code modifications by Sean 'Zoner' Cavanaugh
Based on Valve's version, modified with permission.
Submit detailed bug reports to (amckern@yahoo.com)
-----  BEGIN  hlbsp -----
Command line: Z:\home\moto\Downloads\zhlt34x86final\hlbsp.exe Z:\home\moto\requiem\pc\req\maps\alcatraz 

Current hlbsp Settings
Name               |  Setting  |  Default
-------------------|-----------|-------------------------
threads             [       2 ] [  Varies ]
verbose             [     off ] [     off ]
log                 [      on ] [      on ]
developer           [       0 ] [       0 ]
chart               [     off ] [     off ]
estimate            [     off ] [     off ]
max texture memory  [ 4194304 ] [ 4194304 ]
priority            [  Normal ] [  Normal ]

noclip              [     off ] [     off ]
nofill              [     off ] [     off ]
noopt               [     off ] [     off ]
null tex. stripping [      on ] [      on ]
notjunc             [     off ] [     off ]
subdivide size      [     240 ] [     240 ] (Min 64) (Max 512)
max node size       [    1024 ] [    1024 ] (Min 64) (Max 8192)


SolidBSP [hull 0] 225 (0.02 seconds)
BSP generation successful, writing portal file 'Z:\home\moto\requiem\pc\req\maps\alcatraz.prt'
SolidBSP [hull 1] 132 (0.01 seconds)
SolidBSP [hull 2] 92 (0.00 seconds)
SolidBSP [hull 3] 149 (0.01 seconds)
0.18 seconds elapsed

-----   END   hlbsp -----



hlvis v3.4 Final (Feb 25 2006)
Zoner's Half-Life Compilation Tools -- Custom Build
Based on code modifications by Sean 'Zoner' Cavanaugh
Based on Valve's version, modified with permission.
Submit detailed bug reports to (amckern@yahoo.com)
-----  BEGIN  hlvis -----
Command line: Z:\home\moto\Downloads\zhlt34x86final\hlvis.exe -full Z:\home\moto\requiem\pc\req\maps\alcatraz 
 132 portalleafs
 412 numportals

-= Current hlvis Settings =-
Name               |  Setting  |  Default
-------------------|-----------|-------------------------
threads             [       2 ] [  Varies ]
verbose             [     off ] [     off ]
log                 [      on ] [      on ]
developer           [       0 ] [       0 ]
chart               [     off ] [     off ]
estimate            [     off ] [     off ]
max texture memory  [ 4194304 ] [ 4194304 ]
max vis distance    [       0 ] [       0 ]
priority            [  Normal ] [  Normal ]

fast vis            [     off ] [     off ]
full vis            [      on ] [     off ]


BasePortalVis:
 (0.03 seconds)
LeafThread:
 (0.61 seconds)
average leafs visible: 62
g_visdatasize:2288  compressed from 2244
0.67 seconds elapsed

-----   END   hlvis -----



hlrad v3.4 Final (Feb 25 2006)
Zoner's Half-Life Compilation Tools -- Custom Build
Based on code modifications by Sean 'Zoner' Cavanaugh
Based on Valve's version, modified with permission.
Submit detailed bug reports to (amckern@yahoo.com)
-----  BEGIN  hlrad -----
Command line: Z:\home\moto\Downloads\zhlt34x86final\hlrad.exe Z:\home\moto\requiem\pc\req\maps\alcatraz 

-= Current hlrad Settings =-
Name                | Setting             | Default
--------------------|---------------------|-------------------------
threads              [                 2 ] [            Varies ]
verbose              [               off ] [               off ]
log                  [                on ] [                on ]
developer            [                 0 ] [                 0 ]
chart                [               off ] [               off ]
estimate             [               off ] [               off ]
max texture memory   [           4194304 ] [           4194304 ]
max lighting memory  [           6291456 ] [           6291456 ]
priority             [            Normal ] [            Normal ]

vismatrix algorithm  [          Original ] [          Original ]
oversampling (-extra)[               off ] [               off ]
bounces              [                 1 ] [                 1 ]
bounce dynamic light [                on ] [                on ]
ambient light        [ 0.000 0.000 0.000 ] [ 0.000 0.000 0.000 ]
maximum light        [           255.000 ] [           256.000 ]
circus mode          [               off ] [               off ]

smoothing threshold  [            50.000 ] [            50.000 ]
direct threshold     [            25.000 ] [            25.000 ]
direct light scale   [             2.000 ] [             2.000 ]
coring threshold     [             1.000 ] [             1.000 ]
patch interpolation  [                on ] [                on ]

texscale             [                on ] [                on ]
patch subdividing    [                on ] [                on ]
chop value           [            64.000 ] [            64.000 ]
texchop value        [            32.000 ] [            32.000 ]

global fade          [             1.000 ] [             1.000 ]
global falloff       [                 2 ] [                 2 ]
global light scale   [ 1.000 1.000 1.000 ] [ 1.000 1.000 1.000 ]
global gamma         [ 0.500 0.500 0.500 ] [ 0.500 0.500 0.500 ]
global light scale   [             1.000 ] [             1.000 ]
global sky diffusion [             1.000 ] [             1.000 ]

opaque entities      [                on ] [                on ]
sky lighting fix     [                on ] [                on ]
incremental          [               off ] [               off ]
dump                 [               off ] [               off ]

colour jitter        [       0.0 0.0 0.0 ] [       0.0 0.0 0.0 ]
monochromatic jitter [       0.0 0.0 0.0 ] [       0.0 0.0 0.0 ]
softlight hack       [   0.0 0.0 0.0 0.0 ] [   0.0 0.0 0.0 0.0 ]
diffuse hack         [                on ] [                on ]
spotlight points     [                on ] [                on ]

custom shadows with bounce light
                     [               off ] [               off ]
rgb transfers        [               off ] [               off ]


[Reading texlights from 'Z:\home\moto\Downloads\zhlt34x86final\lights.rad']
[59 texlights parsed from 'Z:\home\moto\Downloads\zhlt34x86final\lights.rad']

998 faces
Create Patches : 9163 base patches
0 opaque faces
25280 square feet [3640391.75 square inches]
1 direct lights

BuildFacelights:
 (0.51 seconds)
visibility matrix   :   5.0 megs
BuildVisLeafs:
 (2.99 seconds)
MakeScales:
 (1.19 seconds)
SwapTransfers:
 (0.43 seconds)
Transfer Lists :    10847198 :   10.85M transfers
       Indices :     2672568 :    2.55M bytes
          Data :    43388792 :   41.38M bytes
GatherLight:
 (0.22 seconds)
FinalLightFace:
 (0.66 seconds)
6.14 seconds elapsed

-----   END   hlrad -----



