132
412
4 0 25 (424.000000 98.000000 403.000000) (424.000000 98.000000 404.000000) (-149.000000 98.000000 404.000000) (-149.000000 98.000000 403.000000) 
4 0 23 (-148.000000 98.000000 403.000000) (-149.000000 98.000000 403.000000) (-149.000000 782.000000 403.000000) (-148.000000 782.000000 403.000000) 
4 0 2 (424.000000 782.000000 403.000000) (424.000000 98.000000 403.000000) (423.000000 98.000000 403.000000) (423.000000 782.000000 403.000000) 
4 0 1 (-149.000000 783.000000 403.000000) (424.000000 783.000000 403.000000) (424.000000 782.000000 403.000000) (-149.000000 782.000000 403.000000) 
4 1 24 (-149.000000 782.000000 -49.000000) (-149.000000 783.000000 -49.000000) (424.000000 783.000000 -49.000000) (424.000000 782.000000 -49.000000) 
4 1 23 (-149.000000 782.000000 403.000000) (-149.000000 782.000000 -49.000000) (-148.000000 782.000000 -49.000000) (-148.000000 782.000000 403.000000) 
4 1 2 (423.000000 782.000000 -49.000000) (424.000000 782.000000 -49.000000) (424.000000 782.000000 403.000000) (423.000000 782.000000 403.000000) 
4 2 26 (424.000000 98.000000 -49.000000) (424.000000 98.000000 403.000000) (423.000000 98.000000 403.000000) (423.000000 98.000000 -49.000000) 
4 2 24 (424.000000 98.000000 -49.000000) (423.000000 98.000000 -49.000000) (423.000000 782.000000 -49.000000) (424.000000 782.000000 -49.000000) 
4 3 27 (423.000000 98.000000 403.000000) (360.000000 98.000000 403.000000) (360.000000 98.000000 -49.000000) (423.000000 98.000000 -49.000000) 
4 3 21 (360.000000 636.000000 -49.000000) (360.000000 98.000000 -49.000000) (360.000000 98.000000 63.000000) (360.000000 636.000000 63.000000) 
4 3 20 (360.000000 652.000000 -49.000000) (360.000000 636.000000 -49.000000) (360.000000 636.000000 64.000000) (360.000000 652.000000 64.000000) 
4 3 5 (360.000000 98.000000 329.000000) (360.000000 98.000000 403.000000) (360.000000 652.000000 403.000000) (360.000000 652.000000 329.000000) 
4 3 4 (360.000000 782.000000 403.000000) (360.000000 782.000000 -49.000000) (360.000000 652.000000 -49.000000) (360.000000 652.000000 403.000000) 
4 4 22 (-32.000000 782.000000 -49.000000) (-32.000000 652.000000 -49.000000) (-32.000000 652.000000 403.000000) (-32.000000 782.000000 403.000000) 
4 4 20 (-32.000000 652.000000 64.000000) (-32.000000 652.000000 -49.000000) (360.000000 652.000000 -49.000000) (360.000000 652.000000 64.000000) 
4 4 5 (-32.000000 652.000000 403.000000) (-32.000000 652.000000 329.000000) (360.000000 652.000000 329.000000) (360.000000 652.000000 403.000000) 
4 5 28 (360.000000 98.000000 403.000000) (-32.000000 98.000000 403.000000) (-32.000000 98.000000 329.000000) (360.000000 98.000000 329.000000) 
4 5 22 (-32.000000 98.000000 329.000000) (-32.000000 98.000000 403.000000) (-32.000000 652.000000 403.000000) (-32.000000 652.000000 329.000000) 
4 6 33 (168.000000 98.000000 328.000000) (161.000000 98.000000 328.000000) (161.000000 98.000000 160.000000) (168.000000 98.000000 160.000000) 
4 6 30 (344.000000 98.000000 328.000000) (168.000000 98.000000 328.000000) (168.000000 98.000000 160.000000) (344.000000 98.000000 160.000000) 
4 6 18 (161.000000 98.000000 160.000000) (161.000000 98.000000 328.000000) (161.000000 266.000000 328.000000) (161.000000 266.000000 160.000000) 
4 6 17 (161.000000 384.000000 160.000000) (161.000000 266.000000 160.000000) (161.000000 266.000000 272.000000) (161.000000 384.000000 272.000000) 
4 6 10 (161.000000 636.000000 272.000000) (161.000000 636.000000 160.000000) (161.000000 384.000000 160.000000) (161.000000 384.000000 272.000000) 
4 6 9 (161.000000 266.000000 328.000000) (161.000000 636.000000 328.000000) (161.000000 636.000000 272.000000) (161.000000 266.000000 272.000000) 
4 6 8 (344.000000 98.000000 160.000000) (167.000000 98.000000 160.000000) (167.000000 353.000000 160.000000) (344.000000 353.000000 160.000000) 
4 6 7 (161.000000 359.000000 160.000000) (161.000000 636.000000 160.000000) (344.000000 636.000000 160.000000) (344.000000 359.000000 160.000000) 
4 7 17 (161.000000 384.000000 64.000000) (161.000000 359.000000 64.000000) (161.000000 359.000000 160.000000) (161.000000 384.000000 160.000000) 
4 7 10 (161.000000 636.000000 64.000000) (161.000000 384.000000 64.000000) (161.000000 384.000000 160.000000) (161.000000 636.000000 160.000000) 
4 8 34 (167.000000 98.000000 64.000000) (168.000000 98.000000 64.000000) (168.000000 98.000000 160.000000) (167.000000 98.000000 160.000000) 
4 8 31 (168.000000 98.000000 64.000000) (344.000000 98.000000 64.000000) (344.000000 98.000000 160.000000) (168.000000 98.000000 160.000000) 
4 9 18 (161.000000 266.000000 272.000000) (161.000000 266.000000 328.000000) (-9.000000 266.000000 328.000000) (-9.000000 266.000000 272.000000) 
4 9 17 (161.000000 384.000000 272.000000) (161.000000 266.000000 272.000000) (-16.000000 266.000000 272.000000) (-16.000000 384.000000 272.000000) 
4 9 16 (40.000000 392.000000 272.000000) (-16.000000 392.000000 272.000000) (-16.000000 440.000000 272.000000) (40.000000 440.000000 272.000000) 
4 9 12 (40.000000 440.000000 272.000000) (-16.000000 440.000000 272.000000) (-16.000000 496.000000 272.000000) (40.000000 496.000000 272.000000) 
4 9 11 (-16.000000 636.000000 272.000000) (40.000000 636.000000 272.000000) (40.000000 496.000000 272.000000) (-16.000000 496.000000 272.000000) 
4 9 10 (48.000000 636.000000 272.000000) (161.000000 636.000000 272.000000) (161.000000 384.000000 272.000000) (48.000000 384.000000 272.000000) 
4 10 17 (48.000000 384.000000 64.000000) (161.000000 384.000000 64.000000) (161.000000 384.000000 272.000000) (48.000000 384.000000 272.000000) 
4 10 14 (48.000000 496.000000 64.000000) (48.000000 440.000000 64.000000) (48.000000 440.000000 99.000000) (48.000000 496.000000 99.000000) 
4 10 13 (48.000000 440.000000 99.000000) (48.000000 440.000000 156.000000) (48.000000 496.000000 156.000000) (48.000000 496.000000 99.000000) 
4 11 15 (-16.000000 496.000000 64.000000) (40.000000 496.000000 64.000000) (40.000000 496.000000 99.000000) (-16.000000 496.000000 99.000000) 
4 11 13 (40.000000 496.000000 99.000000) (40.000000 496.000000 156.000000) (-16.000000 496.000000 156.000000) (-16.000000 496.000000 99.000000) 
4 11 12 (40.000000 496.000000 156.000000) (40.000000 496.000000 272.000000) (-16.000000 496.000000 272.000000) (-16.000000 496.000000 156.000000) 
4 12 16 (-16.000000 440.000000 272.000000) (-16.000000 440.000000 156.000000) (40.000000 440.000000 156.000000) (40.000000 440.000000 272.000000) 
4 12 13 (-16.000000 440.000000 156.000000) (-16.000000 496.000000 156.000000) (40.000000 496.000000 156.000000) (40.000000 440.000000 156.000000) 
4 13 16 (-16.000000 440.000000 156.000000) (-16.000000 440.000000 99.000000) (40.000000 440.000000 99.000000) (40.000000 440.000000 156.000000) 
4 13 14 (48.000000 440.000000 99.000000) (47.000000 440.000000 99.000000) (47.000000 496.000000 99.000000) (48.000000 496.000000 99.000000) 
4 13 15 (41.000000 440.000000 99.000000) (-16.000000 440.000000 99.000000) (-16.000000 496.000000 99.000000) (41.000000 496.000000 99.000000) 
4 15 16 (-16.000000 440.000000 99.000000) (-16.000000 440.000000 64.000000) (40.000000 440.000000 64.000000) (40.000000 440.000000 99.000000) 
4 17 18 (-9.000000 266.000000 64.000000) (161.000000 266.000000 64.000000) (161.000000 266.000000 272.000000) (-9.000000 266.000000 272.000000) 
4 18 113 (-9.000000 98.000000 64.000000) (-8.000000 98.000000 64.000000) (-8.000000 98.000000 152.000000) (-9.000000 98.000000 152.000000) 
4 18 59 (-8.000000 98.000000 152.000000) (-8.000000 98.000000 328.000000) (-9.000000 98.000000 328.000000) (-9.000000 98.000000 152.000000) 
4 18 58 (-8.000000 98.000000 64.000000) (16.000000 98.000000 64.000000) (16.000000 98.000000 328.000000) (-8.000000 98.000000 328.000000) 
4 18 56 (16.000000 98.000000 64.000000) (72.000000 98.000000 64.000000) (72.000000 98.000000 328.000000) (16.000000 98.000000 328.000000) 
4 18 35 (72.000000 98.000000 64.000000) (161.000000 98.000000 64.000000) (161.000000 98.000000 160.000000) (72.000000 98.000000 160.000000) 
4 18 33 (161.000000 98.000000 160.000000) (161.000000 98.000000 328.000000) (72.000000 98.000000 328.000000) (72.000000 98.000000 160.000000) 
4 18 19 (-9.000000 246.000000 64.000000) (-9.000000 118.000000 64.000000) (-9.000000 118.000000 328.000000) (-9.000000 246.000000 328.000000) 
4 20 22 (-32.000000 652.000000 -49.000000) (-32.000000 636.000000 -49.000000) (-32.000000 636.000000 64.000000) (-32.000000 652.000000 64.000000) 
4 20 21 (360.000000 636.000000 -49.000000) (360.000000 636.000000 63.000000) (-32.000000 636.000000 63.000000) (-32.000000 636.000000 -49.000000) 
4 21 125 (-32.000000 98.000000 63.000000) (-32.000000 98.000000 -49.000000) (360.000000 98.000000 -49.000000) (360.000000 98.000000 63.000000) 
4 21 22 (-32.000000 636.000000 -49.000000) (-32.000000 98.000000 -49.000000) (-32.000000 98.000000 63.000000) (-32.000000 636.000000 63.000000) 
4 22 128 (-34.000000 98.000000 403.000000) (-148.000000 98.000000 403.000000) (-148.000000 98.000000 -49.000000) (-34.000000 98.000000 -49.000000) 
4 22 126 (-34.000000 98.000000 64.000000) (-34.000000 98.000000 -49.000000) (-32.000000 98.000000 -49.000000) (-32.000000 98.000000 64.000000) 
4 22 114 (-34.000000 98.000000 152.000000) (-34.000000 98.000000 64.000000) (-32.000000 98.000000 64.000000) (-32.000000 98.000000 152.000000) 
4 22 60 (-34.000000 98.000000 328.000000) (-34.000000 98.000000 152.000000) (-32.000000 98.000000 152.000000) (-32.000000 98.000000 328.000000) 
4 22 29 (-32.000000 98.000000 403.000000) (-34.000000 98.000000 403.000000) (-34.000000 98.000000 328.000000) (-32.000000 98.000000 328.000000) 
4 23 129 (-148.000000 98.000000 403.000000) (-149.000000 98.000000 403.000000) (-149.000000 98.000000 -49.000000) (-148.000000 98.000000 -49.000000) 
4 23 24 (-148.000000 98.000000 -49.000000) (-149.000000 98.000000 -49.000000) (-149.000000 782.000000 -49.000000) (-148.000000 782.000000 -49.000000) 
4 24 131 (424.000000 98.000000 -50.000000) (424.000000 98.000000 -49.000000) (-149.000000 98.000000 -49.000000) (-149.000000 98.000000 -50.000000) 
4 25 129 (-149.000000 98.000000 403.000000) (-148.000000 98.000000 403.000000) (-148.000000 -601.000000 403.000000) (-149.000000 -601.000000 403.000000) 
4 25 26 (423.000000 98.000000 403.000000) (424.000000 98.000000 403.000000) (424.000000 -601.000000 403.000000) (423.000000 -601.000000 403.000000) 
4 25 130 (424.000000 -601.000000 403.000000) (424.000000 -602.000000 403.000000) (-149.000000 -602.000000 403.000000) (-149.000000 -601.000000 403.000000) 
4 26 131 (423.000000 98.000000 -49.000000) (424.000000 98.000000 -49.000000) (424.000000 -601.000000 -49.000000) (423.000000 -601.000000 -49.000000) 
4 26 130 (423.000000 -601.000000 -49.000000) (424.000000 -601.000000 -49.000000) (424.000000 -601.000000 403.000000) (423.000000 -601.000000 403.000000) 
4 27 125 (360.000000 98.000000 63.000000) (360.000000 98.000000 -49.000000) (360.000000 -480.000000 -49.000000) (360.000000 -480.000000 63.000000) 
4 27 28 (360.000000 98.000000 403.000000) (360.000000 98.000000 329.000000) (360.000000 -480.000000 329.000000) (360.000000 -480.000000 403.000000) 
4 27 127 (360.000000 -480.000000 -49.000000) (360.000000 -601.000000 -49.000000) (360.000000 -601.000000 403.000000) (360.000000 -480.000000 403.000000) 
4 28 29 (-32.000000 98.000000 403.000000) (-32.000000 98.000000 329.000000) (-32.000000 -480.000000 329.000000) (-32.000000 -480.000000 403.000000) 
4 28 127 (360.000000 -480.000000 329.000000) (360.000000 -480.000000 403.000000) (-32.000000 -480.000000 403.000000) (-32.000000 -480.000000 329.000000) 
4 29 128 (-34.000000 -480.000000 328.000000) (-34.000000 -480.000000 403.000000) (-34.000000 98.000000 403.000000) (-34.000000 98.000000 328.000000) 
4 29 124 (-32.000000 -480.000000 328.000000) (-34.000000 -480.000000 328.000000) (-34.000000 -198.000000 328.000000) (-32.000000 -198.000000 328.000000) 
4 29 120 (-34.000000 -198.000000 328.000000) (-34.000000 -50.000000 328.000000) (-32.000000 -50.000000 328.000000) (-32.000000 -198.000000 328.000000) 
4 29 117 (-34.000000 -50.000000 328.000000) (-34.000000 7.000000 328.000000) (-32.000000 7.000000 328.000000) (-32.000000 -50.000000 328.000000) 
4 29 63 (-34.000000 7.000000 328.000000) (-34.000000 57.000000 328.000000) (-32.000000 57.000000 328.000000) (-32.000000 7.000000 328.000000) 
4 29 60 (-34.000000 57.000000 328.000000) (-34.000000 98.000000 328.000000) (-32.000000 98.000000 328.000000) (-32.000000 57.000000 328.000000) 
4 29 127 (-34.000000 -480.000000 403.000000) (-34.000000 -480.000000 328.000000) (-32.000000 -480.000000 328.000000) (-32.000000 -480.000000 403.000000) 
4 30 36 (168.000000 -472.000000 160.000000) (168.000000 -472.000000 328.000000) (168.000000 -48.000000 328.000000) (168.000000 -48.000000 160.000000) 
4 30 33 (168.000000 -48.000000 328.000000) (168.000000 98.000000 328.000000) (168.000000 98.000000 160.000000) (168.000000 -48.000000 160.000000) 
4 30 32 (344.000000 -472.000000 160.000000) (168.000000 -472.000000 160.000000) (168.000000 -56.000000 160.000000) (344.000000 -56.000000 160.000000) 
4 30 31 (168.000000 -48.000000 160.000000) (168.000000 98.000000 160.000000) (344.000000 98.000000 160.000000) (344.000000 -48.000000 160.000000) 
4 31 34 (168.000000 98.000000 64.000000) (168.000000 -48.000000 64.000000) (168.000000 -48.000000 160.000000) (168.000000 98.000000 160.000000) 
4 32 53 (168.000000 -416.000000 64.000000) (168.000000 -456.000000 64.000000) (168.000000 -456.000000 144.000000) (168.000000 -416.000000 144.000000) 
4 32 50 (168.000000 -328.000000 64.000000) (168.000000 -368.000000 64.000000) (168.000000 -368.000000 144.000000) (168.000000 -328.000000 144.000000) 
4 32 46 (168.000000 -240.000000 64.000000) (168.000000 -280.000000 64.000000) (168.000000 -280.000000 144.000000) (168.000000 -240.000000 144.000000) 
4 32 42 (168.000000 -148.000000 64.000000) (168.000000 -188.000000 64.000000) (168.000000 -188.000000 144.000000) (168.000000 -148.000000 144.000000) 
4 32 37 (168.000000 -64.000000 64.000000) (168.000000 -104.000000 64.000000) (168.000000 -104.000000 144.000000) (168.000000 -64.000000 144.000000) 
4 33 56 (72.000000 -48.000000 160.000000) (72.000000 -48.000000 328.000000) (72.000000 98.000000 328.000000) (72.000000 98.000000 160.000000) 
4 33 36 (168.000000 -48.000000 160.000000) (168.000000 -48.000000 328.000000) (72.000000 -48.000000 328.000000) (72.000000 -48.000000 160.000000) 
4 33 34 (167.000000 98.000000 160.000000) (168.000000 98.000000 160.000000) (168.000000 -48.000000 160.000000) (167.000000 -48.000000 160.000000) 
4 33 35 (72.000000 -48.000000 160.000000) (72.000000 98.000000 160.000000) (161.000000 98.000000 160.000000) (161.000000 -48.000000 160.000000) 
4 35 56 (72.000000 98.000000 64.000000) (72.000000 -48.000000 64.000000) (72.000000 -48.000000 160.000000) (72.000000 98.000000 160.000000) 
4 35 39 (72.000000 -48.000000 64.000000) (160.000000 -48.000000 64.000000) (160.000000 -48.000000 160.000000) (72.000000 -48.000000 160.000000) 
4 36 56 (72.000000 -472.000000 160.000000) (72.000000 -472.000000 328.000000) (72.000000 -48.000000 328.000000) (72.000000 -48.000000 160.000000) 
4 36 55 (160.000000 -472.000000 160.000000) (72.000000 -472.000000 160.000000) (72.000000 -416.000000 160.000000) (160.000000 -416.000000 160.000000) 
4 36 52 (72.000000 -416.000000 160.000000) (72.000000 -368.000000 160.000000) (160.000000 -368.000000 160.000000) (160.000000 -416.000000 160.000000) 
4 36 49 (72.000000 -368.000000 160.000000) (72.000000 -328.000000 160.000000) (160.000000 -328.000000 160.000000) (160.000000 -368.000000 160.000000) 
4 36 48 (72.000000 -328.000000 160.000000) (72.000000 -280.000000 160.000000) (160.000000 -280.000000 160.000000) (160.000000 -328.000000 160.000000) 
4 36 45 (72.000000 -280.000000 160.000000) (72.000000 -240.000000 160.000000) (160.000000 -240.000000 160.000000) (160.000000 -280.000000 160.000000) 
4 36 44 (72.000000 -240.000000 160.000000) (72.000000 -188.000000 160.000000) (160.000000 -188.000000 160.000000) (160.000000 -240.000000 160.000000) 
4 36 41 (72.000000 -188.000000 160.000000) (72.000000 -148.000000 160.000000) (160.000000 -148.000000 160.000000) (160.000000 -188.000000 160.000000) 
4 36 40 (72.000000 -148.000000 160.000000) (72.000000 -104.000000 160.000000) (160.000000 -104.000000 160.000000) (160.000000 -148.000000 160.000000) 
4 36 39 (72.000000 -104.000000 160.000000) (72.000000 -48.000000 160.000000) (160.000000 -48.000000 160.000000) (160.000000 -104.000000 160.000000) 
4 38 39 (160.000000 -64.000000 64.000000) (160.000000 -104.000000 64.000000) (160.000000 -104.000000 144.000000) (160.000000 -64.000000 144.000000) 
4 39 56 (72.000000 -48.000000 64.000000) (72.000000 -104.000000 64.000000) (72.000000 -104.000000 160.000000) (72.000000 -48.000000 160.000000) 
4 39 40 (72.000000 -104.000000 160.000000) (72.000000 -104.000000 64.000000) (160.000000 -104.000000 64.000000) (160.000000 -104.000000 160.000000) 
4 40 56 (72.000000 -104.000000 64.000000) (72.000000 -148.000000 64.000000) (72.000000 -148.000000 160.000000) (72.000000 -104.000000 160.000000) 
4 40 43 (72.000000 -148.000000 144.000000) (72.000000 -148.000000 64.000000) (160.000000 -148.000000 64.000000) (160.000000 -148.000000 144.000000) 
4 40 41 (160.000000 -148.000000 160.000000) (72.000000 -148.000000 160.000000) (72.000000 -148.000000 144.000000) (160.000000 -148.000000 144.000000) 
4 41 56 (72.000000 -188.000000 144.000000) (72.000000 -188.000000 160.000000) (72.000000 -148.000000 160.000000) (72.000000 -148.000000 144.000000) 
4 41 44 (72.000000 -188.000000 160.000000) (72.000000 -188.000000 144.000000) (160.000000 -188.000000 144.000000) (160.000000 -188.000000 160.000000) 
4 41 43 (72.000000 -188.000000 144.000000) (72.000000 -148.000000 144.000000) (160.000000 -148.000000 144.000000) (160.000000 -188.000000 144.000000) 
4 43 56 (72.000000 -148.000000 64.000000) (72.000000 -188.000000 64.000000) (72.000000 -188.000000 144.000000) (72.000000 -148.000000 144.000000) 
4 43 44 (72.000000 -188.000000 144.000000) (72.000000 -188.000000 64.000000) (160.000000 -188.000000 64.000000) (160.000000 -188.000000 144.000000) 
4 44 56 (72.000000 -188.000000 64.000000) (72.000000 -240.000000 64.000000) (72.000000 -240.000000 160.000000) (72.000000 -188.000000 160.000000) 
4 44 47 (72.000000 -240.000000 144.000000) (72.000000 -240.000000 64.000000) (160.000000 -240.000000 64.000000) (160.000000 -240.000000 144.000000) 
4 44 45 (72.000000 -240.000000 160.000000) (72.000000 -240.000000 144.000000) (160.000000 -240.000000 144.000000) (160.000000 -240.000000 160.000000) 
4 45 56 (72.000000 -280.000000 144.000000) (72.000000 -280.000000 160.000000) (72.000000 -240.000000 160.000000) (72.000000 -240.000000 144.000000) 
4 45 48 (72.000000 -280.000000 160.000000) (72.000000 -280.000000 144.000000) (160.000000 -280.000000 144.000000) (160.000000 -280.000000 160.000000) 
4 45 47 (72.000000 -280.000000 144.000000) (72.000000 -240.000000 144.000000) (160.000000 -240.000000 144.000000) (160.000000 -280.000000 144.000000) 
4 47 56 (72.000000 -240.000000 64.000000) (72.000000 -280.000000 64.000000) (72.000000 -280.000000 144.000000) (72.000000 -240.000000 144.000000) 
4 47 48 (72.000000 -280.000000 144.000000) (72.000000 -280.000000 64.000000) (160.000000 -280.000000 64.000000) (160.000000 -280.000000 144.000000) 
4 48 56 (72.000000 -280.000000 64.000000) (72.000000 -328.000000 64.000000) (72.000000 -328.000000 160.000000) (72.000000 -280.000000 160.000000) 
4 48 51 (72.000000 -328.000000 144.000000) (72.000000 -328.000000 64.000000) (160.000000 -328.000000 64.000000) (160.000000 -328.000000 144.000000) 
4 48 49 (160.000000 -328.000000 160.000000) (72.000000 -328.000000 160.000000) (72.000000 -328.000000 144.000000) (160.000000 -328.000000 144.000000) 
4 49 56 (72.000000 -368.000000 144.000000) (72.000000 -368.000000 160.000000) (72.000000 -328.000000 160.000000) (72.000000 -328.000000 144.000000) 
4 49 52 (160.000000 -368.000000 160.000000) (72.000000 -368.000000 160.000000) (72.000000 -368.000000 144.000000) (160.000000 -368.000000 144.000000) 
4 49 51 (72.000000 -368.000000 144.000000) (72.000000 -328.000000 144.000000) (160.000000 -328.000000 144.000000) (160.000000 -368.000000 144.000000) 
4 51 56 (72.000000 -328.000000 64.000000) (72.000000 -368.000000 64.000000) (72.000000 -368.000000 144.000000) (72.000000 -328.000000 144.000000) 
4 51 52 (72.000000 -368.000000 144.000000) (72.000000 -368.000000 64.000000) (160.000000 -368.000000 64.000000) (160.000000 -368.000000 144.000000) 
4 52 56 (72.000000 -368.000000 64.000000) (72.000000 -416.000000 64.000000) (72.000000 -416.000000 160.000000) (72.000000 -368.000000 160.000000) 
4 52 55 (72.000000 -416.000000 160.000000) (72.000000 -416.000000 64.000000) (160.000000 -416.000000 64.000000) (160.000000 -416.000000 160.000000) 
4 54 55 (160.000000 -416.000000 144.000000) (160.000000 -416.000000 64.000000) (160.000000 -456.000000 64.000000) (160.000000 -456.000000 144.000000) 
4 55 56 (72.000000 -416.000000 64.000000) (72.000000 -472.000000 64.000000) (72.000000 -472.000000 160.000000) (72.000000 -416.000000 160.000000) 
4 56 123 (16.000000 -346.000000 64.000000) (16.000000 -472.000000 64.000000) (16.000000 -472.000000 328.000000) (16.000000 -346.000000 328.000000) 
4 56 122 (16.000000 -326.000000 64.000000) (16.000000 -346.000000 64.000000) (16.000000 -346.000000 328.000000) (16.000000 -326.000000 328.000000) 
4 56 121 (16.000000 -198.000000 64.000000) (16.000000 -326.000000 64.000000) (16.000000 -326.000000 328.000000) (16.000000 -198.000000 328.000000) 
4 56 58 (16.000000 98.000000 328.000000) (16.000000 98.000000 64.000000) (16.000000 -198.000000 64.000000) (16.000000 -198.000000 328.000000) 
4 56 57 (16.000000 -472.000000 64.000000) (72.000000 -472.000000 64.000000) (72.000000 -472.000000 156.000000) (16.000000 -472.000000 156.000000) 
4 57 127 (16.000000 -480.000000 64.000000) (72.000000 -480.000000 64.000000) (72.000000 -480.000000 156.000000) (16.000000 -480.000000 156.000000) 
4 58 121 (-8.000000 -198.000000 64.000000) (16.000000 -198.000000 64.000000) (16.000000 -198.000000 328.000000) (-8.000000 -198.000000 328.000000) 
4 58 119 (-8.000000 -178.000000 64.000000) (-8.000000 -198.000000 64.000000) (-8.000000 -198.000000 328.000000) (-8.000000 -178.000000 328.000000) 
4 58 118 (-8.000000 -50.000000 64.000000) (-8.000000 -178.000000 64.000000) (-8.000000 -178.000000 328.000000) (-8.000000 -50.000000 328.000000) 
4 58 116 (-8.000000 -30.000000 64.000000) (-8.000000 -50.000000 64.000000) (-8.000000 -50.000000 328.000000) (-8.000000 -30.000000 328.000000) 
4 58 115 (-8.000000 7.000000 64.000000) (-8.000000 -30.000000 64.000000) (-8.000000 -30.000000 328.000000) (-8.000000 7.000000 328.000000) 
4 58 113 (-8.000000 98.000000 152.000000) (-8.000000 98.000000 64.000000) (-8.000000 7.000000 64.000000) (-8.000000 7.000000 152.000000) 
4 58 111 (-8.000000 7.000000 224.000000) (-8.000000 7.000000 248.000000) (-8.000000 57.000000 248.000000) (-8.000000 57.000000 224.000000) 
4 58 110 (-8.000000 7.000000 248.000000) (-8.000000 7.000000 249.000000) (-8.000000 57.000000 249.000000) (-8.000000 57.000000 248.000000) 
4 58 107 (-8.000000 7.000000 249.000000) (-8.000000 7.000000 319.000000) (-8.000000 9.500000 319.000000) (-8.000000 9.500000 249.000000) 
4 58 85 (-8.000000 54.500000 256.000000) (-8.000000 54.500000 249.000000) (-8.000000 9.500000 249.000000) (-8.000000 9.500000 256.000000) 
4 58 82 (-8.000000 54.500000 265.000000) (-8.000000 54.500000 256.000000) (-8.000000 9.500000 256.000000) (-8.000000 9.500000 265.000000) 
4 58 80 (-8.000000 54.500000 274.000000) (-8.000000 54.500000 265.000000) (-8.000000 9.500000 265.000000) (-8.000000 9.500000 274.000000) 
4 58 77 (-8.000000 54.500000 283.000000) (-8.000000 54.500000 274.000000) (-8.000000 9.500000 274.000000) (-8.000000 9.500000 283.000000) 
4 58 75 (-8.000000 54.500000 292.000000) (-8.000000 54.500000 283.000000) (-8.000000 9.500000 283.000000) (-8.000000 9.500000 292.000000) 
4 58 72 (-8.000000 54.500000 301.000000) (-8.000000 54.500000 292.000000) (-8.000000 9.500000 292.000000) (-8.000000 9.500000 301.000000) 
4 58 70 (-8.000000 54.500000 310.000000) (-8.000000 54.500000 301.000000) (-8.000000 9.500000 301.000000) (-8.000000 9.500000 310.000000) 
4 58 67 (-8.000000 9.500000 319.000000) (-8.000000 54.500000 319.000000) (-8.000000 54.500000 310.000000) (-8.000000 9.500000 310.000000) 
4 58 64 (-8.000000 54.500000 319.000000) (-8.000000 57.000000 319.000000) (-8.000000 57.000000 249.000000) (-8.000000 54.500000 249.000000) 
4 58 62 (-8.000000 7.000000 319.000000) (-8.000000 7.000000 320.000000) (-8.000000 57.000000 320.000000) (-8.000000 57.000000 319.000000) 
4 58 61 (-8.000000 7.000000 320.000000) (-8.000000 7.000000 328.000000) (-8.000000 57.000000 328.000000) (-8.000000 57.000000 320.000000) 
4 58 59 (-8.000000 98.000000 328.000000) (-8.000000 98.000000 152.000000) (-8.000000 57.000000 152.000000) (-8.000000 57.000000 328.000000) 
4 59 113 (-16.000000 98.000000 152.000000) (-8.000000 98.000000 152.000000) (-8.000000 57.000000 152.000000) (-16.000000 57.000000 152.000000) 
4 59 111 (-8.000000 57.000000 224.000000) (-8.000000 57.000000 248.000000) (-16.000000 57.000000 248.000000) (-16.000000 57.000000 224.000000) 
4 59 110 (-8.000000 57.000000 248.000000) (-8.000000 57.000000 249.000000) (-14.000000 57.000000 249.000000) (-14.000000 57.000000 248.000000) 
4 59 64 (-8.000000 57.000000 249.000000) (-8.000000 57.000000 319.000000) (-14.000000 57.000000 319.000000) (-14.000000 57.000000 249.000000) 
4 59 62 (-8.000000 57.000000 319.000000) (-8.000000 57.000000 320.000000) (-14.000000 57.000000 320.000000) (-14.000000 57.000000 319.000000) 
4 59 61 (-8.000000 57.000000 320.000000) (-8.000000 57.000000 328.000000) (-16.000000 57.000000 328.000000) (-16.000000 57.000000 320.000000) 
4 60 128 (-34.000000 57.000000 328.000000) (-34.000000 98.000000 328.000000) (-34.000000 98.000000 152.000000) (-34.000000 57.000000 152.000000) 
4 60 114 (-34.000000 57.000000 152.000000) (-34.000000 98.000000 152.000000) (-32.000000 98.000000 152.000000) (-32.000000 57.000000 152.000000) 
4 60 112 (-34.000000 57.000000 248.000000) (-34.000000 57.000000 152.000000) (-32.000000 57.000000 152.000000) (-32.000000 57.000000 248.000000) 
4 60 63 (-34.000000 57.000000 328.000000) (-34.000000 57.000000 320.000000) (-32.000000 57.000000 320.000000) (-32.000000 57.000000 328.000000) 
4 61 115 (-8.000000 7.000000 320.000000) (-8.000000 7.000000 328.000000) (-16.000000 7.000000 328.000000) (-16.000000 7.000000 320.000000) 
4 61 62 (-8.000000 7.000000 320.000000) (-14.000000 7.000000 320.000000) (-14.000000 57.000000 320.000000) (-8.000000 57.000000 320.000000) 
4 62 115 (-14.000000 7.000000 319.000000) (-8.000000 7.000000 319.000000) (-8.000000 7.000000 320.000000) (-14.000000 7.000000 320.000000) 
4 62 107 (-8.000000 7.000000 319.000000) (-14.000000 7.000000 319.000000) (-14.000000 9.500000 319.000000) (-8.000000 9.500000 319.000000) 
4 62 67 (-14.000000 9.500000 319.000000) (-14.000000 54.500000 319.000000) (-8.000000 54.500000 319.000000) (-8.000000 9.500000 319.000000) 
4 62 64 (-14.000000 54.500000 319.000000) (-14.000000 57.000000 319.000000) (-8.000000 57.000000 319.000000) (-8.000000 54.500000 319.000000) 
4 63 128 (-34.000000 7.000000 328.000000) (-34.000000 57.000000 328.000000) (-34.000000 57.000000 320.000000) (-34.000000 7.000000 320.000000) 
4 63 117 (-34.000000 7.000000 328.000000) (-34.000000 7.000000 320.000000) (-32.000000 7.000000 320.000000) (-32.000000 7.000000 328.000000) 
4 64 110 (-14.000000 57.000000 249.000000) (-8.000000 57.000000 249.000000) (-8.000000 54.500000 249.000000) (-14.000000 54.500000 249.000000) 
4 64 85 (-14.000000 54.500000 249.000000) (-8.000000 54.500000 249.000000) (-8.000000 54.500000 256.000000) (-14.000000 54.500000 256.000000) 
4 64 82 (-8.000000 54.500000 256.000000) (-8.000000 54.500000 265.000000) (-14.000000 54.500000 265.000000) (-14.000000 54.500000 256.000000) 
4 64 80 (-8.000000 54.500000 265.000000) (-8.000000 54.500000 274.000000) (-14.000000 54.500000 274.000000) (-14.000000 54.500000 265.000000) 
4 64 77 (-8.000000 54.500000 274.000000) (-8.000000 54.500000 283.000000) (-14.000000 54.500000 283.000000) (-14.000000 54.500000 274.000000) 
4 64 75 (-8.000000 54.500000 283.000000) (-8.000000 54.500000 292.000000) (-14.000000 54.500000 292.000000) (-14.000000 54.500000 283.000000) 
4 64 72 (-8.000000 54.500000 292.000000) (-8.000000 54.500000 301.000000) (-14.000000 54.500000 301.000000) (-14.000000 54.500000 292.000000) 
4 64 70 (-8.000000 54.500000 301.000000) (-8.000000 54.500000 310.000000) (-14.000000 54.500000 310.000000) (-14.000000 54.500000 301.000000) 
4 64 67 (-8.000000 54.500000 310.000000) (-8.000000 54.500000 319.000000) (-14.000000 54.500000 319.000000) (-14.000000 54.500000 310.000000) 
4 64 65 (-14.000000 55.000000 249.000000) (-14.000000 54.500000 249.000000) (-14.000000 54.500000 319.000000) (-14.000000 55.000000 319.000000) 
4 65 85 (-19.000000 54.500000 249.000000) (-14.000000 54.500000 249.000000) (-14.000000 54.500000 256.000000) (-19.000000 54.500000 256.000000) 
4 65 82 (-14.000000 54.500000 256.000000) (-14.000000 54.500000 265.000000) (-19.000000 54.500000 265.000000) (-19.000000 54.500000 256.000000) 
4 65 80 (-14.000000 54.500000 265.000000) (-14.000000 54.500000 274.000000) (-19.000000 54.500000 274.000000) (-19.000000 54.500000 265.000000) 
4 65 77 (-14.000000 54.500000 274.000000) (-14.000000 54.500000 283.000000) (-19.000000 54.500000 283.000000) (-19.000000 54.500000 274.000000) 
4 65 75 (-14.000000 54.500000 283.000000) (-14.000000 54.500000 292.000000) (-19.000000 54.500000 292.000000) (-19.000000 54.500000 283.000000) 
4 65 72 (-14.000000 54.500000 292.000000) (-14.000000 54.500000 301.000000) (-19.000000 54.500000 301.000000) (-19.000000 54.500000 292.000000) 
4 65 70 (-14.000000 54.500000 301.000000) (-14.000000 54.500000 310.000000) (-19.000000 54.500000 310.000000) (-19.000000 54.500000 301.000000) 
4 65 67 (-14.000000 54.500000 310.000000) (-14.000000 54.500000 319.000000) (-19.000000 54.500000 319.000000) (-19.000000 54.500000 310.000000) 
4 66 128 (-34.000000 55.000000 249.000000) (-34.000000 54.500000 249.000000) (-34.000000 54.500000 319.000000) (-34.000000 55.000000 319.000000) 
4 66 88 (-28.000000 54.500000 249.000000) (-25.000000 54.500000 249.000000) (-25.000000 54.500000 319.000000) (-28.000000 54.500000 319.000000) 
4 66 87 (-25.000000 54.500000 249.000000) (-22.000000 54.500000 249.000000) (-22.000000 54.500000 319.000000) (-25.000000 54.500000 319.000000) 
4 66 91 (-34.000000 54.500000 249.000000) (-28.000000 54.500000 249.000000) (-28.000000 54.500000 319.000000) (-34.000000 54.500000 319.000000) 
4 67 108 (-14.000000 9.500000 319.000000) (-19.000000 9.500000 319.000000) (-19.000000 9.500000 310.000000) (-14.000000 9.500000 310.000000) 
4 67 107 (-8.000000 9.500000 310.000000) (-8.000000 9.500000 319.000000) (-14.000000 9.500000 319.000000) (-14.000000 9.500000 310.000000) 
4 67 70 (-19.000000 54.500000 310.000000) (-8.000000 54.500000 310.000000) (-8.000000 9.500000 310.000000) (-19.000000 9.500000 310.000000) 
4 67 69 (-19.000000 54.500000 313.000000) (-19.000000 54.500000 310.000000) (-19.000000 9.500000 310.000000) (-19.000000 9.500000 313.000000) 
4 67 68 (-19.000000 54.500000 319.000000) (-19.000000 54.500000 316.000000) (-19.000000 9.500000 316.000000) (-19.000000 9.500000 319.000000) 
4 68 103 (-22.000000 19.000000 316.000000) (-22.000000 13.000000 316.000000) (-22.000000 13.000000 319.000000) (-22.000000 19.000000 319.000000) 
4 68 105 (-22.000000 13.000000 316.000000) (-22.000000 9.500000 316.000000) (-22.000000 9.500000 319.000000) (-22.000000 13.000000 319.000000) 
4 68 100 (-22.000000 25.000000 316.000000) (-22.000000 19.000000 316.000000) (-22.000000 19.000000 319.000000) (-22.000000 25.000000 319.000000) 
4 68 97 (-22.000000 31.000000 316.000000) (-22.000000 25.000000 316.000000) (-22.000000 25.000000 319.000000) (-22.000000 31.000000 319.000000) 
4 68 94 (-22.000000 37.000000 316.000000) (-22.000000 31.000000 316.000000) (-22.000000 31.000000 319.000000) (-22.000000 37.000000 319.000000) 
4 68 92 (-22.000000 43.000000 316.000000) (-22.000000 37.000000 316.000000) (-22.000000 37.000000 319.000000) (-22.000000 43.000000 319.000000) 
4 68 89 (-22.000000 49.000000 316.000000) (-22.000000 43.000000 316.000000) (-22.000000 43.000000 319.000000) (-22.000000 49.000000 319.000000) 
4 68 87 (-22.000000 54.500000 319.000000) (-22.000000 54.500000 316.000000) (-22.000000 49.000000 316.000000) (-22.000000 49.000000 319.000000) 
4 69 103 (-22.000000 19.000000 310.000000) (-22.000000 13.000000 310.000000) (-22.000000 13.000000 313.000000) (-22.000000 19.000000 313.000000) 
4 69 105 (-22.000000 13.000000 310.000000) (-22.000000 9.500000 310.000000) (-22.000000 9.500000 313.000000) (-22.000000 13.000000 313.000000) 
4 69 100 (-22.000000 25.000000 310.000000) (-22.000000 19.000000 310.000000) (-22.000000 19.000000 313.000000) (-22.000000 25.000000 313.000000) 
4 69 97 (-22.000000 31.000000 310.000000) (-22.000000 25.000000 310.000000) (-22.000000 25.000000 313.000000) (-22.000000 31.000000 313.000000) 
4 69 94 (-22.000000 37.000000 310.000000) (-22.000000 31.000000 310.000000) (-22.000000 31.000000 313.000000) (-22.000000 37.000000 313.000000) 
4 69 92 (-22.000000 43.000000 310.000000) (-22.000000 37.000000 310.000000) (-22.000000 37.000000 313.000000) (-22.000000 43.000000 313.000000) 
4 69 89 (-22.000000 49.000000 310.000000) (-22.000000 43.000000 310.000000) (-22.000000 43.000000 313.000000) (-22.000000 49.000000 313.000000) 
4 69 87 (-22.000000 54.500000 313.000000) (-22.000000 54.500000 310.000000) (-22.000000 49.000000 310.000000) (-22.000000 49.000000 313.000000) 
4 70 108 (-14.000000 9.500000 310.000000) (-19.000000 9.500000 310.000000) (-19.000000 9.500000 301.000000) (-14.000000 9.500000 301.000000) 
4 70 107 (-8.000000 9.500000 301.000000) (-8.000000 9.500000 310.000000) (-14.000000 9.500000 310.000000) (-14.000000 9.500000 301.000000) 
4 70 72 (-8.000000 9.500000 301.000000) (-19.000000 9.500000 301.000000) (-19.000000 54.500000 301.000000) (-8.000000 54.500000 301.000000) 
4 70 71 (-19.000000 9.500000 304.000000) (-19.000000 9.500000 307.000000) (-19.000000 54.500000 307.000000) (-19.000000 54.500000 304.000000) 
4 71 103 (-22.000000 19.000000 304.000000) (-22.000000 13.000000 304.000000) (-22.000000 13.000000 307.000000) (-22.000000 19.000000 307.000000) 
4 71 105 (-22.000000 13.000000 304.000000) (-22.000000 9.500000 304.000000) (-22.000000 9.500000 307.000000) (-22.000000 13.000000 307.000000) 
4 71 100 (-22.000000 25.000000 304.000000) (-22.000000 19.000000 304.000000) (-22.000000 19.000000 307.000000) (-22.000000 25.000000 307.000000) 
4 71 97 (-22.000000 31.000000 304.000000) (-22.000000 25.000000 304.000000) (-22.000000 25.000000 307.000000) (-22.000000 31.000000 307.000000) 
4 71 94 (-22.000000 37.000000 304.000000) (-22.000000 31.000000 304.000000) (-22.000000 31.000000 307.000000) (-22.000000 37.000000 307.000000) 
4 71 92 (-22.000000 43.000000 304.000000) (-22.000000 37.000000 304.000000) (-22.000000 37.000000 307.000000) (-22.000000 43.000000 307.000000) 
4 71 89 (-22.000000 49.000000 304.000000) (-22.000000 43.000000 304.000000) (-22.000000 43.000000 307.000000) (-22.000000 49.000000 307.000000) 
4 71 87 (-22.000000 54.500000 307.000000) (-22.000000 54.500000 304.000000) (-22.000000 49.000000 304.000000) (-22.000000 49.000000 307.000000) 
4 72 108 (-14.000000 9.500000 301.000000) (-19.000000 9.500000 301.000000) (-19.000000 9.500000 292.000000) (-14.000000 9.500000 292.000000) 
4 72 107 (-8.000000 9.500000 292.000000) (-8.000000 9.500000 301.000000) (-14.000000 9.500000 301.000000) (-14.000000 9.500000 292.000000) 
4 72 75 (-19.000000 54.500000 292.000000) (-8.000000 54.500000 292.000000) (-8.000000 9.500000 292.000000) (-19.000000 9.500000 292.000000) 
4 72 73 (-19.000000 54.500000 301.000000) (-19.000000 54.500000 298.000000) (-19.000000 9.500000 298.000000) (-19.000000 9.500000 301.000000) 
4 72 74 (-19.000000 54.500000 295.000000) (-19.000000 54.500000 292.000000) (-19.000000 9.500000 292.000000) (-19.000000 9.500000 295.000000) 
4 73 103 (-22.000000 19.000000 298.000000) (-22.000000 13.000000 298.000000) (-22.000000 13.000000 301.000000) (-22.000000 19.000000 301.000000) 
4 73 105 (-22.000000 13.000000 298.000000) (-22.000000 9.500000 298.000000) (-22.000000 9.500000 301.000000) (-22.000000 13.000000 301.000000) 
4 73 100 (-22.000000 25.000000 298.000000) (-22.000000 19.000000 298.000000) (-22.000000 19.000000 301.000000) (-22.000000 25.000000 301.000000) 
4 73 97 (-22.000000 31.000000 298.000000) (-22.000000 25.000000 298.000000) (-22.000000 25.000000 301.000000) (-22.000000 31.000000 301.000000) 
4 73 94 (-22.000000 37.000000 298.000000) (-22.000000 31.000000 298.000000) (-22.000000 31.000000 301.000000) (-22.000000 37.000000 301.000000) 
4 73 92 (-22.000000 43.000000 298.000000) (-22.000000 37.000000 298.000000) (-22.000000 37.000000 301.000000) (-22.000000 43.000000 301.000000) 
4 73 89 (-22.000000 49.000000 298.000000) (-22.000000 43.000000 298.000000) (-22.000000 43.000000 301.000000) (-22.000000 49.000000 301.000000) 
4 73 87 (-22.000000 54.500000 301.000000) (-22.000000 54.500000 298.000000) (-22.000000 49.000000 298.000000) (-22.000000 49.000000 301.000000) 
4 74 103 (-22.000000 19.000000 292.000000) (-22.000000 13.000000 292.000000) (-22.000000 13.000000 295.000000) (-22.000000 19.000000 295.000000) 
4 74 105 (-22.000000 13.000000 292.000000) (-22.000000 9.500000 292.000000) (-22.000000 9.500000 295.000000) (-22.000000 13.000000 295.000000) 
4 74 100 (-22.000000 25.000000 292.000000) (-22.000000 19.000000 292.000000) (-22.000000 19.000000 295.000000) (-22.000000 25.000000 295.000000) 
4 74 97 (-22.000000 31.000000 292.000000) (-22.000000 25.000000 292.000000) (-22.000000 25.000000 295.000000) (-22.000000 31.000000 295.000000) 
4 74 94 (-22.000000 37.000000 292.000000) (-22.000000 31.000000 292.000000) (-22.000000 31.000000 295.000000) (-22.000000 37.000000 295.000000) 
4 74 92 (-22.000000 43.000000 292.000000) (-22.000000 37.000000 292.000000) (-22.000000 37.000000 295.000000) (-22.000000 43.000000 295.000000) 
4 74 89 (-22.000000 49.000000 292.000000) (-22.000000 43.000000 292.000000) (-22.000000 43.000000 295.000000) (-22.000000 49.000000 295.000000) 
4 74 87 (-22.000000 54.500000 295.000000) (-22.000000 54.500000 292.000000) (-22.000000 49.000000 292.000000) (-22.000000 49.000000 295.000000) 
4 75 108 (-14.000000 9.500000 292.000000) (-19.000000 9.500000 292.000000) (-19.000000 9.500000 283.000000) (-14.000000 9.500000 283.000000) 
4 75 107 (-8.000000 9.500000 283.000000) (-8.000000 9.500000 292.000000) (-14.000000 9.500000 292.000000) (-14.000000 9.500000 283.000000) 
4 75 77 (-19.000000 54.500000 283.000000) (-8.000000 54.500000 283.000000) (-8.000000 9.500000 283.000000) (-19.000000 9.500000 283.000000) 
4 75 76 (-19.000000 9.500000 286.000000) (-19.000000 9.500000 289.000000) (-19.000000 54.500000 289.000000) (-19.000000 54.500000 286.000000) 
4 76 103 (-22.000000 19.000000 286.000000) (-22.000000 13.000000 286.000000) (-22.000000 13.000000 289.000000) (-22.000000 19.000000 289.000000) 
4 76 105 (-22.000000 13.000000 286.000000) (-22.000000 9.500000 286.000000) (-22.000000 9.500000 289.000000) (-22.000000 13.000000 289.000000) 
4 76 100 (-22.000000 25.000000 286.000000) (-22.000000 19.000000 286.000000) (-22.000000 19.000000 289.000000) (-22.000000 25.000000 289.000000) 
4 76 97 (-22.000000 31.000000 286.000000) (-22.000000 25.000000 286.000000) (-22.000000 25.000000 289.000000) (-22.000000 31.000000 289.000000) 
4 76 94 (-22.000000 37.000000 286.000000) (-22.000000 31.000000 286.000000) (-22.000000 31.000000 289.000000) (-22.000000 37.000000 289.000000) 
4 76 92 (-22.000000 43.000000 286.000000) (-22.000000 37.000000 286.000000) (-22.000000 37.000000 289.000000) (-22.000000 43.000000 289.000000) 
4 76 89 (-22.000000 49.000000 286.000000) (-22.000000 43.000000 286.000000) (-22.000000 43.000000 289.000000) (-22.000000 49.000000 289.000000) 
4 76 87 (-22.000000 54.500000 289.000000) (-22.000000 54.500000 286.000000) (-22.000000 49.000000 286.000000) (-22.000000 49.000000 289.000000) 
4 77 108 (-14.000000 9.500000 283.000000) (-19.000000 9.500000 283.000000) (-19.000000 9.500000 274.000000) (-14.000000 9.500000 274.000000) 
4 77 107 (-8.000000 9.500000 274.000000) (-8.000000 9.500000 283.000000) (-14.000000 9.500000 283.000000) (-14.000000 9.500000 274.000000) 
4 77 80 (-19.000000 54.500000 274.000000) (-8.000000 54.500000 274.000000) (-8.000000 9.500000 274.000000) (-19.000000 9.500000 274.000000) 
4 77 78 (-19.000000 9.500000 280.000000) (-19.000000 9.500000 283.000000) (-19.000000 54.500000 283.000000) (-19.000000 54.500000 280.000000) 
4 77 79 (-19.000000 9.500000 274.000000) (-19.000000 9.500000 277.000000) (-19.000000 54.500000 277.000000) (-19.000000 54.500000 274.000000) 
4 78 103 (-22.000000 19.000000 280.000000) (-22.000000 13.000000 280.000000) (-22.000000 13.000000 283.000000) (-22.000000 19.000000 283.000000) 
4 78 105 (-22.000000 13.000000 280.000000) (-22.000000 9.500000 280.000000) (-22.000000 9.500000 283.000000) (-22.000000 13.000000 283.000000) 
4 78 100 (-22.000000 25.000000 280.000000) (-22.000000 19.000000 280.000000) (-22.000000 19.000000 283.000000) (-22.000000 25.000000 283.000000) 
4 78 97 (-22.000000 31.000000 280.000000) (-22.000000 25.000000 280.000000) (-22.000000 25.000000 283.000000) (-22.000000 31.000000 283.000000) 
4 78 94 (-22.000000 37.000000 280.000000) (-22.000000 31.000000 280.000000) (-22.000000 31.000000 283.000000) (-22.000000 37.000000 283.000000) 
4 78 92 (-22.000000 43.000000 280.000000) (-22.000000 37.000000 280.000000) (-22.000000 37.000000 283.000000) (-22.000000 43.000000 283.000000) 
4 78 89 (-22.000000 49.000000 280.000000) (-22.000000 43.000000 280.000000) (-22.000000 43.000000 283.000000) (-22.000000 49.000000 283.000000) 
4 78 87 (-22.000000 54.500000 283.000000) (-22.000000 54.500000 280.000000) (-22.000000 49.000000 280.000000) (-22.000000 49.000000 283.000000) 
4 79 103 (-22.000000 19.000000 274.000000) (-22.000000 13.000000 274.000000) (-22.000000 13.000000 277.000000) (-22.000000 19.000000 277.000000) 
4 79 105 (-22.000000 13.000000 274.000000) (-22.000000 9.500000 274.000000) (-22.000000 9.500000 277.000000) (-22.000000 13.000000 277.000000) 
4 79 100 (-22.000000 25.000000 274.000000) (-22.000000 19.000000 274.000000) (-22.000000 19.000000 277.000000) (-22.000000 25.000000 277.000000) 
4 79 97 (-22.000000 31.000000 274.000000) (-22.000000 25.000000 274.000000) (-22.000000 25.000000 277.000000) (-22.000000 31.000000 277.000000) 
4 79 94 (-22.000000 37.000000 274.000000) (-22.000000 31.000000 274.000000) (-22.000000 31.000000 277.000000) (-22.000000 37.000000 277.000000) 
4 79 92 (-22.000000 43.000000 274.000000) (-22.000000 37.000000 274.000000) (-22.000000 37.000000 277.000000) (-22.000000 43.000000 277.000000) 
4 79 89 (-22.000000 49.000000 274.000000) (-22.000000 43.000000 274.000000) (-22.000000 43.000000 277.000000) (-22.000000 49.000000 277.000000) 
4 79 87 (-22.000000 54.500000 277.000000) (-22.000000 54.500000 274.000000) (-22.000000 49.000000 274.000000) (-22.000000 49.000000 277.000000) 
4 80 108 (-14.000000 9.500000 274.000000) (-19.000000 9.500000 274.000000) (-19.000000 9.500000 265.000000) (-14.000000 9.500000 265.000000) 
4 80 107 (-8.000000 9.500000 265.000000) (-8.000000 9.500000 274.000000) (-14.000000 9.500000 274.000000) (-14.000000 9.500000 265.000000) 
4 80 82 (-8.000000 9.500000 265.000000) (-19.000000 9.500000 265.000000) (-19.000000 54.500000 265.000000) (-8.000000 54.500000 265.000000) 
4 80 81 (-19.000000 9.500000 268.000000) (-19.000000 9.500000 271.000000) (-19.000000 54.500000 271.000000) (-19.000000 54.500000 268.000000) 
4 81 103 (-22.000000 19.000000 268.000000) (-22.000000 13.000000 268.000000) (-22.000000 13.000000 271.000000) (-22.000000 19.000000 271.000000) 
4 81 105 (-22.000000 13.000000 268.000000) (-22.000000 9.500000 268.000000) (-22.000000 9.500000 271.000000) (-22.000000 13.000000 271.000000) 
4 81 100 (-22.000000 25.000000 268.000000) (-22.000000 19.000000 268.000000) (-22.000000 19.000000 271.000000) (-22.000000 25.000000 271.000000) 
4 81 97 (-22.000000 31.000000 268.000000) (-22.000000 25.000000 268.000000) (-22.000000 25.000000 271.000000) (-22.000000 31.000000 271.000000) 
4 81 94 (-22.000000 37.000000 268.000000) (-22.000000 31.000000 268.000000) (-22.000000 31.000000 271.000000) (-22.000000 37.000000 271.000000) 
4 81 92 (-22.000000 43.000000 268.000000) (-22.000000 37.000000 268.000000) (-22.000000 37.000000 271.000000) (-22.000000 43.000000 271.000000) 
4 81 89 (-22.000000 49.000000 268.000000) (-22.000000 43.000000 268.000000) (-22.000000 43.000000 271.000000) (-22.000000 49.000000 271.000000) 
4 81 87 (-22.000000 54.500000 271.000000) (-22.000000 54.500000 268.000000) (-22.000000 49.000000 268.000000) (-22.000000 49.000000 271.000000) 
4 82 108 (-14.000000 9.500000 265.000000) (-19.000000 9.500000 265.000000) (-19.000000 9.500000 256.000000) (-14.000000 9.500000 256.000000) 
4 82 107 (-8.000000 9.500000 256.000000) (-8.000000 9.500000 265.000000) (-14.000000 9.500000 265.000000) (-14.000000 9.500000 256.000000) 
4 82 85 (-19.000000 54.500000 256.000000) (-8.000000 54.500000 256.000000) (-8.000000 9.500000 256.000000) (-19.000000 9.500000 256.000000) 
4 82 83 (-19.000000 54.500000 265.000000) (-19.000000 54.500000 262.000000) (-19.000000 9.500000 262.000000) (-19.000000 9.500000 265.000000) 
4 82 84 (-19.000000 54.500000 259.000000) (-19.000000 54.500000 256.000000) (-19.000000 9.500000 256.000000) (-19.000000 9.500000 259.000000) 
4 83 103 (-22.000000 19.000000 262.000000) (-22.000000 13.000000 262.000000) (-22.000000 13.000000 265.000000) (-22.000000 19.000000 265.000000) 
4 83 105 (-22.000000 13.000000 262.000000) (-22.000000 9.500000 262.000000) (-22.000000 9.500000 265.000000) (-22.000000 13.000000 265.000000) 
4 83 100 (-22.000000 25.000000 262.000000) (-22.000000 19.000000 262.000000) (-22.000000 19.000000 265.000000) (-22.000000 25.000000 265.000000) 
4 83 97 (-22.000000 31.000000 262.000000) (-22.000000 25.000000 262.000000) (-22.000000 25.000000 265.000000) (-22.000000 31.000000 265.000000) 
4 83 94 (-22.000000 37.000000 262.000000) (-22.000000 31.000000 262.000000) (-22.000000 31.000000 265.000000) (-22.000000 37.000000 265.000000) 
4 83 92 (-22.000000 43.000000 262.000000) (-22.000000 37.000000 262.000000) (-22.000000 37.000000 265.000000) (-22.000000 43.000000 265.000000) 
4 83 89 (-22.000000 49.000000 262.000000) (-22.000000 43.000000 262.000000) (-22.000000 43.000000 265.000000) (-22.000000 49.000000 265.000000) 
4 83 87 (-22.000000 54.500000 265.000000) (-22.000000 54.500000 262.000000) (-22.000000 49.000000 262.000000) (-22.000000 49.000000 265.000000) 
4 84 103 (-22.000000 19.000000 256.000000) (-22.000000 13.000000 256.000000) (-22.000000 13.000000 259.000000) (-22.000000 19.000000 259.000000) 
4 84 105 (-22.000000 13.000000 256.000000) (-22.000000 9.500000 256.000000) (-22.000000 9.500000 259.000000) (-22.000000 13.000000 259.000000) 
4 84 100 (-22.000000 25.000000 256.000000) (-22.000000 19.000000 256.000000) (-22.000000 19.000000 259.000000) (-22.000000 25.000000 259.000000) 
4 84 97 (-22.000000 31.000000 256.000000) (-22.000000 25.000000 256.000000) (-22.000000 25.000000 259.000000) (-22.000000 31.000000 259.000000) 
4 84 94 (-22.000000 37.000000 256.000000) (-22.000000 31.000000 256.000000) (-22.000000 31.000000 259.000000) (-22.000000 37.000000 259.000000) 
4 84 92 (-22.000000 43.000000 256.000000) (-22.000000 37.000000 256.000000) (-22.000000 37.000000 259.000000) (-22.000000 43.000000 259.000000) 
4 84 89 (-22.000000 49.000000 256.000000) (-22.000000 43.000000 256.000000) (-22.000000 43.000000 259.000000) (-22.000000 49.000000 259.000000) 
4 84 87 (-22.000000 54.500000 259.000000) (-22.000000 54.500000 256.000000) (-22.000000 49.000000 256.000000) (-22.000000 49.000000 259.000000) 
4 85 110 (-14.000000 54.500000 249.000000) (-8.000000 54.500000 249.000000) (-8.000000 9.500000 249.000000) (-14.000000 9.500000 249.000000) 
4 85 108 (-19.000000 9.500000 249.000000) (-14.000000 9.500000 249.000000) (-14.000000 9.500000 256.000000) (-19.000000 9.500000 256.000000) 
4 85 107 (-14.000000 9.500000 249.000000) (-8.000000 9.500000 249.000000) (-8.000000 9.500000 256.000000) (-14.000000 9.500000 256.000000) 
4 85 86 (-19.000000 9.500000 249.000000) (-19.000000 9.500000 253.000000) (-19.000000 54.500000 253.000000) (-19.000000 54.500000 249.000000) 
4 86 103 (-22.000000 19.000000 249.000000) (-22.000000 13.000000 249.000000) (-22.000000 13.000000 253.000000) (-22.000000 19.000000 253.000000) 
4 86 105 (-22.000000 13.000000 249.000000) (-22.000000 9.500000 249.000000) (-22.000000 9.500000 253.000000) (-22.000000 13.000000 253.000000) 
4 86 100 (-22.000000 25.000000 249.000000) (-22.000000 19.000000 249.000000) (-22.000000 19.000000 253.000000) (-22.000000 25.000000 253.000000) 
4 86 97 (-22.000000 31.000000 249.000000) (-22.000000 25.000000 249.000000) (-22.000000 25.000000 253.000000) (-22.000000 31.000000 253.000000) 
4 86 94 (-22.000000 37.000000 249.000000) (-22.000000 31.000000 249.000000) (-22.000000 31.000000 253.000000) (-22.000000 37.000000 253.000000) 
4 86 92 (-22.000000 43.000000 249.000000) (-22.000000 37.000000 249.000000) (-22.000000 37.000000 253.000000) (-22.000000 43.000000 253.000000) 
4 86 89 (-22.000000 49.000000 249.000000) (-22.000000 43.000000 249.000000) (-22.000000 43.000000 253.000000) (-22.000000 49.000000 253.000000) 
4 86 87 (-22.000000 54.500000 253.000000) (-22.000000 54.500000 249.000000) (-22.000000 49.000000 249.000000) (-22.000000 49.000000 253.000000) 
4 87 89 (-25.000000 49.000000 249.000000) (-22.000000 49.000000 249.000000) (-22.000000 49.000000 319.000000) (-25.000000 49.000000 319.000000) 
4 87 88 (-25.000000 54.500000 249.000000) (-25.000000 52.000000 249.000000) (-25.000000 52.000000 319.000000) (-25.000000 54.500000 319.000000) 
4 88 91 (-28.000000 54.500000 249.000000) (-28.000000 52.000000 249.000000) (-28.000000 52.000000 319.000000) (-28.000000 54.500000 319.000000) 
4 89 92 (-25.000000 43.000000 249.000000) (-22.000000 43.000000 249.000000) (-22.000000 43.000000 319.000000) (-25.000000 43.000000 319.000000) 
4 89 90 (-25.000000 49.000000 319.000000) (-25.000000 49.000000 249.000000) (-25.000000 46.000000 249.000000) (-25.000000 46.000000 319.000000) 
4 90 91 (-28.000000 49.000000 249.000000) (-28.000000 46.000000 249.000000) (-28.000000 46.000000 319.000000) (-28.000000 49.000000 319.000000) 
4 91 128 (-34.000000 54.500000 249.000000) (-34.000000 43.000000 249.000000) (-34.000000 43.000000 319.000000) (-34.000000 54.500000 319.000000) 
4 91 96 (-34.000000 43.000000 319.000000) (-34.000000 43.000000 249.000000) (-28.000000 43.000000 249.000000) (-28.000000 43.000000 319.000000) 
4 92 94 (-25.000000 37.000000 249.000000) (-22.000000 37.000000 249.000000) (-22.000000 37.000000 319.000000) (-25.000000 37.000000 319.000000) 
4 92 93 (-25.000000 43.000000 319.000000) (-25.000000 43.000000 249.000000) (-25.000000 40.000000 249.000000) (-25.000000 40.000000 319.000000) 
4 93 96 (-28.000000 43.000000 319.000000) (-28.000000 43.000000 249.000000) (-28.000000 40.000000 249.000000) (-28.000000 40.000000 319.000000) 
4 94 97 (-25.000000 31.000000 249.000000) (-22.000000 31.000000 249.000000) (-22.000000 31.000000 319.000000) (-25.000000 31.000000 319.000000) 
4 94 95 (-25.000000 37.000000 319.000000) (-25.000000 37.000000 249.000000) (-25.000000 34.000000 249.000000) (-25.000000 34.000000 319.000000) 
4 95 96 (-28.000000 37.000000 249.000000) (-28.000000 34.000000 249.000000) (-28.000000 34.000000 319.000000) (-28.000000 37.000000 319.000000) 
4 96 128 (-34.000000 43.000000 249.000000) (-34.000000 31.000000 249.000000) (-34.000000 31.000000 319.000000) (-34.000000 43.000000 319.000000) 
4 96 99 (-34.000000 31.000000 249.000000) (-28.000000 31.000000 249.000000) (-28.000000 31.000000 319.000000) (-34.000000 31.000000 319.000000) 
4 97 100 (-25.000000 25.000000 249.000000) (-22.000000 25.000000 249.000000) (-22.000000 25.000000 319.000000) (-25.000000 25.000000 319.000000) 
4 97 98 (-25.000000 31.000000 249.000000) (-25.000000 28.000000 249.000000) (-25.000000 28.000000 319.000000) (-25.000000 31.000000 319.000000) 
4 98 99 (-28.000000 31.000000 319.000000) (-28.000000 31.000000 249.000000) (-28.000000 28.000000 249.000000) (-28.000000 28.000000 319.000000) 
4 99 128 (-34.000000 31.000000 249.000000) (-34.000000 25.000000 249.000000) (-34.000000 25.000000 319.000000) (-34.000000 31.000000 319.000000) 
4 99 102 (-34.000000 25.000000 249.000000) (-28.000000 25.000000 249.000000) (-28.000000 25.000000 319.000000) (-34.000000 25.000000 319.000000) 
4 100 103 (-25.000000 19.000000 249.000000) (-22.000000 19.000000 249.000000) (-22.000000 19.000000 319.000000) (-25.000000 19.000000 319.000000) 
4 100 101 (-25.000000 25.000000 249.000000) (-25.000000 22.000000 249.000000) (-25.000000 22.000000 319.000000) (-25.000000 25.000000 319.000000) 
4 101 102 (-28.000000 25.000000 319.000000) (-28.000000 25.000000 249.000000) (-28.000000 22.000000 249.000000) (-28.000000 22.000000 319.000000) 
4 102 128 (-34.000000 25.000000 249.000000) (-34.000000 19.000000 249.000000) (-34.000000 19.000000 319.000000) (-34.000000 25.000000 319.000000) 
4 102 106 (-34.000000 19.000000 319.000000) (-34.000000 19.000000 249.000000) (-28.000000 19.000000 249.000000) (-28.000000 19.000000 319.000000) 
4 103 104 (-25.000000 19.000000 319.000000) (-25.000000 19.000000 249.000000) (-25.000000 16.000000 249.000000) (-25.000000 16.000000 319.000000) 
4 103 105 (-25.000000 13.000000 249.000000) (-22.000000 13.000000 249.000000) (-22.000000 13.000000 319.000000) (-25.000000 13.000000 319.000000) 
4 104 106 (-28.000000 19.000000 319.000000) (-28.000000 19.000000 249.000000) (-28.000000 16.000000 249.000000) (-28.000000 16.000000 319.000000) 
4 105 109 (-28.000000 9.500000 249.000000) (-22.000000 9.500000 249.000000) (-22.000000 9.500000 319.000000) (-28.000000 9.500000 319.000000) 
4 105 106 (-28.000000 13.000000 249.000000) (-28.000000 9.500000 249.000000) (-28.000000 9.500000 319.000000) (-28.000000 13.000000 319.000000) 
4 106 128 (-34.000000 19.000000 249.000000) (-34.000000 9.500000 249.000000) (-34.000000 9.500000 319.000000) (-34.000000 19.000000 319.000000) 
4 106 109 (-34.000000 9.500000 319.000000) (-34.000000 9.500000 249.000000) (-28.000000 9.500000 249.000000) (-28.000000 9.500000 319.000000) 
4 107 115 (-14.000000 7.000000 249.000000) (-8.000000 7.000000 249.000000) (-8.000000 7.000000 319.000000) (-14.000000 7.000000 319.000000) 
4 107 110 (-14.000000 9.500000 249.000000) (-8.000000 9.500000 249.000000) (-8.000000 7.000000 249.000000) (-14.000000 7.000000 249.000000) 
4 107 108 (-14.000000 9.500000 249.000000) (-14.000000 9.000000 249.000000) (-14.000000 9.000000 319.000000) (-14.000000 9.500000 319.000000) 
4 109 128 (-34.000000 9.500000 249.000000) (-34.000000 9.000000 249.000000) (-34.000000 9.000000 319.000000) (-34.000000 9.500000 319.000000) 
4 110 115 (-14.000000 7.000000 248.000000) (-8.000000 7.000000 248.000000) (-8.000000 7.000000 249.000000) (-14.000000 7.000000 249.000000) 
4 110 111 (-14.000000 57.000000 248.000000) (-8.000000 57.000000 248.000000) (-8.000000 7.000000 248.000000) (-14.000000 7.000000 248.000000) 
4 111 115 (-8.000000 7.000000 224.000000) (-8.000000 7.000000 248.000000) (-16.000000 7.000000 248.000000) (-16.000000 7.000000 224.000000) 
4 112 128 (-34.000000 57.000000 248.000000) (-34.000000 57.000000 152.000000) (-34.000000 7.000000 152.000000) (-34.000000 7.000000 248.000000) 
4 112 117 (-34.000000 7.000000 248.000000) (-34.000000 7.000000 152.000000) (-32.000000 7.000000 152.000000) (-32.000000 7.000000 248.000000) 
4 112 114 (-34.000000 7.000000 152.000000) (-34.000000 57.000000 152.000000) (-32.000000 57.000000 152.000000) (-32.000000 7.000000 152.000000) 
4 113 115 (-16.000000 7.000000 64.000000) (-8.000000 7.000000 64.000000) (-8.000000 7.000000 152.000000) (-16.000000 7.000000 152.000000) 
4 114 128 (-34.000000 98.000000 152.000000) (-34.000000 98.000000 64.000000) (-34.000000 7.000000 64.000000) (-34.000000 7.000000 152.000000) 
4 114 126 (-34.000000 7.000000 64.000000) (-34.000000 98.000000 64.000000) (-32.000000 98.000000 64.000000) (-32.000000 7.000000 64.000000) 
4 114 117 (-34.000000 7.000000 152.000000) (-34.000000 7.000000 64.000000) (-32.000000 7.000000 64.000000) (-32.000000 7.000000 152.000000) 
4 115 116 (-9.000000 -30.000000 64.000000) (-8.000000 -30.000000 64.000000) (-8.000000 -30.000000 328.000000) (-9.000000 -30.000000 328.000000) 
4 116 118 (-9.000000 -50.000000 64.000000) (-8.000000 -50.000000 64.000000) (-8.000000 -50.000000 328.000000) (-9.000000 -50.000000 328.000000) 
4 117 128 (-34.000000 -50.000000 328.000000) (-34.000000 7.000000 328.000000) (-34.000000 7.000000 64.000000) (-34.000000 -50.000000 64.000000) 
4 117 126 (-34.000000 -50.000000 64.000000) (-34.000000 7.000000 64.000000) (-32.000000 7.000000 64.000000) (-32.000000 -50.000000 64.000000) 
4 117 120 (-34.000000 -50.000000 64.000000) (-32.000000 -50.000000 64.000000) (-32.000000 -50.000000 328.000000) (-34.000000 -50.000000 328.000000) 
4 118 119 (-9.000000 -178.000000 64.000000) (-8.000000 -178.000000 64.000000) (-8.000000 -178.000000 328.000000) (-9.000000 -178.000000 328.000000) 
4 119 121 (-9.000000 -198.000000 64.000000) (-8.000000 -198.000000 64.000000) (-8.000000 -198.000000 328.000000) (-9.000000 -198.000000 328.000000) 
4 120 128 (-34.000000 -198.000000 328.000000) (-34.000000 -50.000000 328.000000) (-34.000000 -50.000000 64.000000) (-34.000000 -198.000000 64.000000) 
4 120 126 (-34.000000 -198.000000 64.000000) (-34.000000 -50.000000 64.000000) (-32.000000 -50.000000 64.000000) (-32.000000 -198.000000 64.000000) 
4 120 124 (-34.000000 -198.000000 64.000000) (-32.000000 -198.000000 64.000000) (-32.000000 -198.000000 328.000000) (-34.000000 -198.000000 328.000000) 
4 121 122 (-9.000000 -326.000000 64.000000) (16.000000 -326.000000 64.000000) (16.000000 -326.000000 328.000000) (-9.000000 -326.000000 328.000000) 
4 122 123 (-9.000000 -346.000000 64.000000) (16.000000 -346.000000 64.000000) (16.000000 -346.000000 328.000000) (-9.000000 -346.000000 328.000000) 
4 124 128 (-34.000000 -480.000000 64.000000) (-34.000000 -480.000000 328.000000) (-34.000000 -198.000000 328.000000) (-34.000000 -198.000000 64.000000) 
4 124 126 (-34.000000 -480.000000 64.000000) (-34.000000 -198.000000 64.000000) (-32.000000 -198.000000 64.000000) (-32.000000 -480.000000 64.000000) 
4 124 127 (-34.000000 -480.000000 328.000000) (-34.000000 -480.000000 64.000000) (-32.000000 -480.000000 64.000000) (-32.000000 -480.000000 328.000000) 
4 125 126 (-32.000000 98.000000 -49.000000) (-32.000000 -480.000000 -49.000000) (-32.000000 -480.000000 63.000000) (-32.000000 98.000000 63.000000) 
4 125 127 (-32.000000 -480.000000 -49.000000) (360.000000 -480.000000 -49.000000) (360.000000 -480.000000 63.000000) (-32.000000 -480.000000 63.000000) 
4 126 128 (-34.000000 98.000000 -49.000000) (-34.000000 -480.000000 -49.000000) (-34.000000 -480.000000 64.000000) (-34.000000 98.000000 64.000000) 
4 126 127 (-34.000000 -480.000000 64.000000) (-34.000000 -480.000000 -49.000000) (-32.000000 -480.000000 -49.000000) (-32.000000 -480.000000 64.000000) 
4 127 128 (-34.000000 -480.000000 -49.000000) (-34.000000 -601.000000 -49.000000) (-34.000000 -601.000000 403.000000) (-34.000000 -480.000000 403.000000) 
4 129 131 (-149.000000 -601.000000 -49.000000) (-149.000000 98.000000 -49.000000) (-148.000000 98.000000 -49.000000) (-148.000000 -601.000000 -49.000000) 
4 129 130 (-149.000000 -601.000000 403.000000) (-149.000000 -601.000000 -49.000000) (-148.000000 -601.000000 -49.000000) (-148.000000 -601.000000 403.000000) 
4 130 131 (424.000000 -602.000000 -49.000000) (-149.000000 -602.000000 -49.000000) (-149.000000 -601.000000 -49.000000) (424.000000 -601.000000 -49.000000) 
