hlcsg 3.4 SSE 2 V2.0 (Mar 29 2009)
Zoner's Half-Life Compilation Tools -- Custom Build
Based on code modifications by Sean 'Zoner' Cavanaugh
Based on Valve's version, modified with permission.
Submit detailed bug reports to (amckern@yahoo.com)
-----  BEGIN  hlcsg -----
Command line: C:/Users/Moto/Documents/exec/hlcsg.exe C:\Users\Moto\Quake\requiem\pc\req\maps\Kino_Der_Toten 
Entering C:\Users\Moto\Quake\requiem\pc\req\maps\Kino_Der_Toten.map

Current hlcsg Settings
Name                 |  Setting  |  Default
---------------------|-----------|-------------------------
threads               [       2 ] [  Varies ]
verbose               [     off ] [     off ]
log                   [      on ] [      on ]
developer             [       0 ] [       0 ]
chart                 [     off ] [     off ]
estimate              [     off ] [     off ]
max texture memory    [ 4194304 ] [ 4194304 ]
max lighting memory   [ 6291456 ] [ 6291456 ]
priority              [  Normal ] [  Normal ]

noclip                [     off ] [     off ]
null texture stripping[      on ] [      on ]
clipnode economy mode [      on ] [      on ]
clip hull type        [  legacy ] [  legacy ]
onlyents              [     off ] [     off ]
wadtextures           [      on ] [      on ]
skyclip               [      on ] [      on ]
hullfile              [    None ] [    None ]
nullfile              [    None ] [    None ]
min surface area      [   0.500 ] [   0.500 ]
brush union threshold [   0.000 ] [   0.000 ]

Using mapfile wad configuration
Wadinclude list :
[zhlt.wad]

50 brushes (totalling 292 sides) discarded from clipping hulls
CreateBrush:
 (1.60 seconds)
SetModelCenters:
 (0.00 seconds)
CSGBrush:
 (2.37 seconds)

Using Wadfile: /Users/Moto/Documents/xd/Example_01.wad
 - Contains 6 used textures, 12.00 percent of map (15 textures in wad)
Using Wadfile: /Users/Moto/Documents/xd/bo2.wad
 - Contains 4 used textures, 8.00 percent of map (57 textures in wad)
Using Wadfile: /Users/Moto/Documents/xd/chronic.wad
 - Contains 0 used textures, 0.00 percent of map (83 textures in wad)
Using Wadfile: /Users/Moto/Documents/xd/kurok.wad
 - Contains 0 used textures, 0.00 percent of map (112 textures in wad)
Using Wadfile: /Users/Moto/Documents/xd/nuketown.wad
 - Contains 0 used textures, 0.00 percent of map (34 textures in wad)
Using Wadfile: /Users/Moto/Documents/xd/nw.wad
 - Warning: Larger than expected texture (348972 bytes): 'SILO_WALK_BOT'
 - Warning: Larger than expected texture (348972 bytes): 'SILO_WALK_TOP'
 - Warning: Larger than expected texture (348972 bytes): 'GEN_DISK_SPIN'
 - Warning: Larger than expected texture (348972 bytes): 'WHITE_512_ARC'
 - Contains 0 used textures, 0.00 percent of map (1326 textures in wad)
Using Wadfile: /Users/Moto/Documents/xd/waw_HLBSP.wad
 - Contains 0 used textures, 0.00 percent of map (157 textures in wad)
Including Wadfile: /Users/Moto/Documents/xd/zhlt.wad
 - Contains 0 used textures, 0.00 percent of map (19 textures in wad)
Using Wadfile: /Users/Moto/Quake/requiem/pc/req/textures/Example_01.wad
 - Contains 0 used textures, 0.00 percent of map (15 textures in wad)
Using Wadfile: /Users/Moto/Quake/requiem/pc/req/textures/GAOL.wad
 - Contains 0 used textures, 0.00 percent of map (32 textures in wad)
Using Wadfile: /Users/Moto/Quake/requiem/pc/req/textures/Ju[s]tice_null2.wad
 - Contains 40 used textures, 80.00 percent of map (938 textures in wad)
Using Wadfile: /Users/Moto/Quake/requiem/pc/req/textures/L4QNewest.wad
 - Contains 0 used textures, 0.00 percent of map (225 textures in wad)
Using Wadfile: /Users/Moto/Quake/requiem/pc/req/textures/U-Bahn.wad
 - Contains 0 used textures, 0.00 percent of map (8 textures in wad)
Using Wadfile: /Users/Moto/Quake/requiem/pc/req/textures/Wahnsinn_btm.wad
 - Contains 0 used textures, 0.00 percent of map (32 textures in wad)
Using Wadfile: /Users/Moto/Quake/requiem/pc/req/textures/bo2.wad
 - Contains 0 used textures, 0.00 percent of map (57 textures in wad)
Using Wadfile: /Users/Moto/Quake/requiem/pc/req/textures/chronic.wad
 - Contains 0 used textures, 0.00 percent of map (83 textures in wad)
Using Wadfile: /Users/Moto/Quake/requiem/pc/req/textures/kurok.wad
 - Contains 0 used textures, 0.00 percent of map (112 textures in wad)
Using Wadfile: /Users/Moto/Quake/requiem/pc/req/textures/nuketown.wad
 - Contains 0 used textures, 0.00 percent of map (34 textures in wad)
Using Wadfile: /Users/Moto/Quake/requiem/pc/req/textures/nw.wad
 - Warning: Larger than expected texture (348972 bytes): 'SILO_WALK_BOT'
 - Warning: Larger than expected texture (348972 bytes): 'SILO_WALK_TOP'
 - Warning: Larger than expected texture (348972 bytes): 'GEN_DISK_SPIN'
 - Warning: Larger than expected texture (348972 bytes): 'WHITE_512_ARC'
 - Contains 0 used textures, 0.00 percent of map (1326 textures in wad)
Using Wadfile: /Users/Moto/Quake/requiem/pc/req/textures/nzphlwad.wad
 - Contains 0 used textures, 0.00 percent of map (103 textures in wad)
Using Wadfile: /Users/Moto/Quake/requiem/pc/req/textures/verruckt.wad
 - Warning: Larger than expected texture (348972 bytes): 'WARNING_METAL'
 - Warning: Larger than expected texture (348972 bytes): 'WHITE_ASPHALT'
 - Warning: Larger than expected texture (348972 bytes): 'AABERLIN'
 - Warning: Larger than expected texture (348972 bytes): 'AALIBERTY'
 - Warning: Larger than expected texture (348972 bytes): 'AAPARIS'
 - Warning: Larger than expected texture (348972 bytes): 'ASPHALT'
 - Warning: Larger than expected texture (348972 bytes): 'FANCY_DOOR_INDE'
 - Warning: Larger than expected texture (348972 bytes): 'INTRO_IMAGES_IN'
 - Warning: Larger than expected texture (348972 bytes): 'SIDEWALK'
 - Contains 0 used textures, 0.00 percent of map (107 textures in wad)
Using Wadfile: /Users/Moto/Quake/requiem/pc/req/textures/waw_HLBSP.wad
 - Contains 0 used textures, 0.00 percent of map (157 textures in wad)
Including Wadfile: /Users/Moto/Quake/requiem/pc/req/textures/zhlt.wad
 - Contains 0 used textures, 0.00 percent of map (19 textures in wad)

Warning: More than 8 wadfiles are in use. (23)
This may be harmless, and if no strange side effects are occurring, then
it can safely be ignored. However, if your map starts exhibiting strange
or obscure errors, consider this as suspect.


Texture usage is at 0.42 mb (of 4.00 mb MAX)
4.64 seconds elapsed

-----   END   hlcsg -----



hlbsp 3.4 SSE 2 V2.0 (Mar 29 2009)
Zoner's Half-Life Compilation Tools -- Custom Build
Based on code modifications by Sean 'Zoner' Cavanaugh
Based on Valve's version, modified with permission.
Submit detailed bug reports to (amckern@yahoo.com)
-----  BEGIN  hlbsp -----
Command line: C:/Users/Moto/Documents/exec/hlbsp.exe C:\Users\Moto\Quake\requiem\pc\req\maps\Kino_Der_Toten 

Current hlbsp Settings
Name               |  Setting  |  Default
-------------------|-----------|-------------------------
threads             [       2 ] [  Varies ]
verbose             [     off ] [     off ]
log                 [      on ] [      on ]
developer           [       0 ] [       0 ]
chart               [     off ] [     off ]
estimate            [     off ] [     off ]
max texture memory  [ 4194304 ] [ 4194304 ]
priority            [  Normal ] [  Normal ]

noclip              [     off ] [     off ]
nofill              [     off ] [     off ]
noopt               [     off ] [     off ]
null tex. stripping [      on ] [      on ]
notjunc             [     off ] [     off ]
subdivide size      [     240 ] [     240 ] (Min 64) (Max 512)
max node size       [    1024 ] [    1024 ] (Min 64) (Max 8192)


SolidBSP [hull 0] 500...1000...1500...2000...2500...3000...3325 (0.23 seconds)
BSP generation successful, writing portal file 'C:\Users\Moto\Quake\requiem\pc\req\maps\Kino_Der_Toten.prt'
SolidBSP [hull 1] 500...1000...1500...2000...2500...3000...3500...4000...4500...4727 (0.58 seconds)
SolidBSP [hull 2] 500...1000...1500...2000...2500...3000...3500...4000...4297 (0.51 seconds)
SolidBSP [hull 3] 500...1000...1500...2000...2500...3000...3500...4000...4500...5000...5027 (0.67 seconds)
3.96 seconds elapsed

-----   END   hlbsp -----



hlvis 3.4 SSE 2 V2.0 (Mar 29 2009)
Zoner's Half-Life Compilation Tools -- Custom Build
Based on code modifications by Sean 'Zoner' Cavanaugh
Based on Valve's version, modified with permission.
Submit detailed bug reports to (amckern@yahoo.com)
-----  BEGIN  hlvis -----
Command line: C:/Users/Moto/Documents/exec/hlvis.exe C:\Users\Moto\Quake\requiem\pc\req\maps\Kino_Der_Toten 
1166 portalleafs
2903 numportals

-= Current hlvis Settings =-
Name               |  Setting  |  Default
-------------------|-----------|-------------------------
threads             [       2 ] [  Varies ]
verbose             [     off ] [     off ]
log                 [      on ] [      on ]
developer           [       0 ] [       0 ]
chart               [     off ] [     off ]
estimate            [     off ] [     off ]
max texture memory  [ 4194304 ] [ 4194304 ]
max vis distance    [       0 ] [       0 ]
priority            [  Normal ] [  Normal ]

fast vis            [     off ] [     off ]
full vis            [     off ] [     off ]


BasePortalVis:
 (1.13 seconds)
LeafThread:
 (46.54 seconds)
average leafs visible: 144
g_visdatasize:61130  compressed from 170236
47.72 seconds elapsed

-----   END   hlvis -----



hlrad 3.4 SSE 2 V2.0 (Mar 29 2009)
Zoner's Half-Life Compilation Tools -- Custom Build
Based on code modifications by Sean 'Zoner' Cavanaugh
Based on Valve's version, modified with permission.
Submit detailed bug reports to (amckern@yahoo.com)
-----  BEGIN  hlrad -----
Command line: C:/Users/Moto/Documents/exec/hlrad.exe C:\Users\Moto\Quake\requiem\pc\req\maps\Kino_Der_Toten 

-= Current hlrad Settings =-
Name                | Setting             | Default
--------------------|---------------------|-------------------------
threads              [                 2 ] [            Varies ]
verbose              [               off ] [               off ]
log                  [                on ] [                on ]
developer            [                 0 ] [                 0 ]
chart                [               off ] [               off ]
estimate             [               off ] [               off ]
max texture memory   [           4194304 ] [           4194304 ]
max lighting memory  [           6291456 ] [           6291456 ]
priority             [            Normal ] [            Normal ]

vismatrix algorithm  [          Original ] [          Original ]
oversampling (-extra)[               off ] [               off ]
bounces              [                 1 ] [                 1 ]
bounce dynamic light [                on ] [                on ]
ambient light        [ 0.000 0.000 0.000 ] [ 0.000 0.000 0.000 ]
maximum light        [           255.000 ] [           256.000 ]
circus mode          [               off ] [               off ]

smoothing threshold  [            50.000 ] [            50.000 ]
direct threshold     [            25.000 ] [            25.000 ]
direct light scale   [             2.000 ] [             2.000 ]
coring threshold     [             1.000 ] [             1.000 ]
patch interpolation  [                on ] [                on ]

texscale             [                on ] [                on ]
patch subdividing    [                on ] [                on ]
chop value           [            64.000 ] [            64.000 ]
texchop value        [            32.000 ] [            32.000 ]

global fade          [             1.000 ] [             1.000 ]
global falloff       [                 2 ] [                 2 ]
global light scale   [ 1.000 1.000 1.000 ] [ 1.000 1.000 1.000 ]
global gamma         [ 0.500 0.500 0.500 ] [ 0.500 0.500 0.500 ]
global light scale   [             1.000 ] [             1.000 ]
global sky diffusion [             1.000 ] [             1.000 ]

opaque entities      [                on ] [                on ]
sky lighting fix     [                on ] [                on ]
incremental          [               off ] [               off ]
dump                 [               off ] [               off ]

colour jitter        [       0.0 0.0 0.0 ] [       0.0 0.0 0.0 ]
monochromatic jitter [       0.0 0.0 0.0 ] [       0.0 0.0 0.0 ]
softlight hack       [   0.0 0.0 0.0 0.0 ] [   0.0 0.0 0.0 0.0 ]
diffuse hack         [                on ] [                on ]
spotlight points     [                on ] [                on ]

custom shadows with bounce light
                     [               off ] [               off ]
rgb transfers        [               off ] [               off ]


4711 faces
Create Patches : 28695 base patches
0 opaque faces
263102 square feet [37886752.00 square inches]
33 direct lights

BuildFacelights:
 (22.86 seconds)
visibility matrix   :  49.1 megs
BuildVisLeafs:
 (37.45 seconds)
MakeScales:
 (22.54 seconds)
SwapTransfers:
 (3.47 seconds)
Transfer Lists :    27046474 :   27.05M transfers
       Indices :    14429260 :   13.76M bytes
          Data :   108185896 :  103.17M bytes
GatherLight:
 (0.87 seconds)
FinalLightFace:
 (0.88 seconds)
90.14 seconds elapsed [1m 30s]

-----   END   hlrad -----



