54
150
4 0 44 (-78.000000 -569.000000 347.000000) (-78.000000 -569.000000 348.000000) (-78.000000 335.000000 348.000000) (-78.000000 335.000000 347.000000) 
4 0 2 (408.000000 334.000000 347.000000) (408.000000 -568.000000 347.000000) (407.000000 -568.000000 347.000000) (407.000000 334.000000 347.000000) 
4 0 1 (408.000000 335.000000 347.000000) (408.000000 334.000000 347.000000) (-78.000000 334.000000 347.000000) (-78.000000 335.000000 347.000000) 
4 0 42 (408.000000 -568.000000 347.000000) (408.000000 -569.000000 347.000000) (-78.000000 -569.000000 347.000000) (-78.000000 -568.000000 347.000000) 
4 1 45 (-78.000000 334.000000 347.000000) (-78.000000 335.000000 347.000000) (-78.000000 335.000000 -43.000000) (-78.000000 334.000000 -43.000000) 
4 1 43 (-78.000000 334.000000 -43.000000) (-78.000000 335.000000 -43.000000) (408.000000 335.000000 -43.000000) (408.000000 334.000000 -43.000000) 
4 1 2 (407.000000 334.000000 -43.000000) (408.000000 334.000000 -43.000000) (408.000000 334.000000 347.000000) (407.000000 334.000000 347.000000) 
4 2 43 (407.000000 334.000000 -43.000000) (408.000000 334.000000 -43.000000) (408.000000 -568.000000 -43.000000) (407.000000 -568.000000 -43.000000) 
4 2 42 (407.000000 -568.000000 -43.000000) (408.000000 -568.000000 -43.000000) (408.000000 -568.000000 347.000000) (407.000000 -568.000000 347.000000) 
4 3 20 (304.000000 56.000000 -43.000000) (304.000000 -464.000000 -43.000000) (304.000000 -464.000000 24.000000) (304.000000 56.000000 24.000000) 
4 3 19 (304.000000 -464.000000 64.000000) (304.000000 -464.000000 347.000000) (304.000000 56.000000 347.000000) (304.000000 56.000000 64.000000) 
4 3 21 (304.000000 -464.000000 -43.000000) (304.000000 -568.000000 -43.000000) (304.000000 -568.000000 347.000000) (304.000000 -464.000000 347.000000) 
4 3 18 (304.000000 176.000000 -43.000000) (304.000000 56.000000 -43.000000) (304.000000 56.000000 24.000000) (304.000000 176.000000 24.000000) 
4 3 16 (304.000000 56.000000 64.000000) (304.000000 56.000000 144.000000) (304.000000 176.000000 144.000000) (304.000000 176.000000 64.000000) 
4 3 15 (304.000000 256.000000 -43.000000) (304.000000 176.000000 -43.000000) (304.000000 176.000000 24.000000) (304.000000 256.000000 24.000000) 
4 3 14 (304.000000 334.000000 64.000000) (304.000000 334.000000 -43.000000) (304.000000 256.000000 -43.000000) (304.000000 256.000000 64.000000) 
4 3 13 (304.000000 334.000000 144.000000) (304.000000 334.000000 64.000000) (304.000000 176.000000 64.000000) (304.000000 176.000000 144.000000) 
4 3 12 (304.000000 56.000000 224.000000) (304.000000 56.000000 264.000000) (304.000000 96.000000 264.000000) (304.000000 96.000000 224.000000) 
4 3 11 (304.000000 96.000000 224.000000) (304.000000 96.000000 264.000000) (304.000000 216.000000 264.000000) (304.000000 216.000000 224.000000) 
4 3 8 (304.000000 56.000000 264.000000) (304.000000 56.000000 347.000000) (304.000000 136.000000 347.000000) (304.000000 136.000000 264.000000) 
4 3 6 (304.000000 136.000000 347.000000) (304.000000 216.000000 347.000000) (304.000000 216.000000 264.000000) (304.000000 136.000000 264.000000) 
4 3 5 (304.000000 334.000000 224.000000) (304.000000 334.000000 144.000000) (304.000000 256.000000 144.000000) (304.000000 256.000000 224.000000) 
4 3 4 (304.000000 334.000000 347.000000) (304.000000 334.000000 224.000000) (304.000000 216.000000 224.000000) (304.000000 216.000000 347.000000) 
4 4 24 (184.000000 256.000000 224.000000) (184.000000 216.000000 224.000000) (184.000000 216.000000 264.000000) (184.000000 256.000000 264.000000) 
4 4 23 (184.000000 334.000000 264.000000) (184.000000 334.000000 224.000000) (184.000000 256.000000 224.000000) (184.000000 256.000000 264.000000) 
4 4 22 (184.000000 216.000000 347.000000) (184.000000 334.000000 347.000000) (184.000000 334.000000 264.000000) (184.000000 216.000000 264.000000) 
4 4 11 (264.000000 216.000000 224.000000) (304.000000 216.000000 224.000000) (304.000000 216.000000 264.000000) (264.000000 216.000000 264.000000) 
4 4 7 (184.000000 216.000000 347.000000) (184.000000 216.000000 304.000000) (264.000000 216.000000 304.000000) (264.000000 216.000000 347.000000) 
4 4 6 (264.000000 216.000000 264.000000) (304.000000 216.000000 264.000000) (304.000000 216.000000 347.000000) (264.000000 216.000000 347.000000) 
4 4 5 (184.000000 256.000000 224.000000) (184.000000 334.000000 224.000000) (304.000000 334.000000 224.000000) (304.000000 256.000000 224.000000) 
4 5 23 (184.000000 334.000000 224.000000) (184.000000 334.000000 144.000000) (184.000000 256.000000 144.000000) (184.000000 256.000000 224.000000) 
4 5 13 (184.000000 256.000000 144.000000) (184.000000 334.000000 144.000000) (304.000000 334.000000 144.000000) (304.000000 256.000000 144.000000) 
4 6 11 (264.000000 216.000000 264.000000) (304.000000 216.000000 264.000000) (304.000000 136.000000 264.000000) (264.000000 136.000000 264.000000) 
4 6 8 (264.000000 136.000000 264.000000) (304.000000 136.000000 264.000000) (304.000000 136.000000 347.000000) (264.000000 136.000000 347.000000) 
4 6 7 (264.000000 216.000000 347.000000) (264.000000 216.000000 304.000000) (264.000000 136.000000 304.000000) (264.000000 136.000000 347.000000) 
4 7 27 (184.000000 136.000000 347.000000) (184.000000 176.000000 347.000000) (184.000000 176.000000 304.000000) (184.000000 136.000000 304.000000) 
4 7 22 (184.000000 176.000000 347.000000) (184.000000 216.000000 347.000000) (184.000000 216.000000 304.000000) (184.000000 176.000000 304.000000) 
4 7 9 (184.000000 136.000000 347.000000) (184.000000 136.000000 304.000000) (224.000000 136.000000 304.000000) (224.000000 136.000000 347.000000) 
4 7 8 (224.000000 136.000000 304.000000) (264.000000 136.000000 304.000000) (264.000000 136.000000 347.000000) (224.000000 136.000000 347.000000) 
4 8 19 (224.000000 56.000000 264.000000) (304.000000 56.000000 264.000000) (304.000000 56.000000 347.000000) (224.000000 56.000000 347.000000) 
4 8 12 (304.000000 96.000000 264.000000) (304.000000 56.000000 264.000000) (224.000000 56.000000 264.000000) (224.000000 96.000000 264.000000) 
4 8 11 (264.000000 136.000000 264.000000) (304.000000 136.000000 264.000000) (304.000000 96.000000 264.000000) (264.000000 96.000000 264.000000) 
4 8 10 (224.000000 96.000000 264.000000) (224.000000 56.000000 264.000000) (224.000000 56.000000 304.000000) (224.000000 96.000000 304.000000) 
4 8 9 (224.000000 136.000000 347.000000) (224.000000 136.000000 304.000000) (224.000000 56.000000 304.000000) (224.000000 56.000000 347.000000) 
4 9 29 (184.000000 56.000000 304.000000) (184.000000 56.000000 347.000000) (184.000000 136.000000 347.000000) (184.000000 136.000000 304.000000) 
4 9 19 (184.000000 56.000000 347.000000) (184.000000 56.000000 304.000000) (224.000000 56.000000 304.000000) (224.000000 56.000000 347.000000) 
4 9 10 (224.000000 56.000000 304.000000) (184.000000 56.000000 304.000000) (184.000000 96.000000 304.000000) (224.000000 96.000000 304.000000) 
4 10 29 (184.000000 56.000000 264.000000) (184.000000 56.000000 304.000000) (184.000000 96.000000 304.000000) (184.000000 96.000000 264.000000) 
4 10 19 (184.000000 56.000000 304.000000) (184.000000 56.000000 264.000000) (224.000000 56.000000 264.000000) (224.000000 56.000000 304.000000) 
4 10 12 (184.000000 56.000000 264.000000) (184.000000 96.000000 264.000000) (224.000000 96.000000 264.000000) (224.000000 56.000000 264.000000) 
4 11 12 (304.000000 96.000000 224.000000) (304.000000 96.000000 264.000000) (264.000000 96.000000 264.000000) (264.000000 96.000000 224.000000) 
4 12 31 (184.000000 56.000000 224.000000) (184.000000 56.000000 264.000000) (184.000000 96.000000 264.000000) (184.000000 96.000000 224.000000) 
4 12 19 (184.000000 56.000000 264.000000) (184.000000 56.000000 224.000000) (304.000000 56.000000 224.000000) (304.000000 56.000000 264.000000) 
4 13 34 (184.000000 176.000000 64.000000) (184.000000 176.000000 144.000000) (184.000000 256.000000 144.000000) (184.000000 256.000000 64.000000) 
4 13 33 (184.000000 256.000000 144.000000) (184.000000 334.000000 144.000000) (184.000000 334.000000 64.000000) (184.000000 256.000000 64.000000) 
4 13 16 (304.000000 176.000000 64.000000) (304.000000 176.000000 144.000000) (224.000000 176.000000 144.000000) (224.000000 176.000000 64.000000) 
4 13 14 (184.000000 256.000000 64.000000) (184.000000 334.000000 64.000000) (304.000000 334.000000 64.000000) (304.000000 256.000000 64.000000) 
4 14 33 (184.000000 334.000000 -43.000000) (184.000000 256.000000 -43.000000) (184.000000 256.000000 64.000000) (184.000000 334.000000 64.000000) 
4 14 15 (184.000000 256.000000 24.000000) (184.000000 256.000000 -43.000000) (304.000000 256.000000 -43.000000) (304.000000 256.000000 24.000000) 
4 15 35 (184.000000 256.000000 -43.000000) (184.000000 176.000000 -43.000000) (184.000000 176.000000 24.000000) (184.000000 256.000000 24.000000) 
4 15 18 (304.000000 176.000000 -43.000000) (304.000000 176.000000 24.000000) (184.000000 176.000000 24.000000) (184.000000 176.000000 -43.000000) 
4 16 19 (224.000000 56.000000 64.000000) (304.000000 56.000000 64.000000) (304.000000 56.000000 144.000000) (224.000000 56.000000 144.000000) 
4 16 17 (224.000000 56.000000 64.000000) (224.000000 56.000000 144.000000) (224.000000 136.000000 144.000000) (224.000000 136.000000 64.000000) 
4 17 34 (184.000000 56.000000 64.000000) (184.000000 56.000000 144.000000) (184.000000 136.000000 144.000000) (184.000000 136.000000 64.000000) 
4 17 19 (184.000000 56.000000 144.000000) (184.000000 56.000000 64.000000) (224.000000 56.000000 64.000000) (224.000000 56.000000 144.000000) 
4 18 35 (184.000000 176.000000 -43.000000) (184.000000 56.000000 -43.000000) (184.000000 56.000000 24.000000) (184.000000 176.000000 24.000000) 
4 18 20 (184.000000 56.000000 24.000000) (184.000000 56.000000 -43.000000) (304.000000 56.000000 -43.000000) (304.000000 56.000000 24.000000) 
4 19 37 (184.000000 -126.000000 86.000000) (184.000000 56.000000 86.000000) (184.000000 56.000000 64.000000) (184.000000 -126.000000 64.000000) 
4 19 39 (184.000000 -464.000000 64.000000) (184.000000 -464.000000 86.000000) (184.000000 -126.000000 86.000000) (184.000000 -126.000000 64.000000) 
4 19 36 (184.000000 -464.000000 86.000000) (184.000000 -464.000000 347.000000) (184.000000 56.000000 347.000000) (184.000000 56.000000 86.000000) 
4 19 21 (304.000000 -464.000000 64.000000) (304.000000 -464.000000 347.000000) (184.000000 -464.000000 347.000000) (184.000000 -464.000000 64.000000) 
4 20 40 (184.000000 56.000000 -43.000000) (184.000000 -464.000000 -43.000000) (184.000000 -464.000000 24.000000) (184.000000 56.000000 24.000000) 
4 20 21 (184.000000 -464.000000 -43.000000) (304.000000 -464.000000 -43.000000) (304.000000 -464.000000 24.000000) (184.000000 -464.000000 24.000000) 
4 21 41 (184.000000 -464.000000 -43.000000) (184.000000 -568.000000 -43.000000) (184.000000 -568.000000 347.000000) (184.000000 -464.000000 347.000000) 
4 22 28 (144.000000 176.000000 304.000000) (104.000000 176.000000 304.000000) (104.000000 176.000000 264.000000) (144.000000 176.000000 264.000000) 
4 22 27 (184.000000 176.000000 304.000000) (184.000000 176.000000 347.000000) (104.000000 176.000000 347.000000) (104.000000 176.000000 304.000000) 
4 22 24 (144.000000 216.000000 264.000000) (144.000000 256.000000 264.000000) (184.000000 256.000000 264.000000) (184.000000 216.000000 264.000000) 
4 22 25 (144.000000 176.000000 264.000000) (104.000000 176.000000 264.000000) (104.000000 256.000000 264.000000) (144.000000 256.000000 264.000000) 
4 22 23 (104.000000 256.000000 264.000000) (104.000000 334.000000 264.000000) (184.000000 334.000000 264.000000) (184.000000 256.000000 264.000000) 
4 22 26 (104.000000 176.000000 264.000000) (104.000000 176.000000 347.000000) (104.000000 334.000000 347.000000) (104.000000 334.000000 264.000000) 
4 23 33 (104.000000 334.000000 144.000000) (184.000000 334.000000 144.000000) (184.000000 256.000000 144.000000) (104.000000 256.000000 144.000000) 
4 23 24 (144.000000 256.000000 224.000000) (184.000000 256.000000 224.000000) (184.000000 256.000000 264.000000) (144.000000 256.000000 264.000000) 
4 23 25 (104.000000 256.000000 264.000000) (104.000000 256.000000 224.000000) (144.000000 256.000000 224.000000) (144.000000 256.000000 264.000000) 
4 23 26 (104.000000 334.000000 144.000000) (104.000000 256.000000 144.000000) (104.000000 256.000000 264.000000) (104.000000 334.000000 264.000000) 
4 24 25 (144.000000 256.000000 264.000000) (144.000000 256.000000 224.000000) (144.000000 216.000000 224.000000) (144.000000 216.000000 264.000000) 
4 25 30 (144.000000 176.000000 264.000000) (104.000000 176.000000 264.000000) (104.000000 176.000000 224.000000) (144.000000 176.000000 224.000000) 
4 25 26 (104.000000 176.000000 224.000000) (104.000000 176.000000 264.000000) (104.000000 256.000000 264.000000) (104.000000 256.000000 224.000000) 
4 26 47 (-78.000000 176.000000 347.000000) (-78.000000 256.000000 347.000000) (-78.000000 256.000000 144.000000) (-78.000000 176.000000 144.000000) 
4 26 46 (-78.000000 256.000000 347.000000) (-78.000000 334.000000 347.000000) (-78.000000 334.000000 144.000000) (-78.000000 256.000000 144.000000) 
4 26 34 (-78.000000 176.000000 144.000000) (-78.000000 256.000000 144.000000) (104.000000 256.000000 144.000000) (104.000000 176.000000 144.000000) 
4 26 33 (-78.000000 256.000000 144.000000) (-78.000000 334.000000 144.000000) (104.000000 334.000000 144.000000) (104.000000 256.000000 144.000000) 
4 26 32 (-78.000000 176.000000 347.000000) (-78.000000 176.000000 144.000000) (104.000000 176.000000 144.000000) (104.000000 176.000000 347.000000) 
4 27 28 (104.000000 136.000000 304.000000) (104.000000 176.000000 304.000000) (144.000000 176.000000 304.000000) (144.000000 136.000000 304.000000) 
4 27 29 (104.000000 136.000000 347.000000) (104.000000 136.000000 304.000000) (184.000000 136.000000 304.000000) (184.000000 136.000000 347.000000) 
4 27 32 (104.000000 176.000000 347.000000) (104.000000 176.000000 304.000000) (104.000000 136.000000 304.000000) (104.000000 136.000000 347.000000) 
4 28 30 (104.000000 136.000000 264.000000) (104.000000 176.000000 264.000000) (144.000000 176.000000 264.000000) (144.000000 136.000000 264.000000) 
4 28 32 (104.000000 176.000000 304.000000) (104.000000 176.000000 264.000000) (104.000000 136.000000 264.000000) (104.000000 136.000000 304.000000) 
4 28 29 (104.000000 136.000000 304.000000) (104.000000 136.000000 264.000000) (144.000000 136.000000 264.000000) (144.000000 136.000000 304.000000) 
4 29 36 (184.000000 56.000000 264.000000) (184.000000 56.000000 347.000000) (104.000000 56.000000 347.000000) (104.000000 56.000000 264.000000) 
4 29 31 (184.000000 56.000000 264.000000) (104.000000 56.000000 264.000000) (104.000000 96.000000 264.000000) (184.000000 96.000000 264.000000) 
4 29 30 (104.000000 96.000000 264.000000) (104.000000 136.000000 264.000000) (144.000000 136.000000 264.000000) (144.000000 96.000000 264.000000) 
4 29 32 (104.000000 136.000000 264.000000) (104.000000 56.000000 264.000000) (104.000000 56.000000 347.000000) (104.000000 136.000000 347.000000) 
4 30 31 (144.000000 96.000000 264.000000) (104.000000 96.000000 264.000000) (104.000000 96.000000 224.000000) (144.000000 96.000000 224.000000) 
4 30 32 (104.000000 176.000000 264.000000) (104.000000 176.000000 224.000000) (104.000000 96.000000 224.000000) (104.000000 96.000000 264.000000) 
4 31 36 (184.000000 56.000000 224.000000) (184.000000 56.000000 264.000000) (104.000000 56.000000 264.000000) (104.000000 56.000000 224.000000) 
4 31 32 (104.000000 56.000000 224.000000) (104.000000 56.000000 264.000000) (104.000000 96.000000 264.000000) (104.000000 96.000000 224.000000) 
4 32 47 (-78.000000 56.000000 347.000000) (-78.000000 176.000000 347.000000) (-78.000000 176.000000 144.000000) (-78.000000 56.000000 144.000000) 
4 32 36 (-78.000000 56.000000 347.000000) (-78.000000 56.000000 144.000000) (104.000000 56.000000 144.000000) (104.000000 56.000000 347.000000) 
4 32 34 (-78.000000 56.000000 144.000000) (-78.000000 176.000000 144.000000) (104.000000 176.000000 144.000000) (104.000000 56.000000 144.000000) 
4 33 46 (-78.000000 334.000000 144.000000) (-78.000000 334.000000 -43.000000) (-78.000000 256.000000 -43.000000) (-78.000000 256.000000 144.000000) 
4 33 35 (184.000000 256.000000 -43.000000) (184.000000 256.000000 24.000000) (-78.000000 256.000000 24.000000) (-78.000000 256.000000 -43.000000) 
4 33 34 (184.000000 256.000000 64.000000) (184.000000 256.000000 144.000000) (-78.000000 256.000000 144.000000) (-78.000000 256.000000 64.000000) 
4 34 47 (-78.000000 56.000000 64.000000) (-78.000000 56.000000 144.000000) (-78.000000 256.000000 144.000000) (-78.000000 256.000000 64.000000) 
4 34 38 (-78.000000 56.000000 86.000000) (-78.000000 56.000000 64.000000) (-74.000000 56.000000 64.000000) (-74.000000 56.000000 86.000000) 
4 34 37 (-74.000000 56.000000 64.000000) (184.000000 56.000000 64.000000) (184.000000 56.000000 86.000000) (-74.000000 56.000000 86.000000) 
4 34 36 (-78.000000 56.000000 144.000000) (-78.000000 56.000000 86.000000) (184.000000 56.000000 86.000000) (184.000000 56.000000 144.000000) 
4 35 48 (-78.000000 256.000000 -43.000000) (-78.000000 56.000000 -43.000000) (-78.000000 56.000000 24.000000) (-78.000000 256.000000 24.000000) 
4 35 40 (-78.000000 56.000000 24.000000) (-78.000000 56.000000 -43.000000) (184.000000 56.000000 -43.000000) (184.000000 56.000000 24.000000) 
4 36 47 (-78.000000 -464.000000 347.000000) (-78.000000 56.000000 347.000000) (-78.000000 56.000000 86.000000) (-78.000000 -464.000000 86.000000) 
4 36 38 (-78.000000 -122.000000 86.000000) (-78.000000 56.000000 86.000000) (-74.000000 56.000000 86.000000) (-74.000000 -122.000000 86.000000) 
4 36 37 (-74.000000 56.000000 86.000000) (184.000000 56.000000 86.000000) (184.000000 -126.000000 86.000000) (-74.000000 -126.000000 86.000000) 
4 36 39 (-78.000000 -464.000000 86.000000) (-78.000000 -126.000000 86.000000) (184.000000 -126.000000 86.000000) (184.000000 -464.000000 86.000000) 
4 36 41 (184.000000 -464.000000 86.000000) (184.000000 -464.000000 347.000000) (-78.000000 -464.000000 347.000000) (-78.000000 -464.000000 86.000000) 
4 37 38 (-74.000000 56.000000 64.000000) (-74.000000 -122.000000 64.000000) (-74.000000 -122.000000 86.000000) (-74.000000 56.000000 86.000000) 
4 37 39 (-74.000000 -126.000000 64.000000) (184.000000 -126.000000 64.000000) (184.000000 -126.000000 86.000000) (-74.000000 -126.000000 86.000000) 
4 38 47 (-78.000000 56.000000 86.000000) (-78.000000 56.000000 64.000000) (-78.000000 -122.000000 64.000000) (-78.000000 -122.000000 86.000000) 
4 39 47 (-78.000000 -126.000000 64.000000) (-78.000000 -464.000000 64.000000) (-78.000000 -464.000000 86.000000) (-78.000000 -126.000000 86.000000) 
4 39 41 (184.000000 -464.000000 64.000000) (184.000000 -464.000000 86.000000) (-78.000000 -464.000000 86.000000) (-78.000000 -464.000000 64.000000) 
4 40 48 (-78.000000 56.000000 24.000000) (-78.000000 56.000000 -43.000000) (-78.000000 -464.000000 -43.000000) (-78.000000 -464.000000 24.000000) 
4 40 41 (-78.000000 -464.000000 -43.000000) (184.000000 -464.000000 -43.000000) (184.000000 -464.000000 24.000000) (-78.000000 -464.000000 24.000000) 
4 41 49 (-78.000000 -568.000000 347.000000) (-78.000000 -464.000000 347.000000) (-78.000000 -464.000000 -43.000000) (-78.000000 -568.000000 -43.000000) 
4 42 52 (-78.000000 -569.000000 -43.000000) (-78.000000 -569.000000 347.000000) (-78.000000 -568.000000 347.000000) (-78.000000 -568.000000 -43.000000) 
4 42 43 (408.000000 -569.000000 -43.000000) (-78.000000 -569.000000 -43.000000) (-78.000000 -568.000000 -43.000000) (408.000000 -568.000000 -43.000000) 
4 43 53 (-78.000000 -569.000000 -44.000000) (-78.000000 -569.000000 -43.000000) (-78.000000 335.000000 -43.000000) (-78.000000 335.000000 -44.000000) 
4 44 51 (-588.000000 -568.000000 347.000000) (-588.000000 334.000000 347.000000) (-587.000000 334.000000 347.000000) (-587.000000 -568.000000 347.000000) 
4 44 45 (-588.000000 334.000000 347.000000) (-588.000000 335.000000 347.000000) (-78.000000 335.000000 347.000000) (-78.000000 334.000000 347.000000) 
4 44 52 (-78.000000 -569.000000 347.000000) (-588.000000 -569.000000 347.000000) (-588.000000 -568.000000 347.000000) (-78.000000 -568.000000 347.000000) 
4 45 53 (-588.000000 335.000000 -43.000000) (-78.000000 335.000000 -43.000000) (-78.000000 334.000000 -43.000000) (-588.000000 334.000000 -43.000000) 
4 45 51 (-588.000000 334.000000 347.000000) (-588.000000 334.000000 -43.000000) (-587.000000 334.000000 -43.000000) (-587.000000 334.000000 347.000000) 
4 46 50 (-496.000000 334.000000 -43.000000) (-496.000000 256.000000 -43.000000) (-496.000000 256.000000 347.000000) (-496.000000 334.000000 347.000000) 
4 46 48 (-496.000000 256.000000 24.000000) (-496.000000 256.000000 -43.000000) (-78.000000 256.000000 -43.000000) (-78.000000 256.000000 24.000000) 
4 46 47 (-496.000000 256.000000 347.000000) (-496.000000 256.000000 64.000000) (-78.000000 256.000000 64.000000) (-78.000000 256.000000 347.000000) 
4 47 50 (-496.000000 -464.000000 64.000000) (-496.000000 -464.000000 347.000000) (-496.000000 256.000000 347.000000) (-496.000000 256.000000 64.000000) 
4 47 49 (-78.000000 -464.000000 64.000000) (-78.000000 -464.000000 347.000000) (-496.000000 -464.000000 347.000000) (-496.000000 -464.000000 64.000000) 
4 48 50 (-496.000000 256.000000 -43.000000) (-496.000000 -464.000000 -43.000000) (-496.000000 -464.000000 24.000000) (-496.000000 256.000000 24.000000) 
4 48 49 (-496.000000 -464.000000 -43.000000) (-78.000000 -464.000000 -43.000000) (-78.000000 -464.000000 24.000000) (-496.000000 -464.000000 24.000000) 
4 49 50 (-496.000000 -464.000000 -43.000000) (-496.000000 -568.000000 -43.000000) (-496.000000 -568.000000 347.000000) (-496.000000 -464.000000 347.000000) 
4 51 53 (-587.000000 -568.000000 -43.000000) (-588.000000 -568.000000 -43.000000) (-588.000000 334.000000 -43.000000) (-587.000000 334.000000 -43.000000) 
4 51 52 (-588.000000 -568.000000 -43.000000) (-587.000000 -568.000000 -43.000000) (-587.000000 -568.000000 347.000000) (-588.000000 -568.000000 347.000000) 
4 52 53 (-78.000000 -568.000000 -43.000000) (-78.000000 -569.000000 -43.000000) (-588.000000 -569.000000 -43.000000) (-588.000000 -568.000000 -43.000000) 
