hlcsg 3.4 SSE 2 V2.0 (Mar 29 2009)
Zoner's Half-Life Compilation Tools -- Custom Build
Based on code modifications by Sean 'Zoner' Cavanaugh
Based on Valve's version, modified with permission.
Submit detailed bug reports to (amckern@yahoo.com)
-----  BEGIN  hlcsg -----
Command line: C:/Users/Moto/Documents/exec/hlcsg.exe C:\Users\Moto\Quake\requiem\pc\req\maps\mine 
Entering C:\Users\Moto\Quake\requiem\pc\req\maps\mine.map

Current hlcsg Settings
Name                 |  Setting  |  Default
---------------------|-----------|-------------------------
threads               [       2 ] [  Varies ]
verbose               [     off ] [     off ]
log                   [      on ] [      on ]
developer             [       0 ] [       0 ]
chart                 [     off ] [     off ]
estimate              [     off ] [     off ]
max texture memory    [ 4194304 ] [ 4194304 ]
max lighting memory   [ 6291456 ] [ 6291456 ]
priority              [  Normal ] [  Normal ]

noclip                [     off ] [     off ]
null texture stripping[      on ] [      on ]
clipnode economy mode [      on ] [      on ]
clip hull type        [  legacy ] [  legacy ]
onlyents              [     off ] [     off ]
wadtextures           [      on ] [      on ]
skyclip               [      on ] [      on ]
hullfile              [    None ] [    None ]
nullfile              [    None ] [    None ]
min surface area      [   0.500 ] [   0.500 ]
brush union threshold [   0.000 ] [   0.000 ]

Using mapfile wad configuration
Wadinclude list :
[zhlt.wad]

0 brushes (totalling 0 sides) discarded from clipping hulls
CreateBrush:
 (0.17 seconds)
SetModelCenters:
 (0.03 seconds)
CSGBrush:
 (0.71 seconds)

Using Wadfile: /Users/Moto/Documents/xd/Example_01.wad
 - Contains 2 used textures, 15.38 percent of map (15 textures in wad)
Using Wadfile: /Users/Moto/Documents/xd/bo2.wad
 - Contains 0 used textures, 0.00 percent of map (57 textures in wad)
Using Wadfile: /Users/Moto/Documents/xd/chronic.wad
 - Contains 0 used textures, 0.00 percent of map (83 textures in wad)
Using Wadfile: /Users/Moto/Documents/xd/kurok.wad
 - Contains 0 used textures, 0.00 percent of map (112 textures in wad)
Using Wadfile: /Users/Moto/Documents/xd/nuketown.wad
 - Contains 0 used textures, 0.00 percent of map (34 textures in wad)
Using Wadfile: /Users/Moto/Documents/xd/nw.wad
 - Warning: Larger than expected texture (348972 bytes): 'SILO_WALK_BOT'
 - Warning: Larger than expected texture (348972 bytes): 'SILO_WALK_TOP'
 - Warning: Larger than expected texture (348972 bytes): 'GEN_DISK_SPIN'
 - Warning: Larger than expected texture (348972 bytes): 'WHITE_512_ARC'
 - Contains 0 used textures, 0.00 percent of map (1326 textures in wad)
Using Wadfile: /Users/Moto/Documents/xd/waw_HLBSP.wad
 - Contains 0 used textures, 0.00 percent of map (157 textures in wad)
Including Wadfile: /Users/Moto/Documents/xd/zhlt.wad
 - Contains 0 used textures, 0.00 percent of map (19 textures in wad)
Using Wadfile: /Users/Moto/Documents/NZP_maps/Example_01.wad
 - Contains 0 used textures, 0.00 percent of map (15 textures in wad)
Using Wadfile: /Users/Moto/Documents/NZP_maps/GAOL.wad
 - Contains 0 used textures, 0.00 percent of map (32 textures in wad)
Using Wadfile: /Users/Moto/Documents/NZP_maps/Ju[s]tice_null2.wad
 - Contains 11 used textures, 84.62 percent of map (938 textures in wad)
Using Wadfile: /Users/Moto/Documents/NZP_maps/L4QNewest.wad
 - Contains 0 used textures, 0.00 percent of map (225 textures in wad)
Using Wadfile: /Users/Moto/Documents/NZP_maps/U-Bahn.wad
 - Contains 0 used textures, 0.00 percent of map (8 textures in wad)
Using Wadfile: /Users/Moto/Documents/NZP_maps/nzphlwad.wad
 - Contains 0 used textures, 0.00 percent of map (103 textures in wad)
Using Wadfile: /Users/Moto/Documents/NZP_maps/verruckt.wad
 - Warning: Larger than expected texture (348972 bytes): 'WARNING_METAL'
 - Warning: Larger than expected texture (348972 bytes): 'WHITE_ASPHALT'
 - Warning: Larger than expected texture (348972 bytes): 'AABERLIN'
 - Warning: Larger than expected texture (348972 bytes): 'AALIBERTY'
 - Warning: Larger than expected texture (348972 bytes): 'AAPARIS'
 - Warning: Larger than expected texture (348972 bytes): 'ASPHALT'
 - Warning: Larger than expected texture (348972 bytes): 'FANCY_DOOR_INDE'
 - Warning: Larger than expected texture (348972 bytes): 'INTRO_IMAGES_IN'
 - Warning: Larger than expected texture (348972 bytes): 'SIDEWALK'
 - Contains 0 used textures, 0.00 percent of map (107 textures in wad)
Including Wadfile: /Users/Moto/Documents/NZP_maps/zhlt.wad
 - Contains 0 used textures, 0.00 percent of map (18 textures in wad)
Using Wadfile: /Users/Moto/Quake/requiem/pc/req/textures/Example_01.wad
 - Contains 0 used textures, 0.00 percent of map (15 textures in wad)
Using Wadfile: /Users/Moto/Quake/requiem/pc/req/textures/GAOL.wad
 - Contains 0 used textures, 0.00 percent of map (32 textures in wad)
Using Wadfile: /Users/Moto/Quake/requiem/pc/req/textures/Ju[s]tice_null2.wad
 - Contains 0 used textures, 0.00 percent of map (938 textures in wad)
Using Wadfile: /Users/Moto/Quake/requiem/pc/req/textures/L4QNewest.wad
 - Contains 0 used textures, 0.00 percent of map (225 textures in wad)
Using Wadfile: /Users/Moto/Quake/requiem/pc/req/textures/U-Bahn.wad
 - Contains 0 used textures, 0.00 percent of map (8 textures in wad)
Using Wadfile: /Users/Moto/Quake/requiem/pc/req/textures/Wahnsinn_btm.wad
 - Contains 0 used textures, 0.00 percent of map (32 textures in wad)
Using Wadfile: /Users/Moto/Quake/requiem/pc/req/textures/bo2.wad
 - Contains 0 used textures, 0.00 percent of map (57 textures in wad)
Using Wadfile: /Users/Moto/Quake/requiem/pc/req/textures/chronic.wad
 - Contains 0 used textures, 0.00 percent of map (83 textures in wad)
Using Wadfile: /Users/Moto/Quake/requiem/pc/req/textures/kurok.wad
 - Contains 0 used textures, 0.00 percent of map (112 textures in wad)
Using Wadfile: /Users/Moto/Quake/requiem/pc/req/textures/nuketown.wad
 - Contains 0 used textures, 0.00 percent of map (34 textures in wad)
Using Wadfile: /Users/Moto/Quake/requiem/pc/req/textures/nw.wad
 - Warning: Larger than expected texture (348972 bytes): 'SILO_WALK_BOT'
 - Warning: Larger than expected texture (348972 bytes): 'SILO_WALK_TOP'
 - Warning: Larger than expected texture (348972 bytes): 'GEN_DISK_SPIN'
 - Warning: Larger than expected texture (348972 bytes): 'WHITE_512_ARC'
 - Contains 0 used textures, 0.00 percent of map (1326 textures in wad)
Using Wadfile: /Users/Moto/Quake/requiem/pc/req/textures/nzphlwad.wad
 - Contains 0 used textures, 0.00 percent of map (103 textures in wad)
Using Wadfile: /Users/Moto/Quake/requiem/pc/req/textures/verruckt.wad
 - Warning: Larger than expected texture (348972 bytes): 'WARNING_METAL'
 - Warning: Larger than expected texture (348972 bytes): 'WHITE_ASPHALT'
 - Warning: Larger than expected texture (348972 bytes): 'AABERLIN'
 - Warning: Larger than expected texture (348972 bytes): 'AALIBERTY'
 - Warning: Larger than expected texture (348972 bytes): 'AAPARIS'
 - Warning: Larger than expected texture (348972 bytes): 'ASPHALT'
 - Warning: Larger than expected texture (348972 bytes): 'FANCY_DOOR_INDE'
 - Warning: Larger than expected texture (348972 bytes): 'INTRO_IMAGES_IN'
 - Warning: Larger than expected texture (348972 bytes): 'SIDEWALK'
 - Contains 0 used textures, 0.00 percent of map (107 textures in wad)
Using Wadfile: /Users/Moto/Quake/requiem/pc/req/textures/waw_HLBSP.wad
 - Contains 0 used textures, 0.00 percent of map (157 textures in wad)
Including Wadfile: /Users/Moto/Quake/requiem/pc/req/textures/zhlt.wad
 - Contains 0 used textures, 0.00 percent of map (19 textures in wad)

Warning: More than 8 wadfiles are in use. (31)
This may be harmless, and if no strange side effects are occurring, then
it can safely be ignored. However, if your map starts exhibiting strange
or obscure errors, consider this as suspect.


Texture usage is at 0.07 mb (of 4.00 mb MAX)
6.07 seconds elapsed

-----   END   hlcsg -----



hlbsp 3.4 SSE 2 V2.0 (Mar 29 2009)
Zoner's Half-Life Compilation Tools -- Custom Build
Based on code modifications by Sean 'Zoner' Cavanaugh
Based on Valve's version, modified with permission.
Submit detailed bug reports to (amckern@yahoo.com)
-----  BEGIN  hlbsp -----
Command line: C:/Users/Moto/Documents/exec/hlbsp.exe C:\Users\Moto\Quake\requiem\pc\req\maps\mine 

Current hlbsp Settings
Name               |  Setting  |  Default
-------------------|-----------|-------------------------
threads             [       2 ] [  Varies ]
verbose             [     off ] [     off ]
log                 [      on ] [      on ]
developer           [       0 ] [       0 ]
chart               [     off ] [     off ]
estimate            [     off ] [     off ]
max texture memory  [ 4194304 ] [ 4194304 ]
priority            [  Normal ] [  Normal ]

noclip              [     off ] [     off ]
nofill              [     off ] [     off ]
noopt               [     off ] [     off ]
null tex. stripping [      on ] [      on ]
notjunc             [     off ] [     off ]
subdivide size      [     240 ] [     240 ] (Min 64) (Max 512)
max node size       [    1024 ] [    1024 ] (Min 64) (Max 8192)


SolidBSP [hull 0] 178 (0.01 seconds)
BSP generation successful, writing portal file 'C:\Users\Moto\Quake\requiem\pc\req\maps\mine.prt'
SolidBSP [hull 1] 202 (0.01 seconds)
Warning: No entities exist in hull 1, no filling performed for this hull
SolidBSP [hull 2] 185 (0.01 seconds)
Warning: No entities exist in hull 2, no filling performed for this hull
SolidBSP [hull 3] 207 (0.01 seconds)
0.24 seconds elapsed

-----   END   hlbsp -----



hlvis 3.4 SSE 2 V2.0 (Mar 29 2009)
Zoner's Half-Life Compilation Tools -- Custom Build
Based on code modifications by Sean 'Zoner' Cavanaugh
Based on Valve's version, modified with permission.
Submit detailed bug reports to (amckern@yahoo.com)
-----  BEGIN  hlvis -----
Command line: C:/Users/Moto/Documents/exec/hlvis.exe C:\Users\Moto\Quake\requiem\pc\req\maps\mine 
 107 portalleafs
 293 numportals

-= Current hlvis Settings =-
Name               |  Setting  |  Default
-------------------|-----------|-------------------------
threads             [       2 ] [  Varies ]
verbose             [     off ] [     off ]
log                 [      on ] [      on ]
developer           [       0 ] [       0 ]
chart               [     off ] [     off ]
estimate            [     off ] [     off ]
max texture memory  [ 4194304 ] [ 4194304 ]
max vis distance    [       0 ] [       0 ]
priority            [  Normal ] [  Normal ]

fast vis            [     off ] [     off ]
full vis            [     off ] [     off ]


BasePortalVis:
 (0.38 seconds)
LeafThread:
 (1.37 seconds)
average leafs visible: 48
g_visdatasize:1680  compressed from 1498
1.93 seconds elapsed

-----   END   hlvis -----



hlrad 3.4 SSE 2 V2.0 (Mar 29 2009)
Zoner's Half-Life Compilation Tools -- Custom Build
Based on code modifications by Sean 'Zoner' Cavanaugh
Based on Valve's version, modified with permission.
Submit detailed bug reports to (amckern@yahoo.com)
-----  BEGIN  hlrad -----
Command line: C:/Users/Moto/Documents/exec/hlrad.exe C:\Users\Moto\Quake\requiem\pc\req\maps\mine 

-= Current hlrad Settings =-
Name                | Setting             | Default
--------------------|---------------------|-------------------------
threads              [                 2 ] [            Varies ]
verbose              [               off ] [               off ]
log                  [                on ] [                on ]
developer            [                 0 ] [                 0 ]
chart                [               off ] [               off ]
estimate             [               off ] [               off ]
max texture memory   [           4194304 ] [           4194304 ]
max lighting memory  [           6291456 ] [           6291456 ]
priority             [            Normal ] [            Normal ]

vismatrix algorithm  [          Original ] [          Original ]
oversampling (-extra)[               off ] [               off ]
bounces              [                 1 ] [                 1 ]
bounce dynamic light [                on ] [                on ]
ambient light        [ 0.000 0.000 0.000 ] [ 0.000 0.000 0.000 ]
maximum light        [           255.000 ] [           256.000 ]
circus mode          [               off ] [               off ]

smoothing threshold  [            50.000 ] [            50.000 ]
direct threshold     [            25.000 ] [            25.000 ]
direct light scale   [             2.000 ] [             2.000 ]
coring threshold     [             1.000 ] [             1.000 ]
patch interpolation  [                on ] [                on ]

texscale             [                on ] [                on ]
patch subdividing    [                on ] [                on ]
chop value           [            64.000 ] [            64.000 ]
texchop value        [            32.000 ] [            32.000 ]

global fade          [             1.000 ] [             1.000 ]
global falloff       [                 2 ] [                 2 ]
global light scale   [ 1.000 1.000 1.000 ] [ 1.000 1.000 1.000 ]
global gamma         [ 0.500 0.500 0.500 ] [ 0.500 0.500 0.500 ]
global light scale   [             1.000 ] [             1.000 ]
global sky diffusion [             1.000 ] [             1.000 ]

opaque entities      [                on ] [                on ]
sky lighting fix     [                on ] [                on ]
incremental          [               off ] [               off ]
dump                 [               off ] [               off ]

colour jitter        [       0.0 0.0 0.0 ] [       0.0 0.0 0.0 ]
monochromatic jitter [       0.0 0.0 0.0 ] [       0.0 0.0 0.0 ]
softlight hack       [   0.0 0.0 0.0 0.0 ] [   0.0 0.0 0.0 0.0 ]
diffuse hack         [                on ] [                on ]
spotlight points     [                on ] [                on ]

custom shadows with bounce light
                     [               off ] [               off ]
rgb transfers        [               off ] [               off ]


555 faces
Create Patches : 2872 base patches
0 opaque faces
40777 square feet [5872000.00 square inches]
Error: No Lights!
Description: lighting of map halted (I assume you do not want a pitch black map!)
Howto Fix: Put some lights in the map.


-----   END   hlrad -----



