107
293
4 0 10 (704.000000 1087.000000 704.000000) (704.000000 1088.000000 704.000000) (704.000000 1088.000000 0.000000) (704.000000 1087.000000 0.000000) 
4 0 9 (704.000000 1087.000000 1.000000) (704.000000 1087.000000 -0.000000) (1407.000000 1087.000000 0.000000) (1407.000000 1087.000000 1.000000) 
4 0 2 (1407.000000 1087.000000 0.000000) (1408.000000 1087.000000 -0.000000) (1408.000000 1087.000000 703.000000) (1407.000000 1087.000000 703.000000) 
4 0 1 (704.000000 1087.000000 704.000000) (704.000000 1087.000000 703.000000) (1408.000000 1087.000000 703.000000) (1408.000000 1087.000000 704.000000) 
4 1 19 (704.000000 512.000000 704.000000) (704.000000 512.000000 703.000000) (1408.000000 512.000000 703.000000) (1408.000000 512.000000 704.000000) 
4 1 11 (704.000000 512.000000 703.000000) (704.000000 512.000000 704.000000) (704.000000 1087.000000 704.000000) (704.000000 1087.000000 703.000000) 
4 1 2 (1408.000000 512.000000 703.000000) (1407.000000 512.000000 703.000000) (1407.000000 1087.000000 703.000000) (1408.000000 1087.000000 703.000000) 
4 2 20 (1407.000000 512.000000 0.000000) (1408.000000 512.000000 0.000000) (1408.000000 512.000000 703.000000) (1407.000000 512.000000 703.000000) 
4 2 9 (1407.000000 1087.000000 1.000000) (1407.000000 1087.000000 0.000000) (1407.000000 512.000000 -0.000000) (1407.000000 512.000000 1.000000) 
4 3 21 (704.000000 512.000000 703.000000) (704.000000 512.000000 512.000000) (1407.000000 512.000000 512.000000) (1407.000000 512.000000 703.000000) 
4 3 12 (704.000000 512.000000 512.000000) (704.000000 512.000000 703.000000) (704.000000 1087.000000 703.000000) (704.000000 1087.000000 512.000000) 
4 3 7 (1152.000000 512.000000 512.000000) (704.000000 512.000000 512.000000) (704.000000 576.000000 512.000000) (1152.000000 576.000000 512.000000) 
4 3 6 (704.000000 576.000000 512.000000) (704.000000 1087.000000 512.000000) (1152.000000 1087.000000 512.000000) (1152.000000 576.000000 512.000000) 
4 3 5 (1407.000000 512.000000 512.000000) (1216.000000 512.000000 512.000000) (1216.000000 576.000000 512.000000) (1407.000000 576.000000 512.000000) 
4 3 4 (1152.000000 576.000000 512.000000) (1152.000000 1087.000000 512.000000) (1407.000000 1087.000000 512.000000) (1407.000000 576.000000 512.000000) 
4 4 8 (1152.000000 1087.000000 128.000000) (1407.000000 1087.000000 128.000000) (1407.000000 576.000000 128.000000) (1152.000000 576.000000 128.000000) 
4 4 6 (1152.000000 576.000000 512.000000) (1152.000000 1087.000000 512.000000) (1152.000000 1087.000000 128.000000) (1152.000000 576.000000 128.000000) 
4 4 5 (1216.000000 576.000000 128.000000) (1407.000000 576.000000 128.000000) (1407.000000 576.000000 512.000000) (1216.000000 576.000000 512.000000) 
4 5 22 (1216.000000 512.000000 128.000000) (1407.000000 512.000000 128.000000) (1407.000000 512.000000 512.000000) (1216.000000 512.000000 512.000000) 
4 5 8 (1407.000000 576.000000 128.000000) (1407.000000 512.000000 128.000000) (1216.000000 512.000000 128.000000) (1216.000000 576.000000 128.000000) 
4 6 13 (704.000000 576.000000 512.000000) (704.000000 1087.000000 512.000000) (704.000000 1087.000000 128.000000) (704.000000 576.000000 128.000000) 
4 6 8 (704.000000 576.000000 128.000000) (704.000000 1087.000000 128.000000) (1152.000000 1087.000000 128.000000) (1152.000000 576.000000 128.000000) 
4 6 7 (704.000000 576.000000 512.000000) (704.000000 576.000000 448.000000) (1152.000000 576.000000 448.000000) (1152.000000 576.000000 512.000000) 
4 7 25 (704.000000 512.000000 512.000000) (704.000000 512.000000 448.000000) (1152.000000 512.000000 448.000000) (1152.000000 512.000000 512.000000) 
4 8 36 (704.000000 512.000000 64.000000) (704.000000 512.000000 1.000000) (1407.000000 512.000000 1.000000) (1407.000000 512.000000 64.000000) 
4 8 33 (704.000000 512.000000 128.000000) (704.000000 512.000000 64.000000) (1152.000000 512.000000 64.000000) (1152.000000 512.000000 128.000000) 
4 8 32 (1152.000000 512.000000 64.000000) (1407.000000 512.000000 64.000000) (1407.000000 512.000000 128.000000) (1152.000000 512.000000 128.000000) 
4 8 17 (704.000000 512.000000 1.000000) (704.000000 512.000000 64.000000) (704.000000 1087.000000 64.000000) (704.000000 1087.000000 1.000000) 
4 8 16 (704.000000 512.000000 64.000000) (704.000000 512.000000 128.000000) (704.000000 1024.000000 128.000000) (704.000000 1024.000000 64.000000) 
4 8 15 (704.000000 1024.000000 128.000000) (704.000000 1087.000000 128.000000) (704.000000 1087.000000 64.000000) (704.000000 1024.000000 64.000000) 
4 9 37 (704.000000 512.000000 1.000000) (704.000000 512.000000 -0.000000) (1407.000000 512.000000 0.000000) (1407.000000 512.000000 1.000000) 
4 9 18 (704.000000 512.000000 -0.000000) (704.000000 512.000000 1.000000) (704.000000 1087.000000 1.000000) (704.000000 1087.000000 0.000000) 
4 10 68 (256.000000 1087.000000 704.000000) (256.000000 1088.000000 704.000000) (256.000000 1088.000000 0.000000) (256.000000 1087.000000 0.000000) 
4 10 18 (256.000000 1087.000000 1.000000) (256.000000 1087.000000 0.000000) (704.000000 1087.000000 0.000000) (704.000000 1087.000000 1.000000) 
4 10 11 (256.000000 1087.000000 704.000000) (256.000000 1087.000000 703.000000) (704.000000 1087.000000 703.000000) (704.000000 1087.000000 704.000000) 
4 11 69 (256.000000 512.000000 703.000000) (256.000000 512.000000 704.000000) (256.000000 1087.000000 704.000000) (256.000000 1087.000000 703.000000) 
4 11 39 (704.000000 512.000000 703.000000) (704.000000 512.000000 704.000000) (256.000000 512.000000 704.000000) (256.000000 512.000000 703.000000) 
4 12 70 (256.000000 512.000000 512.000000) (256.000000 512.000000 703.000000) (256.000000 1087.000000 703.000000) (256.000000 1087.000000 512.000000) 
4 12 40 (704.000000 512.000000 512.000000) (704.000000 512.000000 703.000000) (256.000000 512.000000 703.000000) (256.000000 512.000000 512.000000) 
4 12 14 (640.000000 512.000000 512.000000) (256.000000 512.000000 512.000000) (256.000000 576.000000 512.000000) (640.000000 576.000000 512.000000) 
4 12 13 (256.000000 576.000000 512.000000) (256.000000 1087.000000 512.000000) (704.000000 1087.000000 512.000000) (704.000000 576.000000 512.000000) 
4 13 73 (256.000000 896.000000 128.000000) (256.000000 576.000000 128.000000) (256.000000 576.000000 192.000000) (256.000000 896.000000 192.000000) 
4 13 72 (256.000000 1024.000000 128.000000) (256.000000 896.000000 128.000000) (256.000000 896.000000 192.000000) (256.000000 1024.000000 192.000000) 
4 13 71 (256.000000 1087.000000 192.000000) (256.000000 1087.000000 128.000000) (256.000000 1024.000000 128.000000) (256.000000 1024.000000 192.000000) 
4 13 70 (256.000000 576.000000 512.000000) (256.000000 1087.000000 512.000000) (256.000000 1087.000000 192.000000) (256.000000 576.000000 192.000000) 
4 13 16 (704.000000 1024.000000 128.000000) (704.000000 576.000000 128.000000) (640.000000 576.000000 128.000000) (640.000000 1024.000000 128.000000) 
4 13 15 (704.000000 1087.000000 128.000000) (704.000000 1024.000000 128.000000) (256.000000 1024.000000 128.000000) (256.000000 1087.000000 128.000000) 
4 13 14 (256.000000 576.000000 512.000000) (256.000000 576.000000 128.000000) (640.000000 576.000000 128.000000) (640.000000 576.000000 512.000000) 
4 14 73 (256.000000 512.000000 128.000000) (256.000000 512.000000 192.000000) (256.000000 576.000000 192.000000) (256.000000 576.000000 128.000000) 
4 14 70 (256.000000 512.000000 192.000000) (256.000000 512.000000 512.000000) (256.000000 576.000000 512.000000) (256.000000 576.000000 192.000000) 
4 14 58 (256.000000 512.000000 256.000000) (256.000000 512.000000 128.000000) (384.000000 512.000000 128.000000) (384.000000 512.000000 256.000000) 
4 14 57 (384.000000 512.000000 128.000000) (640.000000 512.000000 128.000000) (640.000000 512.000000 256.000000) (384.000000 512.000000 256.000000) 
4 14 51 (448.000000 512.000000 256.000000) (512.000000 512.000000 256.000000) (512.000000 512.000000 320.000000) (448.000000 512.000000 320.000000) 
4 14 48 (384.000000 512.000000 512.000000) (256.000000 512.000000 512.000000) (256.000000 512.000000 384.000000) (384.000000 512.000000 384.000000) 
4 14 44 (512.000000 512.000000 512.000000) (384.000000 512.000000 512.000000) (384.000000 512.000000 384.000000) (512.000000 512.000000 384.000000) 
4 14 42 (512.000000 512.000000 448.000000) (512.000000 512.000000 256.000000) (640.000000 512.000000 256.000000) (640.000000 512.000000 448.000000) 
4 14 41 (640.000000 512.000000 512.000000) (512.000000 512.000000 512.000000) (512.000000 512.000000 448.000000) (640.000000 512.000000 448.000000) 
4 15 71 (256.000000 1024.000000 128.000000) (256.000000 1087.000000 128.000000) (256.000000 1087.000000 64.000000) (256.000000 1024.000000 64.000000) 
4 15 17 (256.000000 1024.000000 64.000000) (256.000000 1087.000000 64.000000) (704.000000 1087.000000 64.000000) (704.000000 1024.000000 64.000000) 
4 15 16 (640.000000 1024.000000 64.000000) (704.000000 1024.000000 64.000000) (704.000000 1024.000000 128.000000) (640.000000 1024.000000 128.000000) 
4 16 62 (704.000000 512.000000 64.000000) (704.000000 512.000000 128.000000) (640.000000 512.000000 128.000000) (640.000000 512.000000 64.000000) 
4 16 17 (704.000000 512.000000 64.000000) (640.000000 512.000000 64.000000) (640.000000 1024.000000 64.000000) (704.000000 1024.000000 64.000000) 
4 17 75 (256.000000 512.000000 1.000000) (256.000000 512.000000 64.000000) (256.000000 1087.000000 64.000000) (256.000000 1087.000000 1.000000) 
4 17 65 (704.000000 512.000000 1.000000) (704.000000 512.000000 64.000000) (256.000000 512.000000 64.000000) (256.000000 512.000000 1.000000) 
4 18 76 (256.000000 512.000000 -0.000000) (256.000000 512.000000 1.000000) (256.000000 1087.000000 1.000000) (256.000000 1087.000000 0.000000) 
4 18 66 (704.000000 512.000000 -0.000000) (704.000000 512.000000 1.000000) (256.000000 512.000000 1.000000) (256.000000 512.000000 -0.000000) 
4 19 39 (704.000000 512.000000 704.000000) (704.000000 512.000000 703.000000) (704.000000 -127.000000 703.000000) (704.000000 -127.000000 704.000000) 
4 19 38 (704.000000 -127.000000 704.000000) (704.000000 -127.000000 703.000000) (1408.000000 -127.000000 703.000000) (1408.000000 -127.000000 704.000000) 
4 19 20 (1407.000000 512.000000 703.000000) (1408.000000 512.000000 703.000000) (1408.000000 -127.000000 703.000000) (1407.000000 -127.000000 703.000000) 
4 20 38 (1407.000000 -127.000000 0.000000) (1408.000000 -127.000000 -0.000000) (1408.000000 -127.000000 703.000000) (1407.000000 -127.000000 703.000000) 
4 20 37 (1407.000000 512.000000 1.000000) (1407.000000 512.000000 -0.000000) (1407.000000 -127.000000 -0.000000) (1407.000000 -127.000000 1.000000) 
4 21 40 (704.000000 512.000000 703.000000) (704.000000 512.000000 512.000000) (704.000000 -127.000000 512.000000) (704.000000 -127.000000 703.000000) 
4 21 26 (704.000000 128.000000 512.000000) (704.000000 256.000000 512.000000) (1152.000000 256.000000 512.000000) (1152.000000 128.000000 512.000000) 
4 21 31 (1152.000000 -127.000000 512.000000) (704.000000 -127.000000 512.000000) (704.000000 128.000000 512.000000) (1152.000000 128.000000 512.000000) 
4 21 25 (704.000000 256.000000 512.000000) (704.000000 512.000000 512.000000) (1152.000000 512.000000 512.000000) (1152.000000 256.000000 512.000000) 
4 21 23 (1152.000000 256.000000 512.000000) (1152.000000 512.000000 512.000000) (1216.000000 512.000000 512.000000) (1216.000000 256.000000 512.000000) 
4 21 22 (1216.000000 512.000000 512.000000) (1407.000000 512.000000 512.000000) (1407.000000 192.000000 512.000000) (1216.000000 192.000000 512.000000) 
4 21 24 (1407.000000 -127.000000 512.000000) (1152.000000 -127.000000 512.000000) (1152.000000 192.000000 512.000000) (1407.000000 192.000000 512.000000) 
4 22 32 (1407.000000 512.000000 128.000000) (1407.000000 192.000000 128.000000) (1216.000000 192.000000 128.000000) (1216.000000 512.000000 128.000000) 
4 22 23 (1216.000000 256.000000 512.000000) (1216.000000 512.000000 512.000000) (1216.000000 512.000000 448.000000) (1216.000000 256.000000 448.000000) 
4 22 24 (1216.000000 192.000000 128.000000) (1407.000000 192.000000 128.000000) (1407.000000 192.000000 512.000000) (1216.000000 192.000000 512.000000) 
4 23 25 (1152.000000 256.000000 512.000000) (1152.000000 512.000000 512.000000) (1152.000000 512.000000 448.000000) (1152.000000 256.000000 448.000000) 
4 24 32 (1407.000000 192.000000 128.000000) (1407.000000 -127.000000 128.000000) (1152.000000 -127.000000 128.000000) (1152.000000 192.000000 128.000000) 
4 24 29 (1152.000000 128.000000 160.000000) (1152.000000 128.000000 192.000000) (1152.000000 160.000000 192.000000) (1152.000000 160.000000 160.000000) 
4 24 28 (1152.000000 192.000000 320.000000) (1152.000000 192.000000 192.000000) (1152.000000 128.000000 192.000000) (1152.000000 128.000000 320.000000) 
4 24 27 (1152.000000 192.000000 448.000000) (1152.000000 192.000000 320.000000) (1152.000000 128.000000 320.000000) (1152.000000 128.000000 448.000000) 
4 24 26 (1152.000000 128.000000 512.000000) (1152.000000 192.000000 512.000000) (1152.000000 192.000000 448.000000) (1152.000000 128.000000 448.000000) 
4 24 31 (1152.000000 -127.000000 128.000000) (1152.000000 -127.000000 512.000000) (1152.000000 128.000000 512.000000) (1152.000000 128.000000 128.000000) 
4 25 41 (704.000000 512.000000 512.000000) (704.000000 512.000000 448.000000) (704.000000 256.000000 448.000000) (704.000000 256.000000 512.000000) 
4 25 33 (704.000000 256.000000 128.000000) (704.000000 512.000000 128.000000) (1152.000000 512.000000 128.000000) (1152.000000 256.000000 128.000000) 
4 25 28 (1152.000000 256.000000 192.000000) (1152.000000 256.000000 320.000000) (1088.000000 256.000000 320.000000) (1088.000000 256.000000 192.000000) 
4 25 26 (704.000000 256.000000 512.000000) (704.000000 256.000000 448.000000) (1152.000000 256.000000 448.000000) (1152.000000 256.000000 512.000000) 
4 26 56 (704.000000 128.000000 448.000000) (704.000000 128.000000 512.000000) (704.000000 192.000000 512.000000) (704.000000 192.000000 448.000000) 
4 26 30 (704.000000 128.000000 448.000000) (704.000000 192.000000 448.000000) (1088.000000 192.000000 448.000000) (1088.000000 128.000000 448.000000) 
4 26 27 (1152.000000 192.000000 448.000000) (1152.000000 128.000000 448.000000) (1088.000000 128.000000 448.000000) (1088.000000 192.000000 448.000000) 
4 26 31 (1152.000000 128.000000 512.000000) (704.000000 128.000000 512.000000) (704.000000 128.000000 448.000000) (1152.000000 128.000000 448.000000) 
4 27 30 (1088.000000 192.000000 320.000000) (1088.000000 128.000000 320.000000) (1088.000000 128.000000 448.000000) (1088.000000 192.000000 448.000000) 
4 27 28 (1152.000000 192.000000 320.000000) (1152.000000 128.000000 320.000000) (1088.000000 128.000000 320.000000) (1088.000000 192.000000 320.000000) 
4 27 31 (1152.000000 128.000000 320.000000) (1152.000000 128.000000 448.000000) (1088.000000 128.000000 448.000000) (1088.000000 128.000000 320.000000) 
4 28 30 (1088.000000 192.000000 192.000000) (1088.000000 128.000000 192.000000) (1088.000000 128.000000 320.000000) (1088.000000 192.000000 320.000000) 
4 28 29 (1152.000000 128.000000 192.000000) (1088.000000 128.000000 192.000000) (1088.000000 160.000000 192.000000) (1152.000000 160.000000 192.000000) 
4 28 31 (1152.000000 128.000000 192.000000) (1152.000000 128.000000 320.000000) (1088.000000 128.000000 320.000000) (1088.000000 128.000000 192.000000) 
4 29 30 (1088.000000 128.000000 160.000000) (1088.000000 128.000000 192.000000) (1088.000000 160.000000 192.000000) (1088.000000 160.000000 160.000000) 
4 29 31 (1152.000000 128.000000 160.000000) (1152.000000 128.000000 192.000000) (1088.000000 128.000000 192.000000) (1088.000000 128.000000 160.000000) 
4 30 61 (704.000000 192.000000 128.000000) (704.000000 128.000000 128.000000) (704.000000 128.000000 256.000000) (704.000000 192.000000 256.000000) 
4 30 56 (704.000000 128.000000 256.000000) (704.000000 128.000000 448.000000) (704.000000 192.000000 448.000000) (704.000000 192.000000 256.000000) 
4 30 31 (704.000000 128.000000 448.000000) (704.000000 128.000000 128.000000) (1088.000000 128.000000 128.000000) (1088.000000 128.000000 448.000000) 
4 31 61 (704.000000 128.000000 128.000000) (704.000000 -127.000000 128.000000) (704.000000 -127.000000 256.000000) (704.000000 128.000000 256.000000) 
4 31 56 (704.000000 -127.000000 256.000000) (704.000000 -127.000000 512.000000) (704.000000 128.000000 512.000000) (704.000000 128.000000 256.000000) 
4 31 35 (1152.000000 -127.000000 128.000000) (704.000000 -127.000000 128.000000) (704.000000 -64.000000 128.000000) (1152.000000 -64.000000 128.000000) 
4 32 36 (1407.000000 -127.000000 64.000000) (1152.000000 -127.000000 64.000000) (1152.000000 512.000000 64.000000) (1407.000000 512.000000 64.000000) 
4 32 35 (1152.000000 -64.000000 64.000000) (1152.000000 -127.000000 64.000000) (1152.000000 -127.000000 128.000000) (1152.000000 -64.000000 128.000000) 
4 32 34 (1152.000000 192.000000 64.000000) (1152.000000 128.000000 64.000000) (1152.000000 128.000000 128.000000) (1152.000000 192.000000 128.000000) 
4 32 33 (1152.000000 512.000000 128.000000) (1152.000000 512.000000 64.000000) (1152.000000 192.000000 64.000000) (1152.000000 192.000000 128.000000) 
4 33 62 (704.000000 512.000000 128.000000) (704.000000 512.000000 64.000000) (704.000000 192.000000 64.000000) (704.000000 192.000000 128.000000) 
4 33 36 (704.000000 192.000000 64.000000) (704.000000 512.000000 64.000000) (1152.000000 512.000000 64.000000) (1152.000000 192.000000 64.000000) 
4 33 34 (1088.000000 192.000000 64.000000) (1152.000000 192.000000 64.000000) (1152.000000 192.000000 128.000000) (1088.000000 192.000000 128.000000) 
4 34 36 (1088.000000 192.000000 64.000000) (1152.000000 192.000000 64.000000) (1152.000000 128.000000 64.000000) (1088.000000 128.000000 64.000000) 
4 35 64 (704.000000 -64.000000 64.000000) (704.000000 -127.000000 64.000000) (704.000000 -127.000000 128.000000) (704.000000 -64.000000 128.000000) 
4 35 36 (1152.000000 -127.000000 64.000000) (704.000000 -127.000000 64.000000) (704.000000 -64.000000 64.000000) (1152.000000 -64.000000 64.000000) 
4 36 65 (704.000000 512.000000 64.000000) (704.000000 512.000000 1.000000) (704.000000 -127.000000 1.000000) (704.000000 -127.000000 64.000000) 
4 37 66 (704.000000 512.000000 1.000000) (704.000000 512.000000 -0.000000) (704.000000 -127.000000 0.000000) (704.000000 -127.000000 1.000000) 
4 37 38 (704.000000 -127.000000 1.000000) (704.000000 -127.000000 -0.000000) (1407.000000 -127.000000 0.000000) (1407.000000 -127.000000 1.000000) 
4 38 67 (704.000000 -127.000000 0.000000) (704.000000 -128.000000 0.000000) (704.000000 -128.000000 704.000000) (704.000000 -127.000000 704.000000) 
4 39 85 (256.000000 -127.000000 704.000000) (256.000000 512.000000 704.000000) (256.000000 512.000000 703.000000) (256.000000 -127.000000 703.000000) 
4 39 67 (256.000000 -127.000000 704.000000) (256.000000 -127.000000 703.000000) (704.000000 -127.000000 703.000000) (704.000000 -127.000000 704.000000) 
4 40 86 (256.000000 512.000000 703.000000) (256.000000 512.000000 512.000000) (256.000000 -127.000000 512.000000) (256.000000 -127.000000 703.000000) 
4 40 53 (256.000000 256.000000 512.000000) (256.000000 320.000000 512.000000) (320.000000 320.000000 512.000000) (320.000000 256.000000 512.000000) 
4 40 54 (256.000000 192.000000 512.000000) (256.000000 256.000000 512.000000) (384.000000 256.000000 512.000000) (384.000000 192.000000 512.000000) 
4 40 52 (384.000000 320.000000 512.000000) (512.000000 320.000000 512.000000) (512.000000 192.000000 512.000000) (384.000000 192.000000 512.000000) 
4 40 50 (256.000000 384.000000 512.000000) (256.000000 448.000000 512.000000) (320.000000 448.000000 512.000000) (320.000000 384.000000 512.000000) 
4 40 49 (384.000000 384.000000 512.000000) (384.000000 320.000000 512.000000) (320.000000 320.000000 512.000000) (320.000000 384.000000 512.000000) 
4 40 48 (256.000000 448.000000 512.000000) (256.000000 512.000000 512.000000) (384.000000 512.000000 512.000000) (384.000000 448.000000 512.000000) 
4 40 47 (512.000000 384.000000 512.000000) (512.000000 320.000000 512.000000) (448.000000 320.000000 512.000000) (448.000000 384.000000 512.000000) 
4 40 45 (512.000000 448.000000 512.000000) (512.000000 384.000000 512.000000) (384.000000 384.000000 512.000000) (384.000000 448.000000 512.000000) 
4 40 44 (384.000000 512.000000 512.000000) (512.000000 512.000000 512.000000) (512.000000 448.000000 512.000000) (384.000000 448.000000 512.000000) 
4 40 43 (640.000000 192.000000 512.000000) (512.000000 192.000000 512.000000) (512.000000 256.000000 512.000000) (640.000000 256.000000 512.000000) 
4 40 41 (512.000000 512.000000 512.000000) (704.000000 512.000000 512.000000) (704.000000 256.000000 512.000000) (512.000000 256.000000 512.000000) 
4 40 56 (704.000000 -127.000000 512.000000) (256.000000 -127.000000 512.000000) (256.000000 192.000000 512.000000) (704.000000 192.000000 512.000000) 
4 41 52 (512.000000 320.000000 448.000000) (512.000000 256.000000 448.000000) (512.000000 256.000000 512.000000) (512.000000 320.000000 512.000000) 
4 41 47 (512.000000 384.000000 448.000000) (512.000000 320.000000 448.000000) (512.000000 320.000000 512.000000) (512.000000 384.000000 512.000000) 
4 41 45 (512.000000 448.000000 448.000000) (512.000000 384.000000 448.000000) (512.000000 384.000000 512.000000) (512.000000 448.000000 512.000000) 
4 41 44 (512.000000 512.000000 512.000000) (512.000000 512.000000 448.000000) (512.000000 448.000000 448.000000) (512.000000 448.000000 512.000000) 
4 41 43 (640.000000 256.000000 512.000000) (512.000000 256.000000 512.000000) (512.000000 256.000000 448.000000) (640.000000 256.000000 448.000000) 
4 41 42 (512.000000 256.000000 448.000000) (512.000000 512.000000 448.000000) (640.000000 512.000000 448.000000) (640.000000 256.000000 448.000000) 
4 42 57 (512.000000 512.000000 256.000000) (640.000000 512.000000 256.000000) (640.000000 256.000000 256.000000) (512.000000 256.000000 256.000000) 
4 42 52 (512.000000 256.000000 384.000000) (512.000000 256.000000 448.000000) (512.000000 320.000000 448.000000) (512.000000 320.000000 384.000000) 
4 42 51 (512.000000 512.000000 320.000000) (512.000000 512.000000 256.000000) (512.000000 448.000000 256.000000) (512.000000 448.000000 320.000000) 
4 42 47 (512.000000 384.000000 384.000000) (512.000000 320.000000 384.000000) (512.000000 320.000000 448.000000) (512.000000 384.000000 448.000000) 
4 42 46 (512.000000 448.000000 384.000000) (512.000000 384.000000 384.000000) (512.000000 384.000000 448.000000) (512.000000 448.000000 448.000000) 
4 42 44 (512.000000 512.000000 448.000000) (512.000000 512.000000 384.000000) (512.000000 448.000000 384.000000) (512.000000 448.000000 448.000000) 
4 42 43 (512.000000 256.000000 256.000000) (640.000000 256.000000 256.000000) (640.000000 256.000000 448.000000) (512.000000 256.000000 448.000000) 
4 43 57 (640.000000 192.000000 256.000000) (512.000000 192.000000 256.000000) (512.000000 256.000000 256.000000) (640.000000 256.000000 256.000000) 
4 43 55 (512.000000 256.000000 256.000000) (512.000000 192.000000 256.000000) (512.000000 192.000000 320.000000) (512.000000 256.000000 320.000000) 
4 43 52 (512.000000 192.000000 384.000000) (512.000000 192.000000 512.000000) (512.000000 256.000000 512.000000) (512.000000 256.000000 384.000000) 
4 43 56 (512.000000 192.000000 256.000000) (640.000000 192.000000 256.000000) (640.000000 192.000000 512.000000) (512.000000 192.000000 512.000000) 
4 44 48 (384.000000 448.000000 512.000000) (384.000000 512.000000 512.000000) (384.000000 512.000000 384.000000) (384.000000 448.000000 384.000000) 
4 44 46 (448.000000 448.000000 384.000000) (512.000000 448.000000 384.000000) (512.000000 448.000000 448.000000) (448.000000 448.000000 448.000000) 
4 44 45 (512.000000 448.000000 448.000000) (512.000000 448.000000 512.000000) (384.000000 448.000000 512.000000) (384.000000 448.000000 448.000000) 
4 45 47 (448.000000 384.000000 448.000000) (512.000000 384.000000 448.000000) (512.000000 384.000000 512.000000) (448.000000 384.000000 512.000000) 
4 45 46 (448.000000 448.000000 448.000000) (512.000000 448.000000 448.000000) (512.000000 384.000000 448.000000) (448.000000 384.000000 448.000000) 
4 46 47 (448.000000 384.000000 384.000000) (512.000000 384.000000 384.000000) (512.000000 384.000000 448.000000) (448.000000 384.000000 448.000000) 
4 47 52 (512.000000 320.000000 384.000000) (512.000000 320.000000 512.000000) (448.000000 320.000000 512.000000) (448.000000 320.000000 384.000000) 
4 48 86 (256.000000 512.000000 512.000000) (256.000000 512.000000 384.000000) (256.000000 448.000000 384.000000) (256.000000 448.000000 512.000000) 
4 48 50 (256.000000 448.000000 512.000000) (256.000000 448.000000 448.000000) (320.000000 448.000000 448.000000) (320.000000 448.000000 512.000000) 
4 50 86 (256.000000 384.000000 512.000000) (256.000000 448.000000 512.000000) (256.000000 448.000000 448.000000) (256.000000 384.000000 448.000000) 
4 51 57 (448.000000 512.000000 256.000000) (512.000000 512.000000 256.000000) (512.000000 448.000000 256.000000) (448.000000 448.000000 256.000000) 
4 52 54 (384.000000 192.000000 384.000000) (384.000000 192.000000 512.000000) (384.000000 256.000000 512.000000) (384.000000 256.000000 384.000000) 
4 52 56 (512.000000 192.000000 384.000000) (512.000000 192.000000 512.000000) (384.000000 192.000000 512.000000) (384.000000 192.000000 384.000000) 
4 53 86 (256.000000 256.000000 512.000000) (256.000000 320.000000 512.000000) (256.000000 320.000000 384.000000) (256.000000 256.000000 384.000000) 
4 53 54 (256.000000 256.000000 512.000000) (256.000000 256.000000 384.000000) (320.000000 256.000000 384.000000) (320.000000 256.000000 512.000000) 
4 54 86 (256.000000 192.000000 384.000000) (256.000000 192.000000 512.000000) (256.000000 256.000000 512.000000) (256.000000 256.000000 384.000000) 
4 54 56 (384.000000 192.000000 512.000000) (256.000000 192.000000 512.000000) (256.000000 192.000000 384.000000) (384.000000 192.000000 384.000000) 
4 55 57 (512.000000 256.000000 256.000000) (512.000000 192.000000 256.000000) (448.000000 192.000000 256.000000) (448.000000 256.000000 256.000000) 
4 55 56 (448.000000 192.000000 256.000000) (512.000000 192.000000 256.000000) (512.000000 192.000000 320.000000) (448.000000 192.000000 320.000000) 
4 56 90 (256.000000 192.000000 256.000000) (256.000000 -127.000000 256.000000) (256.000000 -127.000000 320.000000) (256.000000 192.000000 320.000000) 
4 56 87 (256.000000 -127.000000 320.000000) (256.000000 -127.000000 384.000000) (256.000000 192.000000 384.000000) (256.000000 192.000000 320.000000) 
4 56 86 (256.000000 -127.000000 384.000000) (256.000000 -127.000000 512.000000) (256.000000 192.000000 512.000000) (256.000000 192.000000 384.000000) 
4 56 61 (256.000000 -127.000000 256.000000) (256.000000 192.000000 256.000000) (704.000000 192.000000 256.000000) (704.000000 -127.000000 256.000000) 
4 57 58 (384.000000 512.000000 128.000000) (384.000000 384.000000 128.000000) (384.000000 384.000000 256.000000) (384.000000 512.000000 256.000000) 
4 57 60 (384.000000 320.000000 128.000000) (384.000000 192.000000 128.000000) (384.000000 192.000000 256.000000) (384.000000 320.000000 256.000000) 
4 57 61 (384.000000 192.000000 128.000000) (640.000000 192.000000 128.000000) (640.000000 192.000000 256.000000) (384.000000 192.000000 256.000000) 
4 58 92 (256.000000 512.000000 192.000000) (256.000000 512.000000 128.000000) (256.000000 384.000000 128.000000) (256.000000 384.000000 192.000000) 
4 58 89 (256.000000 512.000000 256.000000) (256.000000 512.000000 192.000000) (256.000000 384.000000 192.000000) (256.000000 384.000000 256.000000) 
4 58 59 (256.000000 384.000000 128.000000) (320.000000 384.000000 128.000000) (320.000000 384.000000 256.000000) (256.000000 384.000000 256.000000) 
4 59 92 (256.000000 384.000000 128.000000) (256.000000 320.000000 128.000000) (256.000000 320.000000 192.000000) (256.000000 384.000000 192.000000) 
4 59 89 (256.000000 320.000000 192.000000) (256.000000 320.000000 256.000000) (256.000000 384.000000 256.000000) (256.000000 384.000000 192.000000) 
4 59 60 (256.000000 320.000000 256.000000) (256.000000 320.000000 128.000000) (320.000000 320.000000 128.000000) (320.000000 320.000000 256.000000) 
4 60 92 (256.000000 320.000000 128.000000) (256.000000 192.000000 128.000000) (256.000000 192.000000 192.000000) (256.000000 320.000000 192.000000) 
4 60 89 (256.000000 256.000000 256.000000) (256.000000 320.000000 256.000000) (256.000000 320.000000 192.000000) (256.000000 256.000000 192.000000) 
4 60 90 (256.000000 192.000000 192.000000) (256.000000 192.000000 256.000000) (256.000000 256.000000 256.000000) (256.000000 256.000000 192.000000) 
4 60 61 (256.000000 192.000000 256.000000) (256.000000 192.000000 128.000000) (384.000000 192.000000 128.000000) (384.000000 192.000000 256.000000) 
4 61 92 (256.000000 192.000000 128.000000) (256.000000 -127.000000 128.000000) (256.000000 -127.000000 192.000000) (256.000000 192.000000 192.000000) 
4 61 90 (256.000000 -127.000000 192.000000) (256.000000 -127.000000 256.000000) (256.000000 192.000000 256.000000) (256.000000 192.000000 192.000000) 
4 61 64 (704.000000 -127.000000 128.000000) (256.000000 -127.000000 128.000000) (256.000000 -64.000000 128.000000) (704.000000 -64.000000 128.000000) 
4 62 65 (640.000000 512.000000 64.000000) (704.000000 512.000000 64.000000) (704.000000 192.000000 64.000000) (640.000000 192.000000 64.000000) 
4 63 65 (320.000000 384.000000 64.000000) (384.000000 384.000000 64.000000) (384.000000 320.000000 64.000000) (320.000000 320.000000 64.000000) 
4 64 95 (256.000000 -64.000000 64.000000) (256.000000 -127.000000 64.000000) (256.000000 -127.000000 128.000000) (256.000000 -64.000000 128.000000) 
4 64 65 (256.000000 -127.000000 64.000000) (256.000000 -64.000000 64.000000) (704.000000 -64.000000 64.000000) (704.000000 -127.000000 64.000000) 
4 65 96 (256.000000 512.000000 64.000000) (256.000000 512.000000 1.000000) (256.000000 -127.000000 1.000000) (256.000000 -127.000000 64.000000) 
4 66 97 (256.000000 512.000000 1.000000) (256.000000 512.000000 -0.000000) (256.000000 -127.000000 0.000000) (256.000000 -127.000000 1.000000) 
4 66 67 (256.000000 -127.000000 1.000000) (256.000000 -127.000000 0.000000) (704.000000 -127.000000 0.000000) (704.000000 -127.000000 1.000000) 
4 67 98 (256.000000 -128.000000 704.000000) (256.000000 -127.000000 704.000000) (256.000000 -127.000000 0.000000) (256.000000 -128.000000 0.000000) 
4 68 78 (-704.000000 1088.000000 703.000000) (-704.000000 1088.000000 1.000000) (-704.000000 1087.000000 1.000000) (-704.000000 1087.000000 703.000000) 
4 68 83 (-704.000000 1088.000000 1.000000) (-704.000000 1088.000000 0.000000) (-704.000000 1087.000000 0.000000) (-704.000000 1087.000000 1.000000) 
4 68 77 (-704.000000 1087.000000 704.000000) (-704.000000 1088.000000 704.000000) (-704.000000 1088.000000 703.000000) (-704.000000 1087.000000 703.000000) 
4 68 76 (-704.000000 1087.000000 1.000000) (-704.000000 1087.000000 0.000000) (256.000000 1087.000000 0.000000) (256.000000 1087.000000 1.000000) 
4 68 69 (-704.000000 1087.000000 704.000000) (-704.000000 1087.000000 703.000000) (256.000000 1087.000000 703.000000) (256.000000 1087.000000 704.000000) 
4 69 85 (256.000000 512.000000 703.000000) (256.000000 512.000000 704.000000) (-704.000000 512.000000 704.000000) (-704.000000 512.000000 703.000000) 
4 69 77 (-704.000000 512.000000 703.000000) (-704.000000 512.000000 704.000000) (-704.000000 1087.000000 704.000000) (-704.000000 1087.000000 703.000000) 
4 70 89 (256.000000 512.000000 192.000000) (256.000000 512.000000 256.000000) (192.000000 512.000000 256.000000) (192.000000 512.000000 192.000000) 
4 70 91 (192.000000 512.000000 320.000000) (-704.000000 512.000000 320.000000) (-704.000000 512.000000 192.000000) (192.000000 512.000000 192.000000) 
4 70 88 (192.000000 512.000000 384.000000) (-704.000000 512.000000 384.000000) (-704.000000 512.000000 320.000000) (192.000000 512.000000 320.000000) 
4 70 86 (256.000000 512.000000 384.000000) (256.000000 512.000000 703.000000) (-704.000000 512.000000 703.000000) (-704.000000 512.000000 384.000000) 
4 70 80 (-704.000000 512.000000 192.000000) (-704.000000 512.000000 703.000000) (-704.000000 1024.000000 703.000000) (-704.000000 1024.000000 192.000000) 
4 70 79 (-704.000000 1024.000000 703.000000) (-704.000000 1087.000000 703.000000) (-704.000000 1087.000000 192.000000) (-704.000000 1024.000000 192.000000) 
4 70 73 (128.000000 896.000000 192.000000) (256.000000 896.000000 192.000000) (256.000000 512.000000 192.000000) (128.000000 512.000000 192.000000) 
4 70 72 (-704.000000 896.000000 192.000000) (-704.000000 1024.000000 192.000000) (256.000000 1024.000000 192.000000) (256.000000 896.000000 192.000000) 
4 70 71 (-704.000000 1024.000000 192.000000) (-704.000000 1087.000000 192.000000) (256.000000 1087.000000 192.000000) (256.000000 1024.000000 192.000000) 
4 71 79 (-704.000000 1024.000000 192.000000) (-704.000000 1087.000000 192.000000) (-704.000000 1087.000000 64.000000) (-704.000000 1024.000000 64.000000) 
4 71 75 (-704.000000 1024.000000 64.000000) (-704.000000 1087.000000 64.000000) (256.000000 1087.000000 64.000000) (256.000000 1024.000000 64.000000) 
4 71 72 (256.000000 1024.000000 128.000000) (256.000000 1024.000000 192.000000) (-704.000000 1024.000000 192.000000) (-704.000000 1024.000000 128.000000) 
4 72 80 (-704.000000 896.000000 192.000000) (-704.000000 1024.000000 192.000000) (-704.000000 1024.000000 128.000000) (-704.000000 896.000000 128.000000) 
4 72 73 (128.000000 896.000000 128.000000) (256.000000 896.000000 128.000000) (256.000000 896.000000 192.000000) (128.000000 896.000000 192.000000) 
4 73 92 (256.000000 512.000000 128.000000) (256.000000 512.000000 192.000000) (128.000000 512.000000 192.000000) (128.000000 512.000000 128.000000) 
4 74 94 (-704.000000 512.000000 128.000000) (-704.000000 512.000000 64.000000) (128.000000 512.000000 64.000000) (128.000000 512.000000 128.000000) 
4 74 75 (128.000000 512.000000 64.000000) (-704.000000 512.000000 64.000000) (-704.000000 896.000000 64.000000) (128.000000 896.000000 64.000000) 
4 75 96 (256.000000 512.000000 1.000000) (256.000000 512.000000 64.000000) (-704.000000 512.000000 64.000000) (-704.000000 512.000000 1.000000) 
4 75 81 (-704.000000 512.000000 1.000000) (-704.000000 512.000000 64.000000) (-704.000000 1024.000000 64.000000) (-704.000000 1024.000000 1.000000) 
4 75 79 (-704.000000 1024.000000 64.000000) (-704.000000 1087.000000 64.000000) (-704.000000 1087.000000 1.000000) (-704.000000 1024.000000 1.000000) 
4 76 97 (256.000000 512.000000 -0.000000) (256.000000 512.000000 1.000000) (-704.000000 512.000000 1.000000) (-704.000000 512.000000 -0.000000) 
4 76 83 (-704.000000 512.000000 -0.000000) (-704.000000 512.000000 1.000000) (-704.000000 1087.000000 1.000000) (-704.000000 1087.000000 0.000000) 
4 77 99 (-704.000000 512.000000 703.000000) (-704.000000 512.000000 704.000000) (-895.000000 512.000000 704.000000) (-895.000000 512.000000 703.000000) 
4 77 84 (-895.000000 512.000000 703.000000) (-895.000000 512.000000 704.000000) (-895.000000 1088.000000 704.000000) (-895.000000 1088.000000 703.000000) 
4 77 78 (-895.000000 1088.000000 703.000000) (-704.000000 1088.000000 703.000000) (-704.000000 1087.000000 703.000000) (-895.000000 1087.000000 703.000000) 
4 78 84 (-895.000000 1087.000000 703.000000) (-895.000000 1088.000000 703.000000) (-895.000000 1088.000000 1.000000) (-895.000000 1087.000000 1.000000) 
4 78 83 (-895.000000 1087.000000 1.000000) (-895.000000 1088.000000 1.000000) (-704.000000 1088.000000 1.000000) (-704.000000 1087.000000 1.000000) 
4 79 81 (-704.000000 1024.000000 1.000000) (-704.000000 1024.000000 64.000000) (-768.000000 1024.000000 64.000000) (-768.000000 1024.000000 1.000000) 
4 79 82 (-768.000000 1024.000000 128.000000) (-895.000000 1024.000000 128.000000) (-895.000000 1024.000000 1.000000) (-768.000000 1024.000000 1.000000) 
4 79 80 (-704.000000 1024.000000 128.000000) (-704.000000 1024.000000 703.000000) (-895.000000 1024.000000 703.000000) (-895.000000 1024.000000 128.000000) 
4 80 100 (-704.000000 512.000000 128.000000) (-704.000000 512.000000 703.000000) (-895.000000 512.000000 703.000000) (-895.000000 512.000000 128.000000) 
4 80 82 (-768.000000 512.000000 128.000000) (-895.000000 512.000000 128.000000) (-895.000000 1024.000000 128.000000) (-768.000000 1024.000000 128.000000) 
4 81 101 (-704.000000 512.000000 1.000000) (-704.000000 512.000000 64.000000) (-768.000000 512.000000 64.000000) (-768.000000 512.000000 1.000000) 
4 81 82 (-768.000000 1024.000000 64.000000) (-768.000000 1024.000000 1.000000) (-768.000000 512.000000 1.000000) (-768.000000 512.000000 64.000000) 
4 82 102 (-768.000000 512.000000 128.000000) (-895.000000 512.000000 128.000000) (-895.000000 512.000000 1.000000) (-768.000000 512.000000 1.000000) 
4 83 105 (-895.000000 512.000000 0.000000) (-704.000000 512.000000 -0.000000) (-704.000000 512.000000 1.000000) (-895.000000 512.000000 1.000000) 
4 83 84 (-895.000000 1088.000000 0.000000) (-895.000000 512.000000 -0.000000) (-895.000000 512.000000 1.000000) (-895.000000 1088.000000 1.000000) 
4 84 106 (-896.000000 512.000000 0.000000) (-895.000000 512.000000 0.000000) (-895.000000 512.000000 704.000000) (-896.000000 512.000000 704.000000) 
4 85 99 (-704.000000 512.000000 704.000000) (-704.000000 512.000000 703.000000) (-704.000000 -127.000000 703.000000) (-704.000000 -127.000000 704.000000) 
4 85 98 (-704.000000 -127.000000 704.000000) (-704.000000 -127.000000 703.000000) (256.000000 -127.000000 703.000000) (256.000000 -127.000000 704.000000) 
4 86 103 (-704.000000 -64.000000 384.000000) (-704.000000 -127.000000 384.000000) (-704.000000 -127.000000 703.000000) (-704.000000 -64.000000 703.000000) 
4 86 100 (-704.000000 512.000000 703.000000) (-704.000000 512.000000 384.000000) (-704.000000 -64.000000 384.000000) (-704.000000 -64.000000 703.000000) 
4 86 87 (256.000000 -127.000000 384.000000) (192.000000 -127.000000 384.000000) (192.000000 192.000000 384.000000) (256.000000 192.000000 384.000000) 
4 86 88 (192.000000 -127.000000 384.000000) (-704.000000 -127.000000 384.000000) (-704.000000 512.000000 384.000000) (192.000000 512.000000 384.000000) 
4 87 90 (256.000000 192.000000 320.000000) (256.000000 -127.000000 320.000000) (192.000000 -127.000000 320.000000) (192.000000 192.000000 320.000000) 
4 87 88 (192.000000 192.000000 320.000000) (192.000000 -127.000000 320.000000) (192.000000 -127.000000 384.000000) (192.000000 192.000000 384.000000) 
4 88 103 (-704.000000 -64.000000 320.000000) (-704.000000 -127.000000 320.000000) (-704.000000 -127.000000 384.000000) (-704.000000 -64.000000 384.000000) 
4 88 100 (-704.000000 512.000000 384.000000) (-704.000000 512.000000 320.000000) (-704.000000 -64.000000 320.000000) (-704.000000 -64.000000 384.000000) 
4 88 91 (-704.000000 -127.000000 320.000000) (-704.000000 512.000000 320.000000) (192.000000 512.000000 320.000000) (192.000000 -127.000000 320.000000) 
4 89 92 (192.000000 256.000000 192.000000) (192.000000 512.000000 192.000000) (256.000000 512.000000 192.000000) (256.000000 256.000000 192.000000) 
4 89 90 (192.000000 256.000000 192.000000) (256.000000 256.000000 192.000000) (256.000000 256.000000 256.000000) (192.000000 256.000000 256.000000) 
4 89 91 (192.000000 512.000000 256.000000) (192.000000 512.000000 192.000000) (192.000000 256.000000 192.000000) (192.000000 256.000000 256.000000) 
4 90 92 (256.000000 -127.000000 192.000000) (192.000000 -127.000000 192.000000) (192.000000 256.000000 192.000000) (256.000000 256.000000 192.000000) 
4 90 91 (192.000000 256.000000 192.000000) (192.000000 -127.000000 192.000000) (192.000000 -127.000000 320.000000) (192.000000 256.000000 320.000000) 
4 91 103 (-704.000000 -64.000000 192.000000) (-704.000000 -127.000000 192.000000) (-704.000000 -127.000000 320.000000) (-704.000000 -64.000000 320.000000) 
4 91 100 (-704.000000 512.000000 320.000000) (-704.000000 512.000000 192.000000) (-704.000000 -64.000000 192.000000) (-704.000000 -64.000000 320.000000) 
4 91 93 (128.000000 -127.000000 192.000000) (-704.000000 -127.000000 192.000000) (-704.000000 128.000000 192.000000) (128.000000 128.000000 192.000000) 
4 91 92 (192.000000 -127.000000 192.000000) (128.000000 -127.000000 192.000000) (128.000000 512.000000 192.000000) (192.000000 512.000000 192.000000) 
4 92 95 (256.000000 -64.000000 128.000000) (256.000000 -127.000000 128.000000) (128.000000 -127.000000 128.000000) (128.000000 -64.000000 128.000000) 
4 92 93 (128.000000 128.000000 128.000000) (128.000000 -127.000000 128.000000) (128.000000 -127.000000 192.000000) (128.000000 128.000000 192.000000) 
4 93 103 (-704.000000 -64.000000 128.000000) (-704.000000 -127.000000 128.000000) (-704.000000 -127.000000 192.000000) (-704.000000 -64.000000 192.000000) 
4 93 100 (-704.000000 128.000000 128.000000) (-704.000000 -64.000000 128.000000) (-704.000000 -64.000000 192.000000) (-704.000000 128.000000 192.000000) 
4 93 95 (-704.000000 -127.000000 128.000000) (-704.000000 -64.000000 128.000000) (128.000000 -64.000000 128.000000) (128.000000 -127.000000 128.000000) 
4 94 96 (-704.000000 128.000000 64.000000) (-704.000000 512.000000 64.000000) (128.000000 512.000000 64.000000) (128.000000 128.000000 64.000000) 
4 95 103 (-704.000000 -64.000000 64.000000) (-704.000000 -127.000000 64.000000) (-704.000000 -127.000000 128.000000) (-704.000000 -64.000000 128.000000) 
4 95 96 (256.000000 -127.000000 64.000000) (-704.000000 -127.000000 64.000000) (-704.000000 -64.000000 64.000000) (256.000000 -64.000000 64.000000) 
4 96 103 (-704.000000 -64.000000 1.000000) (-704.000000 -127.000000 1.000000) (-704.000000 -127.000000 64.000000) (-704.000000 -64.000000 64.000000) 
4 96 101 (-704.000000 512.000000 64.000000) (-704.000000 512.000000 1.000000) (-704.000000 -64.000000 1.000000) (-704.000000 -64.000000 64.000000) 
4 97 105 (-704.000000 512.000000 1.000000) (-704.000000 512.000000 -0.000000) (-704.000000 -127.000000 0.000000) (-704.000000 -127.000000 1.000000) 
4 97 98 (-704.000000 -127.000000 1.000000) (-704.000000 -127.000000 0.000000) (256.000000 -127.000000 0.000000) (256.000000 -127.000000 1.000000) 
4 98 104 (-704.000000 -128.000000 1.000000) (-704.000000 -128.000000 703.000000) (-704.000000 -127.000000 703.000000) (-704.000000 -127.000000 1.000000) 
4 98 105 (-704.000000 -127.000000 0.000000) (-704.000000 -128.000000 0.000000) (-704.000000 -128.000000 1.000000) (-704.000000 -127.000000 1.000000) 
4 98 99 (-704.000000 -128.000000 703.000000) (-704.000000 -128.000000 704.000000) (-704.000000 -127.000000 704.000000) (-704.000000 -127.000000 703.000000) 
4 99 106 (-895.000000 -128.000000 704.000000) (-895.000000 512.000000 704.000000) (-895.000000 512.000000 703.000000) (-895.000000 -128.000000 703.000000) 
4 99 104 (-704.000000 -128.000000 703.000000) (-895.000000 -128.000000 703.000000) (-895.000000 -127.000000 703.000000) (-704.000000 -127.000000 703.000000) 
4 100 103 (-704.000000 -64.000000 128.000000) (-704.000000 -64.000000 703.000000) (-895.000000 -64.000000 703.000000) (-895.000000 -64.000000 128.000000) 
4 100 102 (-895.000000 -64.000000 128.000000) (-895.000000 512.000000 128.000000) (-768.000000 512.000000 128.000000) (-768.000000 -64.000000 128.000000) 
4 101 103 (-704.000000 -64.000000 1.000000) (-704.000000 -64.000000 64.000000) (-768.000000 -64.000000 64.000000) (-768.000000 -64.000000 1.000000) 
4 101 102 (-768.000000 512.000000 64.000000) (-768.000000 512.000000 1.000000) (-768.000000 -64.000000 1.000000) (-768.000000 -64.000000 64.000000) 
4 102 103 (-768.000000 -64.000000 128.000000) (-895.000000 -64.000000 128.000000) (-895.000000 -64.000000 1.000000) (-768.000000 -64.000000 1.000000) 
4 104 106 (-895.000000 -127.000000 1.000000) (-895.000000 -128.000000 1.000000) (-895.000000 -128.000000 703.000000) (-895.000000 -127.000000 703.000000) 
4 104 105 (-895.000000 -128.000000 1.000000) (-895.000000 -127.000000 1.000000) (-704.000000 -127.000000 1.000000) (-704.000000 -128.000000 1.000000) 
4 105 106 (-895.000000 512.000000 1.000000) (-895.000000 512.000000 -0.000000) (-895.000000 -128.000000 0.000000) (-895.000000 -128.000000 1.000000) 
