hlcsg 3.4 SSE 2 V2.0 (Mar 29 2009)
Zoner's Half-Life Compilation Tools -- Custom Build
Based on code modifications by Sean 'Zoner' Cavanaugh
Based on Valve's version, modified with permission.
Submit detailed bug reports to (amckern@yahoo.com)
-----  BEGIN  hlcsg -----
Command line: C:/Users/Moto/Documents/exec/hlcsg.exe C:\Users\Moto\Quake\requiem\pc\req\maps\nuketown 
Entering C:\Users\Moto\Quake\requiem\pc\req\maps\nuketown.map

Current hlcsg Settings
Name                 |  Setting  |  Default
---------------------|-----------|-------------------------
threads               [       2 ] [  Varies ]
verbose               [     off ] [     off ]
log                   [      on ] [      on ]
developer             [       0 ] [       0 ]
chart                 [     off ] [     off ]
estimate              [     off ] [     off ]
max texture memory    [ 4194304 ] [ 4194304 ]
max lighting memory   [ 6291456 ] [ 6291456 ]
priority              [  Normal ] [  Normal ]

noclip                [     off ] [     off ]
null texture stripping[      on ] [      on ]
clipnode economy mode [      on ] [      on ]
clip hull type        [  legacy ] [  legacy ]
onlyents              [     off ] [     off ]
wadtextures           [      on ] [      on ]
skyclip               [      on ] [      on ]
hullfile              [    None ] [    None ]
nullfile              [    None ] [    None ]
min surface area      [   0.500 ] [   0.500 ]
brush union threshold [   0.000 ] [   0.000 ]

Using mapfile wad configuration
Wadinclude list :
[zhlt.wad]

11 brushes (totalling 65 sides) discarded from clipping hulls
CreateBrush:
 (6.12 seconds)
SetModelCenters:
 (0.00 seconds)
CSGBrush:
 (5.25 seconds)

Using Wadfile: /Users/Moto/Documents/xd/Example_01.wad
 - Contains 3 used textures, 6.25 percent of map (15 textures in wad)
Using Wadfile: /Users/Moto/Documents/xd/bo2.wad
 - Contains 4 used textures, 8.33 percent of map (57 textures in wad)
Using Wadfile: /Users/Moto/Documents/xd/chronic.wad
 - Contains 1 used texture, 2.08 percent of map (83 textures in wad)
Using Wadfile: /Users/Moto/Documents/xd/kurok.wad
 - Contains 1 used texture, 2.08 percent of map (112 textures in wad)
Using Wadfile: /Users/Moto/Documents/xd/nuketown.wad
 - Contains 24 used textures, 50.00 percent of map (34 textures in wad)
Using Wadfile: /Users/Moto/Documents/xd/nw.wad
 - Warning: Larger than expected texture (348972 bytes): 'SILO_WALK_BOT'
 - Warning: Larger than expected texture (348972 bytes): 'SILO_WALK_TOP'
 - Warning: Larger than expected texture (348972 bytes): 'GEN_DISK_SPIN'
 - Warning: Larger than expected texture (348972 bytes): 'WHITE_512_ARC'
 - Contains 3 used textures, 6.25 percent of map (1326 textures in wad)
Using Wadfile: /Users/Moto/Documents/xd/waw_HLBSP.wad
 - Contains 12 used textures, 25.00 percent of map (157 textures in wad)
Including Wadfile: /Users/Moto/Documents/xd/zhlt.wad
 - Contains 0 used textures, 0.00 percent of map (19 textures in wad)

Texture usage is at 0.77 mb (of 4.00 mb MAX)
11.56 seconds elapsed

-----   END   hlcsg -----



hlbsp 3.4 SSE 2 V2.0 (Mar 29 2009)
Zoner's Half-Life Compilation Tools -- Custom Build
Based on code modifications by Sean 'Zoner' Cavanaugh
Based on Valve's version, modified with permission.
Submit detailed bug reports to (amckern@yahoo.com)
-----  BEGIN  hlbsp -----
Command line: C:/Users/Moto/Documents/exec/hlbsp.exe C:\Users\Moto\Quake\requiem\pc\req\maps\nuketown 

Current hlbsp Settings
Name               |  Setting  |  Default
-------------------|-----------|-------------------------
threads             [       2 ] [  Varies ]
verbose             [     off ] [     off ]
log                 [      on ] [      on ]
developer           [       0 ] [       0 ]
chart               [     off ] [     off ]
estimate            [     off ] [     off ]
max texture memory  [ 4194304 ] [ 4194304 ]
priority            [  Normal ] [  Normal ]

noclip              [     off ] [     off ]
nofill              [     off ] [     off ]
noopt               [     off ] [     off ]
null tex. stripping [      on ] [      on ]
notjunc             [     off ] [     off ]
subdivide size      [     240 ] [     240 ] (Min 64) (Max 512)
max node size       [    1024 ] [    1024 ] (Min 64) (Max 8192)


SolidBSP [hull 0] 500...1000...1500...2000...2500...3000...3500...4000...4500...5000...5500...5912 (4.49 seconds)
BSP generation successful, writing portal file 'C:\Users\Moto\Quake\requiem\pc\req\maps\nuketown.prt'
SolidBSP [hull 1] 500...1000...1500...2000...2451 (0.32 seconds)
SolidBSP [hull 2] 500...1000...1500...2000...2038 (0.26 seconds)
SolidBSP [hull 3] 500...1000...1500...2000...2500...2872 (0.52 seconds)
9.94 seconds elapsed

-----   END   hlbsp -----



hlvis 3.4 SSE 2 V2.0 (Mar 29 2009)
Zoner's Half-Life Compilation Tools -- Custom Build
Based on code modifications by Sean 'Zoner' Cavanaugh
Based on Valve's version, modified with permission.
Submit detailed bug reports to (amckern@yahoo.com)
-----  BEGIN  hlvis -----
Command line: C:/Users/Moto/Documents/exec/hlvis.exe -fast C:\Users\Moto\Quake\requiem\pc\req\maps\nuketown 
3240 portalleafs
9336 numportals

-= Current hlvis Settings =-
Name               |  Setting  |  Default
-------------------|-----------|-------------------------
threads             [       2 ] [  Varies ]
verbose             [     off ] [     off ]
log                 [      on ] [      on ]
developer           [       0 ] [       0 ]
chart               [     off ] [     off ]
estimate            [     off ] [     off ]
max texture memory  [ 4194304 ] [ 4194304 ]
max vis distance    [       0 ] [       0 ]
priority            [  Normal ] [  Normal ]

fast vis            [      on ] [     off ]
full vis            [     off ] [     off ]


BasePortalVis:
 (20.08 seconds)
Warning: Leaf portals saw into leaf
    Problem at portal between leaves 2476 and 2499:
       (-2919.500 -16.000 7.500)
    (-2632.500 -16.000 7.500)
    (-2632.500 -14.974 262.811)
    (-2919.500 -14.974 262.811)

Warning: Leaf portals saw into leaf
    Problem at portal between leaves 2479 and 2571:
       (-2632.500 -138.250 276.142)
    (-2919.500 -138.250 276.142)
    (-2919.500 -16.000 265.596)
    (-2632.500 -16.000 265.596)

Warning: Leaf portals saw into leaf
    Problem at portal between leaves 2571 and 2499:
       (-2632.500 -17.000 264.810)
    (-2919.500 -17.000 264.810)
    (-2919.500 -14.974 264.636)
    (-2632.500 -14.974 264.636)

average leafs visible: 2153
g_visdatasize:1125254  compressed from 1312200
20.31 seconds elapsed

-----   END   hlvis -----



hlrad 3.4 SSE 2 V2.0 (Mar 29 2009)
Zoner's Half-Life Compilation Tools -- Custom Build
Based on code modifications by Sean 'Zoner' Cavanaugh
Based on Valve's version, modified with permission.
Submit detailed bug reports to (amckern@yahoo.com)
-----  BEGIN  hlrad -----
Command line: C:/Users/Moto/Documents/exec/hlrad.exe C:\Users\Moto\Quake\requiem\pc\req\maps\nuketown 

-= Current hlrad Settings =-
Name                | Setting             | Default
--------------------|---------------------|-------------------------
threads              [                 2 ] [            Varies ]
verbose              [               off ] [               off ]
log                  [                on ] [                on ]
developer            [                 0 ] [                 0 ]
chart                [               off ] [               off ]
estimate             [               off ] [               off ]
max texture memory   [           4194304 ] [           4194304 ]
max lighting memory  [           6291456 ] [           6291456 ]
priority             [            Normal ] [            Normal ]

vismatrix algorithm  [          Original ] [          Original ]
oversampling (-extra)[               off ] [               off ]
bounces              [                 1 ] [                 1 ]
bounce dynamic light [                on ] [                on ]
ambient light        [ 0.000 0.000 0.000 ] [ 0.000 0.000 0.000 ]
maximum light        [           255.000 ] [           256.000 ]
circus mode          [               off ] [               off ]

smoothing threshold  [            50.000 ] [            50.000 ]
direct threshold     [            25.000 ] [            25.000 ]
direct light scale   [             2.000 ] [             2.000 ]
coring threshold     [             1.000 ] [             1.000 ]
patch interpolation  [                on ] [                on ]

texscale             [                on ] [                on ]
patch subdividing    [                on ] [                on ]
chop value           [            64.000 ] [            64.000 ]
texchop value        [            32.000 ] [            32.000 ]

global fade          [             1.000 ] [             1.000 ]
global falloff       [                 2 ] [                 2 ]
global light scale   [ 1.000 1.000 1.000 ] [ 1.000 1.000 1.000 ]
global gamma         [ 0.500 0.500 0.500 ] [ 0.500 0.500 0.500 ]
global light scale   [             1.000 ] [             1.000 ]
global sky diffusion [             1.000 ] [             1.000 ]

opaque entities      [                on ] [                on ]
sky lighting fix     [                on ] [                on ]
incremental          [               off ] [               off ]
dump                 [               off ] [               off ]

colour jitter        [       0.0 0.0 0.0 ] [       0.0 0.0 0.0 ]
monochromatic jitter [       0.0 0.0 0.0 ] [       0.0 0.0 0.0 ]
softlight hack       [   0.0 0.0 0.0 0.0 ] [   0.0 0.0 0.0 0.0 ]
diffuse hack         [                on ] [                on ]
spotlight points     [                on ] [                on ]

custom shadows with bounce light
                     [               off ] [               off ]
rgb transfers        [               off ] [               off ]


11672 faces
Create Patches : 33856 base patches
0 opaque faces
155891 square feet [22448372.00 square inches]
11 direct lights

BuildFacelights:
 (24.34 seconds)
visibility matrix   :  68.3 megs
BuildVisLeafs:
 (199.17 seconds)
MakeScales:
 (29.60 seconds)
SwapTransfers:
 (10.14 seconds)
Transfer Lists :    50011622 :   50.01M transfers
       Indices :    35233404 :   33.60M bytes
          Data :   200046488 :  190.78M bytes
GatherLight:
 (1.59 seconds)
FinalLightFace:
 (0.79 seconds)
266.25 seconds elapsed [4m 26s]

-----   END   hlrad -----



