hlcsg 3.4 SSE 2 V2.0 (Mar 29 2009)
Zoner's Half-Life Compilation Tools -- Custom Build
Based on code modifications by Sean 'Zoner' Cavanaugh
Based on Valve's version, modified with permission.
Submit detailed bug reports to (amckern@yahoo.com)
-----  BEGIN  hlcsg -----
Command line: C:/Users/Moto/Documents/exec/hlcsg.exe C:\Users\Moto\Quake\requiem\pc\req\maps\perk 
Entering C:\Users\Moto\Quake\requiem\pc\req\maps\perk.map

Current hlcsg Settings
Name                 |  Setting  |  Default
---------------------|-----------|-------------------------
threads               [       2 ] [  Varies ]
verbose               [     off ] [     off ]
log                   [      on ] [      on ]
developer             [       0 ] [       0 ]
chart                 [     off ] [     off ]
estimate              [     off ] [     off ]
max texture memory    [ 4194304 ] [ 4194304 ]
max lighting memory   [ 6291456 ] [ 6291456 ]
priority              [  Normal ] [  Normal ]

noclip                [     off ] [     off ]
null texture stripping[      on ] [      on ]
clipnode economy mode [      on ] [      on ]
clip hull type        [  legacy ] [  legacy ]
onlyents              [     off ] [     off ]
wadtextures           [      on ] [      on ]
skyclip               [      on ] [      on ]
hullfile              [    None ] [    None ]
nullfile              [    None ] [    None ]
min surface area      [   0.500 ] [   0.500 ]
brush union threshold [   0.000 ] [   0.000 ]

Using mapfile wad configuration
Wadinclude list :
[zhlt.wad]

0 brushes (totalling 0 sides) discarded from clipping hulls
CreateBrush:
 (0.00 seconds)
SetModelCenters:
 (0.00 seconds)
CSGBrush:
 (0.01 seconds)

Using Wadfile: /Users/Moto/Documents/xd/Example_01.wad
 - Contains 2 used textures, 100.00 percent of map (15 textures in wad)
Using Wadfile: /Users/Moto/Documents/xd/bo2.wad
 - Contains 0 used textures, 0.00 percent of map (57 textures in wad)
Using Wadfile: /Users/Moto/Documents/xd/chronic.wad
 - Contains 0 used textures, 0.00 percent of map (83 textures in wad)
Using Wadfile: /Users/Moto/Documents/xd/kurok.wad
 - Contains 0 used textures, 0.00 percent of map (112 textures in wad)
Using Wadfile: /Users/Moto/Documents/xd/nuketown.wad
 - Contains 0 used textures, 0.00 percent of map (34 textures in wad)
Using Wadfile: /Users/Moto/Documents/xd/nw.wad
 - Warning: Larger than expected texture (348972 bytes): 'SILO_WALK_BOT'
 - Warning: Larger than expected texture (348972 bytes): 'SILO_WALK_TOP'
 - Warning: Larger than expected texture (348972 bytes): 'GEN_DISK_SPIN'
 - Warning: Larger than expected texture (348972 bytes): 'WHITE_512_ARC'
 - Contains 0 used textures, 0.00 percent of map (1326 textures in wad)
Using Wadfile: /Users/Moto/Documents/xd/waw_HLBSP.wad
 - Contains 0 used textures, 0.00 percent of map (157 textures in wad)
Including Wadfile: /Users/Moto/Documents/xd/zhlt.wad
 - Contains 0 used textures, 0.00 percent of map (19 textures in wad)
Using Wadfile: /Users/Moto/Documents/NZP_maps/Example_01.wad
 - Contains 0 used textures, 0.00 percent of map (15 textures in wad)
Using Wadfile: /Users/Moto/Documents/NZP_maps/GAOL.wad
 - Contains 0 used textures, 0.00 percent of map (32 textures in wad)
Using Wadfile: /Users/Moto/Documents/NZP_maps/Ju[s]tice_null2.wad
 - Contains 0 used textures, 0.00 percent of map (938 textures in wad)
Using Wadfile: /Users/Moto/Documents/NZP_maps/L4QNewest.wad
 - Contains 0 used textures, 0.00 percent of map (225 textures in wad)
Using Wadfile: /Users/Moto/Documents/NZP_maps/U-Bahn.wad
 - Contains 0 used textures, 0.00 percent of map (8 textures in wad)
Using Wadfile: /Users/Moto/Documents/NZP_maps/nzphlwad.wad
 - Contains 0 used textures, 0.00 percent of map (103 textures in wad)
Using Wadfile: /Users/Moto/Documents/NZP_maps/verruckt.wad
 - Warning: Larger than expected texture (348972 bytes): 'WARNING_METAL'
 - Warning: Larger than expected texture (348972 bytes): 'WHITE_ASPHALT'
 - Warning: Larger than expected texture (348972 bytes): 'AABERLIN'
 - Warning: Larger than expected texture (348972 bytes): 'AALIBERTY'
 - Warning: Larger than expected texture (348972 bytes): 'AAPARIS'
 - Warning: Larger than expected texture (348972 bytes): 'ASPHALT'
 - Warning: Larger than expected texture (348972 bytes): 'FANCY_DOOR_INDE'
 - Warning: Larger than expected texture (348972 bytes): 'INTRO_IMAGES_IN'
 - Warning: Larger than expected texture (348972 bytes): 'SIDEWALK'
 - Contains 0 used textures, 0.00 percent of map (107 textures in wad)
Including Wadfile: /Users/Moto/Documents/NZP_maps/zhlt.wad
 - Contains 0 used textures, 0.00 percent of map (18 textures in wad)
Using Wadfile: /Users/Moto/Quake/requiem/pc/req/textures/Example_01.wad
 - Contains 0 used textures, 0.00 percent of map (15 textures in wad)
Using Wadfile: /Users/Moto/Quake/requiem/pc/req/textures/GAOL.wad
 - Contains 0 used textures, 0.00 percent of map (32 textures in wad)
Using Wadfile: /Users/Moto/Quake/requiem/pc/req/textures/Ju[s]tice_null2.wad
 - Contains 0 used textures, 0.00 percent of map (938 textures in wad)
Using Wadfile: /Users/Moto/Quake/requiem/pc/req/textures/L4QNewest.wad
 - Contains 0 used textures, 0.00 percent of map (225 textures in wad)
Using Wadfile: /Users/Moto/Quake/requiem/pc/req/textures/U-Bahn.wad
 - Contains 0 used textures, 0.00 percent of map (8 textures in wad)
Using Wadfile: /Users/Moto/Quake/requiem/pc/req/textures/Wahnsinn_btm.wad
 - Contains 0 used textures, 0.00 percent of map (32 textures in wad)
Using Wadfile: /Users/Moto/Quake/requiem/pc/req/textures/bo2.wad
 - Contains 0 used textures, 0.00 percent of map (57 textures in wad)
Using Wadfile: /Users/Moto/Quake/requiem/pc/req/textures/chronic.wad
 - Contains 0 used textures, 0.00 percent of map (83 textures in wad)
Using Wadfile: /Users/Moto/Quake/requiem/pc/req/textures/kurok.wad
 - Contains 0 used textures, 0.00 percent of map (112 textures in wad)
Using Wadfile: /Users/Moto/Quake/requiem/pc/req/textures/nuketown.wad
 - Contains 0 used textures, 0.00 percent of map (34 textures in wad)
Using Wadfile: /Users/Moto/Quake/requiem/pc/req/textures/nw.wad
 - Warning: Larger than expected texture (348972 bytes): 'SILO_WALK_BOT'
 - Warning: Larger than expected texture (348972 bytes): 'SILO_WALK_TOP'
 - Warning: Larger than expected texture (348972 bytes): 'GEN_DISK_SPIN'
 - Warning: Larger than expected texture (348972 bytes): 'WHITE_512_ARC'
 - Contains 0 used textures, 0.00 percent of map (1326 textures in wad)
Using Wadfile: /Users/Moto/Quake/requiem/pc/req/textures/nzphlwad.wad
 - Contains 0 used textures, 0.00 percent of map (103 textures in wad)
Using Wadfile: /Users/Moto/Quake/requiem/pc/req/textures/verruckt.wad
 - Warning: Larger than expected texture (348972 bytes): 'WARNING_METAL'
 - Warning: Larger than expected texture (348972 bytes): 'WHITE_ASPHALT'
 - Warning: Larger than expected texture (348972 bytes): 'AABERLIN'
 - Warning: Larger than expected texture (348972 bytes): 'AALIBERTY'
 - Warning: Larger than expected texture (348972 bytes): 'AAPARIS'
 - Warning: Larger than expected texture (348972 bytes): 'ASPHALT'
 - Warning: Larger than expected texture (348972 bytes): 'FANCY_DOOR_INDE'
 - Warning: Larger than expected texture (348972 bytes): 'INTRO_IMAGES_IN'
 - Warning: Larger than expected texture (348972 bytes): 'SIDEWALK'
 - Contains 0 used textures, 0.00 percent of map (107 textures in wad)
Using Wadfile: /Users/Moto/Quake/requiem/pc/req/textures/waw_HLBSP.wad
 - Contains 0 used textures, 0.00 percent of map (157 textures in wad)
Including Wadfile: /Users/Moto/Quake/requiem/pc/req/textures/zhlt.wad
 - Contains 0 used textures, 0.00 percent of map (19 textures in wad)

Warning: More than 8 wadfiles are in use. (31)
This may be harmless, and if no strange side effects are occurring, then
it can safely be ignored. However, if your map starts exhibiting strange
or obscure errors, consider this as suspect.


Texture usage is at 0.01 mb (of 4.00 mb MAX)
0.10 seconds elapsed

-----   END   hlcsg -----



hlbsp 3.4 SSE 2 V2.0 (Mar 29 2009)
Zoner's Half-Life Compilation Tools -- Custom Build
Based on code modifications by Sean 'Zoner' Cavanaugh
Based on Valve's version, modified with permission.
Submit detailed bug reports to (amckern@yahoo.com)
-----  BEGIN  hlbsp -----
Command line: C:/Users/Moto/Documents/exec/hlbsp.exe C:\Users\Moto\Quake\requiem\pc\req\maps\perk 

Current hlbsp Settings
Name               |  Setting  |  Default
-------------------|-----------|-------------------------
threads             [       2 ] [  Varies ]
verbose             [     off ] [     off ]
log                 [      on ] [      on ]
developer           [       0 ] [       0 ]
chart               [     off ] [     off ]
estimate            [     off ] [     off ]
max texture memory  [ 4194304 ] [ 4194304 ]
priority            [  Normal ] [  Normal ]

noclip              [     off ] [     off ]
nofill              [     off ] [     off ]
noopt               [     off ] [     off ]
null tex. stripping [      on ] [      on ]
notjunc             [     off ] [     off ]
subdivide size      [     240 ] [     240 ] (Min 64) (Max 512)
max node size       [    1024 ] [    1024 ] (Min 64) (Max 8192)


SolidBSP [hull 0] 13 (0.00 seconds)
BSP generation successful, writing portal file 'C:\Users\Moto\Quake\requiem\pc\req\maps\perk.prt'
SolidBSP [hull 1] 13 (0.00 seconds)
Warning: No entities exist in hull 1, no filling performed for this hull
SolidBSP [hull 2] 13 (0.00 seconds)
SolidBSP [hull 3] 13 (0.00 seconds)
0.01 seconds elapsed

-----   END   hlbsp -----



hlvis 3.4 SSE 2 V2.0 (Mar 29 2009)
Zoner's Half-Life Compilation Tools -- Custom Build
Based on code modifications by Sean 'Zoner' Cavanaugh
Based on Valve's version, modified with permission.
Submit detailed bug reports to (amckern@yahoo.com)
-----  BEGIN  hlvis -----
Command line: C:/Users/Moto/Documents/exec/hlvis.exe C:\Users\Moto\Quake\requiem\pc\req\maps\perk 
   1 portalleafs
   0 numportals

-= Current hlvis Settings =-
Name               |  Setting  |  Default
-------------------|-----------|-------------------------
threads             [       2 ] [  Varies ]
verbose             [     off ] [     off ]
log                 [      on ] [      on ]
developer           [       0 ] [       0 ]
chart               [     off ] [     off ]
estimate            [     off ] [     off ]
max texture memory  [ 4194304 ] [ 4194304 ]
max vis distance    [       0 ] [       0 ]
priority            [  Normal ] [  Normal ]

fast vis            [     off ] [     off ]
full vis            [     off ] [     off ]


BasePortalVis:
 (0.01 seconds)
LeafThread:
 (0.00 seconds)
average leafs visible: 0
g_visdatasize:3  compressed from 1
0.01 seconds elapsed

-----   END   hlvis -----



hlrad 3.4 SSE 2 V2.0 (Mar 29 2009)
Zoner's Half-Life Compilation Tools -- Custom Build
Based on code modifications by Sean 'Zoner' Cavanaugh
Based on Valve's version, modified with permission.
Submit detailed bug reports to (amckern@yahoo.com)
-----  BEGIN  hlrad -----
Command line: C:/Users/Moto/Documents/exec/hlrad.exe C:\Users\Moto\Quake\requiem\pc\req\maps\perk 

-= Current hlrad Settings =-
Name                | Setting             | Default
--------------------|---------------------|-------------------------
threads              [                 2 ] [            Varies ]
verbose              [               off ] [               off ]
log                  [                on ] [                on ]
developer            [                 0 ] [                 0 ]
chart                [               off ] [               off ]
estimate             [               off ] [               off ]
max texture memory   [           4194304 ] [           4194304 ]
max lighting memory  [           6291456 ] [           6291456 ]
priority             [            Normal ] [            Normal ]

vismatrix algorithm  [          Original ] [          Original ]
oversampling (-extra)[               off ] [               off ]
bounces              [                 1 ] [                 1 ]
bounce dynamic light [                on ] [                on ]
ambient light        [ 0.000 0.000 0.000 ] [ 0.000 0.000 0.000 ]
maximum light        [           255.000 ] [           256.000 ]
circus mode          [               off ] [               off ]

smoothing threshold  [            50.000 ] [            50.000 ]
direct threshold     [            25.000 ] [            25.000 ]
direct light scale   [             2.000 ] [             2.000 ]
coring threshold     [             1.000 ] [             1.000 ]
patch interpolation  [                on ] [                on ]

texscale             [                on ] [                on ]
patch subdividing    [                on ] [                on ]
chop value           [            64.000 ] [            64.000 ]
texchop value        [            32.000 ] [            32.000 ]

global fade          [             1.000 ] [             1.000 ]
global falloff       [                 2 ] [                 2 ]
global light scale   [ 1.000 1.000 1.000 ] [ 1.000 1.000 1.000 ]
global gamma         [ 0.500 0.500 0.500 ] [ 0.500 0.500 0.500 ]
global light scale   [             1.000 ] [             1.000 ]
global sky diffusion [             1.000 ] [             1.000 ]

opaque entities      [                on ] [                on ]
sky lighting fix     [                on ] [                on ]
incremental          [               off ] [               off ]
dump                 [               off ] [               off ]

colour jitter        [       0.0 0.0 0.0 ] [       0.0 0.0 0.0 ]
monochromatic jitter [       0.0 0.0 0.0 ] [       0.0 0.0 0.0 ]
softlight hack       [   0.0 0.0 0.0 0.0 ] [   0.0 0.0 0.0 0.0 ]
diffuse hack         [                on ] [                on ]
spotlight points     [                on ] [                on ]

custom shadows with bounce light
                     [               off ] [               off ]
rgb transfers        [               off ] [               off ]


21 faces
Create Patches : 267 base patches
0 opaque faces
3429 square feet [493778.84 square inches]
1 direct lights

BuildFacelights:
 (0.03 seconds)
visibility matrix   :   0.0 megs
BuildVisLeafs:
 (0.03 seconds)
MakeScales:
 (0.00 seconds)
SwapTransfers:
 (0.00 seconds)
Transfer Lists :       47968 :   47.97k transfers
       Indices :        6832 :    6.67k bytes
          Data :      191872 :  187.38k bytes
GatherLight:
 (0.00 seconds)
FinalLightFace:
 (0.02 seconds)
0.10 seconds elapsed

-----   END   hlrad -----



