17
37
4 0 14 (460.000000 -271.000000 223.000000) (-291.000000 -271.000000 223.000000) (-291.000000 -270.000000 223.000000) (460.000000 -270.000000 223.000000) 
4 0 2 (-291.000000 225.000000 223.000000) (-291.000000 226.000000 223.000000) (460.000000 226.000000 223.000000) (460.000000 225.000000 223.000000) 
4 0 15 (-291.000000 -271.000000 223.000000) (-292.000000 -271.000000 223.000000) (-292.000000 226.000000 223.000000) (-291.000000 226.000000 223.000000) 
4 0 1 (461.000000 -271.000000 223.000000) (460.000000 -271.000000 223.000000) (460.000000 226.000000 223.000000) (461.000000 226.000000 223.000000) 
4 1 16 (460.000000 226.000000 6.000000) (461.000000 226.000000 6.000000) (461.000000 -271.000000 6.000000) (460.000000 -271.000000 6.000000) 
4 1 14 (460.000000 -270.000000 6.000000) (460.000000 -271.000000 6.000000) (460.000000 -271.000000 223.000000) (460.000000 -270.000000 223.000000) 
4 1 2 (460.000000 226.000000 6.000000) (460.000000 225.000000 6.000000) (460.000000 225.000000 223.000000) (460.000000 226.000000 223.000000) 
4 2 16 (-291.000000 226.000000 6.000000) (460.000000 226.000000 6.000000) (460.000000 225.000000 6.000000) (-291.000000 225.000000 6.000000) 
4 2 15 (-291.000000 226.000000 223.000000) (-291.000000 226.000000 6.000000) (-291.000000 225.000000 6.000000) (-291.000000 225.000000 223.000000) 
4 3 9 (286.000000 128.000000 24.000000) (286.000000 128.000000 37.000000) (192.000000 128.000000 37.000000) (192.000000 128.000000 24.000000) 
4 3 11 (-192.000000 128.000000 6.000000) (286.000000 128.000000 6.000000) (286.000000 128.000000 24.000000) (-192.000000 128.000000 24.000000) 
4 3 6 (192.000000 128.000000 223.000000) (-192.000000 128.000000 223.000000) (-192.000000 128.000000 193.000000) (192.000000 128.000000 193.000000) 
4 3 5 (286.000000 128.000000 37.000000) (286.000000 128.000000 223.000000) (192.000000 128.000000 223.000000) (192.000000 128.000000 37.000000) 
4 3 12 (-291.000000 128.000000 6.000000) (-192.000000 128.000000 6.000000) (-192.000000 128.000000 223.000000) (-291.000000 128.000000 223.000000) 
4 3 4 (286.000000 128.000000 6.000000) (460.000000 128.000000 6.000000) (460.000000 128.000000 223.000000) (286.000000 128.000000 223.000000) 
4 4 13 (286.000000 -192.000000 6.000000) (460.000000 -192.000000 6.000000) (460.000000 -192.000000 223.000000) (286.000000 -192.000000 223.000000) 
4 4 10 (286.000000 -192.000000 24.000000) (286.000000 -192.000000 37.000000) (286.000000 -184.000000 37.000000) (286.000000 -184.000000 24.000000) 
4 4 9 (286.000000 120.000000 37.000000) (286.000000 128.000000 37.000000) (286.000000 128.000000 24.000000) (286.000000 120.000000 24.000000) 
4 4 11 (286.000000 128.000000 6.000000) (286.000000 -192.000000 6.000000) (286.000000 -192.000000 24.000000) (286.000000 128.000000 24.000000) 
4 4 5 (286.000000 -192.000000 37.000000) (286.000000 -192.000000 223.000000) (286.000000 128.000000 223.000000) (286.000000 128.000000 37.000000) 
4 5 13 (286.000000 -192.000000 37.000000) (286.000000 -192.000000 223.000000) (192.000000 -192.000000 223.000000) (192.000000 -192.000000 37.000000) 
4 5 10 (286.000000 -184.000000 37.000000) (286.000000 -192.000000 37.000000) (192.000000 -192.000000 37.000000) (192.000000 -184.000000 37.000000) 
4 5 9 (192.000000 128.000000 37.000000) (286.000000 128.000000 37.000000) (286.000000 120.000000 37.000000) (192.000000 120.000000 37.000000) 
4 5 7 (192.000000 -64.000000 65.000000) (192.000000 -64.000000 128.000000) (192.000000 0.000000 128.000000) (192.000000 0.000000 65.000000) 
4 5 6 (192.000000 128.000000 223.000000) (192.000000 128.000000 193.000000) (192.000000 -192.000000 193.000000) (192.000000 -192.000000 223.000000) 
4 6 13 (192.000000 -192.000000 223.000000) (-192.000000 -192.000000 223.000000) (-192.000000 -192.000000 193.000000) (192.000000 -192.000000 193.000000) 
4 6 12 (-192.000000 128.000000 223.000000) (-192.000000 128.000000 193.000000) (-192.000000 -192.000000 193.000000) (-192.000000 -192.000000 223.000000) 
4 7 8 (184.000000 0.000000 128.000000) (184.000000 0.000000 65.000000) (184.000000 -64.000000 65.000000) (184.000000 -64.000000 128.000000) 
4 9 11 (192.000000 120.000000 24.000000) (192.000000 128.000000 24.000000) (286.000000 128.000000 24.000000) (286.000000 120.000000 24.000000) 
4 10 13 (286.000000 -192.000000 24.000000) (286.000000 -192.000000 37.000000) (192.000000 -192.000000 37.000000) (192.000000 -192.000000 24.000000) 
4 10 11 (286.000000 -192.000000 24.000000) (192.000000 -192.000000 24.000000) (192.000000 -184.000000 24.000000) (286.000000 -184.000000 24.000000) 
4 11 13 (-192.000000 -192.000000 6.000000) (286.000000 -192.000000 6.000000) (286.000000 -192.000000 24.000000) (-192.000000 -192.000000 24.000000) 
4 11 12 (-192.000000 128.000000 24.000000) (-192.000000 128.000000 6.000000) (-192.000000 -192.000000 6.000000) (-192.000000 -192.000000 24.000000) 
4 12 13 (-291.000000 -192.000000 223.000000) (-291.000000 -192.000000 6.000000) (-192.000000 -192.000000 6.000000) (-192.000000 -192.000000 223.000000) 
4 14 16 (460.000000 -270.000000 6.000000) (460.000000 -271.000000 6.000000) (-291.000000 -271.000000 6.000000) (-291.000000 -270.000000 6.000000) 
4 14 15 (-291.000000 -270.000000 6.000000) (-291.000000 -271.000000 6.000000) (-291.000000 -271.000000 223.000000) (-291.000000 -270.000000 223.000000) 
4 15 16 (-292.000000 -271.000000 6.000000) (-292.000000 226.000000 6.000000) (-291.000000 226.000000 6.000000) (-291.000000 -271.000000 6.000000) 
