54
137
4 0 39 (552.000000 -346.000000 84.000000) (552.000000 -346.000000 88.000000) (-364.000000 -346.000000 88.000000) (-364.000000 -346.000000 84.000000) 
4 0 2 (-357.113007 127.235001 84.000000) (-357.113007 144.000000 84.000000) (545.112976 144.000000 84.000000) (545.112976 127.235001 84.000000) 
4 0 37 (-357.113007 -346.000000 84.000000) (-364.000000 -346.000000 84.000000) (-364.000000 144.000000 84.000000) (-357.113007 144.000000 84.000000) 
4 0 1 (552.000000 -346.000000 84.000000) (545.112976 -346.000000 84.000000) (545.112976 144.000000 84.000000) (552.000000 144.000000 84.000000) 
4 1 40 (552.000000 -346.000000 -80.000000) (552.000000 -346.000000 84.000000) (545.112976 -346.000000 84.000000) (545.112976 -346.000000 -80.000000) 
4 1 38 (552.000000 144.000000 -80.000000) (552.000000 -346.000000 -80.000000) (545.112976 -346.000000 -80.000000) (545.112976 144.000000 -80.000000) 
4 1 2 (545.112976 144.000000 -80.000000) (545.112976 127.235001 -80.000000) (545.112976 127.235001 84.000000) (545.112976 144.000000 84.000000) 
4 2 38 (-357.113007 127.235001 -80.000000) (-357.113007 144.000000 -80.000000) (545.112976 144.000000 -80.000000) (545.112976 127.235001 -80.000000) 
4 2 37 (-357.113007 144.000000 84.000000) (-357.113007 144.000000 -80.000000) (-357.113007 127.235001 -80.000000) (-357.113007 127.235001 84.000000) 
4 3 9 (32.000000 32.000000 -80.000000) (388.000000 32.000000 -80.000000) (388.000000 32.000000 84.000000) (32.000000 32.000000 84.000000) 
4 3 8 (388.000000 32.000000 -80.000000) (545.112976 32.000000 -80.000000) (545.112976 32.000000 84.000000) (388.000000 32.000000 84.000000) 
4 3 5 (32.000000 36.000000 48.000000) (32.000000 127.235001 48.000000) (32.000000 127.235001 -36.000000) (32.000000 36.000000 -36.000000) 
4 3 4 (32.000000 32.000000 48.000000) (32.000000 32.000000 84.000000) (32.000000 127.235001 84.000000) (32.000000 127.235001 48.000000) 
4 3 6 (32.000000 127.235001 -80.000000) (32.000000 32.000000 -80.000000) (32.000000 32.000000 -36.000000) (32.000000 127.235001 -36.000000) 
4 4 14 (-76.000000 32.000000 84.000000) (-212.000000 32.000000 84.000000) (-212.000000 32.000000 48.000000) (-76.000000 32.000000 48.000000) 
4 4 13 (32.000000 32.000000 48.000000) (32.000000 32.000000 84.000000) (-76.000000 32.000000 84.000000) (-76.000000 32.000000 48.000000) 
4 4 16 (-212.000000 32.000000 84.000000) (-320.000000 32.000000 84.000000) (-320.000000 32.000000 48.000000) (-212.000000 32.000000 48.000000) 
4 4 5 (-320.000000 36.000000 48.000000) (-320.000000 127.235001 48.000000) (32.000000 127.235001 48.000000) (32.000000 36.000000 48.000000) 
4 4 7 (-320.000000 127.235001 84.000000) (-320.000000 127.235001 48.000000) (-320.000000 32.000000 48.000000) (-320.000000 32.000000 84.000000) 
4 5 7 (-320.000000 127.235001 48.000000) (-320.000000 127.235001 -36.000000) (-320.000000 36.000000 -36.000000) (-320.000000 36.000000 48.000000) 
4 5 6 (-320.000000 127.235001 -36.000000) (32.000000 127.235001 -36.000000) (32.000000 36.000000 -36.000000) (-320.000000 36.000000 -36.000000) 
4 6 35 (-320.000000 32.000000 -80.000000) (32.000000 32.000000 -80.000000) (32.000000 32.000000 -36.000000) (-320.000000 32.000000 -36.000000) 
4 6 7 (-320.000000 127.235001 -36.000000) (-320.000000 127.235001 -80.000000) (-320.000000 32.000000 -80.000000) (-320.000000 32.000000 -36.000000) 
4 7 36 (-357.113007 32.000000 -80.000000) (-320.000000 32.000000 -80.000000) (-320.000000 32.000000 84.000000) (-357.113007 32.000000 84.000000) 
4 8 41 (545.112976 -346.000000 84.000000) (388.000000 -346.000000 84.000000) (388.000000 -346.000000 -80.000000) (545.112976 -346.000000 -80.000000) 
4 8 12 (388.000000 -320.000000 -80.000000) (388.000000 -346.000000 -80.000000) (388.000000 -346.000000 -36.000000) (388.000000 -320.000000 -36.000000) 
4 8 10 (388.000000 -346.000000 48.000000) (388.000000 -346.000000 84.000000) (388.000000 -320.000000 84.000000) (388.000000 -320.000000 48.000000) 
4 8 9 (388.000000 32.000000 -80.000000) (388.000000 -320.000000 -80.000000) (388.000000 -320.000000 84.000000) (388.000000 32.000000 84.000000) 
4 9 35 (32.000000 32.000000 -36.000000) (32.000000 32.000000 -80.000000) (32.000000 -320.000000 -80.000000) (32.000000 -320.000000 -36.000000) 
4 9 20 (32.000000 -218.000000 -32.000000) (32.000000 -320.000000 -32.000000) (32.000000 -320.000000 84.000000) (32.000000 -218.000000 84.000000) 
4 9 17 (32.000000 -112.000000 -32.000000) (32.000000 -218.000000 -32.000000) (32.000000 -218.000000 84.000000) (32.000000 -112.000000 84.000000) 
4 9 13 (32.000000 32.000000 84.000000) (32.000000 32.000000 -32.000000) (32.000000 -112.000000 -32.000000) (32.000000 -112.000000 84.000000) 
4 9 12 (32.000000 -320.000000 -36.000000) (32.000000 -320.000000 -80.000000) (388.000000 -320.000000 -80.000000) (388.000000 -320.000000 -36.000000) 
4 9 10 (388.000000 -320.000000 48.000000) (388.000000 -320.000000 84.000000) (384.000000 -320.000000 84.000000) (384.000000 -320.000000 48.000000) 
4 9 11 (32.000000 -320.000000 84.000000) (32.000000 -320.000000 -32.000000) (384.000000 -320.000000 -32.000000) (384.000000 -320.000000 84.000000) 
4 10 42 (388.000000 -346.000000 84.000000) (384.000000 -346.000000 84.000000) (384.000000 -346.000000 48.000000) (388.000000 -346.000000 48.000000) 
4 10 11 (384.000000 -320.000000 84.000000) (384.000000 -320.000000 48.000000) (384.000000 -346.000000 48.000000) (384.000000 -346.000000 84.000000) 
4 11 43 (384.000000 -346.000000 84.000000) (32.000000 -346.000000 84.000000) (32.000000 -346.000000 -32.000000) (384.000000 -346.000000 -32.000000) 
4 11 20 (32.000000 -346.000000 -32.000000) (32.000000 -346.000000 84.000000) (32.000000 -320.000000 84.000000) (32.000000 -320.000000 -32.000000) 
4 12 44 (32.000000 -346.000000 -36.000000) (32.000000 -346.000000 -80.000000) (388.000000 -346.000000 -80.000000) (388.000000 -346.000000 -36.000000) 
4 12 35 (32.000000 -320.000000 -80.000000) (32.000000 -346.000000 -80.000000) (32.000000 -346.000000 -36.000000) (32.000000 -320.000000 -36.000000) 
4 13 17 (-76.000000 -112.000000 -32.000000) (32.000000 -112.000000 -32.000000) (32.000000 -112.000000 84.000000) (-76.000000 -112.000000 84.000000) 
4 13 15 (-76.000000 -112.000000 32.000000) (-76.000000 -112.000000 84.000000) (-76.000000 -80.000000 84.000000) (-76.000000 -80.000000 32.000000) 
4 13 14 (-76.000000 -80.000000 84.000000) (-76.000000 32.000000 84.000000) (-76.000000 32.000000 -32.000000) (-76.000000 -80.000000 -32.000000) 
4 14 15 (-212.000000 -80.000000 84.000000) (-212.000000 -80.000000 32.000000) (-76.000000 -80.000000 32.000000) (-76.000000 -80.000000 84.000000) 
4 14 16 (-212.000000 32.000000 84.000000) (-212.000000 32.000000 -32.000000) (-212.000000 -80.000000 -32.000000) (-212.000000 -80.000000 84.000000) 
4 15 25 (-150.000000 -112.000000 84.000000) (-212.000000 -112.000000 84.000000) (-212.000000 -112.000000 32.000000) (-150.000000 -112.000000 32.000000) 
4 15 19 (-150.000000 -112.000000 56.000000) (-150.000000 -112.000000 32.000000) (-138.000000 -112.000000 32.000000) (-138.000000 -112.000000 56.000000) 
4 15 18 (-138.000000 -112.000000 84.000000) (-150.000000 -112.000000 84.000000) (-150.000000 -112.000000 56.000000) (-138.000000 -112.000000 56.000000) 
4 15 17 (-76.000000 -112.000000 32.000000) (-76.000000 -112.000000 84.000000) (-138.000000 -112.000000 84.000000) (-138.000000 -112.000000 32.000000) 
4 15 16 (-212.000000 -112.000000 32.000000) (-212.000000 -112.000000 84.000000) (-212.000000 -80.000000 84.000000) (-212.000000 -80.000000 32.000000) 
4 16 25 (-320.000000 -112.000000 84.000000) (-320.000000 -112.000000 -32.000000) (-212.000000 -112.000000 -32.000000) (-212.000000 -112.000000 84.000000) 
4 16 36 (-320.000000 -112.000000 84.000000) (-320.000000 32.000000 84.000000) (-320.000000 32.000000 -32.000000) (-320.000000 -112.000000 -32.000000) 
4 17 20 (-138.000000 -218.000000 -32.000000) (32.000000 -218.000000 -32.000000) (32.000000 -218.000000 84.000000) (-138.000000 -218.000000 84.000000) 
4 17 19 (-138.000000 -112.000000 56.000000) (-138.000000 -112.000000 -32.000000) (-138.000000 -206.000000 -32.000000) (-138.000000 -206.000000 56.000000) 
4 17 18 (-138.000000 -112.000000 84.000000) (-138.000000 -112.000000 56.000000) (-138.000000 -218.000000 56.000000) (-138.000000 -218.000000 84.000000) 
4 18 26 (-150.000000 -206.000000 56.000000) (-150.000000 -218.000000 56.000000) (-150.000000 -218.000000 84.000000) (-150.000000 -206.000000 84.000000) 
4 18 25 (-150.000000 -112.000000 84.000000) (-150.000000 -112.000000 56.000000) (-150.000000 -206.000000 56.000000) (-150.000000 -206.000000 84.000000) 
4 18 21 (-138.000000 -218.000000 56.000000) (-138.000000 -218.000000 84.000000) (-150.000000 -218.000000 84.000000) (-150.000000 -218.000000 56.000000) 
4 18 19 (-150.000000 -206.000000 56.000000) (-150.000000 -112.000000 56.000000) (-138.000000 -112.000000 56.000000) (-138.000000 -206.000000 56.000000) 
4 19 25 (-150.000000 -112.000000 56.000000) (-150.000000 -112.000000 -32.000000) (-150.000000 -206.000000 -32.000000) (-150.000000 -206.000000 56.000000) 
4 20 46 (32.000000 -346.000000 84.000000) (-138.000000 -346.000000 84.000000) (-138.000000 -346.000000 -32.000000) (32.000000 -346.000000 -32.000000) 
4 20 23 (-138.000000 -218.000000 48.000000) (-138.000000 -218.000000 -32.000000) (-138.000000 -334.000000 -32.000000) (-138.000000 -334.000000 48.000000) 
4 20 22 (-138.000000 -346.000000 56.000000) (-138.000000 -346.000000 84.000000) (-138.000000 -334.000000 84.000000) (-138.000000 -334.000000 56.000000) 
4 20 21 (-138.000000 -218.000000 84.000000) (-138.000000 -218.000000 48.000000) (-138.000000 -334.000000 48.000000) (-138.000000 -334.000000 84.000000) 
4 21 26 (-150.000000 -334.000000 84.000000) (-150.000000 -218.000000 84.000000) (-150.000000 -218.000000 48.000000) (-150.000000 -334.000000 48.000000) 
4 21 24 (-150.000000 -334.000000 48.000000) (-150.000000 -218.000000 48.000000) (-148.000000 -218.000000 48.000000) (-148.000000 -334.000000 48.000000) 
4 21 23 (-140.000000 -218.000000 48.000000) (-138.000000 -218.000000 48.000000) (-138.000000 -334.000000 48.000000) (-140.000000 -334.000000 48.000000) 
4 21 22 (-150.000000 -334.000000 84.000000) (-150.000000 -334.000000 56.000000) (-138.000000 -334.000000 56.000000) (-138.000000 -334.000000 84.000000) 
4 22 46 (-138.000000 -346.000000 84.000000) (-150.000000 -346.000000 84.000000) (-150.000000 -346.000000 56.000000) (-138.000000 -346.000000 56.000000) 
4 22 26 (-150.000000 -338.000000 84.000000) (-150.000000 -334.000000 84.000000) (-150.000000 -334.000000 56.000000) (-150.000000 -338.000000 56.000000) 
4 22 28 (-150.000000 -346.000000 56.000000) (-150.000000 -346.000000 84.000000) (-150.000000 -338.000000 84.000000) (-150.000000 -338.000000 56.000000) 
4 24 27 (-150.000000 -218.000000 -32.000000) (-150.000000 -334.000000 -32.000000) (-150.000000 -334.000000 5.224490) (-150.000000 -218.000000 5.224490) 
4 24 26 (-150.000000 -334.000000 5.224490) (-150.000000 -334.000000 48.000000) (-150.000000 -218.000000 48.000000) (-150.000000 -218.000000 5.224490) 
4 25 30 (-214.000000 -206.000000 5.224490) (-214.000000 -206.000000 6.000000) (-294.000000 -206.000000 6.000000) (-294.000000 -206.000000 5.224490) 
4 25 31 (-320.000000 -206.000000 6.000000) (-320.000000 -206.000000 -32.000000) (-294.000000 -206.000000 -32.000000) (-294.000000 -206.000000 6.000000) 
4 25 29 (-320.000000 -206.000000 84.000000) (-320.000000 -206.000000 6.000000) (-214.000000 -206.000000 6.000000) (-214.000000 -206.000000 84.000000) 
4 25 27 (-212.000000 -206.000000 -32.000000) (-150.000000 -206.000000 -32.000000) (-150.000000 -206.000000 5.224490) (-212.000000 -206.000000 5.224490) 
4 25 26 (-150.000000 -206.000000 5.224490) (-150.000000 -206.000000 84.000000) (-214.000000 -206.000000 84.000000) (-214.000000 -206.000000 5.224490) 
4 25 36 (-320.000000 -206.000000 84.000000) (-320.000000 -112.000000 84.000000) (-320.000000 -112.000000 -32.000000) (-320.000000 -206.000000 -32.000000) 
4 26 32 (-214.000000 -338.000000 5.224490) (-214.000000 -338.000000 6.000000) (-214.000000 -208.000000 6.000000) (-214.000000 -208.000000 5.224490) 
4 26 30 (-214.000000 -208.000000 6.000000) (-214.000000 -206.000000 6.000000) (-214.000000 -206.000000 5.224490) (-214.000000 -208.000000 5.224490) 
4 26 29 (-214.000000 -338.000000 6.000000) (-214.000000 -338.000000 84.000000) (-214.000000 -206.000000 84.000000) (-214.000000 -206.000000 6.000000) 
4 26 27 (-212.000000 -206.000000 5.224490) (-150.000000 -206.000000 5.224490) (-150.000000 -338.000000 5.224490) (-212.000000 -338.000000 5.224490) 
4 26 28 (-150.000000 -338.000000 5.224490) (-150.000000 -338.000000 84.000000) (-214.000000 -338.000000 84.000000) (-214.000000 -338.000000 5.224490) 
4 27 28 (-212.000000 -338.000000 -32.000000) (-150.000000 -338.000000 -32.000000) (-150.000000 -338.000000 5.224490) (-212.000000 -338.000000 5.224490) 
4 28 46 (-150.000000 -346.000000 84.000000) (-214.000000 -346.000000 84.000000) (-214.000000 -346.000000 -32.000000) (-150.000000 -346.000000 -32.000000) 
4 28 34 (-214.000000 -338.000000 -32.000000) (-214.000000 -346.000000 -32.000000) (-214.000000 -346.000000 84.000000) (-214.000000 -338.000000 84.000000) 
4 29 33 (-320.000000 -338.000000 6.000000) (-320.000000 -208.000000 6.000000) (-294.000000 -208.000000 6.000000) (-294.000000 -338.000000 6.000000) 
4 29 32 (-292.000000 -208.000000 6.000000) (-214.000000 -208.000000 6.000000) (-214.000000 -338.000000 6.000000) (-292.000000 -338.000000 6.000000) 
4 29 30 (-294.000000 -206.000000 6.000000) (-214.000000 -206.000000 6.000000) (-214.000000 -208.000000 6.000000) (-294.000000 -208.000000 6.000000) 
4 29 31 (-320.000000 -208.000000 6.000000) (-320.000000 -206.000000 6.000000) (-294.000000 -206.000000 6.000000) (-294.000000 -208.000000 6.000000) 
4 29 34 (-320.000000 -338.000000 84.000000) (-320.000000 -338.000000 6.000000) (-214.000000 -338.000000 6.000000) (-214.000000 -338.000000 84.000000) 
4 29 36 (-320.000000 -338.000000 84.000000) (-320.000000 -206.000000 84.000000) (-320.000000 -206.000000 6.000000) (-320.000000 -338.000000 6.000000) 
4 30 32 (-214.000000 -208.000000 5.224490) (-214.000000 -208.000000 6.000000) (-292.000000 -208.000000 6.000000) (-292.000000 -208.000000 5.224490) 
4 30 31 (-294.000000 -208.000000 5.224490) (-294.000000 -208.000000 6.000000) (-294.000000 -206.000000 6.000000) (-294.000000 -206.000000 5.224490) 
4 31 33 (-320.000000 -208.000000 6.000000) (-320.000000 -208.000000 -32.000000) (-294.000000 -208.000000 -32.000000) (-294.000000 -208.000000 6.000000) 
4 31 36 (-320.000000 -206.000000 6.000000) (-320.000000 -206.000000 -32.000000) (-320.000000 -208.000000 -32.000000) (-320.000000 -208.000000 6.000000) 
4 32 34 (-292.000000 -338.000000 -32.000000) (-214.000000 -338.000000 -32.000000) (-214.000000 -338.000000 6.000000) (-292.000000 -338.000000 6.000000) 
4 33 36 (-320.000000 -208.000000 -32.000000) (-320.000000 -338.000000 -32.000000) (-320.000000 -338.000000 6.000000) (-320.000000 -208.000000 6.000000) 
4 33 34 (-320.000000 -338.000000 6.000000) (-320.000000 -338.000000 -32.000000) (-294.000000 -338.000000 -32.000000) (-294.000000 -338.000000 6.000000) 
4 34 46 (-214.000000 -346.000000 84.000000) (-320.000000 -346.000000 84.000000) (-320.000000 -346.000000 -32.000000) (-214.000000 -346.000000 -32.000000) 
4 34 36 (-320.000000 -346.000000 -32.000000) (-320.000000 -346.000000 84.000000) (-320.000000 -338.000000 84.000000) (-320.000000 -338.000000 -32.000000) 
4 35 48 (-320.000000 -346.000000 -36.000000) (-320.000000 -346.000000 -80.000000) (32.000000 -346.000000 -80.000000) (32.000000 -346.000000 -36.000000) 
4 35 36 (-320.000000 32.000000 -80.000000) (-320.000000 -346.000000 -80.000000) (-320.000000 -346.000000 -36.000000) (-320.000000 32.000000 -36.000000) 
4 36 49 (-320.000000 -346.000000 84.000000) (-357.113007 -346.000000 84.000000) (-357.113007 -346.000000 -80.000000) (-320.000000 -346.000000 -80.000000) 
4 37 52 (-357.113007 -346.000000 84.000000) (-364.000000 -346.000000 84.000000) (-364.000000 -346.000000 -80.000000) (-357.113007 -346.000000 -80.000000) 
4 37 38 (-357.113007 -346.000000 -80.000000) (-364.000000 -346.000000 -80.000000) (-364.000000 144.000000 -80.000000) (-357.113007 144.000000 -80.000000) 
4 38 53 (552.000000 -346.000000 -84.000000) (552.000000 -346.000000 -80.000000) (-364.000000 -346.000000 -80.000000) (-364.000000 -346.000000 -84.000000) 
4 39 51 (545.112976 -996.000000 84.000000) (-357.113007 -996.000000 84.000000) (-357.113007 -979.234985 84.000000) (545.112976 -979.234985 84.000000) 
4 39 52 (-357.113007 -996.000000 84.000000) (-364.000000 -996.000000 84.000000) (-364.000000 -346.000000 84.000000) (-357.113007 -346.000000 84.000000) 
4 39 40 (552.000000 -996.000000 84.000000) (545.112976 -996.000000 84.000000) (545.112976 -346.000000 84.000000) (552.000000 -346.000000 84.000000) 
4 40 53 (545.112976 -346.000000 -80.000000) (552.000000 -346.000000 -80.000000) (552.000000 -996.000000 -80.000000) (545.112976 -996.000000 -80.000000) 
4 40 51 (545.112976 -979.234985 -80.000000) (545.112976 -996.000000 -80.000000) (545.112976 -996.000000 84.000000) (545.112976 -979.234985 84.000000) 
4 41 50 (388.000000 -676.000000 -80.000000) (545.112976 -676.000000 -80.000000) (545.112976 -676.000000 84.000000) (388.000000 -676.000000 84.000000) 
4 41 44 (388.000000 -346.000000 -80.000000) (388.000000 -672.000000 -80.000000) (388.000000 -672.000000 -36.000000) (388.000000 -346.000000 -36.000000) 
4 41 42 (388.000000 -672.000000 48.000000) (388.000000 -672.000000 84.000000) (388.000000 -346.000000 84.000000) (388.000000 -346.000000 48.000000) 
4 41 45 (388.000000 -672.000000 -80.000000) (388.000000 -676.000000 -80.000000) (388.000000 -676.000000 84.000000) (388.000000 -672.000000 84.000000) 
4 42 43 (384.000000 -346.000000 84.000000) (384.000000 -346.000000 48.000000) (384.000000 -672.000000 48.000000) (384.000000 -672.000000 84.000000) 
4 42 45 (388.000000 -672.000000 48.000000) (388.000000 -672.000000 84.000000) (384.000000 -672.000000 84.000000) (384.000000 -672.000000 48.000000) 
4 43 46 (32.000000 -346.000000 84.000000) (32.000000 -346.000000 -32.000000) (32.000000 -672.000000 -32.000000) (32.000000 -672.000000 84.000000) 
4 43 45 (32.000000 -672.000000 84.000000) (32.000000 -672.000000 -32.000000) (384.000000 -672.000000 -32.000000) (384.000000 -672.000000 84.000000) 
4 44 48 (32.000000 -346.000000 -36.000000) (32.000000 -346.000000 -80.000000) (32.000000 -672.000000 -80.000000) (32.000000 -672.000000 -36.000000) 
4 44 45 (32.000000 -672.000000 -36.000000) (32.000000 -672.000000 -80.000000) (388.000000 -672.000000 -80.000000) (388.000000 -672.000000 -36.000000) 
4 45 50 (32.000000 -676.000000 -80.000000) (388.000000 -676.000000 -80.000000) (388.000000 -676.000000 84.000000) (32.000000 -676.000000 84.000000) 
4 45 48 (32.000000 -672.000000 -80.000000) (32.000000 -676.000000 -80.000000) (32.000000 -676.000000 -36.000000) (32.000000 -672.000000 -36.000000) 
4 45 47 (32.000000 -676.000000 48.000000) (32.000000 -676.000000 84.000000) (32.000000 -672.000000 84.000000) (32.000000 -672.000000 48.000000) 
4 46 47 (-320.000000 -672.000000 84.000000) (-320.000000 -672.000000 48.000000) (32.000000 -672.000000 48.000000) (32.000000 -672.000000 84.000000) 
4 46 49 (-320.000000 -672.000000 84.000000) (-320.000000 -346.000000 84.000000) (-320.000000 -346.000000 -32.000000) (-320.000000 -672.000000 -32.000000) 
4 47 50 (32.000000 -676.000000 48.000000) (32.000000 -676.000000 84.000000) (-320.000000 -676.000000 84.000000) (-320.000000 -676.000000 48.000000) 
4 47 49 (-320.000000 -676.000000 48.000000) (-320.000000 -676.000000 84.000000) (-320.000000 -672.000000 84.000000) (-320.000000 -672.000000 48.000000) 
4 48 50 (-320.000000 -676.000000 -80.000000) (32.000000 -676.000000 -80.000000) (32.000000 -676.000000 -36.000000) (-320.000000 -676.000000 -36.000000) 
4 48 49 (-320.000000 -346.000000 -80.000000) (-320.000000 -676.000000 -80.000000) (-320.000000 -676.000000 -36.000000) (-320.000000 -346.000000 -36.000000) 
4 49 50 (-357.113007 -676.000000 -80.000000) (-320.000000 -676.000000 -80.000000) (-320.000000 -676.000000 84.000000) (-357.113007 -676.000000 84.000000) 
4 51 53 (545.112976 -979.234985 -80.000000) (545.112976 -996.000000 -80.000000) (-357.113007 -996.000000 -80.000000) (-357.113007 -979.234985 -80.000000) 
4 51 52 (-357.113007 -979.234985 -80.000000) (-357.113007 -996.000000 -80.000000) (-357.113007 -996.000000 84.000000) (-357.113007 -979.234985 84.000000) 
4 52 53 (-364.000000 -996.000000 -80.000000) (-364.000000 -346.000000 -80.000000) (-357.113007 -346.000000 -80.000000) (-357.113007 -996.000000 -80.000000) 
