hlcsg v3.4 Final (Jul  3 2017)
Zoner's Half-Life Compilation Tools -- Custom Build
Based on code modifications by Sean 'Zoner' Cavanaugh
Based on Valve's version, modified with permission.
Submit detailed bug reports to (amckern@yahoo.com)
-----  BEGIN  hlcsg -----
Command line: /home/moto/Compilers/Mapping/HL/build/hlcsg /home/moto/requiem/pc/req/maps/tp 
Entering /home/moto/requiem/pc/req/maps/tp.map

Current hlcsg Settings
Name                 |  Setting  |  Default
---------------------|-----------|-------------------------
threads               [       1 ] [       1 ]
verbose               [     off ] [     off ]
log                   [      on ] [      on ]
developer             [       0 ] [       0 ]
chart                 [     off ] [     off ]
estimate              [      on ] [      on ]
max texture memory    [ 4194304 ] [ 4194304 ]
max lighting memory   [ 6291456 ] [ 6291456 ]
priority              [  Normal ] [  Normal ]

noclip                [     off ] [     off ]
null texture stripping[      on ] [      on ]
clipnode economy mode [      on ] [      on ]
clip hull type        [  legacy ] [  legacy ]
onlyents              [     off ] [     off ]
wadtextures           [      on ] [      on ]
skyclip               [      on ] [      on ]
hullfile              [    None ] [    None ]
nullfile              [    None ] [    None ]
min surface area      [   0.500 ] [   0.500 ]
brush union threshold [   0.000 ] [   0.000 ]

Using mapfile wad configuration
Wadinclude list :
[zhlt.wad]

0 brushes (totalling 0 sides) discarded from clipping hulls
CreateBrush:
 (0.01 seconds)
SetModelCenters:
 (0.00 seconds)
CSGBrush:
 (0.01 seconds)

Using Wadfile: /home/moto/requiem/pc/req/textures/Example_01.wad
 - Contains 0 used textures, 0.00 percent of map (15 textures in wad)
Using Wadfile: /home/moto/requiem/pc/req/textures/U-Bahn.wad
 - Contains 0 used textures, 0.00 percent of map (8 textures in wad)
Using Wadfile: /home/moto/requiem/pc/req/textures/Waw_hlwad.wad
 - Contains 0 used textures, 0.00 percent of map (157 textures in wad)
Using Wadfile: /home/moto/requiem/pc/req/textures/bo2.wad
 - Contains 0 used textures, 0.00 percent of map (60 textures in wad)
Using Wadfile: /home/moto/requiem/pc/req/textures/de_bikinibottom.wad
 - Warning: Larger than expected texture (348972 bytes): 'SB_METWALL'
 - Warning: Larger than expected texture (348972 bytes): 'SB_METWALL2'
 - Contains 0 used textures, 0.00 percent of map (55 textures in wad)
Using Wadfile: /home/moto/requiem/pc/req/textures/der_riese.wad
 - Contains 1 used texture, 100.00 percent of map (24 textures in wad)
Using Wadfile: /home/moto/requiem/pc/req/textures/minecraft.wad
 - Contains 0 used textures, 0.00 percent of map (15 textures in wad)
Using Wadfile: /home/moto/requiem/pc/req/textures/nzphlwad.wad
 - Contains 0 used textures, 0.00 percent of map (103 textures in wad)
Including Wadfile: /home/moto/requiem/pc/req/textures/zhlt.wad
 - Contains 0 used textures, 0.00 percent of map (18 textures in wad)

Warning: More than 8 wadfiles are in use. (9)
This may be harmless, and if no strange side effects are occurring, then
it can safely be ignored. However, if your map starts exhibiting strange
or obscure errors, consider this as suspect.


Texture usage is at 0.02 mb (of 4.00 mb MAX)
0.02 seconds elapsed

-----   END   hlcsg -----



hlbsp v3.4 Final (Jul  3 2017)
Zoner's Half-Life Compilation Tools -- Custom Build
Based on code modifications by Sean 'Zoner' Cavanaugh
Based on Valve's version, modified with permission.
Submit detailed bug reports to (amckern@yahoo.com)
-----  BEGIN  hlbsp -----
Command line: /home/moto/Compilers/Mapping/HL/build/hlbsp /home/moto/requiem/pc/req/maps/tp 

Current hlbsp Settings
Name               |  Setting  |  Default
-------------------|-----------|-------------------------
threads             [       1 ] [       1 ]
verbose             [     off ] [     off ]
log                 [      on ] [      on ]
developer           [       0 ] [       0 ]
chart               [     off ] [     off ]
estimate            [      on ] [      on ]
max texture memory  [ 4194304 ] [ 4194304 ]
priority            [  Normal ] [  Normal ]

noclip              [     off ] [     off ]
nofill              [     off ] [     off ]
noopt               [     off ] [     off ]
null tex. stripping [      on ] [      on ]
notjunc             [     off ] [     off ]
subdivide size      [     240 ] [     240 ] (Min 64) (Max 512)
max node size       [    1024 ] [    1024 ] (Min 64) (Max 8192)


SolidBSP [hull 0] 13 (0.00 seconds)
BSP generation successful, writing portal file '/home/moto/requiem/pc/req/maps/tp.prt'
SolidBSP [hull 1] 13 (0.00 seconds)
SolidBSP [hull 2] 13 (0.00 seconds)
SolidBSP [hull 3] 13 (0.00 seconds)
0.02 seconds elapsed

-----   END   hlbsp -----



hlvis v3.4 Final (Jul  3 2017)
Zoner's Half-Life Compilation Tools -- Custom Build
Based on code modifications by Sean 'Zoner' Cavanaugh
Based on Valve's version, modified with permission.
Submit detailed bug reports to (amckern@yahoo.com)
-----  BEGIN  hlvis -----
Command line: /home/moto/Compilers/Mapping/HL/build/hlvis /home/moto/requiem/pc/req/maps/tp 
   1 portalleafs
   0 numportals

-= Current hlvis Settings =-
Name               |  Setting  |  Default
-------------------|-----------|-------------------------
threads             [       1 ] [       1 ]
verbose             [     off ] [     off ]
log                 [      on ] [      on ]
developer           [       0 ] [       0 ]
chart               [     off ] [     off ]
estimate            [      on ] [      on ]
max texture memory  [ 4194304 ] [ 4194304 ]
max vis distance    [       0 ] [       0 ]
priority            [  Normal ] [  Normal ]

fast vis            [     off ] [     off ]
full vis            [     off ] [     off ]


BasePortalVis:
 (0.00 seconds)
LeafThread:
 (0.00 seconds)
average leafs visible: 0
g_visdatasize:3  compressed from 1
0.01 seconds elapsed

-----   END   hlvis -----



hlrad v3.4 Final (Jul  3 2017)
Zoner's Half-Life Compilation Tools -- Custom Build
Based on code modifications by Sean 'Zoner' Cavanaugh
Based on Valve's version, modified with permission.
Submit detailed bug reports to (amckern@yahoo.com)
-----  BEGIN  hlrad -----
Command line: /home/moto/Compilers/Mapping/HL/build/hlrad /home/moto/requiem/pc/req/maps/tp 

-= Current hlrad Settings =-
Name                | Setting             | Default
--------------------|---------------------|-------------------------
threads              [                 1 ] [                 1 ]
verbose              [               off ] [               off ]
log                  [                on ] [                on ]
developer            [                 0 ] [                 0 ]
chart                [               off ] [               off ]
estimate             [                on ] [                on ]
max texture memory   [           4194304 ] [           4194304 ]
max lighting memory  [           6291456 ] [           6291456 ]
priority             [            Normal ] [            Normal ]

vismatrix algorithm  [          Original ] [          Original ]
oversampling (-extra)[               off ] [               off ]
bounces              [                 1 ] [                 1 ]
bounce dynamic light [                on ] [                on ]
ambient light        [ 0.000 0.000 0.000 ] [ 0.000 0.000 0.000 ]
maximum light        [           255.000 ] [           256.000 ]
circus mode          [               off ] [               off ]

smoothing threshold  [            50.000 ] [            50.000 ]
direct threshold     [            25.000 ] [            25.000 ]
direct light scale   [             2.000 ] [             2.000 ]
coring threshold     [             1.000 ] [             1.000 ]
patch interpolation  [                on ] [                on ]

texscale             [                on ] [                on ]
patch subdividing    [                on ] [                on ]
chop value           [            64.000 ] [            64.000 ]
texchop value        [            32.000 ] [            32.000 ]

global fade          [             1.000 ] [             1.000 ]
global falloff       [                 2 ] [                 2 ]
global light scale   [ 1.000 1.000 1.000 ] [ 1.000 1.000 1.000 ]
global gamma         [ 0.500 0.500 0.500 ] [ 0.500 0.500 0.500 ]
global light scale   [             1.000 ] [             1.000 ]
global sky diffusion [             1.000 ] [             1.000 ]

opaque entities      [                on ] [                on ]
sky lighting fix     [                on ] [                on ]
incremental          [               off ] [               off ]
dump                 [               off ] [               off ]

colour jitter        [       0.0 0.0 0.0 ] [       0.0 0.0 0.0 ]
monochromatic jitter [       0.0 0.0 0.0 ] [       0.0 0.0 0.0 ]
softlight hack       [   0.0 0.0 0.0 0.0 ] [   0.0 0.0 0.0 0.0 ]
diffuse hack         [                on ] [                on ]
spotlight points     [                on ] [                on ]

custom shadows with bounce light
                     [               off ] [               off ]
rgb transfers        [               off ] [               off ]


52 faces
Create Patches : 562 base patches
0 opaque faces
9453 square feet [1361262.62 square inches]
5 direct lights

BuildFacelights:
 (0.10 seconds)
visibility matrix   :   0.0 megs
BuildVisLeafs:
 (0.02 seconds)
MakeScales:
 (0.04 seconds)
SwapTransfers:
 (0.01 seconds)
Transfer Lists :      256034 :  256.03k transfers
       Indices :        3600 :    3.52k bytes
          Data :     1024136 : 1000.13k bytes
GatherLight:
 (0.01 seconds)
FinalLightFace:
 (0.06 seconds)
0.26 seconds elapsed

-----   END   hlrad -----



