hlcsg v3.4 Final (Jul  3 2017)
Zoner's Half-Life Compilation Tools -- Custom Build
Based on code modifications by Sean 'Zoner' Cavanaugh
Based on Valve's version, modified with permission.
Submit detailed bug reports to (amckern@yahoo.com)
-----  BEGIN  hlcsg -----
Command line: /home/moto/Compilers/Mapping/HL/build/hlcsg /home/moto/requiem/pc/req/maps/wahnsinn 
Entering /home/moto/requiem/pc/req/maps/wahnsinn.map

Current hlcsg Settings
Name                 |  Setting  |  Default
---------------------|-----------|-------------------------
threads               [       1 ] [       1 ]
verbose               [     off ] [     off ]
log                   [      on ] [      on ]
developer             [       0 ] [       0 ]
chart                 [     off ] [     off ]
estimate              [      on ] [      on ]
max texture memory    [ 4194304 ] [ 4194304 ]
max lighting memory   [ 6291456 ] [ 6291456 ]
priority              [  Normal ] [  Normal ]

noclip                [     off ] [     off ]
null texture stripping[      on ] [      on ]
clipnode economy mode [      on ] [      on ]
clip hull type        [  legacy ] [  legacy ]
onlyents              [     off ] [     off ]
wadtextures           [      on ] [      on ]
skyclip               [      on ] [      on ]
hullfile              [    None ] [    None ]
nullfile              [    None ] [    None ]
min surface area      [   0.500 ] [   0.500 ]
brush union threshold [   0.000 ] [   0.000 ]

Using mapfile wad configuration
Wadinclude list :
[zhlt.wad]

51 brushes (totalling 272 sides) discarded from clipping hulls
CreateBrush:
 (1.38 seconds)
SetModelCenters:
 (0.00 seconds)
CSGBrush:
 (2.02 seconds)

Using Wadfile: /home/moto/NZP_maps/Example_01.wad
 - Contains 7 used textures, 13.73 percent of map (15 textures in wad)
Using Wadfile: /home/moto/NZP_maps/GAOL.wad
 - Contains 0 used textures, 0.00 percent of map (32 textures in wad)
Using Wadfile: /home/moto/NZP_maps/Ju[s]tice_null2.wad
 - Contains 43 used textures, 84.31 percent of map (938 textures in wad)
Using Wadfile: /home/moto/NZP_maps/L4QNewest.wad
 - Contains 0 used textures, 0.00 percent of map (225 textures in wad)
Using Wadfile: /home/moto/NZP_maps/U-Bahn.wad
 - Contains 0 used textures, 0.00 percent of map (8 textures in wad)
Using Wadfile: /home/moto/NZP_maps/nzphlwad.wad
 - Contains 1 used texture, 1.96 percent of map (103 textures in wad)
Using Wadfile: /home/moto/NZP_maps/verruckt.wad
 - Warning: Larger than expected texture (348972 bytes): 'WARNING_METAL'
 - Warning: Larger than expected texture (348972 bytes): 'WHITE_ASPHALT'
 - Warning: Larger than expected texture (348972 bytes): 'AABERLIN'
 - Warning: Larger than expected texture (348972 bytes): 'AALIBERTY'
 - Warning: Larger than expected texture (348972 bytes): 'AAPARIS'
 - Warning: Larger than expected texture (348972 bytes): 'ASPHALT'
 - Warning: Larger than expected texture (348972 bytes): 'FANCY_DOOR_INDE'
 - Warning: Larger than expected texture (348972 bytes): 'INTRO_IMAGES_IN'
 - Warning: Larger than expected texture (348972 bytes): 'SIDEWALK'
 - Contains 0 used textures, 0.00 percent of map (107 textures in wad)
Including Wadfile: /home/moto/NZP_maps/zhlt.wad
 - Contains 0 used textures, 0.00 percent of map (18 textures in wad)

Texture usage is at 0.32 mb (of 4.00 mb MAX)
3.50 seconds elapsed

-----   END   hlcsg -----



hlbsp v3.4 Final (Jul  3 2017)
Zoner's Half-Life Compilation Tools -- Custom Build
Based on code modifications by Sean 'Zoner' Cavanaugh
Based on Valve's version, modified with permission.
Submit detailed bug reports to (amckern@yahoo.com)
-----  BEGIN  hlbsp -----
Command line: /home/moto/Compilers/Mapping/HL/build/hlbsp /home/moto/requiem/pc/req/maps/wahnsinn 

Current hlbsp Settings
Name               |  Setting  |  Default
-------------------|-----------|-------------------------
threads             [       1 ] [       1 ]
verbose             [     off ] [     off ]
log                 [      on ] [      on ]
developer           [       0 ] [       0 ]
chart               [     off ] [     off ]
estimate            [      on ] [      on ]
max texture memory  [ 4194304 ] [ 4194304 ]
priority            [  Normal ] [  Normal ]

noclip              [     off ] [     off ]
nofill              [     off ] [     off ]
noopt               [     off ] [     off ]
null tex. stripping [      on ] [      on ]
notjunc             [     off ] [     off ]
subdivide size      [     240 ] [     240 ] (Min 64) (Max 512)
max node size       [    1024 ] [    1024 ] (Min 64) (Max 8192)


SolidBSP [hull 0] 500...1000...1500...2000...2500...2862 (0.31 seconds)
BSP generation successful, writing portal file '/home/moto/requiem/pc/req/maps/wahnsinn.prt'
SolidBSP [hull 1] 500...1000...1500...2000...2500...3000...3500...4000...4225 (0.72 seconds)
SolidBSP [hull 2] 500...1000...1500...2000...2500...3000...3500...3823 (0.63 seconds)
SolidBSP [hull 3] 500...1000...1500...2000...2500...3000...3500...4000...4500...4502 (0.87 seconds)
4.10 seconds elapsed

-----   END   hlbsp -----



hlvis v3.4 Final (Jul  3 2017)
Zoner's Half-Life Compilation Tools -- Custom Build
Based on code modifications by Sean 'Zoner' Cavanaugh
Based on Valve's version, modified with permission.
Submit detailed bug reports to (amckern@yahoo.com)
-----  BEGIN  hlvis -----
Command line: /home/moto/Compilers/Mapping/HL/build/hlvis /home/moto/requiem/pc/req/maps/wahnsinn 
1647 portalleafs
4795 numportals

-= Current hlvis Settings =-
Name               |  Setting  |  Default
-------------------|-----------|-------------------------
threads             [       1 ] [       1 ]
verbose             [     off ] [     off ]
log                 [      on ] [      on ]
developer           [       0 ] [       0 ]
chart               [     off ] [     off ]
estimate            [      on ] [      on ]
max texture memory  [ 4194304 ] [ 4194304 ]
max vis distance    [       0 ] [       0 ]
priority            [  Normal ] [  Normal ]

fast vis            [     off ] [     off ]
full vis            [     off ] [     off ]


BasePortalVis:
 (6.48 seconds)
LeafThread:
 (1314.56 seconds)
average leafs visible: 155
g_visdatasize:154275  compressed from 339282
1321.16 seconds elapsed [22m 1s]

-----   END   hlvis -----



hlrad v3.4 Final (Jul  3 2017)
Zoner's Half-Life Compilation Tools -- Custom Build
Based on code modifications by Sean 'Zoner' Cavanaugh
Based on Valve's version, modified with permission.
Submit detailed bug reports to (amckern@yahoo.com)
-----  BEGIN  hlrad -----
Command line: /home/moto/Compilers/Mapping/HL/build/hlrad /home/moto/requiem/pc/req/maps/wahnsinn 

-= Current hlrad Settings =-
Name                | Setting             | Default
--------------------|---------------------|-------------------------
threads              [                 1 ] [                 1 ]
verbose              [               off ] [               off ]
log                  [                on ] [                on ]
developer            [                 0 ] [                 0 ]
chart                [               off ] [               off ]
estimate             [                on ] [                on ]
max texture memory   [           4194304 ] [           4194304 ]
max lighting memory  [           6291456 ] [           6291456 ]
priority             [            Normal ] [            Normal ]

vismatrix algorithm  [          Original ] [          Original ]
oversampling (-extra)[               off ] [               off ]
bounces              [                 1 ] [                 1 ]
bounce dynamic light [                on ] [                on ]
ambient light        [ 0.000 0.000 0.000 ] [ 0.000 0.000 0.000 ]
maximum light        [           255.000 ] [           256.000 ]
circus mode          [               off ] [               off ]

smoothing threshold  [            50.000 ] [            50.000 ]
direct threshold     [            25.000 ] [            25.000 ]
direct light scale   [             2.000 ] [             2.000 ]
coring threshold     [             1.000 ] [             1.000 ]
patch interpolation  [                on ] [                on ]

texscale             [                on ] [                on ]
patch subdividing    [                on ] [                on ]
chop value           [            64.000 ] [            64.000 ]
texchop value        [            32.000 ] [            32.000 ]

global fade          [             1.000 ] [             1.000 ]
global falloff       [                 2 ] [                 2 ]
global light scale   [ 1.000 1.000 1.000 ] [ 1.000 1.000 1.000 ]
global gamma         [ 0.500 0.500 0.500 ] [ 0.500 0.500 0.500 ]
global light scale   [             1.000 ] [             1.000 ]
global sky diffusion [             1.000 ] [             1.000 ]

opaque entities      [                on ] [                on ]
sky lighting fix     [                on ] [                on ]
incremental          [               off ] [               off ]
dump                 [               off ] [               off ]

colour jitter        [       0.0 0.0 0.0 ] [       0.0 0.0 0.0 ]
monochromatic jitter [       0.0 0.0 0.0 ] [       0.0 0.0 0.0 ]
softlight hack       [   0.0 0.0 0.0 0.0 ] [   0.0 0.0 0.0 0.0 ]
diffuse hack         [                on ] [                on ]
spotlight points     [                on ] [                on ]

custom shadows with bounce light
                     [               off ] [               off ]
rgb transfers        [               off ] [               off ]


4234 faces
Create Patches : 23023 base patches
0 opaque faces
161923 square feet [23316956.00 square inches]
29 direct lights

BuildFacelights:
 (39.72 seconds)
visibility matrix   :  31.6 megs
BuildVisLeafs:
 (31.08 seconds)
MakeScales:
 (15.04 seconds)
SwapTransfers:
 (2.92 seconds)
Transfer Lists :     9733534 :    9.73M transfers
       Indices :     6734608 :    6.42M bytes
          Data :    38934136 :   37.13M bytes
GatherLight:
 (1.64 seconds)
FinalLightFace:
 (1.33 seconds)
92.15 seconds elapsed [1m 32s]

-----   END   hlrad -----



