34
76
4 0 19 (-350.000000 -638.000000 -89.000000) (-350.000000 -638.000000 -88.000000) (-350.000000 177.000000 -88.000000) (-350.000000 177.000000 -89.000000) 
4 0 2 (253.000000 176.000000 -89.000000) (253.000000 -637.000000 -89.000000) (252.000000 -637.000000 -89.000000) (252.000000 176.000000 -89.000000) 
4 0 1 (253.000000 177.000000 -89.000000) (253.000000 176.000000 -89.000000) (-350.000000 176.000000 -89.000000) (-350.000000 177.000000 -89.000000) 
4 0 17 (253.000000 -637.000000 -89.000000) (253.000000 -638.000000 -89.000000) (-350.000000 -638.000000 -89.000000) (-350.000000 -637.000000 -89.000000) 
4 1 20 (-350.000000 176.000000 -89.000000) (-350.000000 177.000000 -89.000000) (-350.000000 177.000000 -387.000000) (-350.000000 176.000000 -387.000000) 
4 1 18 (-350.000000 176.000000 -387.000000) (-350.000000 177.000000 -387.000000) (253.000000 177.000000 -387.000000) (253.000000 176.000000 -387.000000) 
4 1 2 (252.000000 176.000000 -387.000000) (253.000000 176.000000 -387.000000) (253.000000 176.000000 -89.000000) (252.000000 176.000000 -89.000000) 
4 2 18 (252.000000 176.000000 -387.000000) (253.000000 176.000000 -387.000000) (253.000000 -637.000000 -387.000000) (252.000000 -637.000000 -387.000000) 
4 2 17 (252.000000 -637.000000 -387.000000) (253.000000 -637.000000 -387.000000) (253.000000 -637.000000 -89.000000) (252.000000 -637.000000 -89.000000) 
4 3 15 (-45.000000 -384.000000 -387.000000) (-45.000000 -392.000000 -387.000000) (-45.000000 -392.000000 -332.000000) (-45.000000 -384.000000 -332.000000) 
4 3 16 (-45.000000 -392.000000 -387.000000) (-45.000000 -637.000000 -387.000000) (-45.000000 -637.000000 -184.000000) (-45.000000 -392.000000 -184.000000) 
4 3 14 (-45.000000 -637.000000 -184.000000) (-45.000000 -637.000000 -89.000000) (-45.000000 -384.000000 -89.000000) (-45.000000 -384.000000 -184.000000) 
4 3 6 (-45.000000 32.000000 -387.000000) (-45.000000 -384.000000 -387.000000) (-45.000000 -384.000000 -332.000000) (-45.000000 32.000000 -332.000000) 
4 3 5 (-45.000000 -384.000000 -184.000000) (-45.000000 -384.000000 -89.000000) (-45.000000 32.000000 -89.000000) (-45.000000 32.000000 -184.000000) 
4 3 4 (-45.000000 176.000000 -387.000000) (-45.000000 32.000000 -387.000000) (-45.000000 32.000000 -89.000000) (-45.000000 176.000000 -89.000000) 
4 4 21 (-350.000000 32.000000 -89.000000) (-350.000000 176.000000 -89.000000) (-350.000000 176.000000 -387.000000) (-350.000000 32.000000 -387.000000) 
4 4 8 (-350.000000 32.000000 -387.000000) (-53.000000 32.000000 -387.000000) (-53.000000 32.000000 -332.000000) (-350.000000 32.000000 -332.000000) 
4 4 7 (-53.000000 32.000000 -320.000000) (-53.000000 32.000000 -184.000000) (-350.000000 32.000000 -184.000000) (-350.000000 32.000000 -320.000000) 
4 4 6 (-53.000000 32.000000 -387.000000) (-45.000000 32.000000 -387.000000) (-45.000000 32.000000 -332.000000) (-53.000000 32.000000 -332.000000) 
4 4 5 (-45.000000 32.000000 -184.000000) (-45.000000 32.000000 -89.000000) (-350.000000 32.000000 -89.000000) (-350.000000 32.000000 -184.000000) 
4 5 22 (-350.000000 -384.000000 -89.000000) (-350.000000 32.000000 -89.000000) (-350.000000 32.000000 -184.000000) (-350.000000 -384.000000 -184.000000) 
4 5 14 (-350.000000 -384.000000 -89.000000) (-350.000000 -384.000000 -184.000000) (-45.000000 -384.000000 -184.000000) (-45.000000 -384.000000 -89.000000) 
4 5 12 (-326.000000 -384.000000 -184.000000) (-350.000000 -384.000000 -184.000000) (-350.000000 -383.796997 -184.000000) (-326.000000 -383.796997 -184.000000) 
4 5 11 (-270.000000 -384.000000 -184.000000) (-326.000000 -384.000000 -184.000000) (-326.000000 -367.796997 -184.000000) (-270.000000 -367.796997 -184.000000) 
4 5 10 (-246.000000 -384.000000 -184.000000) (-270.000000 -384.000000 -184.000000) (-270.000000 -383.796997 -184.000000) (-246.000000 -383.796997 -184.000000) 
4 5 9 (-53.000000 -384.000000 -184.000000) (-246.000000 -384.000000 -184.000000) (-246.000000 -367.796997 -184.000000) (-53.000000 -367.796997 -184.000000) 
4 5 7 (-350.000000 -367.796997 -184.000000) (-350.000000 32.000000 -184.000000) (-53.000000 32.000000 -184.000000) (-53.000000 -367.796997 -184.000000) 
4 6 15 (-53.000000 -384.000000 -387.000000) (-45.000000 -384.000000 -387.000000) (-45.000000 -384.000000 -332.000000) (-53.000000 -384.000000 -332.000000) 
4 6 13 (-53.000000 -367.796997 -387.000000) (-53.000000 -384.000000 -387.000000) (-53.000000 -384.000000 -332.000000) (-53.000000 -367.796997 -332.000000) 
4 6 8 (-53.000000 32.000000 -332.000000) (-53.000000 32.000000 -387.000000) (-53.000000 -367.796997 -387.000000) (-53.000000 -367.796997 -332.000000) 
4 7 22 (-350.000000 32.000000 -184.000000) (-350.000000 32.000000 -320.000000) (-350.000000 -367.796997 -320.000000) (-350.000000 -367.796997 -184.000000) 
4 7 11 (-270.000000 -367.796997 -184.000000) (-326.000000 -367.796997 -184.000000) (-326.000000 -367.796997 -320.000000) (-270.000000 -367.796997 -320.000000) 
4 7 9 (-53.000000 -367.796997 -320.000000) (-53.000000 -367.796997 -184.000000) (-246.000000 -367.796997 -184.000000) (-246.000000 -367.796997 -320.000000) 
4 8 23 (-350.000000 32.000000 -332.000000) (-350.000000 32.000000 -387.000000) (-350.000000 -367.796997 -387.000000) (-350.000000 -367.796997 -332.000000) 
4 8 13 (-53.000000 -367.796997 -387.000000) (-53.000000 -367.796997 -332.000000) (-350.000000 -367.796997 -332.000000) (-350.000000 -367.796997 -387.000000) 
4 9 10 (-246.000000 -384.000000 -320.000000) (-246.000000 -384.000000 -184.000000) (-246.000000 -383.796997 -184.000000) (-246.000000 -383.796997 -320.000000) 
4 10 11 (-270.000000 -383.796997 -320.000000) (-270.000000 -384.000000 -320.000000) (-270.000000 -384.000000 -184.000000) (-270.000000 -383.796997 -184.000000) 
4 11 12 (-326.000000 -384.000000 -320.000000) (-326.000000 -384.000000 -184.000000) (-326.000000 -383.796997 -184.000000) (-326.000000 -383.796997 -320.000000) 
4 12 22 (-350.000000 -384.000000 -320.000000) (-350.000000 -384.000000 -184.000000) (-350.000000 -383.796997 -184.000000) (-350.000000 -383.796997 -320.000000) 
4 13 23 (-350.000000 -367.796997 -387.000000) (-350.000000 -384.000000 -387.000000) (-350.000000 -384.000000 -332.000000) (-350.000000 -367.796997 -332.000000) 
4 13 15 (-350.000000 -384.000000 -332.000000) (-350.000000 -384.000000 -387.000000) (-53.000000 -384.000000 -387.000000) (-53.000000 -384.000000 -332.000000) 
4 14 27 (-350.000000 -637.000000 -89.000000) (-350.000000 -384.000000 -89.000000) (-350.000000 -384.000000 -184.000000) (-350.000000 -637.000000 -184.000000) 
4 14 16 (-45.000000 -637.000000 -184.000000) (-350.000000 -637.000000 -184.000000) (-350.000000 -392.000000 -184.000000) (-45.000000 -392.000000 -184.000000) 
4 15 28 (-350.000000 -384.000000 -332.000000) (-350.000000 -384.000000 -387.000000) (-350.000000 -392.000000 -387.000000) (-350.000000 -392.000000 -332.000000) 
4 15 16 (-350.000000 -392.000000 -332.000000) (-350.000000 -392.000000 -387.000000) (-45.000000 -392.000000 -387.000000) (-45.000000 -392.000000 -332.000000) 
4 16 29 (-350.000000 -392.000000 -387.000000) (-350.000000 -637.000000 -387.000000) (-350.000000 -637.000000 -184.000000) (-350.000000 -392.000000 -184.000000) 
4 17 32 (-350.000000 -638.000000 -387.000000) (-350.000000 -638.000000 -89.000000) (-350.000000 -637.000000 -89.000000) (-350.000000 -637.000000 -387.000000) 
4 17 18 (253.000000 -638.000000 -387.000000) (-350.000000 -638.000000 -387.000000) (-350.000000 -637.000000 -387.000000) (253.000000 -637.000000 -387.000000) 
4 18 33 (-350.000000 -638.000000 -388.000000) (-350.000000 -638.000000 -387.000000) (-350.000000 177.000000 -387.000000) (-350.000000 177.000000 -388.000000) 
4 19 31 (-1161.000000 -637.000000 -89.000000) (-1161.000000 176.000000 -89.000000) (-1160.000000 176.000000 -89.000000) (-1160.000000 -637.000000 -89.000000) 
4 19 20 (-1161.000000 176.000000 -89.000000) (-1161.000000 177.000000 -89.000000) (-350.000000 177.000000 -89.000000) (-350.000000 176.000000 -89.000000) 
4 19 32 (-350.000000 -638.000000 -89.000000) (-1161.000000 -638.000000 -89.000000) (-1161.000000 -637.000000 -89.000000) (-350.000000 -637.000000 -89.000000) 
4 20 33 (-1161.000000 177.000000 -387.000000) (-350.000000 177.000000 -387.000000) (-350.000000 176.000000 -387.000000) (-1161.000000 176.000000 -387.000000) 
4 20 31 (-1161.000000 176.000000 -89.000000) (-1161.000000 176.000000 -387.000000) (-1160.000000 176.000000 -387.000000) (-1160.000000 176.000000 -89.000000) 
4 21 24 (-1013.000000 176.000000 -387.000000) (-1013.000000 32.000000 -387.000000) (-1013.000000 32.000000 -89.000000) (-1013.000000 176.000000 -89.000000) 
4 21 23 (-1013.000000 32.000000 -387.000000) (-350.000000 32.000000 -387.000000) (-350.000000 32.000000 -332.000000) (-1013.000000 32.000000 -332.000000) 
4 21 22 (-350.000000 32.000000 -320.000000) (-350.000000 32.000000 -89.000000) (-1013.000000 32.000000 -89.000000) (-1013.000000 32.000000 -320.000000) 
4 22 27 (-350.000000 -384.000000 -184.000000) (-350.000000 -384.000000 -89.000000) (-1013.000000 -384.000000 -89.000000) (-1013.000000 -384.000000 -184.000000) 
4 22 25 (-1013.000000 -384.000000 -184.000000) (-1013.000000 -384.000000 -89.000000) (-1013.000000 32.000000 -89.000000) (-1013.000000 32.000000 -184.000000) 
4 23 28 (-1013.000000 -384.000000 -387.000000) (-350.000000 -384.000000 -387.000000) (-350.000000 -384.000000 -332.000000) (-1013.000000 -384.000000 -332.000000) 
4 23 26 (-1013.000000 32.000000 -387.000000) (-1013.000000 -384.000000 -387.000000) (-1013.000000 -384.000000 -332.000000) (-1013.000000 32.000000 -332.000000) 
4 24 30 (-1021.000000 176.000000 -387.000000) (-1021.000000 32.000000 -387.000000) (-1021.000000 32.000000 -89.000000) (-1021.000000 176.000000 -89.000000) 
4 24 26 (-1021.000000 32.000000 -387.000000) (-1013.000000 32.000000 -387.000000) (-1013.000000 32.000000 -332.000000) (-1021.000000 32.000000 -332.000000) 
4 24 25 (-1013.000000 32.000000 -184.000000) (-1013.000000 32.000000 -89.000000) (-1021.000000 32.000000 -89.000000) (-1021.000000 32.000000 -184.000000) 
4 25 30 (-1021.000000 -384.000000 -184.000000) (-1021.000000 -384.000000 -89.000000) (-1021.000000 32.000000 -89.000000) (-1021.000000 32.000000 -184.000000) 
4 25 27 (-1013.000000 -384.000000 -184.000000) (-1013.000000 -384.000000 -89.000000) (-1021.000000 -384.000000 -89.000000) (-1021.000000 -384.000000 -184.000000) 
4 26 30 (-1021.000000 32.000000 -387.000000) (-1021.000000 -384.000000 -387.000000) (-1021.000000 -384.000000 -332.000000) (-1021.000000 32.000000 -332.000000) 
4 26 28 (-1021.000000 -384.000000 -387.000000) (-1013.000000 -384.000000 -387.000000) (-1013.000000 -384.000000 -332.000000) (-1021.000000 -384.000000 -332.000000) 
4 27 30 (-1021.000000 -637.000000 -184.000000) (-1021.000000 -637.000000 -89.000000) (-1021.000000 -384.000000 -89.000000) (-1021.000000 -384.000000 -184.000000) 
4 27 29 (-350.000000 -637.000000 -184.000000) (-1021.000000 -637.000000 -184.000000) (-1021.000000 -392.000000 -184.000000) (-350.000000 -392.000000 -184.000000) 
4 28 30 (-1021.000000 -384.000000 -387.000000) (-1021.000000 -392.000000 -387.000000) (-1021.000000 -392.000000 -332.000000) (-1021.000000 -384.000000 -332.000000) 
4 28 29 (-1021.000000 -392.000000 -332.000000) (-1021.000000 -392.000000 -387.000000) (-350.000000 -392.000000 -387.000000) (-350.000000 -392.000000 -332.000000) 
4 29 30 (-1021.000000 -392.000000 -387.000000) (-1021.000000 -637.000000 -387.000000) (-1021.000000 -637.000000 -184.000000) (-1021.000000 -392.000000 -184.000000) 
4 31 33 (-1160.000000 -637.000000 -387.000000) (-1161.000000 -637.000000 -387.000000) (-1161.000000 176.000000 -387.000000) (-1160.000000 176.000000 -387.000000) 
4 31 32 (-1161.000000 -637.000000 -387.000000) (-1160.000000 -637.000000 -387.000000) (-1160.000000 -637.000000 -89.000000) (-1161.000000 -637.000000 -89.000000) 
4 32 33 (-350.000000 -637.000000 -387.000000) (-350.000000 -638.000000 -387.000000) (-1161.000000 -638.000000 -387.000000) (-1161.000000 -637.000000 -387.000000) 
