hlcsg v3.4 Final (Feb 25 2006)
Zoner's Half-Life Compilation Tools -- Custom Build
Based on code modifications by Sean 'Zoner' Cavanaugh
Based on Valve's version, modified with permission.
Submit detailed bug reports to (amckern@yahoo.com)
-----  BEGIN  hlcsg -----
Command line: Z:\home\moto\Downloads\zhlt34x86final\hlcsg.exe -wadautodetect -wadinclude Example_01.wad -wadinclude bo2.wad -wadinclude Ju[s]tice_null2.wad Z:\home\moto\requiem\pc\nzp\maps\Kino_Der_Toten 
Entering Z:\home\moto\requiem\pc\nzp\maps\Kino_Der_Toten.map

Current hlcsg Settings
Name                 |  Setting  |  Default
---------------------|-----------|-------------------------
threads               [       2 ] [  Varies ]
verbose               [     off ] [     off ]
log                   [      on ] [      on ]
developer             [       0 ] [       0 ]
chart                 [     off ] [     off ]
estimate              [     off ] [     off ]
max texture memory    [ 4194304 ] [ 4194304 ]
max lighting memory   [ 6291456 ] [ 6291456 ]
priority              [  Normal ] [  Normal ]

noclip                [     off ] [     off ]
null texture stripping[      on ] [      on ]
clipnode economy mode [      on ] [      on ]
clip hull type        [  legacy ] [  legacy ]
onlyents              [     off ] [     off ]
wadtextures           [      on ] [      on ]
skyclip               [      on ] [      on ]
hullfile              [    None ] [    None ]
nullfile              [    None ] [    None ]
min surface area      [   0.500 ] [   0.500 ]
brush union threshold [   0.000 ] [   0.000 ]

Using mapfile wad configuration
Wadfiles not in use by the map will be excluded
Wadinclude list :
[zhlt.wad]
[Example_01.wad]
[bo2.wad]
[Ju[s]tice_null2.wad]

50 brushes (totalling 292 sides) discarded from clipping hulls
CreateBrush:
 (1.05 seconds)
SetModelCenters:
 (0.00 seconds)
CSGBrush:
 (4.50 seconds)

Including Wadfile: /home/moto/requiem/pc/nzp/textures/Example_01.wad
 - Contains 6 used textures, 12.00 percent of map (15 textures in wad)
Including Wadfile: /home/moto/requiem/pc/nzp/textures/Ju[s]tice_null2.wad
 - Contains 43 used textures, 86.00 percent of map (938 textures in wad)
Including Wadfile: /home/moto/requiem/pc/nzp/textures/bo2.wad
 - Contains 1 used texture, 2.00 percent of map (60 textures in wad)

Texture usage is at 0.42 mb (of 4.00 mb MAX)
5.87 seconds elapsed

-----   END   hlcsg -----



hlbsp v3.4 Final (Feb 25 2006)
Zoner's Half-Life Compilation Tools -- Custom Build
Based on code modifications by Sean 'Zoner' Cavanaugh
Based on Valve's version, modified with permission.
Submit detailed bug reports to (amckern@yahoo.com)
-----  BEGIN  hlbsp -----
Command line: Z:\home\moto\Downloads\zhlt34x86final\hlbsp.exe Z:\home\moto\requiem\pc\nzp\maps\Kino_Der_Toten 

Current hlbsp Settings
Name               |  Setting  |  Default
-------------------|-----------|-------------------------
threads             [       2 ] [  Varies ]
verbose             [     off ] [     off ]
log                 [      on ] [      on ]
developer           [       0 ] [       0 ]
chart               [     off ] [     off ]
estimate            [     off ] [     off ]
max texture memory  [ 4194304 ] [ 4194304 ]
priority            [  Normal ] [  Normal ]

noclip              [     off ] [     off ]
nofill              [     off ] [     off ]
noopt               [     off ] [     off ]
null tex. stripping [      on ] [      on ]
notjunc             [     off ] [     off ]
subdivide size      [     240 ] [     240 ] (Min 64) (Max 512)
max node size       [    1024 ] [    1024 ] (Min 64) (Max 8192)


SolidBSP [hull 0] 500...1000...1500...2000...2500...3000...3278 (0.17 seconds)
BSP generation successful, writing portal file 'Z:\home\moto\requiem\pc\nzp\maps\Kino_Der_Toten.prt'
SolidBSP [hull 1] 500...1000...1500...2000...2500...3000...3500...4000...4500...4751 (0.44 seconds)
SolidBSP [hull 2] 500...1000...1500...2000...2500...3000...3500...4000...4307 (0.39 seconds)
SolidBSP [hull 3] 500...1000...1500...2000...2500...3000...3500...4000...4500...5000...5067 (0.54 seconds)
4.42 seconds elapsed

-----   END   hlbsp -----



hlvis v3.4 Final (Feb 25 2006)
Zoner's Half-Life Compilation Tools -- Custom Build
Based on code modifications by Sean 'Zoner' Cavanaugh
Based on Valve's version, modified with permission.
Submit detailed bug reports to (amckern@yahoo.com)
-----  BEGIN  hlvis -----
Command line: Z:\home\moto\Downloads\zhlt34x86final\hlvis.exe -full Z:\home\moto\requiem\pc\nzp\maps\Kino_Der_Toten 
1145 portalleafs
2807 numportals

-= Current hlvis Settings =-
Name               |  Setting  |  Default
-------------------|-----------|-------------------------
threads             [       2 ] [  Varies ]
verbose             [     off ] [     off ]
log                 [      on ] [      on ]
developer           [       0 ] [       0 ]
chart               [     off ] [     off ]
estimate            [     off ] [     off ]
max texture memory  [ 4194304 ] [ 4194304 ]
max vis distance    [       0 ] [       0 ]
priority            [  Normal ] [  Normal ]

fast vis            [     off ] [     off ]
full vis            [      on ] [     off ]


BasePortalVis:
 (0.51 seconds)
LeafThread:
 (50.34 seconds)
average leafs visible: 140
g_visdatasize:58200  compressed from 164880
50.92 seconds elapsed

-----   END   hlvis -----



hlrad v3.4 Final (Feb 25 2006)
Zoner's Half-Life Compilation Tools -- Custom Build
Based on code modifications by Sean 'Zoner' Cavanaugh
Based on Valve's version, modified with permission.
Submit detailed bug reports to (amckern@yahoo.com)
-----  BEGIN  hlrad -----
Command line: Z:\home\moto\Downloads\zhlt34x86final\hlrad.exe Z:\home\moto\requiem\pc\nzp\maps\Kino_Der_Toten 

-= Current hlrad Settings =-
Name                | Setting             | Default
--------------------|---------------------|-------------------------
threads              [                 2 ] [            Varies ]
verbose              [               off ] [               off ]
log                  [                on ] [                on ]
developer            [                 0 ] [                 0 ]
chart                [               off ] [               off ]
estimate             [               off ] [               off ]
max texture memory   [           4194304 ] [           4194304 ]
max lighting memory  [           6291456 ] [           6291456 ]
priority             [            Normal ] [            Normal ]

vismatrix algorithm  [          Original ] [          Original ]
oversampling (-extra)[               off ] [               off ]
bounces              [                 1 ] [                 1 ]
bounce dynamic light [                on ] [                on ]
ambient light        [ 0.000 0.000 0.000 ] [ 0.000 0.000 0.000 ]
maximum light        [           255.000 ] [           256.000 ]
circus mode          [               off ] [               off ]

smoothing threshold  [            50.000 ] [            50.000 ]
direct threshold     [            25.000 ] [            25.000 ]
direct light scale   [             2.000 ] [             2.000 ]
coring threshold     [             1.000 ] [             1.000 ]
patch interpolation  [                on ] [                on ]

texscale             [                on ] [                on ]
patch subdividing    [                on ] [                on ]
chop value           [            64.000 ] [            64.000 ]
texchop value        [            32.000 ] [            32.000 ]

global fade          [             1.000 ] [             1.000 ]
global falloff       [                 2 ] [                 2 ]
global light scale   [ 1.000 1.000 1.000 ] [ 1.000 1.000 1.000 ]
global gamma         [ 0.500 0.500 0.500 ] [ 0.500 0.500 0.500 ]
global light scale   [             1.000 ] [             1.000 ]
global sky diffusion [             1.000 ] [             1.000 ]

opaque entities      [                on ] [                on ]
sky lighting fix     [                on ] [                on ]
incremental          [               off ] [               off ]
dump                 [               off ] [               off ]

colour jitter        [       0.0 0.0 0.0 ] [       0.0 0.0 0.0 ]
monochromatic jitter [       0.0 0.0 0.0 ] [       0.0 0.0 0.0 ]
softlight hack       [   0.0 0.0 0.0 0.0 ] [   0.0 0.0 0.0 0.0 ]
diffuse hack         [                on ] [                on ]
spotlight points     [                on ] [                on ]

custom shadows with bounce light
                     [               off ] [               off ]
rgb transfers        [               off ] [               off ]


[Reading texlights from 'Z:\home\moto\Downloads\zhlt34x86final\lights.rad']
[59 texlights parsed from 'Z:\home\moto\Downloads\zhlt34x86final\lights.rad']

4691 faces
Create Patches : 28459 base patches
0 opaque faces
263102 square feet [37886800.00 square inches]
33 direct lights

BuildFacelights:
 (17.24 seconds)
visibility matrix   :  48.3 megs
BuildVisLeafs:
 (35.13 seconds)
MakeScales:
 (11.88 seconds)
SwapTransfers:
 (2.45 seconds)
Transfer Lists :    26166246 :   26.17M transfers
       Indices :    14155332 :   13.50M bytes
          Data :   104664984 :   99.82M bytes
GatherLight:
 (0.71 seconds)
FinalLightFace:
 (1.38 seconds)
69.32 seconds elapsed [1m 9s]

-----   END   hlrad -----



