65
193
4 0 52 (320.000000 589.000000 794.000000) (320.000000 590.000000 794.000000) (320.000000 590.000000 -91.000000) (320.000000 589.000000 -91.000000) 
4 0 2 (906.000000 589.000000 -90.000000) (907.000000 589.000000 -90.000000) (907.000000 589.000000 793.000000) (906.000000 589.000000 793.000000) 
4 0 1 (320.000000 589.000000 794.000000) (320.000000 589.000000 793.000000) (907.000000 589.000000 793.000000) (907.000000 589.000000 794.000000) 
4 0 22 (320.000000 589.000000 -90.000000) (320.000000 589.000000 -91.000000) (907.000000 589.000000 -91.000000) (907.000000 589.000000 -90.000000) 
4 1 53 (320.000000 48.000000 793.000000) (320.000000 48.000000 794.000000) (320.000000 589.000000 794.000000) (320.000000 589.000000 793.000000) 
4 1 24 (906.000000 48.000000 794.000000) (320.000000 48.000000 794.000000) (320.000000 48.000000 793.000000) (906.000000 48.000000 793.000000) 
4 1 23 (907.000000 48.000000 794.000000) (906.000000 48.000000 794.000000) (906.000000 48.000000 793.000000) (907.000000 48.000000 793.000000) 
4 1 2 (907.000000 48.000000 793.000000) (906.000000 48.000000 793.000000) (906.000000 589.000000 793.000000) (907.000000 589.000000 793.000000) 
4 2 23 (906.000000 48.000000 -90.000000) (907.000000 48.000000 -90.000000) (907.000000 48.000000 793.000000) (906.000000 48.000000 793.000000) 
4 2 22 (906.000000 589.000000 -90.000000) (907.000000 589.000000 -90.000000) (907.000000 48.000000 -90.000000) (906.000000 48.000000 -90.000000) 
4 3 46 (512.000000 48.000000 -90.000000) (906.000000 48.000000 -90.000000) (906.000000 48.000000 64.000000) (512.000000 48.000000 64.000000) 
4 3 27 (560.000000 48.000000 640.000000) (512.000000 48.000000 640.000000) (512.000000 48.000000 64.000000) (560.000000 48.000000 64.000000) 
4 3 26 (906.000000 48.000000 64.000000) (906.000000 48.000000 640.000000) (560.000000 48.000000 640.000000) (560.000000 48.000000 64.000000) 
4 3 25 (906.000000 48.000000 640.000000) (906.000000 48.000000 793.000000) (512.000000 48.000000 793.000000) (512.000000 48.000000 640.000000) 
4 3 19 (512.000000 240.000000 -90.000000) (512.000000 48.000000 -90.000000) (512.000000 48.000000 64.000000) (512.000000 240.000000 64.000000) 
4 3 18 (512.000000 288.000000 -90.000000) (512.000000 240.000000 -90.000000) (512.000000 240.000000 64.000000) (512.000000 288.000000 64.000000) 
4 3 15 (512.000000 48.000000 160.000000) (512.000000 48.000000 256.000000) (512.000000 96.000000 256.000000) (512.000000 96.000000 160.000000) 
4 3 12 (512.000000 143.000000 160.000000) (512.000000 192.000000 160.000000) (512.000000 192.000000 112.000000) (512.000000 143.000000 112.000000) 
4 3 8 (512.000000 96.000000 256.000000) (512.000000 240.000000 256.000000) (512.000000 240.000000 208.000000) (512.000000 96.000000 208.000000) 
4 3 6 (512.000000 240.000000 256.000000) (512.000000 288.000000 256.000000) (512.000000 288.000000 160.000000) (512.000000 240.000000 160.000000) 
4 3 5 (512.000000 589.000000 256.000000) (512.000000 589.000000 -90.000000) (512.000000 288.000000 -90.000000) (512.000000 288.000000 256.000000) 
4 3 4 (512.000000 589.000000 793.000000) (512.000000 589.000000 256.000000) (512.000000 48.000000 256.000000) (512.000000 48.000000 793.000000) 
4 4 54 (320.000000 48.000000 256.000000) (320.000000 48.000000 793.000000) (320.000000 589.000000 793.000000) (320.000000 589.000000 256.000000) 
4 4 27 (320.000000 48.000000 640.000000) (320.000000 48.000000 256.000000) (512.000000 48.000000 256.000000) (512.000000 48.000000 640.000000) 
4 4 25 (320.000000 48.000000 793.000000) (320.000000 48.000000 640.000000) (512.000000 48.000000 640.000000) (512.000000 48.000000 793.000000) 
4 4 16 (464.000000 48.000000 256.000000) (320.000000 48.000000 256.000000) (320.000000 96.000000 256.000000) (464.000000 96.000000 256.000000) 
4 4 15 (512.000000 96.000000 256.000000) (512.000000 48.000000 256.000000) (464.000000 48.000000 256.000000) (464.000000 96.000000 256.000000) 
4 4 11 (368.000000 96.000000 256.000000) (320.000000 96.000000 256.000000) (320.000000 240.000000 256.000000) (368.000000 240.000000 256.000000) 
4 4 10 (320.000000 240.000000 256.000000) (320.000000 288.000000 256.000000) (368.000000 288.000000 256.000000) (368.000000 240.000000 256.000000) 
4 4 8 (512.000000 240.000000 256.000000) (512.000000 96.000000 256.000000) (464.000000 96.000000 256.000000) (464.000000 240.000000 256.000000) 
4 4 7 (464.000000 240.000000 256.000000) (368.000000 240.000000 256.000000) (368.000000 288.000000 256.000000) (464.000000 288.000000 256.000000) 
4 4 6 (512.000000 288.000000 256.000000) (512.000000 240.000000 256.000000) (464.000000 240.000000 256.000000) (464.000000 288.000000 256.000000) 
4 4 5 (512.000000 589.000000 256.000000) (512.000000 288.000000 256.000000) (320.000000 288.000000 256.000000) (320.000000 589.000000 256.000000) 
4 5 54 (320.000000 288.000000 256.000000) (320.000000 589.000000 256.000000) (320.000000 589.000000 -90.000000) (320.000000 288.000000 -90.000000) 
4 5 18 (320.000000 288.000000 64.000000) (320.000000 288.000000 -90.000000) (512.000000 288.000000 -90.000000) (512.000000 288.000000 64.000000) 
4 5 10 (320.000000 288.000000 256.000000) (320.000000 288.000000 160.000000) (368.000000 288.000000 160.000000) (368.000000 288.000000 256.000000) 
4 5 7 (464.000000 288.000000 208.000000) (464.000000 288.000000 256.000000) (368.000000 288.000000 256.000000) (368.000000 288.000000 208.000000) 
4 5 6 (464.000000 288.000000 160.000000) (512.000000 288.000000 160.000000) (512.000000 288.000000 256.000000) (464.000000 288.000000 256.000000) 
4 6 8 (512.000000 240.000000 208.000000) (512.000000 240.000000 256.000000) (464.000000 240.000000 256.000000) (464.000000 240.000000 208.000000) 
4 6 7 (464.000000 288.000000 256.000000) (464.000000 288.000000 208.000000) (464.000000 240.000000 208.000000) (464.000000 240.000000 256.000000) 
4 7 10 (368.000000 288.000000 256.000000) (368.000000 288.000000 208.000000) (368.000000 240.000000 208.000000) (368.000000 240.000000 256.000000) 
4 8 15 (512.000000 96.000000 208.000000) (512.000000 96.000000 256.000000) (464.000000 96.000000 256.000000) (464.000000 96.000000 208.000000) 
4 9 13 (464.000000 96.000000 160.000000) (368.000000 96.000000 160.000000) (368.000000 240.000000 160.000000) (464.000000 240.000000 160.000000) 
4 10 54 (320.000000 240.000000 256.000000) (320.000000 288.000000 256.000000) (320.000000 288.000000 160.000000) (320.000000 240.000000 160.000000) 
4 10 11 (368.000000 240.000000 208.000000) (368.000000 240.000000 256.000000) (320.000000 240.000000 256.000000) (320.000000 240.000000 208.000000) 
4 11 54 (320.000000 96.000000 256.000000) (320.000000 240.000000 256.000000) (320.000000 240.000000 208.000000) (320.000000 96.000000 208.000000) 
4 11 16 (320.000000 96.000000 256.000000) (320.000000 96.000000 208.000000) (368.000000 96.000000 208.000000) (368.000000 96.000000 256.000000) 
4 12 13 (464.000000 143.000000 160.000000) (464.000000 192.000000 160.000000) (464.000000 192.000000 112.000000) (464.000000 143.000000 112.000000) 
4 13 17 (416.000000 96.000000 64.000000) (464.000000 96.000000 64.000000) (464.000000 96.000000 160.000000) (416.000000 96.000000 160.000000) 
4 13 14 (368.000000 143.000000 160.000000) (368.000000 192.000000 160.000000) (368.000000 192.000000 112.000000) (368.000000 143.000000 112.000000) 
4 14 54 (320.000000 143.000000 160.000000) (320.000000 192.000000 160.000000) (320.000000 192.000000 112.000000) (320.000000 143.000000 112.000000) 
4 15 27 (464.000000 48.000000 160.000000) (512.000000 48.000000 160.000000) (512.000000 48.000000 256.000000) (464.000000 48.000000 256.000000) 
4 15 16 (464.000000 48.000000 208.000000) (464.000000 48.000000 256.000000) (464.000000 96.000000 256.000000) (464.000000 96.000000 208.000000) 
4 16 54 (320.000000 48.000000 208.000000) (320.000000 48.000000 256.000000) (320.000000 96.000000 256.000000) (320.000000 96.000000 208.000000) 
4 16 27 (320.000000 48.000000 256.000000) (320.000000 48.000000 208.000000) (464.000000 48.000000 208.000000) (464.000000 48.000000 256.000000) 
4 18 54 (320.000000 240.000000 64.000000) (320.000000 288.000000 64.000000) (320.000000 288.000000 -90.000000) (320.000000 240.000000 -90.000000) 
4 18 20 (368.000000 240.000000 64.000000) (320.000000 240.000000 64.000000) (320.000000 240.000000 16.000000) (368.000000 240.000000 16.000000) 
4 18 21 (320.000000 240.000000 -90.000000) (464.000000 240.000000 -90.000000) (464.000000 240.000000 16.000000) (320.000000 240.000000 16.000000) 
4 18 19 (464.000000 240.000000 -90.000000) (512.000000 240.000000 -90.000000) (512.000000 240.000000 64.000000) (464.000000 240.000000 64.000000) 
4 19 46 (464.000000 48.000000 -90.000000) (512.000000 48.000000 -90.000000) (512.000000 48.000000 64.000000) (464.000000 48.000000 64.000000) 
4 19 21 (464.000000 240.000000 -90.000000) (464.000000 48.000000 -90.000000) (464.000000 48.000000 16.000000) (464.000000 240.000000 16.000000) 
4 20 54 (320.000000 48.000000 16.000000) (320.000000 48.000000 64.000000) (320.000000 240.000000 64.000000) (320.000000 240.000000 16.000000) 
4 20 21 (368.000000 48.000000 16.000000) (320.000000 48.000000 16.000000) (320.000000 240.000000 16.000000) (368.000000 240.000000 16.000000) 
4 21 54 (320.000000 48.000000 -90.000000) (320.000000 48.000000 16.000000) (320.000000 240.000000 16.000000) (320.000000 240.000000 -90.000000) 
4 21 47 (320.000000 48.000000 16.000000) (320.000000 48.000000 -90.000000) (464.000000 48.000000 -90.000000) (464.000000 48.000000 16.000000) 
4 22 55 (320.000000 48.000000 -91.000000) (320.000000 48.000000 -90.000000) (320.000000 589.000000 -90.000000) (320.000000 589.000000 -91.000000) 
4 22 51 (320.000000 48.000000 -90.000000) (320.000000 48.000000 -91.000000) (906.000000 48.000000 -91.000000) (906.000000 48.000000 -90.000000) 
4 22 23 (906.000000 48.000000 -91.000000) (907.000000 48.000000 -91.000000) (907.000000 48.000000 -90.000000) (906.000000 48.000000 -90.000000) 
4 23 50 (906.000000 -604.000000 -90.000000) (906.000000 -605.000000 -90.000000) (906.000000 -605.000000 793.000000) (906.000000 -604.000000 793.000000) 
4 23 24 (906.000000 48.000000 794.000000) (906.000000 48.000000 793.000000) (906.000000 -605.000000 793.000000) (906.000000 -605.000000 794.000000) 
4 23 51 (906.000000 48.000000 -90.000000) (906.000000 48.000000 -91.000000) (906.000000 -605.000000 -91.000000) (906.000000 -605.000000 -90.000000) 
4 24 64 (320.000000 -605.000000 794.000000) (320.000000 -604.000000 794.000000) (320.000000 -604.000000 793.000000) (320.000000 -605.000000 793.000000) 
4 24 57 (320.000000 -604.000000 794.000000) (320.000000 48.000000 794.000000) (320.000000 48.000000 793.000000) (320.000000 -604.000000 793.000000) 
4 24 50 (906.000000 -605.000000 793.000000) (320.000000 -605.000000 793.000000) (320.000000 -604.000000 793.000000) (906.000000 -604.000000 793.000000) 
4 25 58 (320.000000 48.000000 793.000000) (320.000000 48.000000 640.000000) (320.000000 -288.000000 640.000000) (320.000000 -288.000000 793.000000) 
4 25 49 (320.000000 -288.000000 793.000000) (320.000000 -288.000000 640.000000) (906.000000 -288.000000 640.000000) (906.000000 -288.000000 793.000000) 
4 25 39 (416.000000 -288.000000 640.000000) (320.000000 -288.000000 640.000000) (320.000000 -192.000000 640.000000) (416.000000 -192.000000 640.000000) 
4 25 33 (416.000000 -240.000000 640.000000) (416.000000 -192.000000 640.000000) (464.000000 -192.000000 640.000000) (464.000000 -240.000000 640.000000) 
4 25 28 (560.000000 -288.000000 640.000000) (464.000000 -288.000000 640.000000) (464.000000 -192.000000 640.000000) (560.000000 -192.000000 640.000000) 
4 25 27 (320.000000 -192.000000 640.000000) (320.000000 48.000000 640.000000) (560.000000 48.000000 640.000000) (560.000000 -192.000000 640.000000) 
4 25 26 (906.000000 -288.000000 640.000000) (560.000000 -288.000000 640.000000) (560.000000 48.000000 640.000000) (906.000000 48.000000 640.000000) 
4 26 49 (560.000000 -288.000000 64.000000) (906.000000 -288.000000 64.000000) (906.000000 -288.000000 640.000000) (560.000000 -288.000000 640.000000) 
4 26 46 (560.000000 48.000000 64.000000) (906.000000 48.000000 64.000000) (906.000000 -288.000000 64.000000) (560.000000 -288.000000 64.000000) 
4 26 32 (560.000000 -240.000000 64.000000) (560.000000 -288.000000 64.000000) (560.000000 -288.000000 256.000000) (560.000000 -240.000000 256.000000) 
4 26 31 (560.000000 -288.000000 304.000000) (560.000000 -288.000000 496.000000) (560.000000 -240.000000 496.000000) (560.000000 -240.000000 304.000000) 
4 26 30 (560.000000 -288.000000 544.000000) (560.000000 -288.000000 592.000000) (560.000000 -240.000000 592.000000) (560.000000 -240.000000 544.000000) 
4 26 29 (560.000000 -192.000000 64.000000) (560.000000 -240.000000 64.000000) (560.000000 -240.000000 592.000000) (560.000000 -192.000000 592.000000) 
4 26 28 (560.000000 -288.000000 592.000000) (560.000000 -288.000000 640.000000) (560.000000 -192.000000 640.000000) (560.000000 -192.000000 592.000000) 
4 26 27 (560.000000 48.000000 640.000000) (560.000000 48.000000 64.000000) (560.000000 -192.000000 64.000000) (560.000000 -192.000000 640.000000) 
4 27 58 (320.000000 48.000000 640.000000) (320.000000 48.000000 64.000000) (320.000000 -192.000000 64.000000) (320.000000 -192.000000 640.000000) 
4 27 46 (464.000000 48.000000 64.000000) (560.000000 48.000000 64.000000) (560.000000 -192.000000 64.000000) (464.000000 -192.000000 64.000000) 
4 27 44 (320.000000 -192.000000 304.000000) (320.000000 -192.000000 256.000000) (368.000000 -192.000000 256.000000) (368.000000 -192.000000 304.000000) 
4 27 45 (320.000000 -192.000000 256.000000) (320.000000 -192.000000 64.000000) (368.000000 -192.000000 64.000000) (368.000000 -192.000000 256.000000) 
4 27 42 (320.000000 -192.000000 544.000000) (320.000000 -192.000000 496.000000) (368.000000 -192.000000 496.000000) (368.000000 -192.000000 544.000000) 
4 27 41 (320.000000 -192.000000 592.000000) (320.000000 -192.000000 544.000000) (368.000000 -192.000000 544.000000) (368.000000 -192.000000 592.000000) 
4 27 43 (320.000000 -192.000000 496.000000) (320.000000 -192.000000 304.000000) (368.000000 -192.000000 304.000000) (368.000000 -192.000000 496.000000) 
4 27 40 (368.000000 -192.000000 64.000000) (416.000000 -192.000000 64.000000) (416.000000 -192.000000 592.000000) (368.000000 -192.000000 592.000000) 
4 27 39 (416.000000 -192.000000 640.000000) (320.000000 -192.000000 640.000000) (320.000000 -192.000000 592.000000) (416.000000 -192.000000 592.000000) 
4 27 38 (416.000000 -192.000000 112.000000) (416.000000 -192.000000 88.000000) (464.000000 -192.000000 88.000000) (464.000000 -192.000000 112.000000) 
4 27 36 (416.000000 -192.000000 208.000000) (416.000000 -192.000000 112.000000) (464.000000 -192.000000 112.000000) (464.000000 -192.000000 208.000000) 
4 27 35 (416.000000 -192.000000 352.000000) (416.000000 -192.000000 208.000000) (464.000000 -192.000000 208.000000) (464.000000 -192.000000 352.000000) 
4 27 33 (464.000000 -192.000000 640.000000) (416.000000 -192.000000 640.000000) (416.000000 -192.000000 448.000000) (464.000000 -192.000000 448.000000) 
4 27 34 (416.000000 -192.000000 448.000000) (416.000000 -192.000000 352.000000) (464.000000 -192.000000 352.000000) (464.000000 -192.000000 448.000000) 
4 27 29 (464.000000 -192.000000 592.000000) (464.000000 -192.000000 64.000000) (560.000000 -192.000000 64.000000) (560.000000 -192.000000 592.000000) 
4 27 28 (560.000000 -192.000000 640.000000) (464.000000 -192.000000 640.000000) (464.000000 -192.000000 592.000000) (560.000000 -192.000000 592.000000) 
4 28 49 (560.000000 -288.000000 592.000000) (560.000000 -288.000000 640.000000) (464.000000 -288.000000 640.000000) (464.000000 -288.000000 592.000000) 
4 28 33 (464.000000 -240.000000 640.000000) (464.000000 -192.000000 640.000000) (464.000000 -192.000000 592.000000) (464.000000 -240.000000 592.000000) 
4 28 30 (560.000000 -288.000000 592.000000) (512.000000 -288.000000 592.000000) (512.000000 -240.000000 592.000000) (560.000000 -240.000000 592.000000) 
4 28 29 (464.000000 -240.000000 592.000000) (464.000000 -192.000000 592.000000) (560.000000 -192.000000 592.000000) (560.000000 -240.000000 592.000000) 
4 29 46 (464.000000 -192.000000 64.000000) (560.000000 -192.000000 64.000000) (560.000000 -240.000000 64.000000) (464.000000 -240.000000 64.000000) 
4 29 38 (464.000000 -216.000000 88.000000) (464.000000 -216.000000 112.000000) (464.000000 -192.000000 112.000000) (464.000000 -192.000000 88.000000) 
4 29 36 (464.000000 -240.000000 112.000000) (464.000000 -240.000000 208.000000) (464.000000 -192.000000 208.000000) (464.000000 -192.000000 112.000000) 
4 29 35 (464.000000 -240.000000 208.000000) (464.000000 -240.000000 352.000000) (464.000000 -192.000000 352.000000) (464.000000 -192.000000 208.000000) 
4 29 33 (464.000000 -240.000000 448.000000) (464.000000 -240.000000 592.000000) (464.000000 -192.000000 592.000000) (464.000000 -192.000000 448.000000) 
4 29 34 (464.000000 -240.000000 352.000000) (464.000000 -240.000000 448.000000) (464.000000 -192.000000 448.000000) (464.000000 -192.000000 352.000000) 
4 29 32 (512.000000 -240.000000 64.000000) (560.000000 -240.000000 64.000000) (560.000000 -240.000000 256.000000) (512.000000 -240.000000 256.000000) 
4 29 31 (512.000000 -240.000000 304.000000) (560.000000 -240.000000 304.000000) (560.000000 -240.000000 496.000000) (512.000000 -240.000000 496.000000) 
4 29 30 (560.000000 -240.000000 544.000000) (560.000000 -240.000000 592.000000) (512.000000 -240.000000 592.000000) (512.000000 -240.000000 544.000000) 
4 30 49 (560.000000 -288.000000 544.000000) (560.000000 -288.000000 592.000000) (512.000000 -288.000000 592.000000) (512.000000 -288.000000 544.000000) 
4 31 49 (560.000000 -288.000000 304.000000) (560.000000 -288.000000 496.000000) (512.000000 -288.000000 496.000000) (512.000000 -288.000000 304.000000) 
4 32 49 (512.000000 -288.000000 64.000000) (560.000000 -288.000000 64.000000) (560.000000 -288.000000 256.000000) (512.000000 -288.000000 256.000000) 
4 32 46 (560.000000 -240.000000 64.000000) (560.000000 -288.000000 64.000000) (512.000000 -288.000000 64.000000) (512.000000 -240.000000 64.000000) 
4 33 40 (416.000000 -192.000000 592.000000) (416.000000 -192.000000 448.000000) (416.000000 -240.000000 448.000000) (416.000000 -240.000000 592.000000) 
4 33 39 (416.000000 -192.000000 640.000000) (416.000000 -192.000000 592.000000) (416.000000 -240.000000 592.000000) (416.000000 -240.000000 640.000000) 
4 33 34 (416.000000 -240.000000 448.000000) (416.000000 -192.000000 448.000000) (464.000000 -192.000000 448.000000) (464.000000 -240.000000 448.000000) 
4 34 49 (464.000000 -288.000000 352.000000) (464.000000 -288.000000 448.000000) (416.000000 -288.000000 448.000000) (416.000000 -288.000000 352.000000) 
4 34 40 (416.000000 -192.000000 448.000000) (416.000000 -192.000000 352.000000) (416.000000 -240.000000 352.000000) (416.000000 -240.000000 448.000000) 
4 34 35 (416.000000 -240.000000 352.000000) (416.000000 -192.000000 352.000000) (464.000000 -192.000000 352.000000) (464.000000 -240.000000 352.000000) 
4 35 40 (416.000000 -192.000000 352.000000) (416.000000 -192.000000 208.000000) (416.000000 -240.000000 208.000000) (416.000000 -240.000000 352.000000) 
4 35 36 (416.000000 -240.000000 208.000000) (416.000000 -192.000000 208.000000) (464.000000 -192.000000 208.000000) (464.000000 -240.000000 208.000000) 
4 36 40 (416.000000 -192.000000 208.000000) (416.000000 -192.000000 112.000000) (416.000000 -240.000000 112.000000) (416.000000 -240.000000 208.000000) 
4 36 38 (416.000000 -216.000000 112.000000) (416.000000 -192.000000 112.000000) (464.000000 -192.000000 112.000000) (464.000000 -216.000000 112.000000) 
4 37 49 (464.000000 -288.000000 112.000000) (464.000000 -288.000000 208.000000) (416.000000 -288.000000 208.000000) (416.000000 -288.000000 112.000000) 
4 38 40 (416.000000 -192.000000 112.000000) (416.000000 -192.000000 88.000000) (416.000000 -216.000000 88.000000) (416.000000 -216.000000 112.000000) 
4 39 58 (320.000000 -288.000000 592.000000) (320.000000 -288.000000 640.000000) (320.000000 -192.000000 640.000000) (320.000000 -192.000000 592.000000) 
4 39 49 (320.000000 -288.000000 640.000000) (320.000000 -288.000000 592.000000) (416.000000 -288.000000 592.000000) (416.000000 -288.000000 640.000000) 
4 39 41 (320.000000 -288.000000 592.000000) (320.000000 -192.000000 592.000000) (368.000000 -192.000000 592.000000) (368.000000 -288.000000 592.000000) 
4 39 40 (368.000000 -192.000000 592.000000) (416.000000 -192.000000 592.000000) (416.000000 -240.000000 592.000000) (368.000000 -240.000000 592.000000) 
4 40 48 (368.000000 -192.000000 64.000000) (416.000000 -192.000000 64.000000) (416.000000 -240.000000 64.000000) (368.000000 -240.000000 64.000000) 
4 40 44 (368.000000 -192.000000 304.000000) (368.000000 -192.000000 256.000000) (368.000000 -240.000000 256.000000) (368.000000 -240.000000 304.000000) 
4 40 45 (368.000000 -192.000000 256.000000) (368.000000 -192.000000 64.000000) (368.000000 -240.000000 64.000000) (368.000000 -240.000000 256.000000) 
4 40 42 (368.000000 -192.000000 544.000000) (368.000000 -192.000000 496.000000) (368.000000 -240.000000 496.000000) (368.000000 -240.000000 544.000000) 
4 40 41 (368.000000 -192.000000 592.000000) (368.000000 -192.000000 544.000000) (368.000000 -240.000000 544.000000) (368.000000 -240.000000 592.000000) 
4 40 43 (368.000000 -192.000000 496.000000) (368.000000 -192.000000 304.000000) (368.000000 -240.000000 304.000000) (368.000000 -240.000000 496.000000) 
4 41 58 (320.000000 -288.000000 544.000000) (320.000000 -288.000000 592.000000) (320.000000 -192.000000 592.000000) (320.000000 -192.000000 544.000000) 
4 41 49 (320.000000 -288.000000 592.000000) (320.000000 -288.000000 544.000000) (368.000000 -288.000000 544.000000) (368.000000 -288.000000 592.000000) 
4 41 42 (320.000000 -240.000000 544.000000) (320.000000 -192.000000 544.000000) (368.000000 -192.000000 544.000000) (368.000000 -240.000000 544.000000) 
4 42 58 (320.000000 -240.000000 544.000000) (320.000000 -192.000000 544.000000) (320.000000 -192.000000 496.000000) (320.000000 -240.000000 496.000000) 
4 42 43 (320.000000 -240.000000 496.000000) (320.000000 -192.000000 496.000000) (368.000000 -192.000000 496.000000) (368.000000 -240.000000 496.000000) 
4 43 58 (320.000000 -288.000000 304.000000) (320.000000 -288.000000 496.000000) (320.000000 -192.000000 496.000000) (320.000000 -192.000000 304.000000) 
4 43 49 (320.000000 -288.000000 496.000000) (320.000000 -288.000000 304.000000) (368.000000 -288.000000 304.000000) (368.000000 -288.000000 496.000000) 
4 43 44 (320.000000 -240.000000 304.000000) (320.000000 -192.000000 304.000000) (368.000000 -192.000000 304.000000) (368.000000 -240.000000 304.000000) 
4 44 58 (320.000000 -240.000000 304.000000) (320.000000 -192.000000 304.000000) (320.000000 -192.000000 256.000000) (320.000000 -240.000000 256.000000) 
4 44 45 (320.000000 -240.000000 256.000000) (320.000000 -192.000000 256.000000) (368.000000 -192.000000 256.000000) (368.000000 -240.000000 256.000000) 
4 45 58 (320.000000 -192.000000 64.000000) (320.000000 -288.000000 64.000000) (320.000000 -288.000000 256.000000) (320.000000 -192.000000 256.000000) 
4 45 49 (320.000000 -288.000000 256.000000) (320.000000 -288.000000 64.000000) (368.000000 -288.000000 64.000000) (368.000000 -288.000000 256.000000) 
4 45 48 (320.000000 -288.000000 64.000000) (320.000000 -192.000000 64.000000) (368.000000 -192.000000 64.000000) (368.000000 -288.000000 64.000000) 
4 46 49 (464.000000 -288.000000 -90.000000) (906.000000 -288.000000 -90.000000) (906.000000 -288.000000 64.000000) (464.000000 -288.000000 64.000000) 
4 46 47 (464.000000 48.000000 -90.000000) (464.000000 -192.000000 -90.000000) (464.000000 -192.000000 16.000000) (464.000000 48.000000 16.000000) 
4 46 48 (464.000000 -192.000000 -90.000000) (464.000000 -288.000000 -90.000000) (464.000000 -288.000000 64.000000) (464.000000 -192.000000 64.000000) 
4 47 61 (320.000000 48.000000 16.000000) (320.000000 48.000000 -90.000000) (320.000000 -192.000000 -90.000000) (320.000000 -192.000000 16.000000) 
4 47 48 (320.000000 -192.000000 16.000000) (320.000000 -192.000000 -90.000000) (464.000000 -192.000000 -90.000000) (464.000000 -192.000000 16.000000) 
4 48 61 (320.000000 -192.000000 -90.000000) (320.000000 -288.000000 -90.000000) (320.000000 -288.000000 16.000000) (320.000000 -192.000000 16.000000) 
4 48 59 (320.000000 -288.000000 16.000000) (320.000000 -288.000000 64.000000) (320.000000 -192.000000 64.000000) (320.000000 -192.000000 16.000000) 
4 48 49 (320.000000 -288.000000 64.000000) (320.000000 -288.000000 -90.000000) (464.000000 -288.000000 -90.000000) (464.000000 -288.000000 64.000000) 
4 49 61 (320.000000 -288.000000 -90.000000) (320.000000 -604.000000 -90.000000) (320.000000 -604.000000 16.000000) (320.000000 -288.000000 16.000000) 
4 49 59 (320.000000 -604.000000 16.000000) (320.000000 -604.000000 64.000000) (320.000000 -288.000000 64.000000) (320.000000 -288.000000 16.000000) 
4 49 58 (320.000000 -604.000000 64.000000) (320.000000 -604.000000 793.000000) (320.000000 -288.000000 793.000000) (320.000000 -288.000000 64.000000) 
4 50 64 (320.000000 -604.000000 -90.000000) (320.000000 -605.000000 -90.000000) (320.000000 -605.000000 793.000000) (320.000000 -604.000000 793.000000) 
4 50 51 (906.000000 -604.000000 -90.000000) (906.000000 -605.000000 -90.000000) (320.000000 -605.000000 -90.000000) (320.000000 -604.000000 -90.000000) 
4 51 64 (320.000000 -604.000000 -91.000000) (320.000000 -605.000000 -91.000000) (320.000000 -605.000000 -90.000000) (320.000000 -604.000000 -90.000000) 
4 51 62 (320.000000 48.000000 -90.000000) (320.000000 48.000000 -91.000000) (320.000000 -604.000000 -91.000000) (320.000000 -604.000000 -90.000000) 
4 52 55 (-635.000000 589.000000 -91.000000) (320.000000 589.000000 -91.000000) (320.000000 589.000000 -90.000000) (-635.000000 589.000000 -90.000000) 
4 52 53 (320.000000 589.000000 793.000000) (320.000000 589.000000 794.000000) (-635.000000 589.000000 794.000000) (-635.000000 589.000000 793.000000) 
4 52 56 (-636.000000 589.000000 794.000000) (-636.000000 589.000000 -91.000000) (-635.000000 589.000000 -91.000000) (-635.000000 589.000000 794.000000) 
4 53 57 (320.000000 48.000000 793.000000) (320.000000 48.000000 794.000000) (-635.000000 48.000000 794.000000) (-635.000000 48.000000 793.000000) 
4 53 56 (-635.000000 589.000000 794.000000) (-635.000000 589.000000 793.000000) (-635.000000 48.000000 793.000000) (-635.000000 48.000000 794.000000) 
4 54 61 (320.000000 48.000000 -90.000000) (320.000000 48.000000 16.000000) (-635.000000 48.000000 16.000000) (-635.000000 48.000000 -90.000000) 
4 54 60 (-304.000000 48.000000 64.000000) (-635.000000 48.000000 64.000000) (-635.000000 48.000000 16.000000) (-304.000000 48.000000 16.000000) 
4 54 58 (320.000000 48.000000 64.000000) (320.000000 48.000000 793.000000) (-635.000000 48.000000 793.000000) (-635.000000 48.000000 64.000000) 
4 55 62 (320.000000 48.000000 -91.000000) (320.000000 48.000000 -90.000000) (-635.000000 48.000000 -90.000000) (-635.000000 48.000000 -91.000000) 
4 55 56 (-635.000000 589.000000 -90.000000) (-635.000000 589.000000 -91.000000) (-635.000000 48.000000 -91.000000) (-635.000000 48.000000 -90.000000) 
4 56 63 (-635.000000 48.000000 794.000000) (-636.000000 48.000000 794.000000) (-636.000000 48.000000 -91.000000) (-635.000000 48.000000 -91.000000) 
4 57 64 (320.000000 -604.000000 793.000000) (320.000000 -604.000000 794.000000) (-635.000000 -604.000000 794.000000) (-635.000000 -604.000000 793.000000) 
4 57 63 (-635.000000 -604.000000 794.000000) (-635.000000 48.000000 794.000000) (-635.000000 48.000000 793.000000) (-635.000000 -604.000000 793.000000) 
4 58 59 (320.000000 -604.000000 64.000000) (-304.000000 -604.000000 64.000000) (-304.000000 -192.000000 64.000000) (320.000000 -192.000000 64.000000) 
4 58 60 (-304.000000 -604.000000 64.000000) (-635.000000 -604.000000 64.000000) (-635.000000 48.000000 64.000000) (-304.000000 48.000000 64.000000) 
4 59 61 (320.000000 -192.000000 16.000000) (320.000000 -604.000000 16.000000) (-304.000000 -604.000000 16.000000) (-304.000000 -192.000000 16.000000) 
4 59 60 (-304.000000 -192.000000 16.000000) (-304.000000 -604.000000 16.000000) (-304.000000 -604.000000 64.000000) (-304.000000 -192.000000 64.000000) 
4 60 61 (-635.000000 -604.000000 16.000000) (-635.000000 48.000000 16.000000) (-304.000000 48.000000 16.000000) (-304.000000 -604.000000 16.000000) 
4 62 64 (-635.000000 -604.000000 -91.000000) (320.000000 -604.000000 -91.000000) (320.000000 -604.000000 -90.000000) (-635.000000 -604.000000 -90.000000) 
4 62 63 (-635.000000 48.000000 -90.000000) (-635.000000 48.000000 -91.000000) (-635.000000 -604.000000 -91.000000) (-635.000000 -604.000000 -90.000000) 
4 63 64 (-636.000000 -604.000000 794.000000) (-636.000000 -604.000000 -91.000000) (-635.000000 -604.000000 -91.000000) (-635.000000 -604.000000 794.000000) 
