hlcsg v3.4 Final (Feb 25 2006)
Zoner's Half-Life Compilation Tools -- Custom Build
Based on code modifications by Sean 'Zoner' Cavanaugh
Based on Valve's version, modified with permission.
Submit detailed bug reports to (amckern@yahoo.com)
-----  BEGIN  hlcsg -----
Command line: Z:\home\moto\Downloads\zhlt34x86final\hlcsg.exe Z:\home\moto\requiem\pc\nzp\maps\perk 
Entering Z:\home\moto\requiem\pc\nzp\maps\perk.map

Current hlcsg Settings
Name                 |  Setting  |  Default
---------------------|-----------|-------------------------
threads               [       2 ] [  Varies ]
verbose               [     off ] [     off ]
log                   [      on ] [      on ]
developer             [       0 ] [       0 ]
chart                 [     off ] [     off ]
estimate              [     off ] [     off ]
max texture memory    [ 4194304 ] [ 4194304 ]
max lighting memory   [ 6291456 ] [ 6291456 ]
priority              [  Normal ] [  Normal ]

noclip                [     off ] [     off ]
null texture stripping[      on ] [      on ]
clipnode economy mode [      on ] [      on ]
clip hull type        [  legacy ] [  legacy ]
onlyents              [     off ] [     off ]
wadtextures           [      on ] [      on ]
skyclip               [      on ] [      on ]
hullfile              [    None ] [    None ]
nullfile              [    None ] [    None ]
min surface area      [   0.500 ] [   0.500 ]
brush union threshold [   0.000 ] [   0.000 ]

Using mapfile wad configuration
Wadinclude list :
[zhlt.wad]

0 brushes (totalling 0 sides) discarded from clipping hulls
CreateBrush:
 (0.08 seconds)
SetModelCenters:
 (0.00 seconds)
CSGBrush:
 (0.17 seconds)

Using Wadfile: \home\moto\requiem\pc\nzp\textures\Example_01.wad
 - Contains 1 used texture, 9.09 percent of map (15 textures in wad)
Using Wadfile: \home\moto\requiem\pc\nzp\textures\Waw_hlwad.wad
 - Contains 4 used textures, 36.36 percent of map (157 textures in wad)
Using Wadfile: \home\moto\requiem\pc\nzp\textures\bo2.wad
 - Contains 6 used textures, 54.55 percent of map (60 textures in wad)
Using Wadfile: \home\moto\requiem\pc\nzp\textures\de_bikinibottom.wad
 - Warning: Larger than expected texture (348972 bytes): 'SB_METWALL'
 - Warning: Larger than expected texture (348972 bytes): 'SB_METWALL2'
 - Contains 0 used textures, 0.00 percent of map (55 textures in wad)
Using Wadfile: \home\moto\requiem\pc\nzp\textures\der_riese.wad
 - Contains 0 used textures, 0.00 percent of map (24 textures in wad)
Using Wadfile: \home\moto\requiem\pc\nzp\textures\minecraft.wad
 - Contains 0 used textures, 0.00 percent of map (15 textures in wad)
Using Wadfile: \home\moto\requiem\pc\nzp\textures\waw_HLBSP.wad
 - Contains 0 used textures, 0.00 percent of map (157 textures in wad)

Texture usage is at 0.18 mb (of 4.00 mb MAX)
0.41 seconds elapsed

-----   END   hlcsg -----



hlbsp v3.4 Final (Feb 25 2006)
Zoner's Half-Life Compilation Tools -- Custom Build
Based on code modifications by Sean 'Zoner' Cavanaugh
Based on Valve's version, modified with permission.
Submit detailed bug reports to (amckern@yahoo.com)
-----  BEGIN  hlbsp -----
Command line: Z:\home\moto\Downloads\zhlt34x86final\hlbsp.exe Z:\home\moto\requiem\pc\nzp\maps\perk 

Current hlbsp Settings
Name               |  Setting  |  Default
-------------------|-----------|-------------------------
threads             [       2 ] [  Varies ]
verbose             [     off ] [     off ]
log                 [      on ] [      on ]
developer           [       0 ] [       0 ]
chart               [     off ] [     off ]
estimate            [     off ] [     off ]
max texture memory  [ 4194304 ] [ 4194304 ]
priority            [  Normal ] [  Normal ]

noclip              [     off ] [     off ]
nofill              [     off ] [     off ]
noopt               [     off ] [     off ]
null tex. stripping [      on ] [      on ]
notjunc             [     off ] [     off ]
subdivide size      [     240 ] [     240 ] (Min 64) (Max 512)
max node size       [    1024 ] [    1024 ] (Min 64) (Max 8192)


SolidBSP [hull 0] 281 (0.02 seconds)
BSP generation successful, writing portal file 'Z:\home\moto\requiem\pc\nzp\maps\perk.prt'
SolidBSP [hull 1] 231 (0.01 seconds)
SolidBSP [hull 2] 227 (0.01 seconds)
SolidBSP [hull 3] 265 (0.02 seconds)
0.20 seconds elapsed

-----   END   hlbsp -----



hlvis v3.4 Final (Feb 25 2006)
Zoner's Half-Life Compilation Tools -- Custom Build
Based on code modifications by Sean 'Zoner' Cavanaugh
Based on Valve's version, modified with permission.
Submit detailed bug reports to (amckern@yahoo.com)
-----  BEGIN  hlvis -----
Command line: Z:\home\moto\Downloads\zhlt34x86final\hlvis.exe Z:\home\moto\requiem\pc\nzp\maps\perk 
 152 portalleafs
 421 numportals

-= Current hlvis Settings =-
Name               |  Setting  |  Default
-------------------|-----------|-------------------------
threads             [       2 ] [  Varies ]
verbose             [     off ] [     off ]
log                 [      on ] [      on ]
developer           [       0 ] [       0 ]
chart               [     off ] [     off ]
estimate            [     off ] [     off ]
max texture memory  [ 4194304 ] [ 4194304 ]
max vis distance    [       0 ] [       0 ]
priority            [  Normal ] [  Normal ]

fast vis            [     off ] [     off ]
full vis            [     off ] [     off ]


BasePortalVis:
 (0.02 seconds)
LeafThread:
 (0.26 seconds)
average leafs visible: 59
g_visdatasize:3171  compressed from 2888
0.29 seconds elapsed

-----   END   hlvis -----



hlrad v3.4 Final (Feb 25 2006)
Zoner's Half-Life Compilation Tools -- Custom Build
Based on code modifications by Sean 'Zoner' Cavanaugh
Based on Valve's version, modified with permission.
Submit detailed bug reports to (amckern@yahoo.com)
-----  BEGIN  hlrad -----
Command line: Z:\home\moto\Downloads\zhlt34x86final\hlrad.exe Z:\home\moto\requiem\pc\nzp\maps\perk 

-= Current hlrad Settings =-
Name                | Setting             | Default
--------------------|---------------------|-------------------------
threads              [                 2 ] [            Varies ]
verbose              [               off ] [               off ]
log                  [                on ] [                on ]
developer            [                 0 ] [                 0 ]
chart                [               off ] [               off ]
estimate             [               off ] [               off ]
max texture memory   [           4194304 ] [           4194304 ]
max lighting memory  [           6291456 ] [           6291456 ]
priority             [            Normal ] [            Normal ]

vismatrix algorithm  [          Original ] [          Original ]
oversampling (-extra)[               off ] [               off ]
bounces              [                 1 ] [                 1 ]
bounce dynamic light [                on ] [                on ]
ambient light        [ 0.000 0.000 0.000 ] [ 0.000 0.000 0.000 ]
maximum light        [           255.000 ] [           256.000 ]
circus mode          [               off ] [               off ]

smoothing threshold  [            50.000 ] [            50.000 ]
direct threshold     [            25.000 ] [            25.000 ]
direct light scale   [             2.000 ] [             2.000 ]
coring threshold     [             1.000 ] [             1.000 ]
patch interpolation  [                on ] [                on ]

texscale             [                on ] [                on ]
patch subdividing    [                on ] [                on ]
chop value           [            64.000 ] [            64.000 ]
texchop value        [            32.000 ] [            32.000 ]

global fade          [             1.000 ] [             1.000 ]
global falloff       [                 2 ] [                 2 ]
global light scale   [ 1.000 1.000 1.000 ] [ 1.000 1.000 1.000 ]
global gamma         [ 0.500 0.500 0.500 ] [ 0.500 0.500 0.500 ]
global light scale   [             1.000 ] [             1.000 ]
global sky diffusion [             1.000 ] [             1.000 ]

opaque entities      [                on ] [                on ]
sky lighting fix     [                on ] [                on ]
incremental          [               off ] [               off ]
dump                 [               off ] [               off ]

colour jitter        [       0.0 0.0 0.0 ] [       0.0 0.0 0.0 ]
monochromatic jitter [       0.0 0.0 0.0 ] [       0.0 0.0 0.0 ]
softlight hack       [   0.0 0.0 0.0 0.0 ] [   0.0 0.0 0.0 0.0 ]
diffuse hack         [                on ] [                on ]
spotlight points     [                on ] [                on ]

custom shadows with bounce light
                     [               off ] [               off ]
rgb transfers        [               off ] [               off ]


[Reading texlights from 'Z:\home\moto\Downloads\zhlt34x86final\lights.rad']
[59 texlights parsed from 'Z:\home\moto\Downloads\zhlt34x86final\lights.rad']

1033 faces
Create Patches : 6664 base patches
0 opaque faces
87580 square feet [12611641.00 square inches]
16 direct lights

BuildFacelights:
 (2.98 seconds)
visibility matrix   :   2.6 megs
BuildVisLeafs:
 (2.70 seconds)
MakeScales:
 (0.99 seconds)
SwapTransfers:
 (0.52 seconds)
Transfer Lists :     8519608 :    8.52M transfers
       Indices :     2243708 :    2.14M bytes
          Data :    34078432 :   32.50M bytes
GatherLight:
 (0.29 seconds)
FinalLightFace:
 (0.93 seconds)
8.59 seconds elapsed

-----   END   hlrad -----



