89
251
4 0 40 (-88.000000 564.000000 340.000000) (-88.000000 694.000000 340.000000) (-88.000000 694.000000 -165.000000) (-88.000000 564.000000 -165.000000) 
4 0 3 (-88.000000 564.000000 -165.000000) (109.000000 564.000000 -165.000000) (109.000000 564.000000 0.000000) (-88.000000 564.000000 0.000000) 
4 0 2 (109.000000 564.000000 2.000000) (109.000000 564.000000 340.000000) (-88.000000 564.000000 340.000000) (-88.000000 564.000000 2.000000) 
4 0 1 (109.000000 564.000000 -165.000000) (608.000000 564.000000 -165.000000) (608.000000 564.000000 340.000000) (109.000000 564.000000 340.000000) 
4 1 14 (176.000000 408.000000 -1.000000) (176.000000 408.000000 2.000000) (109.000000 408.000000 2.000000) (109.000000 408.000000 -1.000000) 
4 1 9 (176.000000 408.000000 2.000000) (176.000000 408.000000 128.000000) (109.000000 408.000000 128.000000) (109.000000 408.000000 2.000000) 
4 1 32 (109.000000 408.000000 -165.000000) (176.000000 408.000000 -165.000000) (176.000000 408.000000 -1.000000) (109.000000 408.000000 -1.000000) 
4 1 6 (176.000000 408.000000 128.000000) (176.000000 408.000000 340.000000) (109.000000 408.000000 340.000000) (109.000000 408.000000 128.000000) 
4 1 5 (176.000000 408.000000 -165.000000) (608.000000 408.000000 -165.000000) (608.000000 408.000000 340.000000) (176.000000 408.000000 340.000000) 
4 1 3 (109.000000 564.000000 0.000000) (109.000000 564.000000 -165.000000) (109.000000 457.000000 -165.000000) (109.000000 457.000000 0.000000) 
4 1 4 (109.000000 457.000000 -165.000000) (109.000000 408.000000 -165.000000) (109.000000 408.000000 2.000000) (109.000000 457.000000 2.000000) 
4 1 2 (109.000000 564.000000 340.000000) (109.000000 564.000000 2.000000) (109.000000 408.000000 2.000000) (109.000000 408.000000 340.000000) 
4 2 42 (-88.000000 564.000000 128.000000) (-88.000000 564.000000 2.000000) (-88.000000 457.000000 2.000000) (-88.000000 457.000000 128.000000) 
4 2 43 (-88.000000 457.000000 2.000000) (-88.000000 408.000000 2.000000) (-88.000000 408.000000 128.000000) (-88.000000 457.000000 128.000000) 
4 2 41 (-88.000000 408.000000 340.000000) (-88.000000 564.000000 340.000000) (-88.000000 564.000000 128.000000) (-88.000000 408.000000 128.000000) 
4 2 9 (72.000000 408.000000 2.000000) (109.000000 408.000000 2.000000) (109.000000 408.000000 128.000000) (72.000000 408.000000 128.000000) 
4 2 6 (-88.000000 408.000000 340.000000) (-88.000000 408.000000 128.000000) (109.000000 408.000000 128.000000) (109.000000 408.000000 340.000000) 
4 2 4 (109.000000 408.000000 2.000000) (-88.000000 408.000000 2.000000) (-88.000000 457.000000 2.000000) (109.000000 457.000000 2.000000) 
4 3 47 (-88.000000 564.000000 0.000000) (-88.000000 564.000000 -165.000000) (-88.000000 457.000000 -165.000000) (-88.000000 457.000000 0.000000) 
4 3 4 (-88.000000 457.000000 0.000000) (-88.000000 457.000000 -165.000000) (109.000000 457.000000 -165.000000) (109.000000 457.000000 0.000000) 
4 4 43 (-88.000000 408.000000 0.000000) (-88.000000 408.000000 2.000000) (-88.000000 457.000000 2.000000) (-88.000000 457.000000 0.000000) 
4 4 47 (-88.000000 457.000000 -165.000000) (-88.000000 408.000000 -165.000000) (-88.000000 408.000000 0.000000) (-88.000000 457.000000 0.000000) 
4 4 17 (-88.000000 408.000000 0.000000) (-88.000000 408.000000 -1.000000) (64.000000 408.000000 -1.000000) (64.000000 408.000000 0.000000) 
4 4 16 (64.000000 408.000000 -1.000000) (72.000000 408.000000 -1.000000) (72.000000 408.000000 0.000000) (64.000000 408.000000 0.000000) 
4 4 14 (72.000000 408.000000 -1.000000) (109.000000 408.000000 -1.000000) (109.000000 408.000000 2.000000) (72.000000 408.000000 2.000000) 
4 4 32 (-88.000000 408.000000 -1.000000) (-88.000000 408.000000 -165.000000) (109.000000 408.000000 -165.000000) (109.000000 408.000000 -1.000000) 
4 5 33 (608.000000 64.000000 340.000000) (176.000000 64.000000 340.000000) (176.000000 64.000000 -165.000000) (608.000000 64.000000 -165.000000) 
4 5 15 (176.000000 184.000000 -1.000000) (176.000000 64.000000 -1.000000) (176.000000 64.000000 2.000000) (176.000000 184.000000 2.000000) 
4 5 14 (176.000000 408.000000 2.000000) (176.000000 408.000000 -1.000000) (176.000000 264.000000 -1.000000) (176.000000 264.000000 2.000000) 
4 5 13 (176.000000 200.000000 2.000000) (176.000000 64.000000 2.000000) (176.000000 64.000000 128.000000) (176.000000 200.000000 128.000000) 
4 5 11 (176.000000 248.000000 2.000000) (176.000000 200.000000 2.000000) (176.000000 200.000000 80.000000) (176.000000 248.000000 80.000000) 
4 5 10 (176.000000 200.000000 80.000000) (176.000000 200.000000 128.000000) (176.000000 248.000000 128.000000) (176.000000 248.000000 80.000000) 
4 5 9 (176.000000 408.000000 128.000000) (176.000000 408.000000 2.000000) (176.000000 248.000000 2.000000) (176.000000 248.000000 128.000000) 
4 5 32 (176.000000 408.000000 -1.000000) (176.000000 408.000000 -165.000000) (176.000000 64.000000 -165.000000) (176.000000 64.000000 -1.000000) 
4 5 7 (176.000000 400.000000 128.000000) (176.000000 64.000000 128.000000) (176.000000 64.000000 340.000000) (176.000000 400.000000 340.000000) 
4 5 6 (176.000000 408.000000 340.000000) (176.000000 408.000000 128.000000) (176.000000 400.000000 128.000000) (176.000000 400.000000 340.000000) 
4 6 41 (-88.000000 400.000000 340.000000) (-88.000000 408.000000 340.000000) (-88.000000 408.000000 128.000000) (-88.000000 400.000000 128.000000) 
4 6 9 (72.000000 408.000000 128.000000) (176.000000 408.000000 128.000000) (176.000000 400.000000 128.000000) (72.000000 400.000000 128.000000) 
4 6 8 (64.000000 400.000000 340.000000) (-88.000000 400.000000 340.000000) (-88.000000 400.000000 130.000000) (64.000000 400.000000 130.000000) 
4 6 7 (176.000000 400.000000 128.000000) (176.000000 400.000000 340.000000) (64.000000 400.000000 340.000000) (64.000000 400.000000 128.000000) 
4 7 35 (64.000000 64.000000 130.000000) (64.000000 64.000000 128.000000) (72.000000 64.000000 128.000000) (72.000000 64.000000 130.000000) 
4 7 34 (72.000000 64.000000 340.000000) (64.000000 64.000000 340.000000) (64.000000 64.000000 130.000000) (72.000000 64.000000 130.000000) 
4 7 33 (176.000000 64.000000 340.000000) (72.000000 64.000000 340.000000) (72.000000 64.000000 128.000000) (176.000000 64.000000 128.000000) 
4 7 13 (176.000000 64.000000 128.000000) (72.000000 64.000000 128.000000) (72.000000 200.000000 128.000000) (176.000000 200.000000 128.000000) 
4 7 10 (72.000000 248.000000 128.000000) (176.000000 248.000000 128.000000) (176.000000 200.000000 128.000000) (72.000000 200.000000 128.000000) 
4 7 9 (72.000000 400.000000 128.000000) (176.000000 400.000000 128.000000) (176.000000 248.000000 128.000000) (72.000000 248.000000 128.000000) 
4 7 8 (64.000000 64.000000 130.000000) (64.000000 64.000000 340.000000) (64.000000 400.000000 340.000000) (64.000000 400.000000 130.000000) 
4 8 49 (-88.000000 64.000000 130.000000) (-88.000000 64.000000 340.000000) (-88.000000 400.000000 340.000000) (-88.000000 400.000000 130.000000) 
4 8 34 (64.000000 64.000000 340.000000) (-88.000000 64.000000 340.000000) (-88.000000 64.000000 130.000000) (64.000000 64.000000 130.000000) 
4 9 14 (72.000000 408.000000 2.000000) (176.000000 408.000000 2.000000) (176.000000 264.000000 2.000000) (72.000000 264.000000 2.000000) 
4 9 11 (72.000000 248.000000 2.000000) (176.000000 248.000000 2.000000) (176.000000 248.000000 80.000000) (72.000000 248.000000 80.000000) 
4 9 10 (176.000000 248.000000 80.000000) (176.000000 248.000000 128.000000) (72.000000 248.000000 128.000000) (72.000000 248.000000 80.000000) 
4 10 13 (176.000000 200.000000 80.000000) (176.000000 200.000000 128.000000) (72.000000 200.000000 128.000000) (72.000000 200.000000 80.000000) 
4 10 11 (72.000000 248.000000 80.000000) (176.000000 248.000000 80.000000) (176.000000 200.000000 80.000000) (72.000000 200.000000 80.000000) 
4 11 13 (72.000000 200.000000 2.000000) (176.000000 200.000000 2.000000) (176.000000 200.000000 80.000000) (72.000000 200.000000 80.000000) 
4 11 12 (72.000000 200.000000 32.000000) (72.000000 200.000000 80.000000) (72.000000 248.000000 80.000000) (72.000000 248.000000 32.000000) 
4 12 18 (64.000000 200.000000 32.000000) (64.000000 200.000000 80.000000) (64.000000 248.000000 80.000000) (64.000000 248.000000 32.000000) 
4 13 33 (176.000000 64.000000 2.000000) (176.000000 64.000000 128.000000) (72.000000 64.000000 128.000000) (72.000000 64.000000 2.000000) 
4 13 15 (176.000000 184.000000 2.000000) (176.000000 64.000000 2.000000) (72.000000 64.000000 2.000000) (72.000000 184.000000 2.000000) 
4 14 16 (72.000000 408.000000 0.000000) (72.000000 408.000000 -1.000000) (72.000000 264.000000 -1.000000) (72.000000 264.000000 0.000000) 
4 14 32 (72.000000 408.000000 -1.000000) (176.000000 408.000000 -1.000000) (176.000000 264.000000 -1.000000) (72.000000 264.000000 -1.000000) 
4 15 33 (72.000000 64.000000 -1.000000) (176.000000 64.000000 -1.000000) (176.000000 64.000000 2.000000) (72.000000 64.000000 2.000000) 
4 15 16 (72.000000 64.000000 -1.000000) (72.000000 64.000000 0.000000) (72.000000 184.000000 0.000000) (72.000000 184.000000 -1.000000) 
4 15 32 (176.000000 184.000000 -1.000000) (176.000000 64.000000 -1.000000) (72.000000 64.000000 -1.000000) (72.000000 184.000000 -1.000000) 
4 16 38 (64.000000 64.000000 -1.000000) (72.000000 64.000000 -1.000000) (72.000000 64.000000 0.000000) (64.000000 64.000000 0.000000) 
4 16 31 (64.000000 400.000000 -1.000000) (64.000000 64.000000 -1.000000) (64.000000 64.000000 0.000000) (64.000000 400.000000 0.000000) 
4 16 17 (64.000000 408.000000 0.000000) (64.000000 408.000000 -1.000000) (64.000000 400.000000 -1.000000) (64.000000 400.000000 0.000000) 
4 16 32 (64.000000 408.000000 -1.000000) (72.000000 408.000000 -1.000000) (72.000000 64.000000 -1.000000) (64.000000 64.000000 -1.000000) 
4 17 47 (-88.000000 408.000000 0.000000) (-88.000000 408.000000 -1.000000) (-88.000000 400.000000 -1.000000) (-88.000000 400.000000 0.000000) 
4 17 31 (-88.000000 400.000000 -1.000000) (64.000000 400.000000 -1.000000) (64.000000 400.000000 0.000000) (-88.000000 400.000000 0.000000) 
4 17 32 (-88.000000 400.000000 -1.000000) (-88.000000 408.000000 -1.000000) (64.000000 408.000000 -1.000000) (64.000000 400.000000 -1.000000) 
4 18 50 (-88.000000 400.000000 127.719002) (-88.000000 400.000000 14.000000) (-88.000000 72.000000 14.000000) (-88.000000 72.000000 127.719002) 
4 18 20 (8.000000 95.000000 14.000000) (64.000000 95.000000 14.000000) (64.000000 72.000000 14.000000) (8.000000 72.000000 14.000000) 
4 18 19 (-88.000000 95.000000 14.000000) (-88.000000 400.000000 14.000000) (64.000000 400.000000 14.000000) (64.000000 95.000000 14.000000) 
4 19 50 (-88.000000 95.000000 14.000000) (-88.000000 400.000000 14.000000) (-88.000000 400.000000 2.281250) (-88.000000 95.000000 2.281250) 
4 19 30 (-75.869317 95.000000 2.281250) (-59.669867 95.000000 2.281250) (-59.669867 95.000000 11.000000) (-75.869317 95.000000 11.000000) 
4 19 29 (-88.000000 95.000000 11.000000) (-88.000000 95.000000 2.281250) (-75.869317 95.000000 2.281250) (-75.869317 95.000000 11.000000) 
4 19 27 (-59.669867 95.000000 2.281250) (-48.000000 95.000000 2.281250) (-48.000000 95.000000 11.000000) (-59.669867 95.000000 11.000000) 
4 19 25 (-48.000000 95.000000 2.281250) (-32.000000 95.000000 2.281250) (-32.000000 95.000000 11.000000) (-48.000000 95.000000 11.000000) 
4 19 24 (4.116669 95.000000 2.281250) (8.000000 95.000000 2.281250) (8.000000 95.000000 11.000000) (4.116669 95.000000 11.000000) 
4 19 23 (-18.554832 95.000000 2.281250) (4.116669 95.000000 2.281250) (4.116669 95.000000 11.000000) (-18.554832 95.000000 11.000000) 
4 19 22 (-32.000000 95.000000 2.281250) (-18.554832 95.000000 2.281250) (-18.554832 95.000000 11.000000) (-32.000000 95.000000 11.000000) 
4 19 20 (8.000000 95.000000 2.281250) (64.000000 95.000000 2.281250) (64.000000 95.000000 14.000000) (8.000000 95.000000 14.000000) 
4 20 24 (8.000000 95.000000 11.000000) (8.000000 95.000000 2.281250) (8.000000 76.378164 2.281250) (8.000000 76.378164 11.000000) 
4 20 21 (8.000000 76.378164 2.281250) (8.000000 72.000000 2.281250) (8.000000 72.000000 11.000000) (8.000000 76.378164 11.000000) 
4 21 24 (8.000000 76.378166 2.281250) (0.775268 75.233901 2.281250) (0.775268 75.233901 11.000000) (8.000000 76.378166 11.000000) 
4 21 22 (-15.027700 72.731001 2.281250) (-19.643139 72.000000 2.281250) (-19.643139 72.000000 11.000000) (-15.027700 72.731001 11.000000) 
4 22 26 (-32.000000 74.000000 2.281250) (-32.000000 72.000000 2.281250) (-32.000000 72.000000 11.000000) (-32.000000 74.000000 11.000000) 
4 22 25 (-32.000000 95.000000 11.000000) (-32.000000 95.000000 2.281250) (-32.000000 93.000000 2.281250) (-32.000000 93.000000 11.000000) 
4 22 23 (-17.999999 91.496995 2.281250) (-18.554832 95.000000 2.281250) (-18.554832 95.000000 11.000000) (-17.999999 91.496995 11.000000) 
4 23 24 (-2.196990 93.999999 2.281250) (4.116646 95.000000 2.281250) (4.116646 95.000000 11.000000) (-2.196990 93.999999 11.000000) 
4 25 27 (-48.000000 95.000000 2.281250) (-48.000000 93.000000 2.281250) (-48.000000 93.000000 11.000000) (-48.000000 95.000000 11.000000) 
4 26 27 (-48.000000 74.000000 2.281250) (-48.000000 72.000000 2.281250) (-48.000000 72.000000 11.000000) (-48.000000 74.000000 11.000000) 
4 27 30 (-59.669869 95.000000 11.000000) (-59.669869 95.000000 2.281250) (-60.224700 91.497006 2.281250) (-60.224700 91.497006 11.000000) 
4 27 28 (-63.197001 72.730998 2.281250) (-63.312782 72.000000 2.281250) (-63.312782 72.000000 11.000000) (-63.197001 72.730998 11.000000) 
4 28 50 (-88.000000 76.659329 2.281250) (-88.000000 72.000000 2.281250) (-88.000000 72.000000 11.000000) (-88.000000 76.659329 11.000000) 
4 28 29 (-88.000000 76.659332 11.000000) (-79.000003 75.233901 11.000000) (-79.000003 75.233901 2.281250) (-88.000000 76.659332 2.281250) 
4 29 50 (-88.000000 95.000000 11.000000) (-88.000000 95.000000 2.281250) (-88.000000 76.659329 2.281250) (-88.000000 76.659329 11.000000) 
4 29 30 (-76.027703 94.000007 2.281250) (-75.869318 95.000000 2.281250) (-75.869318 95.000000 11.000000) (-76.027703 94.000007 11.000000) 
4 31 54 (-88.000000 64.000000 -1.000000) (-88.000000 64.000000 0.000000) (-88.000000 400.000000 0.000000) (-88.000000 400.000000 -1.000000) 
4 31 38 (-88.000000 64.000000 0.000000) (-88.000000 64.000000 -1.000000) (64.000000 64.000000 -1.000000) (64.000000 64.000000 0.000000) 
4 31 32 (-88.000000 64.000000 -1.000000) (-88.000000 400.000000 -1.000000) (64.000000 400.000000 -1.000000) (64.000000 64.000000 -1.000000) 
4 32 54 (-88.000000 64.000000 -165.000000) (-88.000000 64.000000 -1.000000) (-88.000000 400.000000 -1.000000) (-88.000000 400.000000 -165.000000) 
4 32 47 (-88.000000 400.000000 -1.000000) (-88.000000 408.000000 -1.000000) (-88.000000 408.000000 -165.000000) (-88.000000 400.000000 -165.000000) 
4 32 38 (-88.000000 64.000000 -1.000000) (-88.000000 64.000000 -165.000000) (72.000000 64.000000 -165.000000) (72.000000 64.000000 -1.000000) 
4 32 33 (72.000000 64.000000 -165.000000) (176.000000 64.000000 -165.000000) (176.000000 64.000000 -1.000000) (72.000000 64.000000 -1.000000) 
4 33 38 (72.000000 64.000000 0.000000) (72.000000 64.000000 -165.000000) (72.000000 -272.000000 -165.000000) (72.000000 -272.000000 0.000000) 
4 33 36 (72.000000 -272.000000 128.000000) (72.000000 -272.000000 340.000000) (72.000000 -264.000000 340.000000) (72.000000 -264.000000 128.000000) 
4 33 35 (72.000000 64.000000 130.000000) (72.000000 64.000000 128.000000) (72.000000 -264.000000 128.000000) (72.000000 -264.000000 130.000000) 
4 33 34 (72.000000 64.000000 340.000000) (72.000000 64.000000 130.000000) (72.000000 -264.000000 130.000000) (72.000000 -264.000000 340.000000) 
4 33 39 (72.000000 -272.000000 -165.000000) (72.000000 -641.000000 -165.000000) (72.000000 -641.000000 340.000000) (72.000000 -272.000000 340.000000) 
4 34 81 (-88.000000 -264.000000 340.000000) (-88.000000 64.000000 340.000000) (-88.000000 64.000000 130.000000) (-88.000000 -264.000000 130.000000) 
4 34 36 (72.000000 -264.000000 130.000000) (72.000000 -264.000000 340.000000) (-88.000000 -264.000000 340.000000) (-88.000000 -264.000000 130.000000) 
4 34 35 (64.000000 64.000000 130.000000) (72.000000 64.000000 130.000000) (72.000000 -264.000000 130.000000) (64.000000 -264.000000 130.000000) 
4 35 36 (72.000000 -264.000000 128.000000) (72.000000 -264.000000 130.000000) (64.000000 -264.000000 130.000000) (64.000000 -264.000000 128.000000) 
4 36 82 (-88.000000 -272.000000 340.000000) (-88.000000 -264.000000 340.000000) (-88.000000 -264.000000 128.000000) (-88.000000 -272.000000 128.000000) 
4 36 39 (72.000000 -272.000000 128.000000) (72.000000 -272.000000 340.000000) (-88.000000 -272.000000 340.000000) (-88.000000 -272.000000 128.000000) 
4 37 83 (-88.000000 64.000000 127.719002) (-88.000000 64.000000 2.281250) (-88.000000 -264.000000 2.281250) (-88.000000 -264.000000 127.719002) 
4 38 84 (-88.000000 64.000000 0.000000) (-88.000000 64.000000 -165.000000) (-88.000000 -272.000000 -165.000000) (-88.000000 -272.000000 0.000000) 
4 38 39 (-88.000000 -272.000000 -165.000000) (72.000000 -272.000000 -165.000000) (72.000000 -272.000000 0.000000) (-88.000000 -272.000000 0.000000) 
4 39 88 (-88.000000 -641.000000 340.000000) (-88.000000 -272.000000 340.000000) (-88.000000 -272.000000 -165.000000) (-88.000000 -641.000000 -165.000000) 
4 40 44 (-120.000000 564.000000 128.000000) (-264.000000 564.000000 128.000000) (-264.000000 564.000000 2.000000) (-120.000000 564.000000 2.000000) 
4 40 42 (-88.000000 564.000000 2.000000) (-88.000000 564.000000 128.000000) (-120.000000 564.000000 128.000000) (-120.000000 564.000000 2.000000) 
4 40 45 (-264.000000 564.000000 128.000000) (-456.000000 564.000000 128.000000) (-456.000000 564.000000 0.000000) (-264.000000 564.000000 0.000000) 
4 40 47 (-456.000000 564.000000 -165.000000) (-88.000000 564.000000 -165.000000) (-88.000000 564.000000 0.000000) (-456.000000 564.000000 0.000000) 
4 40 41 (-88.000000 564.000000 128.000000) (-88.000000 564.000000 340.000000) (-456.000000 564.000000 340.000000) (-456.000000 564.000000 128.000000) 
4 40 48 (-812.000000 564.000000 340.000000) (-812.000000 564.000000 -165.000000) (-456.000000 564.000000 -165.000000) (-456.000000 564.000000 340.000000) 
4 41 70 (-448.000000 400.000000 340.000000) (-456.000000 400.000000 340.000000) (-456.000000 400.000000 128.000000) (-448.000000 400.000000 128.000000) 
4 41 49 (-88.000000 400.000000 130.000000) (-88.000000 400.000000 340.000000) (-448.000000 400.000000 340.000000) (-448.000000 400.000000 130.000000) 
4 41 44 (-264.000000 564.000000 128.000000) (-120.000000 564.000000 128.000000) (-120.000000 408.000000 128.000000) (-264.000000 408.000000 128.000000) 
4 41 42 (-120.000000 564.000000 128.000000) (-88.000000 564.000000 128.000000) (-88.000000 457.000000 128.000000) (-120.000000 457.000000 128.000000) 
4 41 43 (-88.000000 457.000000 128.000000) (-88.000000 408.000000 128.000000) (-120.000000 408.000000 128.000000) (-120.000000 457.000000 128.000000) 
4 41 45 (-456.000000 564.000000 128.000000) (-264.000000 564.000000 128.000000) (-264.000000 408.000000 128.000000) (-456.000000 408.000000 128.000000) 
4 41 48 (-456.000000 564.000000 340.000000) (-456.000000 564.000000 128.000000) (-456.000000 400.000000 128.000000) (-456.000000 400.000000 340.000000) 
4 42 44 (-120.000000 457.000000 128.000000) (-120.000000 564.000000 128.000000) (-120.000000 564.000000 2.000000) (-120.000000 457.000000 2.000000) 
4 42 43 (-88.000000 457.000000 2.000000) (-88.000000 457.000000 128.000000) (-120.000000 457.000000 128.000000) (-120.000000 457.000000 2.000000) 
4 43 44 (-120.000000 408.000000 2.000000) (-120.000000 408.000000 128.000000) (-120.000000 457.000000 128.000000) (-120.000000 457.000000 2.000000) 
4 43 47 (-88.000000 457.000000 0.000000) (-88.000000 408.000000 0.000000) (-120.000000 408.000000 0.000000) (-120.000000 457.000000 0.000000) 
4 44 46 (-240.000000 408.000000 88.000000) (-240.000000 408.000000 2.000000) (-144.000000 408.000000 2.000000) (-144.000000 408.000000 88.000000) 
4 44 45 (-264.000000 564.000000 128.000000) (-264.000000 564.000000 2.000000) (-264.000000 408.000000 2.000000) (-264.000000 408.000000 128.000000) 
4 45 48 (-456.000000 564.000000 128.000000) (-456.000000 564.000000 0.000000) (-456.000000 408.000000 0.000000) (-456.000000 408.000000 128.000000) 
4 45 47 (-456.000000 408.000000 0.000000) (-456.000000 564.000000 0.000000) (-264.000000 564.000000 0.000000) (-264.000000 408.000000 0.000000) 
4 46 51 (-240.000000 400.000000 88.000000) (-240.000000 400.000000 2.000000) (-144.000000 400.000000 2.000000) (-144.000000 400.000000 88.000000) 
4 47 76 (-448.000000 400.000000 -1.000000) (-448.000000 400.000000 0.000000) (-456.000000 400.000000 0.000000) (-456.000000 400.000000 -1.000000) 
4 47 79 (-456.000000 400.000000 -165.000000) (-448.000000 400.000000 -165.000000) (-448.000000 400.000000 -1.000000) (-456.000000 400.000000 -1.000000) 
4 47 69 (-448.000000 400.000000 -165.000000) (-240.000000 400.000000 -165.000000) (-240.000000 400.000000 0.000000) (-448.000000 400.000000 0.000000) 
4 47 54 (-240.000000 400.000000 -165.000000) (-88.000000 400.000000 -165.000000) (-88.000000 400.000000 0.000000) (-240.000000 400.000000 0.000000) 
4 47 48 (-456.000000 564.000000 0.000000) (-456.000000 564.000000 -165.000000) (-456.000000 400.000000 -165.000000) (-456.000000 400.000000 0.000000) 
4 48 77 (-456.000000 400.000000 -1.000000) (-456.000000 400.000000 2.000000) (-560.000000 400.000000 2.000000) (-560.000000 400.000000 -1.000000) 
4 48 71 (-456.000000 400.000000 2.000000) (-456.000000 400.000000 128.000000) (-560.000000 400.000000 128.000000) (-560.000000 400.000000 2.000000) 
4 48 79 (-560.000000 400.000000 -165.000000) (-456.000000 400.000000 -165.000000) (-456.000000 400.000000 -1.000000) (-560.000000 400.000000 -1.000000) 
4 48 80 (-812.000000 400.000000 -165.000000) (-560.000000 400.000000 -165.000000) (-560.000000 400.000000 128.000000) (-812.000000 400.000000 128.000000) 
4 48 70 (-456.000000 400.000000 128.000000) (-456.000000 400.000000 340.000000) (-812.000000 400.000000 340.000000) (-812.000000 400.000000 128.000000) 
4 49 81 (-88.000000 64.000000 130.000000) (-88.000000 64.000000 340.000000) (-448.000000 64.000000 340.000000) (-448.000000 64.000000 130.000000) 
4 49 70 (-448.000000 400.000000 340.000000) (-448.000000 400.000000 130.000000) (-448.000000 64.000000 130.000000) (-448.000000 64.000000 340.000000) 
4 50 53 (-144.000000 399.625000 88.000000) (-144.000000 399.625000 2.281250) (-144.000000 72.000000 2.281250) (-144.000000 72.000000 88.000000) 
4 50 52 (-144.000000 72.000000 127.719002) (-144.000000 399.625000 127.719002) (-144.000000 399.625000 88.000000) (-144.000000 72.000000 88.000000) 
4 50 51 (-144.000000 399.625000 127.719002) (-144.000000 400.000000 127.719002) (-144.000000 400.000000 2.281250) (-144.000000 399.625000 2.281250) 
4 51 61 (-240.000000 400.000000 11.000000) (-240.000000 400.000000 2.281250) (-240.000000 399.625000 2.281250) (-240.000000 399.625000 11.000000) 
4 51 56 (-240.000000 400.000000 14.000000) (-240.000000 400.000000 11.000000) (-240.000000 399.625000 11.000000) (-240.000000 399.625000 14.000000) 
4 51 55 (-240.000000 399.625000 127.719002) (-240.000000 400.000000 127.719002) (-240.000000 400.000000 14.000000) (-240.000000 399.625000 14.000000) 
4 51 53 (-144.000000 399.625000 2.281250) (-144.000000 399.625000 88.000000) (-240.000000 399.625000 88.000000) (-240.000000 399.625000 2.281250) 
4 51 52 (-144.000000 399.625000 88.000000) (-144.000000 399.625000 127.719002) (-240.000000 399.625000 127.719002) (-240.000000 399.625000 88.000000) 
4 52 55 (-240.000000 72.000000 127.719002) (-240.000000 399.625000 127.719002) (-240.000000 399.625000 88.000000) (-240.000000 72.000000 88.000000) 
4 52 53 (-240.000000 72.000000 88.000000) (-240.000000 399.625000 88.000000) (-144.000000 399.625000 88.000000) (-144.000000 72.000000 88.000000) 
4 53 83 (-240.000000 64.000000 88.000000) (-240.000000 64.000000 2.281250) (-144.000000 64.000000 2.281250) (-144.000000 64.000000 88.000000) 
4 53 62 (-240.000000 104.484783 2.281250) (-240.000000 85.247556 2.281250) (-240.000000 85.247556 11.000000) (-240.000000 104.484783 11.000000) 
4 53 61 (-240.000000 399.625000 11.000000) (-240.000000 399.625000 2.281250) (-240.000000 104.484783 2.281250) (-240.000000 104.484783 11.000000) 
4 53 59 (-240.000000 85.247556 2.281250) (-240.000000 72.000000 2.281250) (-240.000000 72.000000 11.000000) (-240.000000 85.247556 11.000000) 
4 53 57 (-240.000000 95.000000 11.000000) (-240.000000 72.000000 11.000000) (-240.000000 72.000000 14.000000) (-240.000000 95.000000 14.000000) 
4 53 56 (-240.000000 399.625000 14.000000) (-240.000000 399.625000 11.000000) (-240.000000 95.000000 11.000000) (-240.000000 95.000000 14.000000) 
4 53 55 (-240.000000 399.625000 88.000000) (-240.000000 399.625000 14.000000) (-240.000000 72.000000 14.000000) (-240.000000 72.000000 88.000000) 
4 54 84 (-88.000000 64.000000 -165.000000) (-88.000000 64.000000 0.000000) (-240.000000 64.000000 0.000000) (-240.000000 64.000000 -165.000000) 
4 54 69 (-240.000000 400.000000 0.000000) (-240.000000 400.000000 -165.000000) (-240.000000 64.000000 -165.000000) (-240.000000 64.000000 0.000000) 
4 55 73 (-448.000000 200.000000 32.000000) (-448.000000 200.000000 80.000000) (-448.000000 248.000000 80.000000) (-448.000000 248.000000 32.000000) 
4 55 57 (-296.000000 95.000000 14.000000) (-240.000000 95.000000 14.000000) (-240.000000 72.000000 14.000000) (-296.000000 72.000000 14.000000) 
4 55 58 (-448.000000 72.000000 14.000000) (-448.000000 95.000000 14.000000) (-392.000000 95.000000 14.000000) (-392.000000 72.000000 14.000000) 
4 55 56 (-448.000000 95.000000 14.000000) (-448.000000 400.000000 14.000000) (-240.000000 400.000000 14.000000) (-240.000000 95.000000 14.000000) 
4 56 68 (-352.000000 270.977218 11.000000) (-352.000000 168.688872 11.000000) (-363.670219 95.000000 11.000000) (-379.869630 95.000000 11.000000) 
5 56 67 (-448.000000 95.000000 11.000000) (-448.000000 400.000000 11.000000) (-352.000000 400.000000 11.000000) (-352.000000 270.977218 11.000000) (-379.869630 95.000000 11.000000) 
3 56 65 (-352.000000 168.688872 11.000000) (-352.000000 95.000000 11.000000) (-363.670219 95.000000 11.000000) 
4 56 63 (-352.000000 400.000000 11.000000) (-336.000000 400.000000 11.000000) (-336.000000 95.000000 11.000000) (-352.000000 95.000000 11.000000) 
3 56 62 (-240.000000 104.484783 11.000000) (-240.000000 95.000000 11.000000) (-299.883344 95.000000 11.000000) 
6 56 61 (-336.000000 400.000000 11.000000) (-240.000000 400.000000 11.000000) (-240.000000 104.484783 11.000000) (-299.883344 95.000000 11.000000) (-322.554756 95.000000 11.000000) (-336.000000 179.896857 11.000000) 
3 56 60 (-322.554756 95.000000 11.000000) (-336.000000 95.000000 11.000000) (-336.000000 179.896857 11.000000) 
4 56 57 (-240.000000 95.000000 11.000000) (-240.000000 95.000000 14.000000) (-296.000000 95.000000 14.000000) (-296.000000 95.000000 11.000000) 
4 56 58 (-392.000000 95.000000 14.000000) (-448.000000 95.000000 14.000000) (-448.000000 95.000000 11.000000) (-392.000000 95.000000 11.000000) 
4 57 62 (-296.000000 76.378202 11.000000) (-296.000000 95.000000 11.000000) (-240.000000 95.000000 11.000000) (-240.000000 85.247556 11.000000) 
4 57 59 (-240.000000 72.000000 11.000000) (-296.000000 72.000000 11.000000) (-296.000000 76.378202 11.000000) (-240.000000 85.247556 11.000000) 
4 58 67 (-448.000000 85.528681 11.000000) (-448.000000 95.000000 11.000000) (-392.000000 95.000000 11.000000) (-392.000000 76.659327 11.000000) 
4 58 66 (-392.000000 72.000000 11.000000) (-448.000000 72.000000 11.000000) (-448.000000 85.528681 11.000000) (-392.000000 76.659327 11.000000) 
4 59 62 (-240.000000 85.247561 2.281250) (-303.224984 75.233905 2.281250) (-303.224984 75.233905 11.000000) (-240.000000 85.247561 11.000000) 
4 59 60 (-319.027981 72.731006 2.281250) (-323.643461 72.000000 2.281250) (-323.643461 72.000000 11.000000) (-319.027981 72.731006 11.000000) 
4 60 64 (-336.000000 74.000000 2.281250) (-336.000000 72.000000 2.281250) (-336.000000 72.000000 11.000000) (-336.000000 74.000000 11.000000) 
4 60 63 (-336.000000 179.896857 2.281250) (-336.000000 93.000000 2.281250) (-336.000000 93.000000 11.000000) (-336.000000 179.896857 11.000000) 
4 60 61 (-321.999990 91.496996 2.281250) (-336.000000 179.896789 2.281250) (-336.000000 179.896789 11.000000) (-321.999990 91.496996 11.000000) 
4 61 63 (-336.000000 400.000000 11.000000) (-336.000000 400.000000 2.281250) (-336.000000 179.896857 2.281250) (-336.000000 179.896857 11.000000) 
4 61 62 (-306.196982 93.999991 2.281250) (-240.000000 104.484776 2.281250) (-240.000000 104.484776 11.000000) (-306.196982 93.999991 11.000000) 
4 63 68 (-352.000000 270.977218 2.281250) (-352.000000 168.688872 2.281250) (-352.000000 168.688872 11.000000) (-352.000000 270.977218 11.000000) 
4 63 67 (-352.000000 400.000000 2.281250) (-352.000000 270.977218 2.281250) (-352.000000 270.977218 11.000000) (-352.000000 400.000000 11.000000) 
4 63 65 (-352.000000 168.688872 2.281250) (-352.000000 93.000000 2.281250) (-352.000000 93.000000 11.000000) (-352.000000 168.688872 11.000000) 
4 64 65 (-352.000000 74.000000 2.281250) (-352.000000 72.000000 2.281250) (-352.000000 72.000000 11.000000) (-352.000000 74.000000 11.000000) 
4 65 68 (-352.000000 168.688956 11.000000) (-352.000000 168.688956 2.281250) (-364.225007 91.497005 2.281250) (-364.225007 91.497005 11.000000) 
4 65 66 (-367.197008 72.730997 2.281250) (-367.312777 72.000000 2.281250) (-367.312777 72.000000 11.000000) (-367.197008 72.730997 11.000000) 
4 66 67 (-383.000001 75.233896 2.281250) (-448.000000 85.528681 2.281250) (-448.000000 85.528681 11.000000) (-383.000001 75.233896 11.000000) 
4 67 68 (-380.028006 94.000005 2.281250) (-352.000000 270.977253 2.281250) (-352.000000 270.977253 11.000000) (-380.028006 94.000005 11.000000) 
4 69 84 (-448.000000 64.000000 0.000000) (-448.000000 64.000000 -165.000000) (-240.000000 64.000000 -165.000000) (-240.000000 64.000000 0.000000) 
4 69 76 (-448.000000 400.000000 0.000000) (-448.000000 400.000000 -1.000000) (-448.000000 64.000000 -1.000000) (-448.000000 64.000000 0.000000) 
4 69 79 (-448.000000 400.000000 -1.000000) (-448.000000 400.000000 -165.000000) (-448.000000 64.000000 -165.000000) (-448.000000 64.000000 -1.000000) 
4 70 85 (-448.000000 64.000000 340.000000) (-812.000000 64.000000 340.000000) (-812.000000 64.000000 128.000000) (-448.000000 64.000000 128.000000) 
4 70 75 (-456.000000 64.000000 128.000000) (-560.000000 64.000000 128.000000) (-560.000000 200.000000 128.000000) (-456.000000 200.000000 128.000000) 
4 70 72 (-456.000000 200.000000 128.000000) (-560.000000 200.000000 128.000000) (-560.000000 248.000000 128.000000) (-456.000000 248.000000 128.000000) 
4 70 71 (-456.000000 248.000000 128.000000) (-560.000000 248.000000 128.000000) (-560.000000 400.000000 128.000000) (-456.000000 400.000000 128.000000) 
4 70 80 (-560.000000 64.000000 128.000000) (-812.000000 64.000000 128.000000) (-812.000000 400.000000 128.000000) (-560.000000 400.000000 128.000000) 
4 71 77 (-560.000000 264.000000 2.000000) (-560.000000 400.000000 2.000000) (-456.000000 400.000000 2.000000) (-456.000000 264.000000 2.000000) 
4 71 74 (-560.000000 248.000000 80.000000) (-560.000000 248.000000 2.000000) (-456.000000 248.000000 2.000000) (-456.000000 248.000000 80.000000) 
4 71 72 (-456.000000 248.000000 128.000000) (-560.000000 248.000000 128.000000) (-560.000000 248.000000 80.000000) (-456.000000 248.000000 80.000000) 
4 71 80 (-560.000000 400.000000 128.000000) (-560.000000 400.000000 2.000000) (-560.000000 248.000000 2.000000) (-560.000000 248.000000 128.000000) 
4 72 75 (-560.000000 200.000000 128.000000) (-560.000000 200.000000 80.000000) (-456.000000 200.000000 80.000000) (-456.000000 200.000000 128.000000) 
4 72 74 (-560.000000 200.000000 80.000000) (-560.000000 248.000000 80.000000) (-456.000000 248.000000 80.000000) (-456.000000 200.000000 80.000000) 
4 72 80 (-560.000000 200.000000 80.000000) (-560.000000 200.000000 128.000000) (-560.000000 248.000000 128.000000) (-560.000000 248.000000 80.000000) 
4 73 74 (-456.000000 200.000000 32.000000) (-456.000000 200.000000 80.000000) (-456.000000 248.000000 80.000000) (-456.000000 248.000000 32.000000) 
4 74 75 (-560.000000 200.000000 80.000000) (-560.000000 200.000000 2.000000) (-456.000000 200.000000 2.000000) (-456.000000 200.000000 80.000000) 
4 74 80 (-560.000000 248.000000 2.000000) (-560.000000 200.000000 2.000000) (-560.000000 200.000000 80.000000) (-560.000000 248.000000 80.000000) 
4 75 87 (-456.000000 64.000000 128.000000) (-560.000000 64.000000 128.000000) (-560.000000 64.000000 2.000000) (-456.000000 64.000000 2.000000) 
4 75 78 (-456.000000 64.000000 2.000000) (-560.000000 64.000000 2.000000) (-560.000000 184.000000 2.000000) (-456.000000 184.000000 2.000000) 
4 75 80 (-560.000000 200.000000 2.000000) (-560.000000 64.000000 2.000000) (-560.000000 64.000000 128.000000) (-560.000000 200.000000 128.000000) 
4 76 86 (-448.000000 64.000000 -1.000000) (-448.000000 64.000000 0.000000) (-456.000000 64.000000 0.000000) (-456.000000 64.000000 -1.000000) 
4 76 78 (-456.000000 184.000000 -1.000000) (-456.000000 64.000000 -1.000000) (-456.000000 64.000000 0.000000) (-456.000000 184.000000 0.000000) 
4 76 77 (-456.000000 400.000000 -1.000000) (-456.000000 264.000000 -1.000000) (-456.000000 264.000000 0.000000) (-456.000000 400.000000 0.000000) 
4 76 79 (-456.000000 400.000000 -1.000000) (-448.000000 400.000000 -1.000000) (-448.000000 64.000000 -1.000000) (-456.000000 64.000000 -1.000000) 
4 77 79 (-560.000000 400.000000 -1.000000) (-456.000000 400.000000 -1.000000) (-456.000000 264.000000 -1.000000) (-560.000000 264.000000 -1.000000) 
4 77 80 (-560.000000 400.000000 2.000000) (-560.000000 400.000000 -1.000000) (-560.000000 264.000000 -1.000000) (-560.000000 264.000000 2.000000) 
4 78 87 (-456.000000 64.000000 2.000000) (-560.000000 64.000000 2.000000) (-560.000000 64.000000 -1.000000) (-456.000000 64.000000 -1.000000) 
4 78 80 (-560.000000 184.000000 -1.000000) (-560.000000 64.000000 -1.000000) (-560.000000 64.000000 2.000000) (-560.000000 184.000000 2.000000) 
4 78 79 (-456.000000 184.000000 -1.000000) (-456.000000 64.000000 -1.000000) (-560.000000 64.000000 -1.000000) (-560.000000 184.000000 -1.000000) 
4 79 86 (-456.000000 64.000000 -165.000000) (-448.000000 64.000000 -165.000000) (-448.000000 64.000000 -1.000000) (-456.000000 64.000000 -1.000000) 
4 79 87 (-560.000000 64.000000 -165.000000) (-456.000000 64.000000 -165.000000) (-456.000000 64.000000 -1.000000) (-560.000000 64.000000 -1.000000) 
4 79 80 (-560.000000 400.000000 -1.000000) (-560.000000 400.000000 -165.000000) (-560.000000 64.000000 -165.000000) (-560.000000 64.000000 -1.000000) 
4 80 87 (-812.000000 64.000000 128.000000) (-812.000000 64.000000 -165.000000) (-560.000000 64.000000 -165.000000) (-560.000000 64.000000 128.000000) 
4 81 85 (-448.000000 -264.000000 340.000000) (-448.000000 64.000000 340.000000) (-448.000000 64.000000 130.000000) (-448.000000 -264.000000 130.000000) 
4 81 82 (-448.000000 -264.000000 340.000000) (-448.000000 -264.000000 130.000000) (-88.000000 -264.000000 130.000000) (-88.000000 -264.000000 340.000000) 
4 82 88 (-88.000000 -272.000000 128.000000) (-88.000000 -272.000000 340.000000) (-448.000000 -272.000000 340.000000) (-448.000000 -272.000000 128.000000) 
4 82 85 (-448.000000 -272.000000 128.000000) (-448.000000 -272.000000 340.000000) (-448.000000 -264.000000 340.000000) (-448.000000 -264.000000 128.000000) 
4 84 88 (-448.000000 -272.000000 -165.000000) (-88.000000 -272.000000 -165.000000) (-88.000000 -272.000000 0.000000) (-448.000000 -272.000000 0.000000) 
4 84 86 (-448.000000 64.000000 -165.000000) (-448.000000 -272.000000 -165.000000) (-448.000000 -272.000000 0.000000) (-448.000000 64.000000 0.000000) 
4 85 88 (-448.000000 -272.000000 128.000000) (-448.000000 -272.000000 340.000000) (-812.000000 -272.000000 340.000000) (-812.000000 -272.000000 128.000000) 
4 85 87 (-812.000000 64.000000 128.000000) (-456.000000 64.000000 128.000000) (-456.000000 -272.000000 128.000000) (-812.000000 -272.000000 128.000000) 
4 86 88 (-456.000000 -272.000000 -165.000000) (-448.000000 -272.000000 -165.000000) (-448.000000 -272.000000 0.000000) (-456.000000 -272.000000 0.000000) 
4 86 87 (-456.000000 64.000000 0.000000) (-456.000000 64.000000 -165.000000) (-456.000000 -272.000000 -165.000000) (-456.000000 -272.000000 0.000000) 
4 87 88 (-812.000000 -272.000000 -165.000000) (-456.000000 -272.000000 -165.000000) (-456.000000 -272.000000 128.000000) (-812.000000 -272.000000 128.000000) 
