hlcsg v3.4 Final (Jul  3 2017)
Zoner's Half-Life Compilation Tools -- Custom Build
Based on code modifications by Sean 'Zoner' Cavanaugh
Based on Valve's version, modified with permission.
Submit detailed bug reports to (amckern@yahoo.com)
-----  BEGIN  hlcsg -----
Command line: /home/moto/Compilers/Mapping/HL/build/hlcsg /home/moto/requiem/pc/nzp/maps/snn 
Entering /home/moto/requiem/pc/nzp/maps/snn.map

Current hlcsg Settings
Name                 |  Setting  |  Default
---------------------|-----------|-------------------------
threads               [       1 ] [       1 ]
verbose               [     off ] [     off ]
log                   [      on ] [      on ]
developer             [       0 ] [       0 ]
chart                 [     off ] [     off ]
estimate              [      on ] [      on ]
max texture memory    [ 4194304 ] [ 4194304 ]
max lighting memory   [ 6291456 ] [ 6291456 ]
priority              [  Normal ] [  Normal ]

noclip                [     off ] [     off ]
null texture stripping[      on ] [      on ]
clipnode economy mode [      on ] [      on ]
clip hull type        [  legacy ] [  legacy ]
onlyents              [     off ] [     off ]
wadtextures           [      on ] [      on ]
skyclip               [      on ] [      on ]
hullfile              [    None ] [    None ]
nullfile              [    None ] [    None ]
min surface area      [   0.500 ] [   0.500 ]
brush union threshold [   0.000 ] [   0.000 ]

Using mapfile wad configuration
Wadinclude list :
[zhlt.wad]

0 brushes (totalling 0 sides) discarded from clipping hulls
CreateBrush:
 (0.33 seconds)
SetModelCenters:
 (0.00 seconds)
CSGBrush:
 (0.64 seconds)

Using Wadfile: /home/moto/requiem/pc/nzp/textures/Example_01.wad
 - Contains 3 used textures, 17.65 percent of map (15 textures in wad)
Using Wadfile: /home/moto/requiem/pc/nzp/textures/Waw_hlwad.wad
 - Contains 8 used textures, 47.06 percent of map (157 textures in wad)
Using Wadfile: /home/moto/requiem/pc/nzp/textures/bo2.wad
 - Contains 4 used textures, 23.53 percent of map (60 textures in wad)
Using Wadfile: /home/moto/requiem/pc/nzp/textures/de_bikinibottom.wad
 - Warning: Larger than expected texture (348972 bytes): 'SB_METWALL'
 - Warning: Larger than expected texture (348972 bytes): 'SB_METWALL2'
 - Contains 1 used texture, 5.88 percent of map (55 textures in wad)
Using Wadfile: /home/moto/requiem/pc/nzp/textures/der_riese.wad
 - Contains 1 used texture, 5.88 percent of map (24 textures in wad)
Using Wadfile: /home/moto/requiem/pc/nzp/textures/minecraft.wad
 - Contains 0 used textures, 0.00 percent of map (15 textures in wad)
Using Wadfile: /home/moto/requiem/pc/nzp/textures/waw_HLBSP.wad
 - Contains 0 used textures, 0.00 percent of map (157 textures in wad)

Texture usage is at 0.29 mb (of 4.00 mb MAX)
0.99 seconds elapsed

-----   END   hlcsg -----



hlbsp v3.4 Final (Jul  3 2017)
Zoner's Half-Life Compilation Tools -- Custom Build
Based on code modifications by Sean 'Zoner' Cavanaugh
Based on Valve's version, modified with permission.
Submit detailed bug reports to (amckern@yahoo.com)
-----  BEGIN  hlbsp -----
Command line: /home/moto/Compilers/Mapping/HL/build/hlbsp /home/moto/requiem/pc/nzp/maps/snn 

Current hlbsp Settings
Name               |  Setting  |  Default
-------------------|-----------|-------------------------
threads             [       1 ] [       1 ]
verbose             [     off ] [     off ]
log                 [      on ] [      on ]
developer           [       0 ] [       0 ]
chart               [     off ] [     off ]
estimate            [      on ] [      on ]
max texture memory  [ 4194304 ] [ 4194304 ]
priority            [  Normal ] [  Normal ]

noclip              [     off ] [     off ]
nofill              [     off ] [     off ]
noopt               [     off ] [     off ]
null tex. stripping [      on ] [      on ]
notjunc             [     off ] [     off ]
subdivide size      [     240 ] [     240 ] (Min 64) (Max 512)
max node size       [    1024 ] [    1024 ] (Min 64) (Max 8192)


SolidBSP [hull 0] 500...1000...1324 (0.19 seconds)
BSP generation successful, writing portal file '/home/moto/requiem/pc/nzp/maps/snn.prt'
SolidBSP [hull 1] 500...1000...1122 (0.15 seconds)
SolidBSP [hull 2] 500...927 (0.13 seconds)
SolidBSP [hull 3] 500...1000...1219 (0.18 seconds)
1.24 seconds elapsed

-----   END   hlbsp -----



hlvis v3.4 Final (Jul  3 2017)
Zoner's Half-Life Compilation Tools -- Custom Build
Based on code modifications by Sean 'Zoner' Cavanaugh
Based on Valve's version, modified with permission.
Submit detailed bug reports to (amckern@yahoo.com)
-----  BEGIN  hlvis -----
Command line: /home/moto/Compilers/Mapping/HL/build/hlvis -fast /home/moto/requiem/pc/nzp/maps/snn 
 756 portalleafs
2377 numportals

-= Current hlvis Settings =-
Name               |  Setting  |  Default
-------------------|-----------|-------------------------
threads             [       1 ] [       1 ]
verbose             [     off ] [     off ]
log                 [      on ] [      on ]
developer           [       0 ] [       0 ]
chart               [     off ] [     off ]
estimate            [      on ] [      on ]
max texture memory  [ 4194304 ] [ 4194304 ]
max vis distance    [       0 ] [       0 ]
priority            [  Normal ] [  Normal ]

fast vis            [      on ] [     off ]
full vis            [     off ] [     off ]


BasePortalVis:
 (1.80 seconds)
average leafs visible: 422
g_visdatasize:60285  compressed from 71820
1.84 seconds elapsed

-----   END   hlvis -----



hlrad v3.4 Final (Jul  3 2017)
Zoner's Half-Life Compilation Tools -- Custom Build
Based on code modifications by Sean 'Zoner' Cavanaugh
Based on Valve's version, modified with permission.
Submit detailed bug reports to (amckern@yahoo.com)
-----  BEGIN  hlrad -----
Command line: /home/moto/Compilers/Mapping/HL/build/hlrad /home/moto/requiem/pc/nzp/maps/snn 

-= Current hlrad Settings =-
Name                | Setting             | Default
--------------------|---------------------|-------------------------
threads              [                 1 ] [                 1 ]
verbose              [               off ] [               off ]
log                  [                on ] [                on ]
developer            [                 0 ] [                 0 ]
chart                [               off ] [               off ]
estimate             [                on ] [                on ]
max texture memory   [           4194304 ] [           4194304 ]
max lighting memory  [           6291456 ] [           6291456 ]
priority             [            Normal ] [            Normal ]

vismatrix algorithm  [          Original ] [          Original ]
oversampling (-extra)[               off ] [               off ]
bounces              [                 1 ] [                 1 ]
bounce dynamic light [                on ] [                on ]
ambient light        [ 0.000 0.000 0.000 ] [ 0.000 0.000 0.000 ]
maximum light        [           255.000 ] [           256.000 ]
circus mode          [               off ] [               off ]

smoothing threshold  [            50.000 ] [            50.000 ]
direct threshold     [            25.000 ] [            25.000 ]
direct light scale   [             2.000 ] [             2.000 ]
coring threshold     [             1.000 ] [             1.000 ]
patch interpolation  [                on ] [                on ]

texscale             [                on ] [                on ]
patch subdividing    [                on ] [                on ]
chop value           [            64.000 ] [            64.000 ]
texchop value        [            32.000 ] [            32.000 ]

global fade          [             1.000 ] [             1.000 ]
global falloff       [                 2 ] [                 2 ]
global light scale   [ 1.000 1.000 1.000 ] [ 1.000 1.000 1.000 ]
global gamma         [ 0.500 0.500 0.500 ] [ 0.500 0.500 0.500 ]
global light scale   [             1.000 ] [             1.000 ]
global sky diffusion [             1.000 ] [             1.000 ]

opaque entities      [                on ] [                on ]
sky lighting fix     [                on ] [                on ]
incremental          [               off ] [               off ]
dump                 [               off ] [               off ]

colour jitter        [       0.0 0.0 0.0 ] [       0.0 0.0 0.0 ]
monochromatic jitter [       0.0 0.0 0.0 ] [       0.0 0.0 0.0 ]
softlight hack       [   0.0 0.0 0.0 0.0 ] [   0.0 0.0 0.0 0.0 ]
diffuse hack         [                on ] [                on ]
spotlight points     [                on ] [                on ]

custom shadows with bounce light
                     [               off ] [               off ]
rgb transfers        [               off ] [               off ]


3069 faces
Create Patches : 14424 base patches
0 opaque faces
85660 square feet [12335067.00 square inches]
17 direct lights

BuildFacelights:
 (15.56 seconds)
visibility matrix   :  12.4 megs
BuildVisLeafs:
 (21.83 seconds)
MakeScales:
 (5.83 seconds)
SwapTransfers:
 (1.37 seconds)
Transfer Lists :     6348162 :    6.35M transfers
       Indices :     4052504 :    3.86M bytes
          Data :    25392648 :   24.22M bytes
GatherLight:
 (0.32 seconds)
FinalLightFace:
 (0.77 seconds)
45.82 seconds elapsed

-----   END   hlrad -----



