hlcsg v3.4 Final (Feb 25 2006)
Zoner's Half-Life Compilation Tools -- Custom Build
Based on code modifications by Sean 'Zoner' Cavanaugh
Based on Valve's version, modified with permission.
Submit detailed bug reports to (amckern@yahoo.com)
-----  BEGIN  hlcsg -----
Command line: Z:/home/moto/Downloads/zhlt34x86final/hlcsg.exe Z:\home\moto\Requiem\requiem\pc\nzp\maps\SNN 
Entering Z:\home\moto\Requiem\requiem\pc\nzp\maps\SNN.map

Current hlcsg Settings
Name                 |  Setting  |  Default
---------------------|-----------|-------------------------
threads               [       2 ] [  Varies ]
verbose               [     off ] [     off ]
log                   [      on ] [      on ]
developer             [       0 ] [       0 ]
chart                 [     off ] [     off ]
estimate              [     off ] [     off ]
max texture memory    [ 4194304 ] [ 4194304 ]
max lighting memory   [ 6291456 ] [ 6291456 ]
priority              [  Normal ] [  Normal ]

noclip                [     off ] [     off ]
null texture stripping[      on ] [      on ]
clipnode economy mode [      on ] [      on ]
clip hull type        [  legacy ] [  legacy ]
onlyents              [     off ] [     off ]
wadtextures           [      on ] [      on ]
skyclip               [      on ] [      on ]
hullfile              [    None ] [    None ]
nullfile              [    None ] [    None ]
min surface area      [   0.500 ] [   0.500 ]
brush union threshold [   0.000 ] [   0.000 ]

Using mapfile wad configuration
Wadinclude list :
[zhlt.wad]

0 brushes (totalling 0 sides) discarded from clipping hulls
CreateBrush:
 (0.24 seconds)
SetModelCenters:
 (0.00 seconds)
CSGBrush:
 (1.18 seconds)

Using Wadfile: \home\moto\Requiem\requiem\pc\nzp\textures\Example_01.wad
 - Contains 3 used textures, 18.75 percent of map (15 textures in wad)
Using Wadfile: \home\moto\Requiem\requiem\pc\nzp\textures\bo2.wad
 - Contains 6 used textures, 37.50 percent of map (60 textures in wad)
Using Wadfile: \home\moto\Requiem\requiem\pc\nzp\textures\de_bikinibottom.wad
 - Warning: Larger than expected texture (348972 bytes): 'SB_METWALL'
 - Warning: Larger than expected texture (348972 bytes): 'SB_METWALL2'
 - Contains 1 used texture, 6.25 percent of map (55 textures in wad)
Using Wadfile: \home\moto\Requiem\requiem\pc\nzp\textures\der_riese.wad
 - Contains 1 used texture, 6.25 percent of map (24 textures in wad)
Using Wadfile: \home\moto\Requiem\requiem\pc\nzp\textures\waw_HLBSP.wad
 - Contains 5 used textures, 31.25 percent of map (157 textures in wad)

Texture usage is at 0.29 mb (of 4.00 mb MAX)
1.46 seconds elapsed

-----   END   hlcsg -----



hlbsp v3.4 Final (Feb 25 2006)
Zoner's Half-Life Compilation Tools -- Custom Build
Based on code modifications by Sean 'Zoner' Cavanaugh
Based on Valve's version, modified with permission.
Submit detailed bug reports to (amckern@yahoo.com)
-----  BEGIN  hlbsp -----
Command line: Z:/home/moto/Downloads/zhlt34x86final/hlbsp.exe Z:\home\moto\Requiem\requiem\pc\nzp\maps\SNN 

Current hlbsp Settings
Name               |  Setting  |  Default
-------------------|-----------|-------------------------
threads             [       2 ] [  Varies ]
verbose             [     off ] [     off ]
log                 [      on ] [      on ]
developer           [       0 ] [       0 ]
chart               [     off ] [     off ]
estimate            [     off ] [     off ]
max texture memory  [ 4194304 ] [ 4194304 ]
priority            [  Normal ] [  Normal ]

noclip              [     off ] [     off ]
nofill              [     off ] [     off ]
noopt               [     off ] [     off ]
null tex. stripping [      on ] [      on ]
notjunc             [     off ] [     off ]
subdivide size      [     240 ] [     240 ] (Min 64) (Max 512)
max node size       [    1024 ] [    1024 ] (Min 64) (Max 8192)


SolidBSP [hull 0] 500...1000...1267 (0.09 seconds)
BSP generation successful, writing portal file 'Z:\home\moto\Requiem\requiem\pc\nzp\maps\SNN.prt'
SolidBSP [hull 1] 500...1000...1065 (0.07 seconds)
SolidBSP [hull 2] 500...865 (0.05 seconds)
SolidBSP [hull 3] 500...1000...1167 (0.08 seconds)
0.87 seconds elapsed

-----   END   hlbsp -----



hlvis v3.4 Final (Feb 25 2006)
Zoner's Half-Life Compilation Tools -- Custom Build
Based on code modifications by Sean 'Zoner' Cavanaugh
Based on Valve's version, modified with permission.
Submit detailed bug reports to (amckern@yahoo.com)
-----  BEGIN  hlvis -----
Command line: Z:/home/moto/Downloads/zhlt34x86final/hlvis.exe -fast Z:\home\moto\Requiem\requiem\pc\nzp\maps\SNN 
 718 portalleafs
2238 numportals

-= Current hlvis Settings =-
Name               |  Setting  |  Default
-------------------|-----------|-------------------------
threads             [       2 ] [  Varies ]
verbose             [     off ] [     off ]
log                 [      on ] [      on ]
developer           [       0 ] [       0 ]
chart               [     off ] [     off ]
estimate            [     off ] [     off ]
max texture memory  [ 4194304 ] [ 4194304 ]
max vis distance    [       0 ] [       0 ]
priority            [  Normal ] [  Normal ]

fast vis            [      on ] [     off ]
full vis            [     off ] [     off ]


BasePortalVis:
 (0.38 seconds)
average leafs visible: 393
g_visdatasize:53863  compressed from 64620
0.41 seconds elapsed

-----   END   hlvis -----



hlrad v3.4 Final (Feb 25 2006)
Zoner's Half-Life Compilation Tools -- Custom Build
Based on code modifications by Sean 'Zoner' Cavanaugh
Based on Valve's version, modified with permission.
Submit detailed bug reports to (amckern@yahoo.com)
-----  BEGIN  hlrad -----
Command line: Z:/home/moto/Downloads/zhlt34x86final/hlrad.exe Z:\home\moto\Requiem\requiem\pc\nzp\maps\SNN 

-= Current hlrad Settings =-
Name                | Setting             | Default
--------------------|---------------------|-------------------------
threads              [                 2 ] [            Varies ]
verbose              [               off ] [               off ]
log                  [                on ] [                on ]
developer            [                 0 ] [                 0 ]
chart                [               off ] [               off ]
estimate             [               off ] [               off ]
max texture memory   [           4194304 ] [           4194304 ]
max lighting memory  [           6291456 ] [           6291456 ]
priority             [            Normal ] [            Normal ]

vismatrix algorithm  [          Original ] [          Original ]
oversampling (-extra)[               off ] [               off ]
bounces              [                 1 ] [                 1 ]
bounce dynamic light [                on ] [                on ]
ambient light        [ 0.000 0.000 0.000 ] [ 0.000 0.000 0.000 ]
maximum light        [           255.000 ] [           256.000 ]
circus mode          [               off ] [               off ]

smoothing threshold  [            50.000 ] [            50.000 ]
direct threshold     [            25.000 ] [            25.000 ]
direct light scale   [             2.000 ] [             2.000 ]
coring threshold     [             1.000 ] [             1.000 ]
patch interpolation  [                on ] [                on ]

texscale             [                on ] [                on ]
patch subdividing    [                on ] [                on ]
chop value           [            64.000 ] [            64.000 ]
texchop value        [            32.000 ] [            32.000 ]

global fade          [             1.000 ] [             1.000 ]
global falloff       [                 2 ] [                 2 ]
global light scale   [ 1.000 1.000 1.000 ] [ 1.000 1.000 1.000 ]
global gamma         [ 0.500 0.500 0.500 ] [ 0.500 0.500 0.500 ]
global light scale   [             1.000 ] [             1.000 ]
global sky diffusion [             1.000 ] [             1.000 ]

opaque entities      [                on ] [                on ]
sky lighting fix     [                on ] [                on ]
incremental          [               off ] [               off ]
dump                 [               off ] [               off ]

colour jitter        [       0.0 0.0 0.0 ] [       0.0 0.0 0.0 ]
monochromatic jitter [       0.0 0.0 0.0 ] [       0.0 0.0 0.0 ]
softlight hack       [   0.0 0.0 0.0 0.0 ] [   0.0 0.0 0.0 0.0 ]
diffuse hack         [                on ] [                on ]
spotlight points     [                on ] [                on ]

custom shadows with bounce light
                     [               off ] [               off ]
rgb transfers        [               off ] [               off ]


[Reading texlights from 'Z:\home\moto\Downloads\zhlt34x86final\lights.rad']
[59 texlights parsed from 'Z:\home\moto\Downloads\zhlt34x86final\lights.rad']

3013 faces
Create Patches : 14270 base patches
0 opaque faces
85500 square feet [12312076.00 square inches]
13 direct lights

BuildFacelights:
 (5.86 seconds)
visibility matrix   :  12.1 megs
BuildVisLeafs:
 (9.89 seconds)
MakeScales:
 (2.27 seconds)
SwapTransfers:
 (0.29 seconds)
Transfer Lists :     6271556 :    6.27M transfers
       Indices :     4015920 :    3.83M bytes
          Data :    25086224 :   23.92M bytes
GatherLight:
 (0.16 seconds)
FinalLightFace:
 (0.49 seconds)
19.12 seconds elapsed

-----   END   hlrad -----



